<?xml version="1.0" encoding="UTF-8"?>
<testsuites name="Reshna - Katalon Suite4" time="38.255" tests="3" failures="0" errors="0">
   <testsuite name="Reshna - Katalon Suite4" tests="3" failures="0" errors="0" time="38.255" skipped="0" timestamp="2023-10-31 23:39:16" hostname="rchalil - USPRNRCHALIL2.us.deloitte.com" id="Test Suites/Reshna - Katalon Suite4">
      <properties>
         <property name="deviceName" value=""/>
         <property name="devicePlatform" value=""/>
         <property name="logFolder" value="C:\\Users\\rchalil\\Katalon Studio\\My First Web UI Project\\Reports\\20231031_233911\\Reshna - Katalon Suite4\\20231031_233912"/>
         <property name="logFiles" value="C:\\Users\\rchalil\\Katalon Studio\\My First Web UI Project\\Reports\\20231031_233911\\Reshna - Katalon Suite4\\20231031_233912\\execution0.log"/>
         <property name="attachments" value=""/>
         <property name="hostName" value="rchalil - USPRNRCHALIL2.us.deloitte.com"/>
         <property name="os" value="Windows 10 64bit"/>
         <property name="katalonVersion" value="9.0.0.212"/>
         <property name="browser" value="Edge Chromium 118"/>
         <property name="hostAddress" value="10.0.0.182"/>
         <property name="sessionId" value="efb98551e6d1a7fde0b0ceca2d357e95"/>
         <property name="seleniumVersion" value="3.141.59"/>
         <property name="proxyInformation" value="ProxyInformation { proxyOption=NO_PROXY, proxyServerType=HTTP, username=, password=********, proxyServerAddress=, proxyServerPort=0, executionList=&quot;&quot;, isApplyToDesiredCapabilities=true }"/>
         <property name="platform" value="Windows 10"/>
      </properties>
      <testcase name="Test Cases/Katalon - Verify Katalon version" time="11.586" classname="Test Cases/Katalon - Verify Katalon version" status="PASSED">
         <system-out><![CDATA[2023-10-31 23:39:16 - [TEST_CASE][PASSED] - Test Cases/Katalon - Verify Katalon version: Test Cases/Katalon - Verify Katalon version

2023-10-31 23:39:17 - [TEST_STEP][PASSED] - Start listener action : sampleBeforeTestCase: null

2023-10-31 23:39:17 - [TEST_STEP][PASSED] - println(testCaseContext.getTestCaseId()): null

2023-10-31 23:39:17 - [TEST_STEP][PASSED] - println(testCaseContext.getTestCaseVariables()): null

2023-10-31 23:39:17 - [TEST_STEP][PASSED] - openBrowser(""): Browser is opened with url: ''

2023-10-31 23:39:17 - [MESSAGE][INFO] - Starting 'Edge Chromium' driver

2023-10-31 23:39:18 - [MESSAGE][INFO] - Action delay is set to 0 milliseconds

2023-10-31 23:39:21 - [MESSAGE][PASSED] - Browser is opened with url: ''

2023-10-31 23:39:21 - [TEST_STEP][PASSED] - navigateToUrl("https://katalon.com/"): Navigate to 'https://katalon.com/' successfully

2023-10-31 23:39:24 - [MESSAGE][PASSED] - Navigate to 'https://katalon.com/' successfully

2023-10-31 23:39:24 - [TEST_STEP][PASSED] - maximizeWindow(): Current window maximized

2023-10-31 23:39:24 - [MESSAGE][PASSED] - Current window maximized

2023-10-31 23:39:24 - [TEST_STEP][PASSED] - click(findTestObject("Object Repository/Katalon/Page_Katalon AI-augmented Software Quality _596167/button_Accept All Cookies")): Object: 'Object Repository/Katalon/Page_Katalon AI-augmented Software Quality _596167/button_Accept All Cookies' is clicked on

2023-10-31 23:39:27 - [MESSAGE][PASSED] - Object: 'Object Repository/Katalon/Page_Katalon AI-augmented Software Quality _596167/button_Accept All Cookies' is clicked on

2023-10-31 23:39:27 - [TEST_STEP][PASSED] - verifyElementText(findTestObject("Object Repository/Katalon/Page_Katalon AI-augmented Software Quality _596167/span_Katalon Studio 9.0.0"), "Katalon Studio 9.0.0"): Actual text and expected text of test object 'Object Repository/Katalon/Page_Katalon AI-augmented Software Quality _596167/span_Katalon Studio 9.0.0' are matched.

2023-10-31 23:39:28 - [MESSAGE][PASSED] - Actual text and expected text of test object 'Object Repository/Katalon/Page_Katalon AI-augmented Software Quality _596167/span_Katalon Studio 9.0.0' are matched.

2023-10-31 23:39:28 - [TEST_STEP][PASSED] - closeBrowser(): Browser is closed

2023-10-31 23:39:28 - [MESSAGE][PASSED] - Browser is closed

2023-10-31 23:39:28 - [TEST_STEP][PASSED] - Start listener action : sampleAfterTestCase: null

2023-10-31 23:39:28 - [TEST_STEP][PASSED] - println(testCaseContext.getTestCaseId()): null

2023-10-31 23:39:28 - [TEST_STEP][PASSED] - println(testCaseContext.getTestCaseStatus()): null]]></system-out>
         <system-err><![CDATA[]]></system-err>
      </testcase>
      <testcase name="Test Cases/Katalon - Why katelon verification" time="13.319" classname="Test Cases/Katalon - Why katelon verification" status="PASSED">
         <system-out><![CDATA[2023-10-31 23:39:28 - [TEST_CASE][PASSED] - Test Cases/Katalon - Why katelon verification: Test Cases/Katalon - Why katelon verification

2023-10-31 23:39:28 - [TEST_STEP][PASSED] - Start listener action : sampleBeforeTestCase: null

2023-10-31 23:39:28 - [TEST_STEP][PASSED] - println(testCaseContext.getTestCaseId()): null

2023-10-31 23:39:28 - [TEST_STEP][PASSED] - println(testCaseContext.getTestCaseVariables()): null

2023-10-31 23:39:28 - [TEST_STEP][PASSED] - openBrowser(""): Browser is opened with url: ''

2023-10-31 23:39:28 - [MESSAGE][INFO] - Starting 'Edge Chromium' driver

2023-10-31 23:39:29 - [MESSAGE][INFO] - Action delay is set to 0 milliseconds

2023-10-31 23:39:31 - [MESSAGE][PASSED] - Browser is opened with url: ''

2023-10-31 23:39:31 - [TEST_STEP][PASSED] - navigateToUrl("https://katalon.com/"): Navigate to 'https://katalon.com/' successfully

2023-10-31 23:39:35 - [MESSAGE][PASSED] - Navigate to 'https://katalon.com/' successfully

2023-10-31 23:39:35 - [TEST_STEP][PASSED] - maximizeWindow(): Current window maximized

2023-10-31 23:39:35 - [MESSAGE][PASSED] - Current window maximized

2023-10-31 23:39:35 - [TEST_STEP][PASSED] - click(findTestObject("Object Repository/Katalon/Page_Katalon AI-augmented Software Quality _596167/button_Accept All Cookies")): Object: 'Object Repository/Katalon/Page_Katalon AI-augmented Software Quality _596167/button_Accept All Cookies' is clicked on

2023-10-31 23:39:38 - [MESSAGE][PASSED] - Object: 'Object Repository/Katalon/Page_Katalon AI-augmented Software Quality _596167/button_Accept All Cookies' is clicked on

2023-10-31 23:39:38 - [TEST_STEP][PASSED] - click(findTestObject("Object Repository/Katalon/Page_Katalon AI-augmented Software Quality _596167/div_Why Katalon")): Object: 'Object Repository/Katalon/Page_Katalon AI-augmented Software Quality _596167/div_Why Katalon' is clicked on

2023-10-31 23:39:39 - [MESSAGE][PASSED] - Object: 'Object Repository/Katalon/Page_Katalon AI-augmented Software Quality _596167/div_Why Katalon' is clicked on

2023-10-31 23:39:39 - [TEST_STEP][PASSED] - verifyElementText(findTestObject("Object Repository/Katalon/Page_Katalon AI-augmented Software Quality _596167/div_Easy, speed"), "Easy, speed"): Actual text and expected text of test object 'Object Repository/Katalon/Page_Katalon AI-augmented Software Quality _596167/div_Easy, speed' are matched.

2023-10-31 23:39:39 - [MESSAGE][PASSED] - Actual text and expected text of test object 'Object Repository/Katalon/Page_Katalon AI-augmented Software Quality _596167/div_Easy, speed' are matched.

2023-10-31 23:39:39 - [TEST_STEP][PASSED] - verifyElementText(findTestObject("Object Repository/Katalon/Page_Katalon AI-augmented Software Quality _596167/div_Flexibility, Scalability"), "Flexibility, Scalability"): Actual text and expected text of test object 'Object Repository/Katalon/Page_Katalon AI-augmented Software Quality _596167/div_Flexibility, Scalability' are matched.

2023-10-31 23:39:40 - [MESSAGE][PASSED] - Actual text and expected text of test object 'Object Repository/Katalon/Page_Katalon AI-augmented Software Quality _596167/div_Flexibility, Scalability' are matched.

2023-10-31 23:39:40 - [TEST_STEP][PASSED] - verifyElementPresent(findTestObject("Object Repository/Katalon/Page_Katalon AI-augmented Software Quality _596167/div_Visibility"), 0): Object 'Object Repository/Katalon/Page_Katalon AI-augmented Software Quality _596167/div_Visibility' is present

2023-10-31 23:39:40 - [MESSAGE][WARNING] - Timeout '0' is invalid. Using default page load timeout: '30'

2023-10-31 23:39:40 - [MESSAGE][PASSED] - Object 'Object Repository/Katalon/Page_Katalon AI-augmented Software Quality _596167/div_Visibility' is present

2023-10-31 23:39:40 - [TEST_STEP][PASSED] - verifyElementText(findTestObject("Object Repository/Katalon/Page_Katalon AI-augmented Software Quality _596167/div_Innovation  AI"), "Innovation & AI"): Actual text and expected text of test object 'Object Repository/Katalon/Page_Katalon AI-augmented Software Quality _596167/div_Innovation  AI' are matched.

2023-10-31 23:39:40 - [MESSAGE][PASSED] - Actual text and expected text of test object 'Object Repository/Katalon/Page_Katalon AI-augmented Software Quality _596167/div_Innovation  AI' are matched.

2023-10-31 23:39:40 - [TEST_STEP][PASSED] - verifyElementText(findTestObject("Object Repository/Katalon/Page_Katalon AI-augmented Software Quality _596167/div_Low cost, high ROI"), "Low cost, high ROI"): Actual text and expected text of test object 'Object Repository/Katalon/Page_Katalon AI-augmented Software Quality _596167/div_Low cost, high ROI' are matched.

2023-10-31 23:39:41 - [MESSAGE][PASSED] - Actual text and expected text of test object 'Object Repository/Katalon/Page_Katalon AI-augmented Software Quality _596167/div_Low cost, high ROI' are matched.

2023-10-31 23:39:41 - [TEST_STEP][PASSED] - closeBrowser(): Browser is closed

2023-10-31 23:39:41 - [MESSAGE][PASSED] - Browser is closed

2023-10-31 23:39:41 - [TEST_STEP][PASSED] - Start listener action : sampleAfterTestCase: null

2023-10-31 23:39:41 - [TEST_STEP][PASSED] - println(testCaseContext.getTestCaseId()): null

2023-10-31 23:39:41 - [TEST_STEP][PASSED] - println(testCaseContext.getTestCaseStatus()): null]]></system-out>
         <system-err><![CDATA[]]></system-err>
      </testcase>
      <testcase name="Test Cases/Katalon - Verify Contact an expert in Katalon" time="13.132" classname="Test Cases/Katalon - Verify Contact an expert in Katalon" status="PASSED">
         <system-out><![CDATA[2023-10-31 23:39:41 - [TEST_CASE][PASSED] - Test Cases/Katalon - Verify Contact an expert in Katalon: Test Cases/Katalon - Verify Contact an expert in Katalon

2023-10-31 23:39:41 - [TEST_STEP][PASSED] - Start listener action : sampleBeforeTestCase: null

2023-10-31 23:39:41 - [TEST_STEP][PASSED] - println(testCaseContext.getTestCaseId()): null

2023-10-31 23:39:41 - [TEST_STEP][PASSED] - println(testCaseContext.getTestCaseVariables()): null

2023-10-31 23:39:41 - [TEST_STEP][PASSED] - openBrowser(""): Browser is opened with url: ''

2023-10-31 23:39:41 - [MESSAGE][INFO] - Starting 'Edge Chromium' driver

2023-10-31 23:39:42 - [MESSAGE][INFO] - Action delay is set to 0 milliseconds

2023-10-31 23:39:44 - [MESSAGE][PASSED] - Browser is opened with url: ''

2023-10-31 23:39:44 - [TEST_STEP][PASSED] - navigateToUrl("https://katalon.com/"): Navigate to 'https://katalon.com/' successfully

2023-10-31 23:39:48 - [MESSAGE][PASSED] - Navigate to 'https://katalon.com/' successfully

2023-10-31 23:39:48 - [TEST_STEP][PASSED] - maximizeWindow(): Current window maximized

2023-10-31 23:39:48 - [MESSAGE][PASSED] - Current window maximized

2023-10-31 23:39:48 - [TEST_STEP][PASSED] - click(findTestObject("Object Repository/Katalon/Page_Katalon AI-augmented Software Quality _596167/button_Accept All Cookies")): Object: 'Object Repository/Katalon/Page_Katalon AI-augmented Software Quality _596167/button_Accept All Cookies' is clicked on

2023-10-31 23:39:50 - [MESSAGE][PASSED] - Object: 'Object Repository/Katalon/Page_Katalon AI-augmented Software Quality _596167/button_Accept All Cookies' is clicked on

2023-10-31 23:39:50 - [TEST_STEP][PASSED] - click(findTestObject("Object Repository/Katalon/Page_Katalon AI-augmented Software Quality _596167/a_Contact us")): Object: 'Object Repository/Katalon/Page_Katalon AI-augmented Software Quality _596167/a_Contact us' is clicked on

2023-10-31 23:39:53 - [MESSAGE][PASSED] - Object: 'Object Repository/Katalon/Page_Katalon AI-augmented Software Quality _596167/a_Contact us' is clicked on

2023-10-31 23:39:53 - [TEST_STEP][PASSED] - click(findTestObject("Object Repository/Katalon/Page_Contact Us  Katalon Quality Management_4f5e38/div_Contact an expert")): Object: 'Object Repository/Katalon/Page_Contact Us  Katalon Quality Management_4f5e38/div_Contact an expert' is clicked on

2023-10-31 23:39:54 - [MESSAGE][PASSED] - Object: 'Object Repository/Katalon/Page_Contact Us  Katalon Quality Management_4f5e38/div_Contact an expert' is clicked on

2023-10-31 23:39:54 - [TEST_STEP][PASSED] - verifyElementPresent(findTestObject("Object Repository/Katalon/Page_Contact Us  Katalon Quality Management_4f5e38/div_Submit"), 0): Object 'Object Repository/Katalon/Page_Contact Us  Katalon Quality Management_4f5e38/div_Submit' is present

2023-10-31 23:39:54 - [MESSAGE][WARNING] - Timeout '0' is invalid. Using default page load timeout: '30'

2023-10-31 23:39:54 - [MESSAGE][PASSED] - Object 'Object Repository/Katalon/Page_Contact Us  Katalon Quality Management_4f5e38/div_Submit' is present

2023-10-31 23:39:54 - [TEST_STEP][PASSED] - closeBrowser(): Browser is closed

2023-10-31 23:39:55 - [MESSAGE][PASSED] - Browser is closed

2023-10-31 23:39:55 - [TEST_STEP][PASSED] - Start listener action : sampleAfterTestCase: null

2023-10-31 23:39:55 - [TEST_STEP][PASSED] - println(testCaseContext.getTestCaseId()): null

2023-10-31 23:39:55 - [TEST_STEP][PASSED] - println(testCaseContext.getTestCaseStatus()): null]]></system-out>
         <system-err><![CDATA[]]></system-err>
      </testcase>
      <system-out><![CDATA[2023-10-31 23:39:16 - [TEST_SUITE][PASSED] - Reshna - Katalon Suite4: Test Cases/Katalon - Verify Contact an expert in Katalon]]></system-out>
      <system-err><![CDATA[]]></system-err>
   </testsuite>
</testsuites>
