<?xml version="1.0" encoding="UTF-8"?>
<testsuites name="Reshna - Test Suite Collection2" time="93.833" tests="6" failures="0" errors="0">
   <testsuite name="Reshna - PMI Suite1" tests="3" failures="0" errors="0" time="43.279" skipped="0" timestamp="2023-11-01 15:36:47" hostname="rchalil - USPRNRCHALIL2.us.deloitte.com" id="Test Suites/Reshna - PMI Suite1">
      <properties>
         <property name="deviceName" value=""/>
         <property name="devicePlatform" value=""/>
         <property name="logFolder" value="C:\\Users\\rchalil\\Katalon Studio\\My First Web UI Project\\Reports\\20231101_153636\\Reshna - PMI Suite1\\20231101_153637"/>
         <property name="logFiles" value="C:\\Users\\rchalil\\Katalon Studio\\My First Web UI Project\\Reports\\20231101_153636\\Reshna - PMI Suite1\\20231101_153637\\execution0.log"/>
         <property name="attachments" value=""/>
         <property name="hostName" value="rchalil - USPRNRCHALIL2.us.deloitte.com"/>
         <property name="os" value="Windows 10 64bit"/>
         <property name="katalonVersion" value="9.0.0.212"/>
         <property name="browser" value="Chrome 118.0.0.0"/>
         <property name="hostAddress" value="10.0.0.182"/>
         <property name="sessionId" value="8a6af2dbc5bf29a03b8a57356f6f210d"/>
         <property name="seleniumVersion" value="3.141.59"/>
         <property name="proxyInformation" value="ProxyInformation { proxyOption=NO_PROXY, proxyServerType=HTTP, username=, password=********, proxyServerAddress=, proxyServerPort=0, executionList=&quot;&quot;, isApplyToDesiredCapabilities=true }"/>
         <property name="platform" value="Windows 10"/>
      </properties>
      <testcase name="Test Cases/PMI - Verify the 3 languages present in PMI" time="14.31" classname="Test Cases/PMI - Verify the 3 languages present in PMI" status="PASSED">
         <system-out><![CDATA[2023-11-01 15:36:47 - [TEST_CASE][PASSED] - Test Cases/PMI - Verify the 3 languages present in PMI: Test Cases/PMI - Verify the 3 languages present in PMI

2023-11-01 15:36:47 - [TEST_STEP][PASSED] - Start listener action : sampleBeforeTestCase: null

2023-11-01 15:36:47 - [TEST_STEP][PASSED] - println(testCaseContext.getTestCaseId()): null

2023-11-01 15:36:48 - [TEST_STEP][PASSED] - println(testCaseContext.getTestCaseVariables()): null

2023-11-01 15:36:48 - [TEST_STEP][PASSED] - openBrowser(""): Browser is opened with url: ''

2023-11-01 15:36:48 - [MESSAGE][INFO] - Starting 'Chrome' driver

2023-11-01 15:36:48 - [MESSAGE][INFO] - Action delay is set to 0 milliseconds

2023-11-01 15:36:52 - [MESSAGE][PASSED] - Browser is opened with url: ''

2023-11-01 15:36:52 - [TEST_STEP][PASSED] - navigateToUrl("https://www.pmi.org/certifications"): Navigate to 'https://www.pmi.org/certifications' successfully

2023-11-01 15:36:56 - [MESSAGE][PASSED] - Navigate to 'https://www.pmi.org/certifications' successfully

2023-11-01 15:36:56 - [TEST_STEP][PASSED] - maximizeWindow(): Current window maximized

2023-11-01 15:36:57 - [MESSAGE][PASSED] - Current window maximized

2023-11-01 15:36:57 - [TEST_STEP][PASSED] - click(findTestObject("Object Repository/PMI/Page_Certifications  PMI/span_OK")): Object: 'Object Repository/PMI/Page_Certifications  PMI/span_OK' is clicked on

2023-11-01 15:36:59 - [MESSAGE][PASSED] - Object: 'Object Repository/PMI/Page_Certifications  PMI/span_OK' is clicked on

2023-11-01 15:36:59 - [TEST_STEP][PASSED] - verifyElementText(findTestObject("Object Repository/PMI/Page_Certifications  PMI/a_View in English"), "View in English"): Actual text and expected text of test object 'Object Repository/PMI/Page_Certifications  PMI/a_View in English' are matched.

2023-11-01 15:37:00 - [MESSAGE][PASSED] - Actual text and expected text of test object 'Object Repository/PMI/Page_Certifications  PMI/a_View in English' are matched.

2023-11-01 15:37:00 - [TEST_STEP][PASSED] - verifyElementText(findTestObject("Object Repository/PMI/Page_Certifications  PMI/a_Ver en Espaol"), "Ver en Español"): Actual text and expected text of test object 'Object Repository/PMI/Page_Certifications  PMI/a_Ver en Espaol' are matched.

2023-11-01 15:37:00 - [MESSAGE][PASSED] - Actual text and expected text of test object 'Object Repository/PMI/Page_Certifications  PMI/a_Ver en Espaol' are matched.

2023-11-01 15:37:00 - [TEST_STEP][PASSED] - verifyElementText(findTestObject("Object Repository/PMI/Page_Certifications  PMI/a_Veja em Portugus"), "Veja em Português"): Actual text and expected text of test object 'Object Repository/PMI/Page_Certifications  PMI/a_Veja em Portugus' are matched.

2023-11-01 15:37:00 - [MESSAGE][PASSED] - Actual text and expected text of test object 'Object Repository/PMI/Page_Certifications  PMI/a_Veja em Portugus' are matched.

2023-11-01 15:37:00 - [TEST_STEP][PASSED] - closeBrowser(): Browser is closed

2023-11-01 15:37:02 - [MESSAGE][PASSED] - Browser is closed

2023-11-01 15:37:02 - [TEST_STEP][PASSED] - Start listener action : sampleAfterTestCase: null

2023-11-01 15:37:02 - [TEST_STEP][PASSED] - println(testCaseContext.getTestCaseId()): null

2023-11-01 15:37:02 - [TEST_STEP][PASSED] - println(testCaseContext.getTestCaseStatus()): null]]></system-out>
         <system-err><![CDATA[]]></system-err>
      </testcase>
      <testcase name="Test Cases/PMI - Verify the spanish language in PMI" time="14.096" classname="Test Cases/PMI - Verify the spanish language in PMI" status="PASSED">
         <system-out><![CDATA[2023-11-01 15:37:02 - [TEST_CASE][PASSED] - Test Cases/PMI - Verify the spanish language in PMI: Test Cases/PMI - Verify the spanish language in PMI

2023-11-01 15:37:02 - [TEST_STEP][PASSED] - Start listener action : sampleBeforeTestCase: null

2023-11-01 15:37:02 - [TEST_STEP][PASSED] - println(testCaseContext.getTestCaseId()): null

2023-11-01 15:37:02 - [TEST_STEP][PASSED] - println(testCaseContext.getTestCaseVariables()): null

2023-11-01 15:37:02 - [TEST_STEP][PASSED] - openBrowser(""): Browser is opened with url: ''

2023-11-01 15:37:02 - [MESSAGE][INFO] - Starting 'Chrome' driver

2023-11-01 15:37:02 - [MESSAGE][INFO] - Action delay is set to 0 milliseconds

2023-11-01 15:37:05 - [MESSAGE][PASSED] - Browser is opened with url: ''

2023-11-01 15:37:05 - [TEST_STEP][PASSED] - navigateToUrl("https://www.pmi.org/certifications"): Navigate to 'https://www.pmi.org/certifications' successfully

2023-11-01 15:37:09 - [MESSAGE][PASSED] - Navigate to 'https://www.pmi.org/certifications' successfully

2023-11-01 15:37:09 - [TEST_STEP][PASSED] - maximizeWindow(): Current window maximized

2023-11-01 15:37:09 - [MESSAGE][PASSED] - Current window maximized

2023-11-01 15:37:09 - [TEST_STEP][PASSED] - click(findTestObject("Object Repository/PMI/Page_Certifications  PMI/span_OK")): Object: 'Object Repository/PMI/Page_Certifications  PMI/span_OK' is clicked on

2023-11-01 15:37:10 - [MESSAGE][PASSED] - Object: 'Object Repository/PMI/Page_Certifications  PMI/span_OK' is clicked on

2023-11-01 15:37:10 - [TEST_STEP][PASSED] - click(findTestObject("Object Repository/PMI/Page_Certifications  PMI/a_Ver en Espaol")): Object: 'Object Repository/PMI/Page_Certifications  PMI/a_Ver en Espaol' is clicked on

2023-11-01 15:37:15 - [MESSAGE][PASSED] - Object: 'Object Repository/PMI/Page_Certifications  PMI/a_Ver en Espaol' is clicked on

2023-11-01 15:37:15 - [TEST_STEP][PASSED] - verifyElementPresent(findTestObject("Object Repository/PMI/Page_Just a moment/h1_www.pmi.org"), 0): Object 'Object Repository/PMI/Page_Just a moment/h1_www.pmi.org' is present

2023-11-01 15:37:15 - [MESSAGE][WARNING] - Timeout '0' is invalid. Using default page load timeout: '30'

2023-11-01 15:37:15 - [MESSAGE][PASSED] - Object 'Object Repository/PMI/Page_Just a moment/h1_www.pmi.org' is present

2023-11-01 15:37:15 - [TEST_STEP][PASSED] - closeBrowser(): Browser is closed

2023-11-01 15:37:16 - [MESSAGE][PASSED] - Browser is closed

2023-11-01 15:37:16 - [TEST_STEP][PASSED] - Start listener action : sampleAfterTestCase: null

2023-11-01 15:37:16 - [TEST_STEP][PASSED] - println(testCaseContext.getTestCaseId()): null

2023-11-01 15:37:16 - [TEST_STEP][PASSED] - println(testCaseContext.getTestCaseStatus()): null]]></system-out>
         <system-err><![CDATA[]]></system-err>
      </testcase>
      <testcase name="Test Cases/PMI - Verify the portugese language in PMI" time="14.588" classname="Test Cases/PMI - Verify the portugese language in PMI" status="PASSED">
         <system-out><![CDATA[2023-11-01 15:37:16 - [TEST_CASE][PASSED] - Test Cases/PMI - Verify the portugese language in PMI: Test Cases/PMI - Verify the portugese language in PMI

2023-11-01 15:37:16 - [TEST_STEP][PASSED] - Start listener action : sampleBeforeTestCase: null

2023-11-01 15:37:16 - [TEST_STEP][PASSED] - println(testCaseContext.getTestCaseId()): null

2023-11-01 15:37:16 - [TEST_STEP][PASSED] - println(testCaseContext.getTestCaseVariables()): null

2023-11-01 15:37:16 - [TEST_STEP][PASSED] - openBrowser(""): Browser is opened with url: ''

2023-11-01 15:37:16 - [MESSAGE][INFO] - Starting 'Chrome' driver

2023-11-01 15:37:16 - [MESSAGE][INFO] - Action delay is set to 0 milliseconds

2023-11-01 15:37:19 - [MESSAGE][PASSED] - Browser is opened with url: ''

2023-11-01 15:37:19 - [TEST_STEP][PASSED] - navigateToUrl("https://www.pmi.org/certifications"): Navigate to 'https://www.pmi.org/certifications' successfully

2023-11-01 15:37:23 - [MESSAGE][PASSED] - Navigate to 'https://www.pmi.org/certifications' successfully

2023-11-01 15:37:23 - [TEST_STEP][PASSED] - maximizeWindow(): Current window maximized

2023-11-01 15:37:24 - [MESSAGE][PASSED] - Current window maximized

2023-11-01 15:37:24 - [TEST_STEP][PASSED] - click(findTestObject("Object Repository/PMI/Page_Certifications  PMI/a_OK")): Object: 'Object Repository/PMI/Page_Certifications  PMI/a_OK' is clicked on

2023-11-01 15:37:26 - [MESSAGE][PASSED] - Object: 'Object Repository/PMI/Page_Certifications  PMI/a_OK' is clicked on

2023-11-01 15:37:26 - [TEST_STEP][PASSED] - click(findTestObject("Object Repository/PMI/Page_Certifications  PMI/a_Veja em Portugus")): Object: 'Object Repository/PMI/Page_Certifications  PMI/a_Veja em Portugus' is clicked on

2023-11-01 15:37:29 - [MESSAGE][PASSED] - Object: 'Object Repository/PMI/Page_Certifications  PMI/a_Veja em Portugus' is clicked on

2023-11-01 15:37:29 - [TEST_STEP][PASSED] - verifyElementPresent(findTestObject("Object Repository/PMI/Page_Just a moment/h1_www.pmi.org"), 0): Object 'Object Repository/PMI/Page_Just a moment/h1_www.pmi.org' is present

2023-11-01 15:37:29 - [MESSAGE][WARNING] - Timeout '0' is invalid. Using default page load timeout: '30'

2023-11-01 15:37:30 - [MESSAGE][PASSED] - Object 'Object Repository/PMI/Page_Just a moment/h1_www.pmi.org' is present

2023-11-01 15:37:30 - [TEST_STEP][PASSED] - closeBrowser(): Browser is closed

2023-11-01 15:37:30 - [MESSAGE][PASSED] - Browser is closed

2023-11-01 15:37:30 - [TEST_STEP][PASSED] - Start listener action : sampleAfterTestCase: null

2023-11-01 15:37:30 - [TEST_STEP][PASSED] - println(testCaseContext.getTestCaseId()): null

2023-11-01 15:37:30 - [TEST_STEP][PASSED] - println(testCaseContext.getTestCaseStatus()): null]]></system-out>
         <system-err><![CDATA[]]></system-err>
      </testcase>
      <system-out><![CDATA[2023-11-01 15:36:47 - [TEST_SUITE][PASSED] - Reshna - PMI Suite1: Test Cases/PMI - Verify the portugese language in PMI]]></system-out>
      <system-err><![CDATA[]]></system-err>
   </testsuite>
   <testsuite name="Reshna - Katalon Suite4" tests="3" failures="0" errors="0" time="34.339" skipped="0" timestamp="2023-11-01 15:37:39" hostname="rchalil - USPRNRCHALIL2.us.deloitte.com" id="Test Suites/Reshna - Katalon Suite4">
      <properties>
         <property name="deviceName" value=""/>
         <property name="devicePlatform" value=""/>
         <property name="logFolder" value="C:\\Users\\rchalil\\Katalon Studio\\My First Web UI Project\\Reports\\20231101_153636\\Reshna - Katalon Suite4\\20231101_153639"/>
         <property name="logFiles" value="C:\\Users\\rchalil\\Katalon Studio\\My First Web UI Project\\Reports\\20231101_153636\\Reshna - Katalon Suite4\\20231101_153639\\execution0.log"/>
         <property name="attachments" value=""/>
         <property name="hostName" value="rchalil - USPRNRCHALIL2.us.deloitte.com"/>
         <property name="os" value="Windows 10 64bit"/>
         <property name="katalonVersion" value="9.0.0.212"/>
         <property name="browser" value="Chrome 118.0.0.0"/>
         <property name="hostAddress" value="10.0.0.182"/>
         <property name="sessionId" value="901ee15c5d1fa9cb608a65bd775d75af"/>
         <property name="seleniumVersion" value="3.141.59"/>
         <property name="proxyInformation" value="ProxyInformation { proxyOption=NO_PROXY, proxyServerType=HTTP, username=, password=********, proxyServerAddress=, proxyServerPort=0, executionList=&quot;&quot;, isApplyToDesiredCapabilities=true }"/>
         <property name="platform" value="Windows 10"/>
      </properties>
      <testcase name="Test Cases/Katalon - Verify Katalon version" time="11.43" classname="Test Cases/Katalon - Verify Katalon version" status="PASSED">
         <system-out><![CDATA[2023-11-01 15:37:39 - [TEST_CASE][PASSED] - Test Cases/Katalon - Verify Katalon version: Test Cases/Katalon - Verify Katalon version

2023-11-01 15:37:39 - [TEST_STEP][PASSED] - Start listener action : sampleBeforeTestCase: null

2023-11-01 15:37:39 - [TEST_STEP][PASSED] - println(testCaseContext.getTestCaseId()): null

2023-11-01 15:37:39 - [TEST_STEP][PASSED] - println(testCaseContext.getTestCaseVariables()): null

2023-11-01 15:37:39 - [TEST_STEP][PASSED] - openBrowser(""): Browser is opened with url: ''

2023-11-01 15:37:40 - [MESSAGE][INFO] - Starting 'Chrome' driver

2023-11-01 15:37:40 - [MESSAGE][INFO] - Action delay is set to 0 milliseconds

2023-11-01 15:37:44 - [MESSAGE][PASSED] - Browser is opened with url: ''

2023-11-01 15:37:44 - [TEST_STEP][PASSED] - navigateToUrl("https://katalon.com/"): Navigate to 'https://katalon.com/' successfully

2023-11-01 15:37:47 - [MESSAGE][PASSED] - Navigate to 'https://katalon.com/' successfully

2023-11-01 15:37:47 - [TEST_STEP][PASSED] - maximizeWindow(): Current window maximized

2023-11-01 15:37:48 - [MESSAGE][PASSED] - Current window maximized

2023-11-01 15:37:48 - [TEST_STEP][PASSED] - click(findTestObject("Object Repository/Katalon/Page_Katalon AI-augmented Software Quality _596167/button_Accept All Cookies")): Object: 'Object Repository/Katalon/Page_Katalon AI-augmented Software Quality _596167/button_Accept All Cookies' is clicked on

2023-11-01 15:37:50 - [MESSAGE][PASSED] - Object: 'Object Repository/Katalon/Page_Katalon AI-augmented Software Quality _596167/button_Accept All Cookies' is clicked on

2023-11-01 15:37:50 - [TEST_STEP][PASSED] - verifyElementText(findTestObject("Object Repository/Katalon/Page_Katalon AI-augmented Software Quality _596167/span_Katalon Studio 9.0.0"), "Katalon Studio 9.0.0"): Actual text and expected text of test object 'Object Repository/Katalon/Page_Katalon AI-augmented Software Quality _596167/span_Katalon Studio 9.0.0' are matched.

2023-11-01 15:37:50 - [MESSAGE][PASSED] - Actual text and expected text of test object 'Object Repository/Katalon/Page_Katalon AI-augmented Software Quality _596167/span_Katalon Studio 9.0.0' are matched.

2023-11-01 15:37:50 - [TEST_STEP][PASSED] - closeBrowser(): Browser is closed

2023-11-01 15:37:51 - [MESSAGE][PASSED] - Browser is closed

2023-11-01 15:37:51 - [TEST_STEP][PASSED] - Start listener action : sampleAfterTestCase: null

2023-11-01 15:37:51 - [TEST_STEP][PASSED] - println(testCaseContext.getTestCaseId()): null

2023-11-01 15:37:51 - [TEST_STEP][PASSED] - println(testCaseContext.getTestCaseStatus()): null]]></system-out>
         <system-err><![CDATA[]]></system-err>
      </testcase>
      <testcase name="Test Cases/Katalon - Why katelon verification" time="11.275" classname="Test Cases/Katalon - Why katelon verification" status="PASSED">
         <system-out><![CDATA[2023-11-01 15:37:51 - [TEST_CASE][PASSED] - Test Cases/Katalon - Why katelon verification: Test Cases/Katalon - Why katelon verification

2023-11-01 15:37:51 - [TEST_STEP][PASSED] - Start listener action : sampleBeforeTestCase: null

2023-11-01 15:37:51 - [TEST_STEP][PASSED] - println(testCaseContext.getTestCaseId()): null

2023-11-01 15:37:51 - [TEST_STEP][PASSED] - println(testCaseContext.getTestCaseVariables()): null

2023-11-01 15:37:51 - [TEST_STEP][PASSED] - openBrowser(""): Browser is opened with url: ''

2023-11-01 15:37:51 - [MESSAGE][INFO] - Starting 'Chrome' driver

2023-11-01 15:37:51 - [MESSAGE][INFO] - Action delay is set to 0 milliseconds

2023-11-01 15:37:54 - [MESSAGE][PASSED] - Browser is opened with url: ''

2023-11-01 15:37:54 - [TEST_STEP][PASSED] - navigateToUrl("https://katalon.com/"): Navigate to 'https://katalon.com/' successfully

2023-11-01 15:37:57 - [MESSAGE][PASSED] - Navigate to 'https://katalon.com/' successfully

2023-11-01 15:37:57 - [TEST_STEP][PASSED] - maximizeWindow(): Current window maximized

2023-11-01 15:37:57 - [MESSAGE][PASSED] - Current window maximized

2023-11-01 15:37:57 - [TEST_STEP][PASSED] - click(findTestObject("Object Repository/Katalon/Page_Katalon AI-augmented Software Quality _596167/button_Accept All Cookies")): Object: 'Object Repository/Katalon/Page_Katalon AI-augmented Software Quality _596167/button_Accept All Cookies' is clicked on

2023-11-01 15:37:59 - [MESSAGE][PASSED] - Object: 'Object Repository/Katalon/Page_Katalon AI-augmented Software Quality _596167/button_Accept All Cookies' is clicked on

2023-11-01 15:37:59 - [TEST_STEP][PASSED] - click(findTestObject("Object Repository/Katalon/Page_Katalon AI-augmented Software Quality _596167/div_Why Katalon")): Object: 'Object Repository/Katalon/Page_Katalon AI-augmented Software Quality _596167/div_Why Katalon' is clicked on

2023-11-01 15:38:00 - [MESSAGE][PASSED] - Object: 'Object Repository/Katalon/Page_Katalon AI-augmented Software Quality _596167/div_Why Katalon' is clicked on

2023-11-01 15:38:00 - [TEST_STEP][PASSED] - verifyElementText(findTestObject("Object Repository/Katalon/Page_Katalon AI-augmented Software Quality _596167/div_Easy, speed"), "Easy, speed"): Actual text and expected text of test object 'Object Repository/Katalon/Page_Katalon AI-augmented Software Quality _596167/div_Easy, speed' are matched.

2023-11-01 15:38:00 - [MESSAGE][PASSED] - Actual text and expected text of test object 'Object Repository/Katalon/Page_Katalon AI-augmented Software Quality _596167/div_Easy, speed' are matched.

2023-11-01 15:38:00 - [TEST_STEP][PASSED] - verifyElementText(findTestObject("Object Repository/Katalon/Page_Katalon AI-augmented Software Quality _596167/div_Flexibility, Scalability"), "Flexibility, Scalability"): Actual text and expected text of test object 'Object Repository/Katalon/Page_Katalon AI-augmented Software Quality _596167/div_Flexibility, Scalability' are matched.

2023-11-01 15:38:00 - [MESSAGE][PASSED] - Actual text and expected text of test object 'Object Repository/Katalon/Page_Katalon AI-augmented Software Quality _596167/div_Flexibility, Scalability' are matched.

2023-11-01 15:38:00 - [TEST_STEP][PASSED] - verifyElementPresent(findTestObject("Object Repository/Katalon/Page_Katalon AI-augmented Software Quality _596167/div_Visibility"), 0): Object 'Object Repository/Katalon/Page_Katalon AI-augmented Software Quality _596167/div_Visibility' is present

2023-11-01 15:38:01 - [MESSAGE][WARNING] - Timeout '0' is invalid. Using default page load timeout: '30'

2023-11-01 15:38:01 - [MESSAGE][PASSED] - Object 'Object Repository/Katalon/Page_Katalon AI-augmented Software Quality _596167/div_Visibility' is present

2023-11-01 15:38:01 - [TEST_STEP][PASSED] - verifyElementText(findTestObject("Object Repository/Katalon/Page_Katalon AI-augmented Software Quality _596167/div_Innovation  AI"), "Innovation & AI"): Actual text and expected text of test object 'Object Repository/Katalon/Page_Katalon AI-augmented Software Quality _596167/div_Innovation  AI' are matched.

2023-11-01 15:38:01 - [MESSAGE][PASSED] - Actual text and expected text of test object 'Object Repository/Katalon/Page_Katalon AI-augmented Software Quality _596167/div_Innovation  AI' are matched.

2023-11-01 15:38:01 - [TEST_STEP][PASSED] - verifyElementText(findTestObject("Object Repository/Katalon/Page_Katalon AI-augmented Software Quality _596167/div_Low cost, high ROI"), "Low cost, high ROI"): Actual text and expected text of test object 'Object Repository/Katalon/Page_Katalon AI-augmented Software Quality _596167/div_Low cost, high ROI' are matched.

2023-11-01 15:38:01 - [MESSAGE][PASSED] - Actual text and expected text of test object 'Object Repository/Katalon/Page_Katalon AI-augmented Software Quality _596167/div_Low cost, high ROI' are matched.

2023-11-01 15:38:01 - [TEST_STEP][PASSED] - closeBrowser(): Browser is closed

2023-11-01 15:38:02 - [MESSAGE][PASSED] - Browser is closed

2023-11-01 15:38:02 - [TEST_STEP][PASSED] - Start listener action : sampleAfterTestCase: null

2023-11-01 15:38:02 - [TEST_STEP][PASSED] - println(testCaseContext.getTestCaseId()): null

2023-11-01 15:38:02 - [TEST_STEP][PASSED] - println(testCaseContext.getTestCaseStatus()): null]]></system-out>
         <system-err><![CDATA[]]></system-err>
      </testcase>
      <testcase name="Test Cases/Katalon - Verify Contact an expert in Katalon" time="11.361" classname="Test Cases/Katalon - Verify Contact an expert in Katalon" status="PASSED">
         <system-out><![CDATA[2023-11-01 15:38:02 - [TEST_CASE][PASSED] - Test Cases/Katalon - Verify Contact an expert in Katalon: Test Cases/Katalon - Verify Contact an expert in Katalon

2023-11-01 15:38:02 - [TEST_STEP][PASSED] - Start listener action : sampleBeforeTestCase: null

2023-11-01 15:38:02 - [TEST_STEP][PASSED] - println(testCaseContext.getTestCaseId()): null

2023-11-01 15:38:02 - [TEST_STEP][PASSED] - println(testCaseContext.getTestCaseVariables()): null

2023-11-01 15:38:02 - [TEST_STEP][PASSED] - openBrowser(""): Browser is opened with url: ''

2023-11-01 15:38:02 - [MESSAGE][INFO] - Starting 'Chrome' driver

2023-11-01 15:38:02 - [MESSAGE][INFO] - Action delay is set to 0 milliseconds

2023-11-01 15:38:04 - [MESSAGE][PASSED] - Browser is opened with url: ''

2023-11-01 15:38:04 - [TEST_STEP][PASSED] - navigateToUrl("https://katalon.com/"): Navigate to 'https://katalon.com/' successfully

2023-11-01 15:38:08 - [MESSAGE][PASSED] - Navigate to 'https://katalon.com/' successfully

2023-11-01 15:38:08 - [TEST_STEP][PASSED] - maximizeWindow(): Current window maximized

2023-11-01 15:38:08 - [MESSAGE][PASSED] - Current window maximized

2023-11-01 15:38:08 - [TEST_STEP][PASSED] - click(findTestObject("Object Repository/Katalon/Page_Katalon AI-augmented Software Quality _596167/button_Accept All Cookies")): Object: 'Object Repository/Katalon/Page_Katalon AI-augmented Software Quality _596167/button_Accept All Cookies' is clicked on

2023-11-01 15:38:09 - [MESSAGE][PASSED] - Object: 'Object Repository/Katalon/Page_Katalon AI-augmented Software Quality _596167/button_Accept All Cookies' is clicked on

2023-11-01 15:38:09 - [TEST_STEP][PASSED] - click(findTestObject("Object Repository/Katalon/Page_Katalon AI-augmented Software Quality _596167/a_Contact us")): Object: 'Object Repository/Katalon/Page_Katalon AI-augmented Software Quality _596167/a_Contact us' is clicked on

2023-11-01 15:38:11 - [MESSAGE][PASSED] - Object: 'Object Repository/Katalon/Page_Katalon AI-augmented Software Quality _596167/a_Contact us' is clicked on

2023-11-01 15:38:11 - [TEST_STEP][PASSED] - click(findTestObject("Object Repository/Katalon/Page_Contact Us  Katalon Quality Management_4f5e38/div_Contact an expert")): Object: 'Object Repository/Katalon/Page_Contact Us  Katalon Quality Management_4f5e38/div_Contact an expert' is clicked on

2023-11-01 15:38:12 - [MESSAGE][PASSED] - Object: 'Object Repository/Katalon/Page_Contact Us  Katalon Quality Management_4f5e38/div_Contact an expert' is clicked on

2023-11-01 15:38:12 - [TEST_STEP][PASSED] - verifyElementPresent(findTestObject("Object Repository/Katalon/Page_Contact Us  Katalon Quality Management_4f5e38/div_Submit"), 0): Object 'Object Repository/Katalon/Page_Contact Us  Katalon Quality Management_4f5e38/div_Submit' is present

2023-11-01 15:38:12 - [MESSAGE][WARNING] - Timeout '0' is invalid. Using default page load timeout: '30'

2023-11-01 15:38:13 - [MESSAGE][PASSED] - Object 'Object Repository/Katalon/Page_Contact Us  Katalon Quality Management_4f5e38/div_Submit' is present

2023-11-01 15:38:13 - [TEST_STEP][PASSED] - closeBrowser(): Browser is closed

2023-11-01 15:38:13 - [MESSAGE][PASSED] - Browser is closed

2023-11-01 15:38:13 - [TEST_STEP][PASSED] - Start listener action : sampleAfterTestCase: null

2023-11-01 15:38:13 - [TEST_STEP][PASSED] - println(testCaseContext.getTestCaseId()): null

2023-11-01 15:38:13 - [TEST_STEP][PASSED] - println(testCaseContext.getTestCaseStatus()): null]]></system-out>
         <system-err><![CDATA[]]></system-err>
      </testcase>
      <system-out><![CDATA[2023-11-01 15:37:39 - [TEST_SUITE][PASSED] - Reshna - Katalon Suite4: Test Cases/Katalon - Verify Contact an expert in Katalon]]></system-out>
      <system-err><![CDATA[]]></system-err>
   </testsuite>
</testsuites>
