<?xml version="1.0" encoding="UTF-8"?>
<testsuites name="Reshna - Katalon Suite3" time="65.151" tests="4" failures="0" errors="0">
   <testsuite name="Reshna - Katalon Suite3" tests="4" failures="0" errors="0" time="65.151" skipped="0" timestamp="2023-10-31 16:50:57" hostname="rchalil - USPRNRCHALIL2.us.deloitte.com" id="Test Suites/Reshna - Katalon Suite3">
      <properties>
         <property name="deviceName" value=""/>
         <property name="devicePlatform" value=""/>
         <property name="logFolder" value="C:\\Users\\rchalil\\Katalon Studio\\My First Web UI Project\\Reports\\20231031_165051\\Reshna - Katalon Suite3\\20231031_165051"/>
         <property name="logFiles" value="C:\\Users\\rchalil\\Katalon Studio\\My First Web UI Project\\Reports\\20231031_165051\\Reshna - Katalon Suite3\\20231031_165051\\execution0.log"/>
         <property name="attachments" value=""/>
         <property name="hostName" value="rchalil - USPRNRCHALIL2.us.deloitte.com"/>
         <property name="os" value="Windows 10 64bit"/>
         <property name="katalonVersion" value="9.0.0.212"/>
         <property name="browser" value="Chrome 118.0.0.0"/>
         <property name="hostAddress" value="10.0.0.182"/>
         <property name="sessionId" value="61e9f1e0b9cb91f691523aaf6441b5e0"/>
         <property name="seleniumVersion" value="3.141.59"/>
         <property name="proxyInformation" value="ProxyInformation { proxyOption=NO_PROXY, proxyServerType=HTTP, username=, password=********, proxyServerAddress=, proxyServerPort=0, executionList=&quot;&quot;, isApplyToDesiredCapabilities=true }"/>
         <property name="platform" value="Windows 10"/>
      </properties>
      <testcase name="Test Cases/Katalon - Learn More verification" time="17.835" classname="Test Cases/Katalon - Learn More verification" status="PASSED">
         <system-out><![CDATA[2023-10-31 16:50:58 - [TEST_CASE][PASSED] - Test Cases/Katalon - Learn More verification: Test Cases/Katalon - Learn More verification

2023-10-31 16:50:58 - [TEST_STEP][PASSED] - Start listener action : sampleBeforeTestCase: null

2023-10-31 16:50:58 - [TEST_STEP][PASSED] - println(testCaseContext.getTestCaseId()): null

2023-10-31 16:50:58 - [TEST_STEP][PASSED] - println(testCaseContext.getTestCaseVariables()): null

2023-10-31 16:50:58 - [TEST_STEP][PASSED] - openBrowser(""): Browser is opened with url: ''

2023-10-31 16:50:59 - [MESSAGE][INFO] - Starting 'Chrome' driver

2023-10-31 16:50:59 - [MESSAGE][INFO] - Action delay is set to 0 milliseconds

2023-10-31 16:51:03 - [MESSAGE][PASSED] - Browser is opened with url: ''

2023-10-31 16:51:03 - [TEST_STEP][PASSED] - navigateToUrl("https://katalon.com/"): Navigate to 'https://katalon.com/' successfully

2023-10-31 16:51:06 - [MESSAGE][PASSED] - Navigate to 'https://katalon.com/' successfully

2023-10-31 16:51:06 - [TEST_STEP][PASSED] - maximizeWindow(): Current window maximized

2023-10-31 16:51:06 - [MESSAGE][PASSED] - Current window maximized

2023-10-31 16:51:06 - [TEST_STEP][PASSED] - click(findTestObject("Object Repository/Katalon/Page_Katalon AI-augmented Software Quality _596167/button_Accept All Cookies")): Object: 'Object Repository/Katalon/Page_Katalon AI-augmented Software Quality _596167/button_Accept All Cookies' is clicked on

2023-10-31 16:51:08 - [MESSAGE][PASSED] - Object: 'Object Repository/Katalon/Page_Katalon AI-augmented Software Quality _596167/button_Accept All Cookies' is clicked on

2023-10-31 16:51:08 - [TEST_STEP][PASSED] - verifyElementVisible(findTestObject("Object Repository/Katalon/Page_Katalon AI-augmented Software Quality _596167/a_Learn more")): Object 'Object Repository/Katalon/Page_Katalon AI-augmented Software Quality _596167/a_Learn more' is visible

2023-10-31 16:51:08 - [MESSAGE][PASSED] - Object 'Object Repository/Katalon/Page_Katalon AI-augmented Software Quality _596167/a_Learn more' is visible

2023-10-31 16:51:08 - [TEST_STEP][PASSED] - click(findTestObject("Object Repository/Katalon/Page_Katalon AI-augmented Software Quality _596167/a_Learn more")): Object: 'Object Repository/Katalon/Page_Katalon AI-augmented Software Quality _596167/a_Learn more' is clicked on

2023-10-31 16:51:12 - [MESSAGE][PASSED] - Object: 'Object Repository/Katalon/Page_Katalon AI-augmented Software Quality _596167/a_Learn more' is clicked on

2023-10-31 16:51:12 - [TEST_STEP][PASSED] - verifyElementPresent(findTestObject("Object Repository/Katalon/Page_Katalon Studio 9.0.0 Performance Boost_5d349a/div_TABLE OF CONTENTS"), 0): Object 'Object Repository/Katalon/Page_Katalon Studio 9.0.0 Performance Boost_5d349a/div_TABLE OF CONTENTS' is present

2023-10-31 16:51:12 - [MESSAGE][WARNING] - Timeout '0' is invalid. Using default page load timeout: '30'

2023-10-31 16:51:12 - [MESSAGE][PASSED] - Object 'Object Repository/Katalon/Page_Katalon Studio 9.0.0 Performance Boost_5d349a/div_TABLE OF CONTENTS' is present

2023-10-31 16:51:12 - [TEST_STEP][PASSED] - click(findTestObject("Object Repository/Katalon/Page_Katalon Studio 9.0.0 Performance Boost_5d349a/a_Key performance improvements in Katalon S_185eed")): Object: 'Object Repository/Katalon/Page_Katalon Studio 9.0.0 Performance Boost_5d349a/a_Key performance improvements in Katalon S_185eed' is clicked on

2023-10-31 16:51:13 - [MESSAGE][PASSED] - Object: 'Object Repository/Katalon/Page_Katalon Studio 9.0.0 Performance Boost_5d349a/a_Key performance improvements in Katalon S_185eed' is clicked on

2023-10-31 16:51:13 - [TEST_STEP][PASSED] - rightClick(findTestObject("Object Repository/Katalon/Page_Katalon Studio 9.0.0 Performance Boost_5d349a/strong_Key performance improvements in Kata_e75e1d")): Object: 'Object Repository/Katalon/Page_Katalon Studio 9.0.0 Performance Boost_5d349a/strong_Key performance improvements in Kata_e75e1d' is right clicked on

2023-10-31 16:51:14 - [MESSAGE][PASSED] - Object: 'Object Repository/Katalon/Page_Katalon Studio 9.0.0 Performance Boost_5d349a/strong_Key performance improvements in Kata_e75e1d' is right clicked on

2023-10-31 16:51:14 - [TEST_STEP][PASSED] - click(findTestObject("Object Repository/Katalon/Page_Katalon Studio 9.0.0 Performance Boost_5d349a/strong_Key performance improvements in Kata_e75e1d")): Object: 'Object Repository/Katalon/Page_Katalon Studio 9.0.0 Performance Boost_5d349a/strong_Key performance improvements in Kata_e75e1d' is clicked on

2023-10-31 16:51:14 - [MESSAGE][PASSED] - Object: 'Object Repository/Katalon/Page_Katalon Studio 9.0.0 Performance Boost_5d349a/strong_Key performance improvements in Kata_e75e1d' is clicked on

2023-10-31 16:51:14 - [TEST_STEP][PASSED] - verifyElementVisible(findTestObject("Object Repository/Katalon/Page_Katalon Studio 9.0.0 Performance Boost_5d349a/strong_Key performance improvements in Kata_e75e1d")): Object 'Object Repository/Katalon/Page_Katalon Studio 9.0.0 Performance Boost_5d349a/strong_Key performance improvements in Kata_e75e1d' is visible

2023-10-31 16:51:15 - [MESSAGE][PASSED] - Object 'Object Repository/Katalon/Page_Katalon Studio 9.0.0 Performance Boost_5d349a/strong_Key performance improvements in Kata_e75e1d' is visible

2023-10-31 16:51:15 - [TEST_STEP][PASSED] - closeBrowser(): Browser is closed

2023-10-31 16:51:15 - [MESSAGE][PASSED] - Browser is closed

2023-10-31 16:51:15 - [TEST_STEP][PASSED] - Start listener action : sampleAfterTestCase: null

2023-10-31 16:51:15 - [TEST_STEP][PASSED] - println(testCaseContext.getTestCaseId()): null

2023-10-31 16:51:15 - [TEST_STEP][PASSED] - println(testCaseContext.getTestCaseStatus()): null]]></system-out>
         <system-err><![CDATA[]]></system-err>
      </testcase>
      <testcase name="Test Cases/Katalon Price Check" time="15.565" classname="Test Cases/Katalon Price Check" status="PASSED">
         <system-out><![CDATA[2023-10-31 16:51:15 - [TEST_CASE][PASSED] - Test Cases/Katalon Price Check: Test Cases/Katalon Price Check

2023-10-31 16:51:15 - [TEST_STEP][PASSED] - Start listener action : sampleBeforeTestCase: null

2023-10-31 16:51:15 - [TEST_STEP][PASSED] - println(testCaseContext.getTestCaseId()): null

2023-10-31 16:51:15 - [TEST_STEP][PASSED] - println(testCaseContext.getTestCaseVariables()): null

2023-10-31 16:51:15 - [TEST_STEP][PASSED] - openBrowser(""): Browser is opened with url: ''

2023-10-31 16:51:16 - [MESSAGE][INFO] - Starting 'Chrome' driver

2023-10-31 16:51:16 - [MESSAGE][INFO] - Action delay is set to 0 milliseconds

2023-10-31 16:51:18 - [MESSAGE][PASSED] - Browser is opened with url: ''

2023-10-31 16:51:18 - [TEST_STEP][PASSED] - navigateToUrl("https://katalon.com/"): Navigate to 'https://katalon.com/' successfully

2023-10-31 16:51:21 - [MESSAGE][PASSED] - Navigate to 'https://katalon.com/' successfully

2023-10-31 16:51:21 - [TEST_STEP][PASSED] - maximizeWindow(): Current window maximized

2023-10-31 16:51:21 - [MESSAGE][PASSED] - Current window maximized

2023-10-31 16:51:21 - [TEST_STEP][PASSED] - click(findTestObject("Object Repository/Katalon/Page_Katalon AI-augmented Software Quality _596167/button_Accept All Cookies")): Object: 'Object Repository/Katalon/Page_Katalon AI-augmented Software Quality _596167/button_Accept All Cookies' is clicked on

2023-10-31 16:51:23 - [MESSAGE][PASSED] - Object: 'Object Repository/Katalon/Page_Katalon AI-augmented Software Quality _596167/button_Accept All Cookies' is clicked on

2023-10-31 16:51:23 - [TEST_STEP][PASSED] - click(findTestObject("Object Repository/Katalon/Page_Katalon AI-augmented Software Quality _596167/div_Pricing")): Object: 'Object Repository/Katalon/Page_Katalon AI-augmented Software Quality _596167/div_Pricing' is clicked on

2023-10-31 16:51:26 - [MESSAGE][PASSED] - Object: 'Object Repository/Katalon/Page_Katalon AI-augmented Software Quality _596167/div_Pricing' is clicked on

2023-10-31 16:51:26 - [TEST_STEP][PASSED] - setText(findTestObject("Object Repository/Katalon/Page_Software Quality Management Platform  _0ea48f/inputinput_platform_kse_number"), "5"): Text '5' is set on object 'Object Repository/Katalon/Page_Software Quality Management Platform  _0ea48f/inputinput_platform_kse_number'

2023-10-31 16:51:28 - [MESSAGE][PASSED] - Text '5' is set on object 'Object Repository/Katalon/Page_Software Quality Management Platform  _0ea48f/inputinput_platform_kse_number'

2023-10-31 16:51:28 - [TEST_STEP][PASSED] - setText(findTestObject("Object Repository/Katalon/Page_Software Quality Management Platform  _0ea48f/inputinput_platform_testcloud_number"), "5"): Text '5' is set on object 'Object Repository/Katalon/Page_Software Quality Management Platform  _0ea48f/inputinput_platform_testcloud_number'

2023-10-31 16:51:29 - [MESSAGE][PASSED] - Text '5' is set on object 'Object Repository/Katalon/Page_Software Quality Management Platform  _0ea48f/inputinput_platform_testcloud_number'

2023-10-31 16:51:29 - [TEST_STEP][PASSED] - setText(findTestObject("Object Repository/Katalon/Page_Software Quality Management Platform  _0ea48f/inputinput_platform_kre_number"), "5"): Text '5' is set on object 'Object Repository/Katalon/Page_Software Quality Management Platform  _0ea48f/inputinput_platform_kre_number'

2023-10-31 16:51:31 - [MESSAGE][PASSED] - Text '5' is set on object 'Object Repository/Katalon/Page_Software Quality Management Platform  _0ea48f/inputinput_platform_kre_number'

2023-10-31 16:51:31 - [TEST_STEP][PASSED] - scrollToPosition(0, 3): Browser is scrolled to position x = 0, y = 3

2023-10-31 16:51:31 - [MESSAGE][PASSED] - Browser is scrolled to position x = 0, y = 3

2023-10-31 16:51:31 - [TEST_STEP][PASSED] - closeBrowser(): Browser is closed

2023-10-31 16:51:31 - [MESSAGE][PASSED] - Browser is closed

2023-10-31 16:51:31 - [TEST_STEP][PASSED] - Start listener action : sampleAfterTestCase: null

2023-10-31 16:51:31 - [TEST_STEP][PASSED] - println(testCaseContext.getTestCaseId()): null

2023-10-31 16:51:31 - [TEST_STEP][PASSED] - println(testCaseContext.getTestCaseStatus()): null]]></system-out>
         <system-err><![CDATA[]]></system-err>
      </testcase>
      <testcase name="Test Cases/Katalon - Verify Incorrect email verification" time="15.84" classname="Test Cases/Katalon - Verify Incorrect email verification" status="PASSED">
         <system-out><![CDATA[2023-10-31 16:51:31 - [TEST_CASE][PASSED] - Test Cases/Katalon - Verify Incorrect email verification: Test Cases/Katalon - Verify Incorrect email verification

2023-10-31 16:51:31 - [TEST_STEP][PASSED] - Start listener action : sampleBeforeTestCase: null

2023-10-31 16:51:31 - [TEST_STEP][PASSED] - println(testCaseContext.getTestCaseId()): null

2023-10-31 16:51:31 - [TEST_STEP][PASSED] - println(testCaseContext.getTestCaseVariables()): null

2023-10-31 16:51:31 - [TEST_STEP][PASSED] - openBrowser(""): Browser is opened with url: ''

2023-10-31 16:51:31 - [MESSAGE][INFO] - Starting 'Chrome' driver

2023-10-31 16:51:31 - [MESSAGE][INFO] - Action delay is set to 0 milliseconds

2023-10-31 16:51:34 - [MESSAGE][PASSED] - Browser is opened with url: ''

2023-10-31 16:51:34 - [TEST_STEP][PASSED] - navigateToUrl("https://katalon.com/"): Navigate to 'https://katalon.com/' successfully

2023-10-31 16:51:38 - [MESSAGE][PASSED] - Navigate to 'https://katalon.com/' successfully

2023-10-31 16:51:38 - [TEST_STEP][PASSED] - click(findTestObject("Object Repository/Katalon/Page_Katalon AI-augmented Software Quality _596167/a_Start free trial")): Object: 'Object Repository/Katalon/Page_Katalon AI-augmented Software Quality _596167/a_Start free trial' is clicked on

2023-10-31 16:51:42 - [MESSAGE][PASSED] - Object: 'Object Repository/Katalon/Page_Katalon AI-augmented Software Quality _596167/a_Start free trial' is clicked on

2023-10-31 16:51:42 - [TEST_STEP][PASSED] - click(findTestObject("Object Repository/Katalon/Page_Sign up  Katalon Software Quality Mana_03d398/div_Sign in")): Object: 'Object Repository/Katalon/Page_Sign up  Katalon Software Quality Mana_03d398/div_Sign in' is clicked on

2023-10-31 16:51:43 - [MESSAGE][PASSED] - Object: 'Object Repository/Katalon/Page_Sign up  Katalon Software Quality Mana_03d398/div_Sign in' is clicked on

2023-10-31 16:51:43 - [TEST_STEP][PASSED] - click(findTestObject("Object Repository/Katalon/Page_Sign in  Katalon Software Quality Mana_cfddb7/div_Sign up")): Object: 'Object Repository/Katalon/Page_Sign in  Katalon Software Quality Mana_cfddb7/div_Sign up' is clicked on

2023-10-31 16:51:45 - [MESSAGE][PASSED] - Object: 'Object Repository/Katalon/Page_Sign in  Katalon Software Quality Mana_cfddb7/div_Sign up' is clicked on

2023-10-31 16:51:45 - [TEST_STEP][PASSED] - verifyElementPresent(findTestObject("Object Repository/Katalon/Page_Sign up  Katalon Software Quality Mana_03d398/input_btn_text"), 0): Object 'Object Repository/Katalon/Page_Sign up  Katalon Software Quality Mana_03d398/input_btn_text' is present

2023-10-31 16:51:45 - [MESSAGE][WARNING] - Timeout '0' is invalid. Using default page load timeout: '30'

2023-10-31 16:51:46 - [MESSAGE][PASSED] - Object 'Object Repository/Katalon/Page_Sign up  Katalon Software Quality Mana_03d398/input_btn_text' is present

2023-10-31 16:51:46 - [TEST_STEP][PASSED] - closeBrowser(): Browser is closed

2023-10-31 16:51:47 - [MESSAGE][PASSED] - Browser is closed

2023-10-31 16:51:47 - [TEST_STEP][PASSED] - Start listener action : sampleAfterTestCase: null

2023-10-31 16:51:47 - [TEST_STEP][PASSED] - println(testCaseContext.getTestCaseId()): null

2023-10-31 16:51:47 - [TEST_STEP][PASSED] - println(testCaseContext.getTestCaseStatus()): null]]></system-out>
         <system-err><![CDATA[]]></system-err>
      </testcase>
      <testcase name="Test Cases/Katalon - Verify the error message on the SignUp Page" time="15.543" classname="Test Cases/Katalon - Verify the error message on the SignUp Page" status="PASSED">
         <system-out><![CDATA[2023-10-31 16:51:47 - [TEST_CASE][PASSED] - Test Cases/Katalon - Verify the error message on the SignUp Page: Test Cases/Katalon - Verify the error message on the SignUp Page

2023-10-31 16:51:47 - [TEST_STEP][PASSED] - Start listener action : sampleBeforeTestCase: null

2023-10-31 16:51:47 - [TEST_STEP][PASSED] - println(testCaseContext.getTestCaseId()): null

2023-10-31 16:51:47 - [TEST_STEP][PASSED] - println(testCaseContext.getTestCaseVariables()): null

2023-10-31 16:51:47 - [TEST_STEP][PASSED] - openBrowser(""): Browser is opened with url: ''

2023-10-31 16:51:47 - [MESSAGE][INFO] - Starting 'Chrome' driver

2023-10-31 16:51:47 - [MESSAGE][INFO] - Action delay is set to 0 milliseconds

2023-10-31 16:51:51 - [MESSAGE][PASSED] - Browser is opened with url: ''

2023-10-31 16:51:51 - [TEST_STEP][PASSED] - navigateToUrl("https://katalon.com/"): Navigate to 'https://katalon.com/' successfully

2023-10-31 16:51:54 - [MESSAGE][PASSED] - Navigate to 'https://katalon.com/' successfully

2023-10-31 16:51:54 - [TEST_STEP][PASSED] - maximizeWindow(): Current window maximized

2023-10-31 16:51:54 - [MESSAGE][PASSED] - Current window maximized

2023-10-31 16:51:54 - [TEST_STEP][PASSED] - click(findTestObject("Object Repository/Katalon/Page_Katalon AI-augmented Software Quality _596167/button_Accept All Cookies")): Object: 'Object Repository/Katalon/Page_Katalon AI-augmented Software Quality _596167/button_Accept All Cookies' is clicked on

2023-10-31 16:51:56 - [MESSAGE][PASSED] - Object: 'Object Repository/Katalon/Page_Katalon AI-augmented Software Quality _596167/button_Accept All Cookies' is clicked on

2023-10-31 16:51:56 - [TEST_STEP][PASSED] - click(findTestObject("Object Repository/Katalon/Page_Katalon AI-augmented Software Quality _596167/a_Start free trial")): Object: 'Object Repository/Katalon/Page_Katalon AI-augmented Software Quality _596167/a_Start free trial' is clicked on

2023-10-31 16:51:59 - [MESSAGE][PASSED] - Object: 'Object Repository/Katalon/Page_Katalon AI-augmented Software Quality _596167/a_Start free trial' is clicked on

2023-10-31 16:51:59 - [TEST_STEP][PASSED] - click(findTestObject("Object Repository/Katalon/Page_Sign up  Katalon Software Quality Mana_03d398/divbtn-sign-up")): Object: 'Object Repository/Katalon/Page_Sign up  Katalon Software Quality Mana_03d398/divbtn-sign-up' is clicked on

2023-10-31 16:52:01 - [MESSAGE][PASSED] - Object: 'Object Repository/Katalon/Page_Sign up  Katalon Software Quality Mana_03d398/divbtn-sign-up' is clicked on

2023-10-31 16:52:01 - [TEST_STEP][PASSED] - verifyElementText(findTestObject("Object Repository/Katalon/Page_Sign up  Katalon Software Quality Mana_03d398/span_Please fill all form fields"), "Please fill all form fields"): Actual text and expected text of test object 'Object Repository/Katalon/Page_Sign up  Katalon Software Quality Mana_03d398/span_Please fill all form fields' are matched.

2023-10-31 16:52:02 - [MESSAGE][PASSED] - Actual text and expected text of test object 'Object Repository/Katalon/Page_Sign up  Katalon Software Quality Mana_03d398/span_Please fill all form fields' are matched.

2023-10-31 16:52:02 - [TEST_STEP][PASSED] - closeBrowser(): Browser is closed

2023-10-31 16:52:02 - [MESSAGE][PASSED] - Browser is closed

2023-10-31 16:52:02 - [TEST_STEP][PASSED] - Start listener action : sampleAfterTestCase: null

2023-10-31 16:52:02 - [TEST_STEP][PASSED] - println(testCaseContext.getTestCaseId()): null

2023-10-31 16:52:02 - [TEST_STEP][PASSED] - println(testCaseContext.getTestCaseStatus()): null]]></system-out>
         <system-err><![CDATA[]]></system-err>
      </testcase>
      <system-out><![CDATA[2023-10-31 16:50:57 - [TEST_SUITE][PASSED] - Reshna - Katalon Suite3: Test Cases/Katalon - Verify the error message on the SignUp Page]]></system-out>
      <system-err><![CDATA[]]></system-err>
   </testsuite>
</testsuites>
