<?xml version="1.0" encoding="UTF-8"?>
<testsuites name="Test Suite - Failed tests" time="36.872" tests="2" failures="0" errors="0">
   <testsuite name="Test Suite - Failed tests" tests="2" failures="0" errors="0" time="36.872" skipped="0" timestamp="2023-10-31 17:03:39" hostname="rchalil - USPRNRCHALIL2.us.deloitte.com" id="Test Suites/Test Suite - Failed tests">
      <properties>
         <property name="deviceName" value=""/>
         <property name="devicePlatform" value=""/>
         <property name="logFolder" value="C:\\Users\\rchalil\\Katalon Studio\\My First Web UI Project\\Reports\\20231031_170335\\Test Suite - Failed tests\\20231031_170335"/>
         <property name="logFiles" value="C:\\Users\\rchalil\\Katalon Studio\\My First Web UI Project\\Reports\\20231031_170335\\Test Suite - Failed tests\\20231031_170335\\execution0.log"/>
         <property name="attachments" value=""/>
         <property name="hostName" value="rchalil - USPRNRCHALIL2.us.deloitte.com"/>
         <property name="os" value="Windows 10 64bit"/>
         <property name="katalonVersion" value="9.0.0.212"/>
         <property name="browser" value="Chrome 118.0.0.0"/>
         <property name="hostAddress" value="10.0.0.182"/>
         <property name="sessionId" value="8eab7fa92ca74041572c55101bff955a"/>
         <property name="seleniumVersion" value="3.141.59"/>
         <property name="proxyInformation" value="ProxyInformation { proxyOption=NO_PROXY, proxyServerType=HTTP, username=, password=********, proxyServerAddress=, proxyServerPort=0, executionList=&quot;&quot;, isApplyToDesiredCapabilities=true }"/>
         <property name="platform" value="Windows 10"/>
      </properties>
      <testcase name="Test Cases/Download Deloitte Survey findins - Switch Window" time="20.477" classname="Test Cases/Download Deloitte Survey findins - Switch Window" status="PASSED">
         <system-out><![CDATA[2023-10-31 17:03:40 - [TEST_CASE][PASSED] - Test Cases/Download Deloitte Survey findins - Switch Window: Test Cases/Download Deloitte Survey findins - Switch Window

2023-10-31 17:03:40 - [TEST_STEP][PASSED] - Start listener action : sampleBeforeTestCase: null

2023-10-31 17:03:40 - [TEST_STEP][PASSED] - println(testCaseContext.getTestCaseId()): null

2023-10-31 17:03:40 - [TEST_STEP][PASSED] - println(testCaseContext.getTestCaseVariables()): null

2023-10-31 17:03:40 - [TEST_STEP][PASSED] - openBrowser(""): Browser is opened with url: ''

2023-10-31 17:03:40 - [MESSAGE][INFO] - Starting 'Chrome' driver

2023-10-31 17:03:40 - [MESSAGE][INFO] - Action delay is set to 0 milliseconds

2023-10-31 17:03:43 - [MESSAGE][PASSED] - Browser is opened with url: ''

2023-10-31 17:03:43 - [TEST_STEP][PASSED] - navigateToUrl("https://www2.deloitte.com/us/en.html"): Navigate to 'https://www2.deloitte.com/us/en.html' successfully

2023-10-31 17:03:45 - [MESSAGE][PASSED] - Navigate to 'https://www2.deloitte.com/us/en.html' successfully

2023-10-31 17:03:45 - [TEST_STEP][PASSED] - maximizeWindow(): Current window maximized

2023-10-31 17:03:46 - [MESSAGE][PASSED] - Current window maximized

2023-10-31 17:03:46 - [TEST_STEP][PASSED] - click(findTestObject("Object Repository/Deloitte/Page_Deloitte US  Audit, Consulting, Adviso_ec7ae4/button_Accept and close")): Object: 'Object Repository/Deloitte/Page_Deloitte US  Audit, Consulting, Adviso_ec7ae4/button_Accept and close' is clicked on

2023-10-31 17:03:51 - [MESSAGE][PASSED] - Object: 'Object Repository/Deloitte/Page_Deloitte US  Audit, Consulting, Adviso_ec7ae4/button_Accept and close' is clicked on

2023-10-31 17:03:51 - [TEST_STEP][PASSED] - click(findTestObject("Object Repository/Deloitte/Page_Deloitte US  Audit, Consulting, Adviso_ec7ae4/div_Read the survey findings")): Object: 'Object Repository/Deloitte/Page_Deloitte US  Audit, Consulting, Adviso_ec7ae4/div_Read the survey findings' is clicked on

2023-10-31 17:03:59 - [MESSAGE][PASSED] - Object: 'Object Repository/Deloitte/Page_Deloitte US  Audit, Consulting, Adviso_ec7ae4/div_Read the survey findings' is clicked on

2023-10-31 17:03:59 - [TEST_STEP][PASSED] - click(findTestObject("Object Repository/Deloitte/Page_2023 Deloitte holiday retail survey  D_2a1ba5/img")): Object: 'Object Repository/Deloitte/Page_2023 Deloitte holiday retail survey  D_2a1ba5/img' is clicked on

2023-10-31 17:03:59 - [MESSAGE][PASSED] - Object: 'Object Repository/Deloitte/Page_2023 Deloitte holiday retail survey  D_2a1ba5/img' is clicked on

2023-10-31 17:03:59 - [TEST_STEP][PASSED] - closeBrowser(): Browser is closed

2023-10-31 17:04:00 - [MESSAGE][PASSED] - Browser is closed

2023-10-31 17:04:00 - [TEST_STEP][PASSED] - Start listener action : sampleAfterTestCase: null

2023-10-31 17:04:00 - [TEST_STEP][PASSED] - println(testCaseContext.getTestCaseId()): null

2023-10-31 17:04:00 - [TEST_STEP][PASSED] - println(testCaseContext.getTestCaseStatus()): null]]></system-out>
         <system-err><![CDATA[]]></system-err>
      </testcase>
      <testcase name="Test Cases/Katalon Price Check" time="16.181" classname="Test Cases/Katalon Price Check" status="PASSED">
         <system-out><![CDATA[2023-10-31 17:04:00 - [TEST_CASE][PASSED] - Test Cases/Katalon Price Check: Test Cases/Katalon Price Check

2023-10-31 17:04:00 - [TEST_STEP][PASSED] - Start listener action : sampleBeforeTestCase: null

2023-10-31 17:04:00 - [TEST_STEP][PASSED] - println(testCaseContext.getTestCaseId()): null

2023-10-31 17:04:00 - [TEST_STEP][PASSED] - println(testCaseContext.getTestCaseVariables()): null

2023-10-31 17:04:00 - [TEST_STEP][PASSED] - openBrowser(""): Browser is opened with url: ''

2023-10-31 17:04:00 - [MESSAGE][INFO] - Starting 'Chrome' driver

2023-10-31 17:04:00 - [MESSAGE][INFO] - Action delay is set to 0 milliseconds

2023-10-31 17:04:03 - [MESSAGE][PASSED] - Browser is opened with url: ''

2023-10-31 17:04:03 - [TEST_STEP][PASSED] - navigateToUrl("https://katalon.com/"): Navigate to 'https://katalon.com/' successfully

2023-10-31 17:04:06 - [MESSAGE][PASSED] - Navigate to 'https://katalon.com/' successfully

2023-10-31 17:04:06 - [TEST_STEP][PASSED] - maximizeWindow(): Current window maximized

2023-10-31 17:04:06 - [MESSAGE][PASSED] - Current window maximized

2023-10-31 17:04:06 - [TEST_STEP][PASSED] - click(findTestObject("Object Repository/Katalon/Page_Katalon AI-augmented Software Quality _596167/button_Accept All Cookies")): Object: 'Object Repository/Katalon/Page_Katalon AI-augmented Software Quality _596167/button_Accept All Cookies' is clicked on

2023-10-31 17:04:08 - [MESSAGE][PASSED] - Object: 'Object Repository/Katalon/Page_Katalon AI-augmented Software Quality _596167/button_Accept All Cookies' is clicked on

2023-10-31 17:04:08 - [TEST_STEP][PASSED] - click(findTestObject("Object Repository/Katalon/Page_Katalon AI-augmented Software Quality _596167/div_Pricing")): Object: 'Object Repository/Katalon/Page_Katalon AI-augmented Software Quality _596167/div_Pricing' is clicked on

2023-10-31 17:04:11 - [MESSAGE][PASSED] - Object: 'Object Repository/Katalon/Page_Katalon AI-augmented Software Quality _596167/div_Pricing' is clicked on

2023-10-31 17:04:11 - [TEST_STEP][PASSED] - setText(findTestObject("Object Repository/Katalon/Page_Software Quality Management Platform  _0ea48f/inputinput_platform_kse_number"), "5"): Text '5' is set on object 'Object Repository/Katalon/Page_Software Quality Management Platform  _0ea48f/inputinput_platform_kse_number'

2023-10-31 17:04:13 - [MESSAGE][PASSED] - Text '5' is set on object 'Object Repository/Katalon/Page_Software Quality Management Platform  _0ea48f/inputinput_platform_kse_number'

2023-10-31 17:04:13 - [TEST_STEP][PASSED] - setText(findTestObject("Object Repository/Katalon/Page_Software Quality Management Platform  _0ea48f/inputinput_platform_testcloud_number"), "5"): Text '5' is set on object 'Object Repository/Katalon/Page_Software Quality Management Platform  _0ea48f/inputinput_platform_testcloud_number'

2023-10-31 17:04:14 - [MESSAGE][PASSED] - Text '5' is set on object 'Object Repository/Katalon/Page_Software Quality Management Platform  _0ea48f/inputinput_platform_testcloud_number'

2023-10-31 17:04:14 - [TEST_STEP][PASSED] - setText(findTestObject("Object Repository/Katalon/Page_Software Quality Management Platform  _0ea48f/inputinput_platform_kre_number"), "5"): Text '5' is set on object 'Object Repository/Katalon/Page_Software Quality Management Platform  _0ea48f/inputinput_platform_kre_number'

2023-10-31 17:04:16 - [MESSAGE][PASSED] - Text '5' is set on object 'Object Repository/Katalon/Page_Software Quality Management Platform  _0ea48f/inputinput_platform_kre_number'

2023-10-31 17:04:16 - [TEST_STEP][PASSED] - scrollToPosition(0, 3): Browser is scrolled to position x = 0, y = 3

2023-10-31 17:04:16 - [MESSAGE][PASSED] - Browser is scrolled to position x = 0, y = 3

2023-10-31 17:04:16 - [TEST_STEP][PASSED] - closeBrowser(): Browser is closed

2023-10-31 17:04:16 - [MESSAGE][PASSED] - Browser is closed

2023-10-31 17:04:16 - [TEST_STEP][PASSED] - Start listener action : sampleAfterTestCase: null

2023-10-31 17:04:16 - [TEST_STEP][PASSED] - println(testCaseContext.getTestCaseId()): null

2023-10-31 17:04:16 - [TEST_STEP][PASSED] - println(testCaseContext.getTestCaseStatus()): null]]></system-out>
         <system-err><![CDATA[]]></system-err>
      </testcase>
      <system-out><![CDATA[2023-10-31 17:03:39 - [TEST_SUITE][PASSED] - Test Suite - Failed tests: Test Cases/Katalon Price Check]]></system-out>
      <system-err><![CDATA[]]></system-err>
   </testsuite>
</testsuites>
