<?xml version="1.0" encoding="UTF-8"?>
<testsuites name="Test Suite-Test1" time="45.225" tests="1" failures="0" errors="0">
   <testsuite name="Test Suite-Test1" tests="1" failures="0" errors="0" time="45.225" skipped="0" timestamp="2023-10-31 17:05:30" hostname="rchalil - USPRNRCHALIL2.us.deloitte.com" id="Test Suites/Test Suite-Test1">
      <properties>
         <property name="deviceName" value=""/>
         <property name="devicePlatform" value=""/>
         <property name="logFolder" value="C:\\Users\\rchalil\\Katalon Studio\\My First Web UI Project\\Reports\\20231031_170522\\Test Suite-Test1\\20231031_170523"/>
         <property name="logFiles" value="C:\\Users\\rchalil\\Katalon Studio\\My First Web UI Project\\Reports\\20231031_170522\\Test Suite-Test1\\20231031_170523\\execution0.log"/>
         <property name="attachments" value=""/>
         <property name="hostName" value="rchalil - USPRNRCHALIL2.us.deloitte.com"/>
         <property name="os" value="Windows 10 64bit"/>
         <property name="katalonVersion" value="9.0.0.212"/>
         <property name="browser" value="Chrome 118.0.0.0"/>
         <property name="hostAddress" value="10.0.0.182"/>
         <property name="sessionId" value="bea55eba2c51b8b7f0732b34826de25d"/>
         <property name="seleniumVersion" value="3.141.59"/>
         <property name="proxyInformation" value="ProxyInformation { proxyOption=NO_PROXY, proxyServerType=HTTP, username=, password=********, proxyServerAddress=, proxyServerPort=0, executionList=&quot;&quot;, isApplyToDesiredCapabilities=true }"/>
         <property name="platform" value="Windows 10"/>
      </properties>
      <testcase name="Test Cases/Search Google" time="44.85" classname="Test Cases/Search Google" status="PASSED">
         <system-out><![CDATA[2023-10-31 17:05:30 - [TEST_CASE][PASSED] - Test Cases/Search Google: Test Cases/Search Google

2023-10-31 17:05:30 - [TEST_STEP][PASSED] - Start listener action : sampleBeforeTestCase: null

2023-10-31 17:05:30 - [TEST_STEP][PASSED] - println(testCaseContext.getTestCaseId()): null

2023-10-31 17:05:30 - [TEST_STEP][PASSED] - println(testCaseContext.getTestCaseVariables()): null

2023-10-31 17:05:31 - [TEST_STEP][PASSED] - openBrowser(""): Browser is opened with url: ''

2023-10-31 17:05:31 - [MESSAGE][INFO] - Starting 'Chrome' driver

2023-10-31 17:05:31 - [MESSAGE][INFO] - Action delay is set to 0 milliseconds

2023-10-31 17:05:35 - [MESSAGE][PASSED] - Browser is opened with url: ''

2023-10-31 17:05:35 - [TEST_STEP][PASSED] - navigateToUrl("https://www.google.com/"): Navigate to 'https://www.google.com/' successfully

2023-10-31 17:05:37 - [MESSAGE][PASSED] - Navigate to 'https://www.google.com/' successfully

2023-10-31 17:05:37 - [TEST_STEP][PASSED] - maximizeWindow(): Current window maximized

2023-10-31 17:05:37 - [MESSAGE][PASSED] - Current window maximized

2023-10-31 17:05:38 - [TEST_STEP][PASSED] - setText(findTestObject("Object Repository/Page_Google/textarea_q"), "katalon"): Text 'katalon' is set on object 'Object Repository/Page_Google/textarea_q'

2023-10-31 17:05:39 - [MESSAGE][PASSED] - Text 'katalon' is set on object 'Object Repository/Page_Google/textarea_q'

2023-10-31 17:05:39 - [TEST_STEP][PASSED] - click(findTestObject("Object Repository/Page_Google/span_katalon")): Object: 'Object Repository/Page_Google/span_katalon' is clicked on

2023-10-31 17:05:39 - [MESSAGE][PASSED] - Object: 'Object Repository/Page_Google/span_katalon' is clicked on

2023-10-31 17:05:39 - [TEST_STEP][PASSED] - rightClick(findTestObject("Object Repository/Page_katalon - Google Search/span_Katalon Platform - Best Codeless Testing Tool")): Object: 'Object Repository/Page_katalon - Google Search/span_Katalon Platform - Best Codeless Testing Tool' is right clicked on

2023-10-31 17:05:43 - [MESSAGE][PASSED] - Object: 'Object Repository/Page_katalon - Google Search/span_Katalon Platform - Best Codeless Testing Tool' is right clicked on

2023-10-31 17:05:43 - [TEST_STEP][PASSED] - click(findTestObject("Object Repository/Page_katalon - Google Search/span_Katalon Platform - Best Codeless Testing Tool")): Object: 'Object Repository/Page_katalon - Google Search/span_Katalon Platform - Best Codeless Testing Tool' is clicked on

2023-10-31 17:05:48 - [MESSAGE][PASSED] - Object: 'Object Repository/Page_katalon - Google Search/span_Katalon Platform - Best Codeless Testing Tool' is clicked on

2023-10-31 17:05:48 - [TEST_STEP][PASSED] - click(findTestObject("Object Repository/Page_Katalon AI-augmented Software Quality _596167/div_Why Katalon")): Object: 'Object Repository/Page_Katalon AI-augmented Software Quality _596167/div_Why Katalon' is clicked on

2023-10-31 17:05:50 - [MESSAGE][PASSED] - Object: 'Object Repository/Page_Katalon AI-augmented Software Quality _596167/div_Why Katalon' is clicked on

2023-10-31 17:05:50 - [TEST_STEP][PASSED] - click(findTestObject("Object Repository/Page_Katalon AI-augmented Software Quality _596167/div_Platform")): Object: 'Object Repository/Page_Katalon AI-augmented Software Quality _596167/div_Platform' is clicked on

2023-10-31 17:05:51 - [MESSAGE][PASSED] - Object: 'Object Repository/Page_Katalon AI-augmented Software Quality _596167/div_Platform' is clicked on

2023-10-31 17:05:51 - [TEST_STEP][PASSED] - click(findTestObject("Object Repository/Page_Katalon AI-augmented Software Quality _596167/div_Why Katalon")): Object: 'Object Repository/Page_Katalon AI-augmented Software Quality _596167/div_Why Katalon' is clicked on

2023-10-31 17:05:51 - [MESSAGE][PASSED] - Object: 'Object Repository/Page_Katalon AI-augmented Software Quality _596167/div_Why Katalon' is clicked on

2023-10-31 17:05:51 - [TEST_STEP][PASSED] - click(findTestObject("Object Repository/Page_Business Outcomes  Software Testing  Q_7c4bce/div_Get started")): Object: 'Object Repository/Page_Business Outcomes  Software Testing  Q_7c4bce/div_Get started' is clicked on

2023-10-31 17:06:15 - [MESSAGE][PASSED] - Object: 'Object Repository/Page_Business Outcomes  Software Testing  Q_7c4bce/div_Get started' is clicked on

2023-10-31 17:06:15 - [TEST_STEP][PASSED] - closeBrowser(): Browser is closed

2023-10-31 17:06:15 - [MESSAGE][PASSED] - Browser is closed

2023-10-31 17:06:15 - [TEST_STEP][PASSED] - Start listener action : sampleAfterTestCase: null

2023-10-31 17:06:15 - [TEST_STEP][PASSED] - println(testCaseContext.getTestCaseId()): null

2023-10-31 17:06:15 - [TEST_STEP][PASSED] - println(testCaseContext.getTestCaseStatus()): null]]></system-out>
         <system-err><![CDATA[]]></system-err>
      </testcase>
      <system-out><![CDATA[2023-10-31 17:05:30 - [TEST_SUITE][PASSED] - Test Suite-Test1: Test Cases/Search Google]]></system-out>
      <system-err><![CDATA[]]></system-err>
   </testsuite>
</testsuites>
