<?xml version="1.0" encoding="UTF-8"?>
<testsuites name="Reshna - Katalon Suite3" time="76.144" tests="4" failures="0" errors="0">
   <testsuite name="Reshna - Katalon Suite3" tests="4" failures="0" errors="0" time="76.144" skipped="0" timestamp="2023-11-01 11:45:59" hostname="rchalil - USPRNRCHALIL2.us.deloitte.com" id="Test Suites/Reshna - Katalon Suite3">
      <properties>
         <property name="deviceName" value=""/>
         <property name="devicePlatform" value=""/>
         <property name="logFolder" value="C:\\Users\\rchalil\\Katalon Studio\\My First Web UI Project\\Reports\\20231101_114432\\Reshna - Katalon Suite3\\20231101_114435"/>
         <property name="logFiles" value="C:\\Users\\rchalil\\Katalon Studio\\My First Web UI Project\\Reports\\20231101_114432\\Reshna - Katalon Suite3\\20231101_114435\\execution0.log"/>
         <property name="attachments" value=""/>
         <property name="hostName" value="rchalil - USPRNRCHALIL2.us.deloitte.com"/>
         <property name="os" value="Windows 10 64bit"/>
         <property name="katalonVersion" value="9.0.0.212"/>
         <property name="browser" value="Chrome 118.0.0.0"/>
         <property name="hostAddress" value="10.0.0.182"/>
         <property name="sessionId" value="47184e4c3ed51007b0bbdcdbed7f90a9"/>
         <property name="seleniumVersion" value="3.141.59"/>
         <property name="proxyInformation" value="ProxyInformation { proxyOption=NO_PROXY, proxyServerType=HTTP, username=, password=********, proxyServerAddress=, proxyServerPort=0, executionList=&quot;&quot;, isApplyToDesiredCapabilities=true }"/>
         <property name="platform" value="Windows 10"/>
      </properties>
      <testcase name="Test Cases/Katalon - Learn More verification" time="25.502" classname="Test Cases/Katalon - Learn More verification" status="PASSED">
         <system-out><![CDATA[2023-11-01 11:46:00 - [TEST_CASE][PASSED] - Test Cases/Katalon - Learn More verification: Test Cases/Katalon - Learn More verification

2023-11-01 11:46:00 - [TEST_STEP][PASSED] - Start listener action : sampleBeforeTestCase: null

2023-11-01 11:46:00 - [TEST_STEP][PASSED] - println(testCaseContext.getTestCaseId()): null

2023-11-01 11:46:00 - [TEST_STEP][PASSED] - println(testCaseContext.getTestCaseVariables()): null

2023-11-01 11:46:00 - [TEST_STEP][PASSED] - openBrowser(""): Browser is opened with url: ''

2023-11-01 11:46:01 - [MESSAGE][INFO] - Starting 'Chrome' driver

2023-11-01 11:46:01 - [MESSAGE][INFO] - Action delay is set to 0 milliseconds

2023-11-01 11:46:07 - [MESSAGE][PASSED] - Browser is opened with url: ''

2023-11-01 11:46:07 - [TEST_STEP][PASSED] - navigateToUrl("https://katalon.com/"): Navigate to 'https://katalon.com/' successfully

2023-11-01 11:46:12 - [MESSAGE][PASSED] - Navigate to 'https://katalon.com/' successfully

2023-11-01 11:46:12 - [TEST_STEP][PASSED] - maximizeWindow(): Current window maximized

2023-11-01 11:46:12 - [MESSAGE][PASSED] - Current window maximized

2023-11-01 11:46:12 - [TEST_STEP][PASSED] - click(findTestObject("Object Repository/Katalon/Page_Katalon AI-augmented Software Quality _596167/button_Accept All Cookies")): Object: 'Object Repository/Katalon/Page_Katalon AI-augmented Software Quality _596167/button_Accept All Cookies' is clicked on

2023-11-01 11:46:15 - [MESSAGE][PASSED] - Object: 'Object Repository/Katalon/Page_Katalon AI-augmented Software Quality _596167/button_Accept All Cookies' is clicked on

2023-11-01 11:46:15 - [TEST_STEP][PASSED] - verifyElementVisible(findTestObject("Object Repository/Katalon/Page_Katalon AI-augmented Software Quality _596167/a_Learn more")): Object 'Object Repository/Katalon/Page_Katalon AI-augmented Software Quality _596167/a_Learn more' is visible

2023-11-01 11:46:15 - [MESSAGE][PASSED] - Object 'Object Repository/Katalon/Page_Katalon AI-augmented Software Quality _596167/a_Learn more' is visible

2023-11-01 11:46:15 - [TEST_STEP][PASSED] - click(findTestObject("Object Repository/Katalon/Page_Katalon AI-augmented Software Quality _596167/a_Learn more")): Object: 'Object Repository/Katalon/Page_Katalon AI-augmented Software Quality _596167/a_Learn more' is clicked on

2023-11-01 11:46:19 - [MESSAGE][PASSED] - Object: 'Object Repository/Katalon/Page_Katalon AI-augmented Software Quality _596167/a_Learn more' is clicked on

2023-11-01 11:46:19 - [TEST_STEP][PASSED] - verifyElementPresent(findTestObject("Object Repository/Katalon/Page_Katalon Studio 9.0.0 Performance Boost_5d349a/div_TABLE OF CONTENTS"), 0): Object 'Object Repository/Katalon/Page_Katalon Studio 9.0.0 Performance Boost_5d349a/div_TABLE OF CONTENTS' is present

2023-11-01 11:46:19 - [MESSAGE][WARNING] - Timeout '0' is invalid. Using default page load timeout: '30'

2023-11-01 11:46:20 - [MESSAGE][PASSED] - Object 'Object Repository/Katalon/Page_Katalon Studio 9.0.0 Performance Boost_5d349a/div_TABLE OF CONTENTS' is present

2023-11-01 11:46:20 - [TEST_STEP][PASSED] - click(findTestObject("Object Repository/Katalon/Page_Katalon Studio 9.0.0 Performance Boost_5d349a/a_Key performance improvements in Katalon S_185eed")): Object: 'Object Repository/Katalon/Page_Katalon Studio 9.0.0 Performance Boost_5d349a/a_Key performance improvements in Katalon S_185eed' is clicked on

2023-11-01 11:46:21 - [MESSAGE][PASSED] - Object: 'Object Repository/Katalon/Page_Katalon Studio 9.0.0 Performance Boost_5d349a/a_Key performance improvements in Katalon S_185eed' is clicked on

2023-11-01 11:46:21 - [TEST_STEP][PASSED] - rightClick(findTestObject("Object Repository/Katalon/Page_Katalon Studio 9.0.0 Performance Boost_5d349a/strong_Key performance improvements in Kata_e75e1d")): Object: 'Object Repository/Katalon/Page_Katalon Studio 9.0.0 Performance Boost_5d349a/strong_Key performance improvements in Kata_e75e1d' is right clicked on

2023-11-01 11:46:23 - [MESSAGE][PASSED] - Object: 'Object Repository/Katalon/Page_Katalon Studio 9.0.0 Performance Boost_5d349a/strong_Key performance improvements in Kata_e75e1d' is right clicked on

2023-11-01 11:46:23 - [TEST_STEP][PASSED] - click(findTestObject("Object Repository/Katalon/Page_Katalon Studio 9.0.0 Performance Boost_5d349a/strong_Key performance improvements in Kata_e75e1d")): Object: 'Object Repository/Katalon/Page_Katalon Studio 9.0.0 Performance Boost_5d349a/strong_Key performance improvements in Kata_e75e1d' is clicked on

2023-11-01 11:46:23 - [MESSAGE][PASSED] - Object: 'Object Repository/Katalon/Page_Katalon Studio 9.0.0 Performance Boost_5d349a/strong_Key performance improvements in Kata_e75e1d' is clicked on

2023-11-01 11:46:23 - [TEST_STEP][PASSED] - verifyElementVisible(findTestObject("Object Repository/Katalon/Page_Katalon Studio 9.0.0 Performance Boost_5d349a/strong_Key performance improvements in Kata_e75e1d")): Object 'Object Repository/Katalon/Page_Katalon Studio 9.0.0 Performance Boost_5d349a/strong_Key performance improvements in Kata_e75e1d' is visible

2023-11-01 11:46:23 - [MESSAGE][PASSED] - Object 'Object Repository/Katalon/Page_Katalon Studio 9.0.0 Performance Boost_5d349a/strong_Key performance improvements in Kata_e75e1d' is visible

2023-11-01 11:46:23 - [TEST_STEP][PASSED] - closeBrowser(): Browser is closed

2023-11-01 11:46:25 - [MESSAGE][PASSED] - Browser is closed

2023-11-01 11:46:25 - [TEST_STEP][PASSED] - Start listener action : sampleAfterTestCase: null

2023-11-01 11:46:25 - [TEST_STEP][PASSED] - println(testCaseContext.getTestCaseId()): null

2023-11-01 11:46:25 - [TEST_STEP][PASSED] - println(testCaseContext.getTestCaseStatus()): null]]></system-out>
         <system-err><![CDATA[]]></system-err>
      </testcase>
      <testcase name="Test Cases/Katalon Price Check" time="17.91" classname="Test Cases/Katalon Price Check" status="PASSED">
         <system-out><![CDATA[2023-11-01 11:46:25 - [TEST_CASE][PASSED] - Test Cases/Katalon Price Check: Test Cases/Katalon Price Check

2023-11-01 11:46:25 - [TEST_STEP][PASSED] - Start listener action : sampleBeforeTestCase: null

2023-11-01 11:46:25 - [TEST_STEP][PASSED] - println(testCaseContext.getTestCaseId()): null

2023-11-01 11:46:25 - [TEST_STEP][PASSED] - println(testCaseContext.getTestCaseVariables()): null

2023-11-01 11:46:25 - [TEST_STEP][PASSED] - openBrowser(""): Browser is opened with url: ''

2023-11-01 11:46:25 - [MESSAGE][INFO] - Starting 'Chrome' driver

2023-11-01 11:46:25 - [MESSAGE][INFO] - Action delay is set to 0 milliseconds

2023-11-01 11:46:28 - [MESSAGE][PASSED] - Browser is opened with url: ''

2023-11-01 11:46:28 - [TEST_STEP][PASSED] - navigateToUrl("https://katalon.com/"): Navigate to 'https://katalon.com/' successfully

2023-11-01 11:46:32 - [MESSAGE][PASSED] - Navigate to 'https://katalon.com/' successfully

2023-11-01 11:46:32 - [TEST_STEP][PASSED] - maximizeWindow(): Current window maximized

2023-11-01 11:46:32 - [MESSAGE][PASSED] - Current window maximized

2023-11-01 11:46:32 - [TEST_STEP][PASSED] - click(findTestObject("Object Repository/Katalon/Page_Katalon AI-augmented Software Quality _596167/button_Accept All Cookies")): Object: 'Object Repository/Katalon/Page_Katalon AI-augmented Software Quality _596167/button_Accept All Cookies' is clicked on

2023-11-01 11:46:34 - [MESSAGE][PASSED] - Object: 'Object Repository/Katalon/Page_Katalon AI-augmented Software Quality _596167/button_Accept All Cookies' is clicked on

2023-11-01 11:46:34 - [TEST_STEP][PASSED] - click(findTestObject("Object Repository/Katalon/Page_Katalon AI-augmented Software Quality _596167/div_Pricing")): Object: 'Object Repository/Katalon/Page_Katalon AI-augmented Software Quality _596167/div_Pricing' is clicked on

2023-11-01 11:46:37 - [MESSAGE][PASSED] - Object: 'Object Repository/Katalon/Page_Katalon AI-augmented Software Quality _596167/div_Pricing' is clicked on

2023-11-01 11:46:37 - [TEST_STEP][PASSED] - setText(findTestObject("Object Repository/Katalon/Page_Software Quality Management Platform  _0ea48f/inputinput_platform_kse_number"), "5"): Text '5' is set on object 'Object Repository/Katalon/Page_Software Quality Management Platform  _0ea48f/inputinput_platform_kse_number'

2023-11-01 11:46:39 - [MESSAGE][PASSED] - Text '5' is set on object 'Object Repository/Katalon/Page_Software Quality Management Platform  _0ea48f/inputinput_platform_kse_number'

2023-11-01 11:46:39 - [TEST_STEP][PASSED] - setText(findTestObject("Object Repository/Katalon/Page_Software Quality Management Platform  _0ea48f/inputinput_platform_testcloud_number"), "5"): Text '5' is set on object 'Object Repository/Katalon/Page_Software Quality Management Platform  _0ea48f/inputinput_platform_testcloud_number'

2023-11-01 11:46:41 - [MESSAGE][PASSED] - Text '5' is set on object 'Object Repository/Katalon/Page_Software Quality Management Platform  _0ea48f/inputinput_platform_testcloud_number'

2023-11-01 11:46:41 - [TEST_STEP][PASSED] - setText(findTestObject("Object Repository/Katalon/Page_Software Quality Management Platform  _0ea48f/inputinput_platform_kre_number"), "5"): Text '5' is set on object 'Object Repository/Katalon/Page_Software Quality Management Platform  _0ea48f/inputinput_platform_kre_number'

2023-11-01 11:46:42 - [MESSAGE][PASSED] - Text '5' is set on object 'Object Repository/Katalon/Page_Software Quality Management Platform  _0ea48f/inputinput_platform_kre_number'

2023-11-01 11:46:42 - [TEST_STEP][PASSED] - scrollToPosition(0, 3): Browser is scrolled to position x = 0, y = 3

2023-11-01 11:46:42 - [MESSAGE][PASSED] - Browser is scrolled to position x = 0, y = 3

2023-11-01 11:46:42 - [TEST_STEP][PASSED] - closeBrowser(): Browser is closed

2023-11-01 11:46:43 - [MESSAGE][PASSED] - Browser is closed

2023-11-01 11:46:43 - [TEST_STEP][PASSED] - Start listener action : sampleAfterTestCase: null

2023-11-01 11:46:43 - [TEST_STEP][PASSED] - println(testCaseContext.getTestCaseId()): null

2023-11-01 11:46:43 - [TEST_STEP][PASSED] - println(testCaseContext.getTestCaseStatus()): null]]></system-out>
         <system-err><![CDATA[]]></system-err>
      </testcase>
      <testcase name="Test Cases/Katalon - Verify Incorrect email verification" time="18.399" classname="Test Cases/Katalon - Verify Incorrect email verification" status="PASSED">
         <system-out><![CDATA[2023-11-01 11:46:43 - [TEST_CASE][PASSED] - Test Cases/Katalon - Verify Incorrect email verification: Test Cases/Katalon - Verify Incorrect email verification

2023-11-01 11:46:43 - [TEST_STEP][PASSED] - Start listener action : sampleBeforeTestCase: null

2023-11-01 11:46:43 - [TEST_STEP][PASSED] - println(testCaseContext.getTestCaseId()): null

2023-11-01 11:46:43 - [TEST_STEP][PASSED] - println(testCaseContext.getTestCaseVariables()): null

2023-11-01 11:46:43 - [TEST_STEP][PASSED] - openBrowser(""): Browser is opened with url: ''

2023-11-01 11:46:43 - [MESSAGE][INFO] - Starting 'Chrome' driver

2023-11-01 11:46:43 - [MESSAGE][INFO] - Action delay is set to 0 milliseconds

2023-11-01 11:46:46 - [MESSAGE][PASSED] - Browser is opened with url: ''

2023-11-01 11:46:46 - [TEST_STEP][PASSED] - navigateToUrl("https://katalon.com/"): Navigate to 'https://katalon.com/' successfully

2023-11-01 11:46:47 - [MESSAGE][PASSED] - Navigate to 'https://katalon.com/' successfully

2023-11-01 11:46:47 - [TEST_STEP][PASSED] - click(findTestObject("Object Repository/Katalon/Page_Katalon AI-augmented Software Quality _596167/a_Start free trial")): Object: 'Object Repository/Katalon/Page_Katalon AI-augmented Software Quality _596167/a_Start free trial' is clicked on

2023-11-01 11:46:54 - [MESSAGE][PASSED] - Object: 'Object Repository/Katalon/Page_Katalon AI-augmented Software Quality _596167/a_Start free trial' is clicked on

2023-11-01 11:46:54 - [TEST_STEP][PASSED] - click(findTestObject("Object Repository/Katalon/Page_Sign up  Katalon Software Quality Mana_03d398/div_Sign in")): Object: 'Object Repository/Katalon/Page_Sign up  Katalon Software Quality Mana_03d398/div_Sign in' is clicked on

2023-11-01 11:46:57 - [MESSAGE][PASSED] - Object: 'Object Repository/Katalon/Page_Sign up  Katalon Software Quality Mana_03d398/div_Sign in' is clicked on

2023-11-01 11:46:57 - [TEST_STEP][PASSED] - click(findTestObject("Object Repository/Katalon/Page_Sign in  Katalon Software Quality Mana_cfddb7/div_Sign up")): Object: 'Object Repository/Katalon/Page_Sign in  Katalon Software Quality Mana_cfddb7/div_Sign up' is clicked on

2023-11-01 11:47:00 - [MESSAGE][PASSED] - Object: 'Object Repository/Katalon/Page_Sign in  Katalon Software Quality Mana_cfddb7/div_Sign up' is clicked on

2023-11-01 11:47:00 - [TEST_STEP][PASSED] - verifyElementPresent(findTestObject("Object Repository/Katalon/Page_Sign up  Katalon Software Quality Mana_03d398/input_btn_text"), 0): Object 'Object Repository/Katalon/Page_Sign up  Katalon Software Quality Mana_03d398/input_btn_text' is present

2023-11-01 11:47:00 - [MESSAGE][WARNING] - Timeout '0' is invalid. Using default page load timeout: '30'

2023-11-01 11:47:01 - [MESSAGE][PASSED] - Object 'Object Repository/Katalon/Page_Sign up  Katalon Software Quality Mana_03d398/input_btn_text' is present

2023-11-01 11:47:01 - [TEST_STEP][PASSED] - closeBrowser(): Browser is closed

2023-11-01 11:47:01 - [MESSAGE][PASSED] - Browser is closed

2023-11-01 11:47:01 - [TEST_STEP][PASSED] - Start listener action : sampleAfterTestCase: null

2023-11-01 11:47:01 - [TEST_STEP][PASSED] - println(testCaseContext.getTestCaseId()): null

2023-11-01 11:47:01 - [TEST_STEP][PASSED] - println(testCaseContext.getTestCaseStatus()): null]]></system-out>
         <system-err><![CDATA[]]></system-err>
      </testcase>
      <testcase name="Test Cases/Katalon - Verify the error message on the SignUp Page" time="14.005" classname="Test Cases/Katalon - Verify the error message on the SignUp Page" status="PASSED">
         <system-out><![CDATA[2023-11-01 11:47:01 - [TEST_CASE][PASSED] - Test Cases/Katalon - Verify the error message on the SignUp Page: Test Cases/Katalon - Verify the error message on the SignUp Page

2023-11-01 11:47:01 - [TEST_STEP][PASSED] - Start listener action : sampleBeforeTestCase: null

2023-11-01 11:47:01 - [TEST_STEP][PASSED] - println(testCaseContext.getTestCaseId()): null

2023-11-01 11:47:01 - [TEST_STEP][PASSED] - println(testCaseContext.getTestCaseVariables()): null

2023-11-01 11:47:02 - [TEST_STEP][PASSED] - openBrowser(""): Browser is opened with url: ''

2023-11-01 11:47:02 - [MESSAGE][INFO] - Starting 'Chrome' driver

2023-11-01 11:47:02 - [MESSAGE][INFO] - Action delay is set to 0 milliseconds

2023-11-01 11:47:05 - [MESSAGE][PASSED] - Browser is opened with url: ''

2023-11-01 11:47:05 - [TEST_STEP][PASSED] - navigateToUrl("https://katalon.com/"): Navigate to 'https://katalon.com/' successfully

2023-11-01 11:47:09 - [MESSAGE][PASSED] - Navigate to 'https://katalon.com/' successfully

2023-11-01 11:47:09 - [TEST_STEP][PASSED] - maximizeWindow(): Current window maximized

2023-11-01 11:47:09 - [MESSAGE][PASSED] - Current window maximized

2023-11-01 11:47:09 - [TEST_STEP][PASSED] - click(findTestObject("Object Repository/Katalon/Page_Katalon AI-augmented Software Quality _596167/button_Accept All Cookies")): Object: 'Object Repository/Katalon/Page_Katalon AI-augmented Software Quality _596167/button_Accept All Cookies' is clicked on

2023-11-01 11:47:10 - [MESSAGE][PASSED] - Object: 'Object Repository/Katalon/Page_Katalon AI-augmented Software Quality _596167/button_Accept All Cookies' is clicked on

2023-11-01 11:47:10 - [TEST_STEP][PASSED] - click(findTestObject("Object Repository/Katalon/Page_Katalon AI-augmented Software Quality _596167/a_Start free trial")): Object: 'Object Repository/Katalon/Page_Katalon AI-augmented Software Quality _596167/a_Start free trial' is clicked on

2023-11-01 11:47:13 - [MESSAGE][PASSED] - Object: 'Object Repository/Katalon/Page_Katalon AI-augmented Software Quality _596167/a_Start free trial' is clicked on

2023-11-01 11:47:13 - [TEST_STEP][PASSED] - click(findTestObject("Object Repository/Katalon/Page_Sign up  Katalon Software Quality Mana_03d398/divbtn-sign-up")): Object: 'Object Repository/Katalon/Page_Sign up  Katalon Software Quality Mana_03d398/divbtn-sign-up' is clicked on

2023-11-01 11:47:15 - [MESSAGE][PASSED] - Object: 'Object Repository/Katalon/Page_Sign up  Katalon Software Quality Mana_03d398/divbtn-sign-up' is clicked on

2023-11-01 11:47:15 - [TEST_STEP][PASSED] - verifyElementText(findTestObject("Object Repository/Katalon/Page_Sign up  Katalon Software Quality Mana_03d398/span_Please fill all form fields"), "Please fill all form fields"): Actual text and expected text of test object 'Object Repository/Katalon/Page_Sign up  Katalon Software Quality Mana_03d398/span_Please fill all form fields' are matched.

2023-11-01 11:47:15 - [MESSAGE][PASSED] - Actual text and expected text of test object 'Object Repository/Katalon/Page_Sign up  Katalon Software Quality Mana_03d398/span_Please fill all form fields' are matched.

2023-11-01 11:47:15 - [TEST_STEP][PASSED] - closeBrowser(): Browser is closed

2023-11-01 11:47:15 - [MESSAGE][PASSED] - Browser is closed

2023-11-01 11:47:15 - [TEST_STEP][PASSED] - Start listener action : sampleAfterTestCase: null

2023-11-01 11:47:15 - [TEST_STEP][PASSED] - println(testCaseContext.getTestCaseId()): null

2023-11-01 11:47:15 - [TEST_STEP][PASSED] - println(testCaseContext.getTestCaseStatus()): null]]></system-out>
         <system-err><![CDATA[]]></system-err>
      </testcase>
      <system-out><![CDATA[2023-11-01 11:45:59 - [TEST_SUITE][PASSED] - Reshna - Katalon Suite3: Test Cases/Katalon - Verify the error message on the SignUp Page]]></system-out>
      <system-err><![CDATA[]]></system-err>
   </testsuite>
</testsuites>
