<?xml version="1.0" encoding="UTF-8"?>
<testsuites name="Reshna - PMI Suite1" time="50.245" tests="3" failures="0" errors="0">
   <testsuite name="Reshna - PMI Suite1" tests="3" failures="0" errors="0" time="50.245" skipped="0" timestamp="2023-11-01 10:00:04" hostname="rchalil - USPRNRCHALIL2.us.deloitte.com" id="Test Suites/Reshna - PMI Suite1">
      <properties>
         <property name="deviceName" value=""/>
         <property name="devicePlatform" value=""/>
         <property name="logFolder" value="C:\\Users\\rchalil\\Katalon Studio\\My First Web UI Project\\Reports\\20231101_095956\\Reshna - PMI Suite1\\20231101_095957"/>
         <property name="logFiles" value="C:\\Users\\rchalil\\Katalon Studio\\My First Web UI Project\\Reports\\20231101_095956\\Reshna - PMI Suite1\\20231101_095957\\execution0.log"/>
         <property name="attachments" value=""/>
         <property name="hostName" value="rchalil - USPRNRCHALIL2.us.deloitte.com"/>
         <property name="os" value="Windows 10 64bit"/>
         <property name="katalonVersion" value="9.0.0.212"/>
         <property name="browser" value="Chrome 118.0.0.0"/>
         <property name="hostAddress" value="10.0.0.182"/>
         <property name="sessionId" value="8e1dadf0b065bc8a4b2717848fe2927d"/>
         <property name="seleniumVersion" value="3.141.59"/>
         <property name="proxyInformation" value="ProxyInformation { proxyOption=NO_PROXY, proxyServerType=HTTP, username=, password=********, proxyServerAddress=, proxyServerPort=0, executionList=&quot;&quot;, isApplyToDesiredCapabilities=true }"/>
         <property name="platform" value="Windows 10"/>
      </properties>
      <testcase name="Test Cases/PMI - Verify the 3 languages present in PMI" time="16.226" classname="Test Cases/PMI - Verify the 3 languages present in PMI" status="PASSED">
         <system-out><![CDATA[2023-11-01 10:00:05 - [TEST_CASE][PASSED] - Test Cases/PMI - Verify the 3 languages present in PMI: Test Cases/PMI - Verify the 3 languages present in PMI

2023-11-01 10:00:05 - [TEST_STEP][PASSED] - Start listener action : sampleBeforeTestCase: null

2023-11-01 10:00:05 - [TEST_STEP][PASSED] - println(testCaseContext.getTestCaseId()): null

2023-11-01 10:00:05 - [TEST_STEP][PASSED] - println(testCaseContext.getTestCaseVariables()): null

2023-11-01 10:00:05 - [TEST_STEP][PASSED] - openBrowser(""): Browser is opened with url: ''

2023-11-01 10:00:05 - [MESSAGE][INFO] - Starting 'Chrome' driver

2023-11-01 10:00:05 - [MESSAGE][INFO] - Action delay is set to 0 milliseconds

2023-11-01 10:00:09 - [MESSAGE][PASSED] - Browser is opened with url: ''

2023-11-01 10:00:09 - [TEST_STEP][PASSED] - navigateToUrl("https://www.pmi.org/certifications"): Navigate to 'https://www.pmi.org/certifications' successfully

2023-11-01 10:00:16 - [MESSAGE][PASSED] - Navigate to 'https://www.pmi.org/certifications' successfully

2023-11-01 10:00:16 - [TEST_STEP][PASSED] - maximizeWindow(): Current window maximized

2023-11-01 10:00:16 - [MESSAGE][PASSED] - Current window maximized

2023-11-01 10:00:16 - [TEST_STEP][PASSED] - click(findTestObject("Object Repository/PMI/Page_Certifications  PMI/span_OK")): Object: 'Object Repository/PMI/Page_Certifications  PMI/span_OK' is clicked on

2023-11-01 10:00:19 - [MESSAGE][PASSED] - Object: 'Object Repository/PMI/Page_Certifications  PMI/span_OK' is clicked on

2023-11-01 10:00:19 - [TEST_STEP][PASSED] - verifyElementText(findTestObject("Object Repository/PMI/Page_Certifications  PMI/a_View in English"), "View in English"): Actual text and expected text of test object 'Object Repository/PMI/Page_Certifications  PMI/a_View in English' are matched.

2023-11-01 10:00:20 - [MESSAGE][PASSED] - Actual text and expected text of test object 'Object Repository/PMI/Page_Certifications  PMI/a_View in English' are matched.

2023-11-01 10:00:20 - [TEST_STEP][PASSED] - verifyElementText(findTestObject("Object Repository/PMI/Page_Certifications  PMI/a_Ver en Espaol"), "Ver en Español"): Actual text and expected text of test object 'Object Repository/PMI/Page_Certifications  PMI/a_Ver en Espaol' are matched.

2023-11-01 10:00:20 - [MESSAGE][PASSED] - Actual text and expected text of test object 'Object Repository/PMI/Page_Certifications  PMI/a_Ver en Espaol' are matched.

2023-11-01 10:00:20 - [TEST_STEP][PASSED] - verifyElementText(findTestObject("Object Repository/PMI/Page_Certifications  PMI/a_Veja em Portugus"), "Veja em Português"): Actual text and expected text of test object 'Object Repository/PMI/Page_Certifications  PMI/a_Veja em Portugus' are matched.

2023-11-01 10:00:20 - [MESSAGE][PASSED] - Actual text and expected text of test object 'Object Repository/PMI/Page_Certifications  PMI/a_Veja em Portugus' are matched.

2023-11-01 10:00:20 - [TEST_STEP][PASSED] - closeBrowser(): Browser is closed

2023-11-01 10:00:21 - [MESSAGE][PASSED] - Browser is closed

2023-11-01 10:00:21 - [TEST_STEP][PASSED] - Start listener action : sampleAfterTestCase: null

2023-11-01 10:00:21 - [TEST_STEP][PASSED] - println(testCaseContext.getTestCaseId()): null

2023-11-01 10:00:21 - [TEST_STEP][PASSED] - println(testCaseContext.getTestCaseStatus()): null]]></system-out>
         <system-err><![CDATA[]]></system-err>
      </testcase>
      <testcase name="Test Cases/PMI - Verify the spanish language in PMI" time="16.868" classname="Test Cases/PMI - Verify the spanish language in PMI" status="PASSED">
         <system-out><![CDATA[2023-11-01 10:00:21 - [TEST_CASE][PASSED] - Test Cases/PMI - Verify the spanish language in PMI: Test Cases/PMI - Verify the spanish language in PMI

2023-11-01 10:00:21 - [TEST_STEP][PASSED] - Start listener action : sampleBeforeTestCase: null

2023-11-01 10:00:21 - [TEST_STEP][PASSED] - println(testCaseContext.getTestCaseId()): null

2023-11-01 10:00:21 - [TEST_STEP][PASSED] - println(testCaseContext.getTestCaseVariables()): null

2023-11-01 10:00:21 - [TEST_STEP][PASSED] - openBrowser(""): Browser is opened with url: ''

2023-11-01 10:00:21 - [MESSAGE][INFO] - Starting 'Chrome' driver

2023-11-01 10:00:21 - [MESSAGE][INFO] - Action delay is set to 0 milliseconds

2023-11-01 10:00:24 - [MESSAGE][PASSED] - Browser is opened with url: ''

2023-11-01 10:00:24 - [TEST_STEP][PASSED] - navigateToUrl("https://www.pmi.org/certifications"): Navigate to 'https://www.pmi.org/certifications' successfully

2023-11-01 10:00:30 - [MESSAGE][PASSED] - Navigate to 'https://www.pmi.org/certifications' successfully

2023-11-01 10:00:30 - [TEST_STEP][PASSED] - maximizeWindow(): Current window maximized

2023-11-01 10:00:31 - [MESSAGE][PASSED] - Current window maximized

2023-11-01 10:00:31 - [TEST_STEP][PASSED] - click(findTestObject("Object Repository/PMI/Page_Certifications  PMI/span_OK")): Object: 'Object Repository/PMI/Page_Certifications  PMI/span_OK' is clicked on

2023-11-01 10:00:33 - [MESSAGE][PASSED] - Object: 'Object Repository/PMI/Page_Certifications  PMI/span_OK' is clicked on

2023-11-01 10:00:33 - [TEST_STEP][PASSED] - click(findTestObject("Object Repository/PMI/Page_Certifications  PMI/a_Ver en Espaol")): Object: 'Object Repository/PMI/Page_Certifications  PMI/a_Ver en Espaol' is clicked on

2023-11-01 10:00:37 - [MESSAGE][PASSED] - Object: 'Object Repository/PMI/Page_Certifications  PMI/a_Ver en Espaol' is clicked on

2023-11-01 10:00:37 - [TEST_STEP][PASSED] - verifyElementPresent(findTestObject("Object Repository/PMI/Page_Just a moment/h1_www.pmi.org"), 0): Object 'Object Repository/PMI/Page_Just a moment/h1_www.pmi.org' is present

2023-11-01 10:00:37 - [MESSAGE][WARNING] - Timeout '0' is invalid. Using default page load timeout: '30'

2023-11-01 10:00:37 - [MESSAGE][PASSED] - Object 'Object Repository/PMI/Page_Just a moment/h1_www.pmi.org' is present

2023-11-01 10:00:37 - [TEST_STEP][PASSED] - closeBrowser(): Browser is closed

2023-11-01 10:00:38 - [MESSAGE][PASSED] - Browser is closed

2023-11-01 10:00:38 - [TEST_STEP][PASSED] - Start listener action : sampleAfterTestCase: null

2023-11-01 10:00:38 - [TEST_STEP][PASSED] - println(testCaseContext.getTestCaseId()): null

2023-11-01 10:00:38 - [TEST_STEP][PASSED] - println(testCaseContext.getTestCaseStatus()): null]]></system-out>
         <system-err><![CDATA[]]></system-err>
      </testcase>
      <testcase name="Test Cases/PMI - Verify the portugese language in PMI" time="16.882" classname="Test Cases/PMI - Verify the portugese language in PMI" status="PASSED">
         <system-out><![CDATA[2023-11-01 10:00:38 - [TEST_CASE][PASSED] - Test Cases/PMI - Verify the portugese language in PMI: Test Cases/PMI - Verify the portugese language in PMI

2023-11-01 10:00:38 - [TEST_STEP][PASSED] - Start listener action : sampleBeforeTestCase: null

2023-11-01 10:00:38 - [TEST_STEP][PASSED] - println(testCaseContext.getTestCaseId()): null

2023-11-01 10:00:38 - [TEST_STEP][PASSED] - println(testCaseContext.getTestCaseVariables()): null

2023-11-01 10:00:38 - [TEST_STEP][PASSED] - openBrowser(""): Browser is opened with url: ''

2023-11-01 10:00:38 - [MESSAGE][INFO] - Starting 'Chrome' driver

2023-11-01 10:00:38 - [MESSAGE][INFO] - Action delay is set to 0 milliseconds

2023-11-01 10:00:41 - [MESSAGE][PASSED] - Browser is opened with url: ''

2023-11-01 10:00:41 - [TEST_STEP][PASSED] - navigateToUrl("https://www.pmi.org/certifications"): Navigate to 'https://www.pmi.org/certifications' successfully

2023-11-01 10:00:47 - [MESSAGE][PASSED] - Navigate to 'https://www.pmi.org/certifications' successfully

2023-11-01 10:00:47 - [TEST_STEP][PASSED] - maximizeWindow(): Current window maximized

2023-11-01 10:00:48 - [MESSAGE][PASSED] - Current window maximized

2023-11-01 10:00:48 - [TEST_STEP][PASSED] - click(findTestObject("Object Repository/PMI/Page_Certifications  PMI/a_OK")): Object: 'Object Repository/PMI/Page_Certifications  PMI/a_OK' is clicked on

2023-11-01 10:00:50 - [MESSAGE][PASSED] - Object: 'Object Repository/PMI/Page_Certifications  PMI/a_OK' is clicked on

2023-11-01 10:00:50 - [TEST_STEP][PASSED] - click(findTestObject("Object Repository/PMI/Page_Certifications  PMI/a_Veja em Portugus")): Object: 'Object Repository/PMI/Page_Certifications  PMI/a_Veja em Portugus' is clicked on

2023-11-01 10:00:54 - [MESSAGE][PASSED] - Object: 'Object Repository/PMI/Page_Certifications  PMI/a_Veja em Portugus' is clicked on

2023-11-01 10:00:54 - [TEST_STEP][PASSED] - verifyElementPresent(findTestObject("Object Repository/PMI/Page_Just a moment/h1_www.pmi.org"), 0): Object 'Object Repository/PMI/Page_Just a moment/h1_www.pmi.org' is present

2023-11-01 10:00:54 - [MESSAGE][WARNING] - Timeout '0' is invalid. Using default page load timeout: '30'

2023-11-01 10:00:54 - [MESSAGE][PASSED] - Object 'Object Repository/PMI/Page_Just a moment/h1_www.pmi.org' is present

2023-11-01 10:00:54 - [TEST_STEP][PASSED] - closeBrowser(): Browser is closed

2023-11-01 10:00:55 - [MESSAGE][PASSED] - Browser is closed

2023-11-01 10:00:55 - [TEST_STEP][PASSED] - Start listener action : sampleAfterTestCase: null

2023-11-01 10:00:55 - [TEST_STEP][PASSED] - println(testCaseContext.getTestCaseId()): null

2023-11-01 10:00:55 - [TEST_STEP][PASSED] - println(testCaseContext.getTestCaseStatus()): null]]></system-out>
         <system-err><![CDATA[]]></system-err>
      </testcase>
      <system-out><![CDATA[2023-11-01 10:00:04 - [TEST_SUITE][PASSED] - Reshna - PMI Suite1: Test Cases/PMI - Verify the portugese language in PMI]]></system-out>
      <system-err><![CDATA[]]></system-err>
   </testsuite>
</testsuites>
