<?xml version="1.0" encoding="UTF-8"?>
<testsuites name="Reshna - Deloitte Suite2" time="34.165" tests="2" failures="0" errors="0">
   <testsuite name="Reshna - Deloitte Suite2" tests="2" failures="0" errors="0" time="34.165" skipped="0" timestamp="2023-10-31 22:52:11" hostname="rchalil - USPRNRCHALIL2.us.deloitte.com" id="Test Suites/Reshna - Deloitte Suite2">
      <properties>
         <property name="deviceName" value=""/>
         <property name="devicePlatform" value=""/>
         <property name="logFolder" value="C:\\Users\\rchalil\\Katalon Studio\\My First Web UI Project\\Reports\\20231031_225205\\Reshna - Deloitte Suite2\\20231031_225205"/>
         <property name="logFiles" value="C:\\Users\\rchalil\\Katalon Studio\\My First Web UI Project\\Reports\\20231031_225205\\Reshna - Deloitte Suite2\\20231031_225205\\execution0.log"/>
         <property name="attachments" value=""/>
         <property name="hostName" value="rchalil - USPRNRCHALIL2.us.deloitte.com"/>
         <property name="os" value="Windows 10 64bit"/>
         <property name="katalonVersion" value="9.0.0.212"/>
         <property name="browser" value="Chrome 118.0.0.0"/>
         <property name="hostAddress" value="10.0.0.182"/>
         <property name="sessionId" value="6eb8de094f37ba464bb1c6a999a5fe64"/>
         <property name="seleniumVersion" value="3.141.59"/>
         <property name="proxyInformation" value="ProxyInformation { proxyOption=NO_PROXY, proxyServerType=HTTP, username=, password=********, proxyServerAddress=, proxyServerPort=0, executionList=&quot;&quot;, isApplyToDesiredCapabilities=true }"/>
         <property name="platform" value="Windows 10"/>
      </properties>
      <testcase name="Test Cases/Deloitte - Careers Test" time="18.527" classname="Test Cases/Deloitte - Careers Test" status="PASSED">
         <system-out><![CDATA[2023-10-31 22:52:11 - [TEST_CASE][PASSED] - Test Cases/Deloitte - Careers Test: Test Cases/Deloitte - Careers Test

2023-10-31 22:52:11 - [TEST_STEP][PASSED] - Start listener action : sampleBeforeTestCase: null

2023-10-31 22:52:11 - [TEST_STEP][PASSED] - println(testCaseContext.getTestCaseId()): null

2023-10-31 22:52:11 - [TEST_STEP][PASSED] - println(testCaseContext.getTestCaseVariables()): null

2023-10-31 22:52:11 - [TEST_STEP][PASSED] - openBrowser(""): Browser is opened with url: ''

2023-10-31 22:52:12 - [MESSAGE][INFO] - Starting 'Chrome' driver

2023-10-31 22:52:12 - [MESSAGE][INFO] - Action delay is set to 0 milliseconds

2023-10-31 22:52:15 - [MESSAGE][PASSED] - Browser is opened with url: ''

2023-10-31 22:52:15 - [TEST_STEP][PASSED] - navigateToUrl("https://www2.deloitte.com/us/en.html"): Navigate to 'https://www2.deloitte.com/us/en.html' successfully

2023-10-31 22:52:18 - [MESSAGE][PASSED] - Navigate to 'https://www2.deloitte.com/us/en.html' successfully

2023-10-31 22:52:18 - [TEST_STEP][PASSED] - maximizeWindow(): Current window maximized

2023-10-31 22:52:18 - [MESSAGE][PASSED] - Current window maximized

2023-10-31 22:52:18 - [TEST_STEP][PASSED] - click(findTestObject("Object Repository/Deloitte/Page_Deloitte US  Audit, Consulting, Adviso_ec7ae4/button_Accept and close")): Object: 'Object Repository/Deloitte/Page_Deloitte US  Audit, Consulting, Adviso_ec7ae4/button_Accept and close' is clicked on

2023-10-31 22:52:23 - [MESSAGE][PASSED] - Object: 'Object Repository/Deloitte/Page_Deloitte US  Audit, Consulting, Adviso_ec7ae4/button_Accept and close' is clicked on

2023-10-31 22:52:23 - [TEST_STEP][PASSED] - click(findTestObject("Object Repository/Deloitte/Page_Deloitte US  Audit, Consulting, Adviso_ec7ae4/a_Careers")): Object: 'Object Repository/Deloitte/Page_Deloitte US  Audit, Consulting, Adviso_ec7ae4/a_Careers' is clicked on

2023-10-31 22:52:24 - [MESSAGE][PASSED] - Object: 'Object Repository/Deloitte/Page_Deloitte US  Audit, Consulting, Adviso_ec7ae4/a_Careers' is clicked on

2023-10-31 22:52:24 - [TEST_STEP][PASSED] - click(findTestObject("Object Repository/Deloitte/Page_Deloitte US  Audit, Consulting, Adviso_ec7ae4/a_Life at Deloitte")): Object: 'Object Repository/Deloitte/Page_Deloitte US  Audit, Consulting, Adviso_ec7ae4/a_Life at Deloitte' is clicked on

2023-10-31 22:52:26 - [MESSAGE][PASSED] - Object: 'Object Repository/Deloitte/Page_Deloitte US  Audit, Consulting, Adviso_ec7ae4/a_Life at Deloitte' is clicked on

2023-10-31 22:52:26 - [TEST_STEP][PASSED] - verifyElementPresent(findTestObject("Object Repository/Deloitte/Page_Life at Deloitte  Deloitte US/p_OurPeople"), 0): Object 'Object Repository/Deloitte/Page_Life at Deloitte  Deloitte US/p_OurPeople' is present

2023-10-31 22:52:26 - [MESSAGE][WARNING] - Timeout '0' is invalid. Using default page load timeout: '30'

2023-10-31 22:52:27 - [MESSAGE][PASSED] - Object 'Object Repository/Deloitte/Page_Life at Deloitte  Deloitte US/p_OurPeople' is present

2023-10-31 22:52:27 - [TEST_STEP][PASSED] - verifyElementPresent(findTestObject("Object Repository/Deloitte/Page_Life at Deloitte  Deloitte US/p_Culture"), 0): Object 'Object Repository/Deloitte/Page_Life at Deloitte  Deloitte US/p_Culture' is present

2023-10-31 22:52:27 - [MESSAGE][WARNING] - Timeout '0' is invalid. Using default page load timeout: '30'

2023-10-31 22:52:27 - [MESSAGE][PASSED] - Object 'Object Repository/Deloitte/Page_Life at Deloitte  Deloitte US/p_Culture' is present

2023-10-31 22:52:27 - [TEST_STEP][PASSED] - verifyElementPresent(findTestObject("Object Repository/Deloitte/Page_Life at Deloitte  Deloitte US/p_Careers"), 0): Object 'Object Repository/Deloitte/Page_Life at Deloitte  Deloitte US/p_Careers' is present

2023-10-31 22:52:27 - [MESSAGE][WARNING] - Timeout '0' is invalid. Using default page load timeout: '30'

2023-10-31 22:52:28 - [MESSAGE][PASSED] - Object 'Object Repository/Deloitte/Page_Life at Deloitte  Deloitte US/p_Careers' is present

2023-10-31 22:52:28 - [TEST_STEP][PASSED] - verifyElementPresent(findTestObject("Object Repository/Deloitte/Page_Life at Deloitte  Deloitte US/p_WhyDeloitte"), 0): Object 'Object Repository/Deloitte/Page_Life at Deloitte  Deloitte US/p_WhyDeloitte' is present

2023-10-31 22:52:28 - [MESSAGE][WARNING] - Timeout '0' is invalid. Using default page load timeout: '30'

2023-10-31 22:52:28 - [MESSAGE][PASSED] - Object 'Object Repository/Deloitte/Page_Life at Deloitte  Deloitte US/p_WhyDeloitte' is present

2023-10-31 22:52:28 - [TEST_STEP][PASSED] - click(findTestObject("Object Repository/Deloitte/Page_Life at Deloitte  Deloitte US/p_Careers")): Object: 'Object Repository/Deloitte/Page_Life at Deloitte  Deloitte US/p_Careers' is clicked on

2023-10-31 22:52:28 - [MESSAGE][PASSED] - Object: 'Object Repository/Deloitte/Page_Life at Deloitte  Deloitte US/p_Careers' is clicked on

2023-10-31 22:52:28 - [TEST_STEP][PASSED] - verifyElementVisible(findTestObject("Object Repository/Deloitte/Page_Life at Deloitte  Deloitte US/img_careers-thumbnail-img")): Object 'Object Repository/Deloitte/Page_Life at Deloitte  Deloitte US/img_careers-thumbnail-img' is visible

2023-10-31 22:52:29 - [MESSAGE][PASSED] - Object 'Object Repository/Deloitte/Page_Life at Deloitte  Deloitte US/img_careers-thumbnail-img' is visible

2023-10-31 22:52:29 - [TEST_STEP][PASSED] - closeBrowser(): Browser is closed

2023-10-31 22:52:29 - [MESSAGE][PASSED] - Browser is closed

2023-10-31 22:52:29 - [TEST_STEP][PASSED] - Start listener action : sampleAfterTestCase: null

2023-10-31 22:52:29 - [TEST_STEP][PASSED] - println(testCaseContext.getTestCaseId()): null

2023-10-31 22:52:29 - [TEST_STEP][PASSED] - println(testCaseContext.getTestCaseStatus()): null]]></system-out>
         <system-err><![CDATA[]]></system-err>
      </testcase>
      <testcase name="Test Cases/Verify Tax in Deloitte website" time="15.378" classname="Test Cases/Verify Tax in Deloitte website" status="PASSED">
         <system-out><![CDATA[2023-10-31 22:52:30 - [TEST_CASE][PASSED] - Test Cases/Verify Tax in Deloitte website: Test Cases/Verify Tax in Deloitte website

2023-10-31 22:52:30 - [TEST_STEP][PASSED] - Start listener action : sampleBeforeTestCase: null

2023-10-31 22:52:30 - [TEST_STEP][PASSED] - println(testCaseContext.getTestCaseId()): null

2023-10-31 22:52:30 - [TEST_STEP][PASSED] - println(testCaseContext.getTestCaseVariables()): null

2023-10-31 22:52:30 - [TEST_STEP][PASSED] - openBrowser(""): Browser is opened with url: ''

2023-10-31 22:52:30 - [MESSAGE][INFO] - Starting 'Chrome' driver

2023-10-31 22:52:30 - [MESSAGE][INFO] - Action delay is set to 0 milliseconds

2023-10-31 22:52:32 - [MESSAGE][PASSED] - Browser is opened with url: ''

2023-10-31 22:52:32 - [TEST_STEP][PASSED] - navigateToUrl("https://www2.deloitte.com/us/en.html"): Navigate to 'https://www2.deloitte.com/us/en.html' successfully

2023-10-31 22:52:35 - [MESSAGE][PASSED] - Navigate to 'https://www2.deloitte.com/us/en.html' successfully

2023-10-31 22:52:35 - [TEST_STEP][PASSED] - maximizeWindow(): Current window maximized

2023-10-31 22:52:35 - [MESSAGE][PASSED] - Current window maximized

2023-10-31 22:52:35 - [TEST_STEP][PASSED] - click(findTestObject("Object Repository/Deloitte/Page_Deloitte US  Audit, Consulting, Adviso_ec7ae4/button_Accept and close")): Object: 'Object Repository/Deloitte/Page_Deloitte US  Audit, Consulting, Adviso_ec7ae4/button_Accept and close' is clicked on

2023-10-31 22:52:40 - [MESSAGE][PASSED] - Object: 'Object Repository/Deloitte/Page_Deloitte US  Audit, Consulting, Adviso_ec7ae4/button_Accept and close' is clicked on

2023-10-31 22:52:40 - [TEST_STEP][PASSED] - setText(findTestObject("Object Repository/Deloitte/Page_Deloitte US  Audit, Consulting, Adviso_ec7ae4/input_cmp-advanced-search__input ng-untouch_fd955c"), "tax"): Text 'tax' is set on object 'Object Repository/Deloitte/Page_Deloitte US  Audit, Consulting, Adviso_ec7ae4/input_cmp-advanced-search__input ng-untouch_fd955c'

2023-10-31 22:52:41 - [MESSAGE][PASSED] - Text 'tax' is set on object 'Object Repository/Deloitte/Page_Deloitte US  Audit, Consulting, Adviso_ec7ae4/input_cmp-advanced-search__input ng-untouch_fd955c'

2023-10-31 22:52:41 - [TEST_STEP][PASSED] - click(findTestObject("Object Repository/Deloitte/Page_Deloitte US  Audit, Consulting, Adviso_ec7ae4/i_icon-search")): Object: 'Object Repository/Deloitte/Page_Deloitte US  Audit, Consulting, Adviso_ec7ae4/i_icon-search' is clicked on

2023-10-31 22:52:44 - [MESSAGE][PASSED] - Object: 'Object Repository/Deloitte/Page_Deloitte US  Audit, Consulting, Adviso_ec7ae4/i_icon-search' is clicked on

2023-10-31 22:52:44 - [TEST_STEP][PASSED] - verifyElementPresent(findTestObject("Object Repository/Deloitte/Page_Deloitte Search Basic/h1_Results for tax"), 0): Object 'Object Repository/Deloitte/Page_Deloitte Search Basic/h1_Results for tax' is present

2023-10-31 22:52:44 - [MESSAGE][WARNING] - Timeout '0' is invalid. Using default page load timeout: '30'

2023-10-31 22:52:45 - [MESSAGE][PASSED] - Object 'Object Repository/Deloitte/Page_Deloitte Search Basic/h1_Results for tax' is present

2023-10-31 22:52:45 - [TEST_STEP][PASSED] - closeBrowser(): Browser is closed

2023-10-31 22:52:45 - [MESSAGE][PASSED] - Browser is closed

2023-10-31 22:52:45 - [TEST_STEP][PASSED] - Start listener action : sampleAfterTestCase: null

2023-10-31 22:52:45 - [TEST_STEP][PASSED] - println(testCaseContext.getTestCaseId()): null

2023-10-31 22:52:45 - [TEST_STEP][PASSED] - println(testCaseContext.getTestCaseStatus()): null]]></system-out>
         <system-err><![CDATA[]]></system-err>
      </testcase>
      <system-out><![CDATA[2023-10-31 22:52:11 - [TEST_SUITE][PASSED] - Reshna - Deloitte Suite2: Test Cases/Verify Tax in Deloitte website]]></system-out>
      <system-err><![CDATA[]]></system-err>
   </testsuite>
</testsuites>
