<?xml version="1.0" encoding="UTF-8"?>
<testsuites name="Test Suite - Katalon" time="69.646" tests="4" failures="0" errors="0">
   <testsuite name="Test Suite - Katalon" tests="4" failures="0" errors="0" time="69.646" skipped="0" timestamp="2023-10-31 16:20:01" hostname="rchalil - USPRNRCHALIL2.us.deloitte.com" id="Test Suites/Test Suite - Katalon">
      <properties>
         <property name="deviceName" value=""/>
         <property name="devicePlatform" value=""/>
         <property name="logFolder" value="C:\\Users\\rchalil\\Katalon Studio\\My First Web UI Project\\Reports\\20231031_161956\\Test Suite - Katalon\\20231031_161956"/>
         <property name="logFiles" value="C:\\Users\\rchalil\\Katalon Studio\\My First Web UI Project\\Reports\\20231031_161956\\Test Suite - Katalon\\20231031_161956\\execution0.log"/>
         <property name="attachments" value=""/>
         <property name="hostName" value="rchalil - USPRNRCHALIL2.us.deloitte.com"/>
         <property name="os" value="Windows 10 64bit"/>
         <property name="katalonVersion" value="9.0.0.212"/>
         <property name="browser" value="Chrome 118.0.0.0"/>
         <property name="hostAddress" value="10.0.0.182"/>
         <property name="sessionId" value="1717ec603144630f0268aca4e3791d0b"/>
         <property name="seleniumVersion" value="3.141.59"/>
         <property name="proxyInformation" value="ProxyInformation { proxyOption=NO_PROXY, proxyServerType=HTTP, username=, password=********, proxyServerAddress=, proxyServerPort=0, executionList=&quot;&quot;, isApplyToDesiredCapabilities=true }"/>
         <property name="platform" value="Windows 10"/>
      </properties>
      <testcase name="Test Cases/Katalon Course finding" time="26.739" classname="Test Cases/Katalon Course finding" status="PASSED">
         <system-out><![CDATA[2023-10-31 16:20:01 - [TEST_CASE][PASSED] - Test Cases/Katalon Course finding: Test Cases/Katalon Course finding

2023-10-31 16:20:01 - [TEST_STEP][PASSED] - Start listener action : sampleBeforeTestCase: null

2023-10-31 16:20:01 - [TEST_STEP][PASSED] - println(testCaseContext.getTestCaseId()): null

2023-10-31 16:20:01 - [TEST_STEP][PASSED] - println(testCaseContext.getTestCaseVariables()): null

2023-10-31 16:20:01 - [TEST_STEP][PASSED] - openBrowser(""): Browser is opened with url: ''

2023-10-31 16:20:02 - [MESSAGE][INFO] - Starting 'Chrome' driver

2023-10-31 16:20:02 - [MESSAGE][INFO] - Action delay is set to 0 milliseconds

2023-10-31 16:20:06 - [MESSAGE][PASSED] - Browser is opened with url: ''

2023-10-31 16:20:06 - [TEST_STEP][PASSED] - navigateToUrl("https://katalon.com/"): Navigate to 'https://katalon.com/' successfully

2023-10-31 16:20:09 - [MESSAGE][PASSED] - Navigate to 'https://katalon.com/' successfully

2023-10-31 16:20:10 - [TEST_STEP][PASSED] - maximizeWindow(): Current window maximized

2023-10-31 16:20:10 - [MESSAGE][PASSED] - Current window maximized

2023-10-31 16:20:10 - [TEST_STEP][PASSED] - click(findTestObject("Object Repository/Katalon/Page_Katalon AI-augmented Software Quality _596167/button_Accept All Cookies")): Object: 'Object Repository/Katalon/Page_Katalon AI-augmented Software Quality _596167/button_Accept All Cookies' is clicked on

2023-10-31 16:20:11 - [MESSAGE][PASSED] - Object: 'Object Repository/Katalon/Page_Katalon AI-augmented Software Quality _596167/button_Accept All Cookies' is clicked on

2023-10-31 16:20:11 - [TEST_STEP][PASSED] - click(findTestObject("Object Repository/Katalon/Page_Katalon AI-augmented Software Quality _596167/div_Resources")): Object: 'Object Repository/Katalon/Page_Katalon AI-augmented Software Quality _596167/div_Resources' is clicked on

2023-10-31 16:20:12 - [MESSAGE][PASSED] - Object: 'Object Repository/Katalon/Page_Katalon AI-augmented Software Quality _596167/div_Resources' is clicked on

2023-10-31 16:20:12 - [TEST_STEP][PASSED] - click(findTestObject("Object Repository/Katalon/Page_Katalon AI-augmented Software Quality _596167/div_Resources")): Object: 'Object Repository/Katalon/Page_Katalon AI-augmented Software Quality _596167/div_Resources' is clicked on

2023-10-31 16:20:13 - [MESSAGE][PASSED] - Object: 'Object Repository/Katalon/Page_Katalon AI-augmented Software Quality _596167/div_Resources' is clicked on

2023-10-31 16:20:13 - [TEST_STEP][PASSED] - click(findTestObject("Object Repository/Katalon/Page_Katalon AI-augmented Software Quality _596167/div_Academy")): Object: 'Object Repository/Katalon/Page_Katalon AI-augmented Software Quality _596167/div_Academy' is clicked on

2023-10-31 16:20:14 - [MESSAGE][PASSED] - Object: 'Object Repository/Katalon/Page_Katalon AI-augmented Software Quality _596167/div_Academy' is clicked on

2023-10-31 16:20:14 - [TEST_STEP][PASSED] - switchToWindowTitle("Katalon Academy - Automation Testing Courses to Level Up"): Switched to window with title: 'Katalon Academy - Automation Testing Courses to Level Up'

2023-10-31 16:20:17 - [MESSAGE][PASSED] - Switched to window with title: 'Katalon Academy - Automation Testing Courses to Level Up'

2023-10-31 16:20:17 - [TEST_STEP][PASSED] - click(findTestObject("Object Repository/Katalon/Page_Katalon Academy - Automation Testing C_4c4a56/button_Choose a course")): Object: 'Object Repository/Katalon/Page_Katalon Academy - Automation Testing C_4c4a56/button_Choose a course' is clicked on

2023-10-31 16:20:18 - [MESSAGE][PASSED] - Object: 'Object Repository/Katalon/Page_Katalon Academy - Automation Testing C_4c4a56/button_Choose a course' is clicked on

2023-10-31 16:20:18 - [TEST_STEP][PASSED] - click(findTestObject("Object Repository/Katalon/Page_Katalon Academy - Automation Testing C_4c4a56/span_")): Object: 'Object Repository/Katalon/Page_Katalon Academy - Automation Testing C_4c4a56/span_' is clicked on

2023-10-31 16:20:19 - [MESSAGE][PASSED] - Object: 'Object Repository/Katalon/Page_Katalon Academy - Automation Testing C_4c4a56/span_' is clicked on

2023-10-31 16:20:19 - [TEST_STEP][PASSED] - click(findTestObject("Object Repository/Katalon/Page_Katalon Academy - Automation Testing C_4c4a56/img")): Object: 'Object Repository/Katalon/Page_Katalon Academy - Automation Testing C_4c4a56/img' is clicked on

2023-10-31 16:20:20 - [MESSAGE][PASSED] - Object: 'Object Repository/Katalon/Page_Katalon Academy - Automation Testing C_4c4a56/img' is clicked on

2023-10-31 16:20:20 - [TEST_STEP][PASSED] - setText(findTestObject("Object Repository/Katalon/Page_Katalon Academy - Automation Testing C_4c4a56/input_s"), "test automation"): Text 'test automation' is set on object 'Object Repository/Katalon/Page_Katalon Academy - Automation Testing C_4c4a56/input_s'

2023-10-31 16:20:21 - [MESSAGE][PASSED] - Text 'test automation' is set on object 'Object Repository/Katalon/Page_Katalon Academy - Automation Testing C_4c4a56/input_s'

2023-10-31 16:20:21 - [TEST_STEP][PASSED] - sendKeys(findTestObject("Object Repository/Katalon/Page_Katalon Academy - Automation Testing C_4c4a56/input_s"), Keys.chord(ENTER)): Keys 'ENTER + ' sent to object: 'Object Repository/Katalon/Page_Katalon Academy - Automation Testing C_4c4a56/input_s'

2023-10-31 16:20:22 - [MESSAGE][PASSED] - Keys 'ENTER + ' sent to object: 'Object Repository/Katalon/Page_Katalon Academy - Automation Testing C_4c4a56/input_s'

2023-10-31 16:20:22 - [TEST_STEP][PASSED] - click(findTestObject("Object Repository/Katalon/Page_You searched for test automation - Kat_2262e6/a_Test Authoring With Katalon Handling Aler_e0066a")): Object: 'Object Repository/Katalon/Page_You searched for test automation - Kat_2262e6/a_Test Authoring With Katalon Handling Aler_e0066a' is clicked on

2023-10-31 16:20:26 - [MESSAGE][PASSED] - Object: 'Object Repository/Katalon/Page_You searched for test automation - Kat_2262e6/a_Test Authoring With Katalon Handling Aler_e0066a' is clicked on

2023-10-31 16:20:26 - [TEST_STEP][PASSED] - verifyElementPresent(findTestObject("Object Repository/Katalon/Page_Handling Alerts, Dialog Boxes, and Dro_d965ab/button_Enroll"), 0): Object 'Object Repository/Katalon/Page_Handling Alerts, Dialog Boxes, and Dro_d965ab/button_Enroll' is present

2023-10-31 16:20:26 - [MESSAGE][WARNING] - Timeout '0' is invalid. Using default page load timeout: '30'

2023-10-31 16:20:27 - [MESSAGE][PASSED] - Object 'Object Repository/Katalon/Page_Handling Alerts, Dialog Boxes, and Dro_d965ab/button_Enroll' is present

2023-10-31 16:20:27 - [TEST_STEP][PASSED] - closeBrowser(): Browser is closed

2023-10-31 16:20:28 - [MESSAGE][PASSED] - Browser is closed

2023-10-31 16:20:28 - [TEST_STEP][PASSED] - Start listener action : sampleAfterTestCase: null

2023-10-31 16:20:28 - [TEST_STEP][PASSED] - println(testCaseContext.getTestCaseId()): null

2023-10-31 16:20:28 - [TEST_STEP][PASSED] - println(testCaseContext.getTestCaseStatus()): null]]></system-out>
         <system-err><![CDATA[]]></system-err>
      </testcase>
      <testcase name="Test Cases/Katalon Download Studio check" time="15.452" classname="Test Cases/Katalon Download Studio check" status="PASSED">
         <system-out><![CDATA[2023-10-31 16:20:28 - [TEST_CASE][PASSED] - Test Cases/Katalon Download Studio check: Test Cases/Katalon Download Studio check

2023-10-31 16:20:28 - [TEST_STEP][PASSED] - Start listener action : sampleBeforeTestCase: null

2023-10-31 16:20:28 - [TEST_STEP][PASSED] - println(testCaseContext.getTestCaseId()): null

2023-10-31 16:20:28 - [TEST_STEP][PASSED] - println(testCaseContext.getTestCaseVariables()): null

2023-10-31 16:20:28 - [TEST_STEP][PASSED] - openBrowser(""): Browser is opened with url: ''

2023-10-31 16:20:28 - [MESSAGE][INFO] - Starting 'Chrome' driver

2023-10-31 16:20:28 - [MESSAGE][INFO] - Action delay is set to 0 milliseconds

2023-10-31 16:20:31 - [MESSAGE][PASSED] - Browser is opened with url: ''

2023-10-31 16:20:31 - [TEST_STEP][PASSED] - navigateToUrl("https://katalon.com/"): Navigate to 'https://katalon.com/' successfully

2023-10-31 16:20:34 - [MESSAGE][PASSED] - Navigate to 'https://katalon.com/' successfully

2023-10-31 16:20:34 - [TEST_STEP][PASSED] - maximizeWindow(): Current window maximized

2023-10-31 16:20:34 - [MESSAGE][PASSED] - Current window maximized

2023-10-31 16:20:34 - [TEST_STEP][PASSED] - click(findTestObject("Object Repository/Katalon/Page_Katalon AI-augmented Software Quality _596167/button_Accept All Cookies")): Object: 'Object Repository/Katalon/Page_Katalon AI-augmented Software Quality _596167/button_Accept All Cookies' is clicked on

2023-10-31 16:20:36 - [MESSAGE][PASSED] - Object: 'Object Repository/Katalon/Page_Katalon AI-augmented Software Quality _596167/button_Accept All Cookies' is clicked on

2023-10-31 16:20:36 - [TEST_STEP][PASSED] - click(findTestObject("Object Repository/Katalon/Page_Katalon AI-augmented Software Quality _596167/a_Download Studio")): Object: 'Object Repository/Katalon/Page_Katalon AI-augmented Software Quality _596167/a_Download Studio' is clicked on

2023-10-31 16:20:38 - [MESSAGE][PASSED] - Object: 'Object Repository/Katalon/Page_Katalon AI-augmented Software Quality _596167/a_Download Studio' is clicked on

2023-10-31 16:20:38 - [TEST_STEP][PASSED] - click(findTestObject("Object Repository/Katalon/Page_Katalon Studio Free Download  Katalon/div_Windows 64macOSmacOS (Intel)macOS (Appl_b3af3d")): Object: 'Object Repository/Katalon/Page_Katalon Studio Free Download  Katalon/div_Windows 64macOSmacOS (Intel)macOS (Appl_b3af3d' is clicked on

2023-10-31 16:20:39 - [MESSAGE][PASSED] - Object: 'Object Repository/Katalon/Page_Katalon Studio Free Download  Katalon/div_Windows 64macOSmacOS (Intel)macOS (Appl_b3af3d' is clicked on

2023-10-31 16:20:39 - [TEST_STEP][PASSED] - click(findTestObject("Object Repository/Katalon/Page_Katalon Studio Free Download  Katalon/div_Windows 64")): Object: 'Object Repository/Katalon/Page_Katalon Studio Free Download  Katalon/div_Windows 64' is clicked on

2023-10-31 16:20:39 - [MESSAGE][PASSED] - Object: 'Object Repository/Katalon/Page_Katalon Studio Free Download  Katalon/div_Windows 64' is clicked on

2023-10-31 16:20:39 - [TEST_STEP][PASSED] - click(findTestObject("Object Repository/Katalon/Page_Katalon Studio Free Download  Katalon/div_Ver. 9.0.0Ver. 8.6.8Ver. 9.0.0")): Object: 'Object Repository/Katalon/Page_Katalon Studio Free Download  Katalon/div_Ver. 9.0.0Ver. 8.6.8Ver. 9.0.0' is clicked on

2023-10-31 16:20:40 - [MESSAGE][PASSED] - Object: 'Object Repository/Katalon/Page_Katalon Studio Free Download  Katalon/div_Ver. 9.0.0Ver. 8.6.8Ver. 9.0.0' is clicked on

2023-10-31 16:20:40 - [TEST_STEP][PASSED] - click(findTestObject("Object Repository/Katalon/Page_Katalon Studio Free Download  Katalon/div_Ver. 8.6.8")): Object: 'Object Repository/Katalon/Page_Katalon Studio Free Download  Katalon/div_Ver. 8.6.8' is clicked on

2023-10-31 16:20:40 - [MESSAGE][PASSED] - Object: 'Object Repository/Katalon/Page_Katalon Studio Free Download  Katalon/div_Ver. 8.6.8' is clicked on

2023-10-31 16:20:40 - [TEST_STEP][PASSED] - verifyElementPresent(findTestObject("Object Repository/Katalon/Page_Katalon Studio Free Download  Katalon/div_Download"), 0): Object 'Object Repository/Katalon/Page_Katalon Studio Free Download  Katalon/div_Download' is present

2023-10-31 16:20:40 - [MESSAGE][WARNING] - Timeout '0' is invalid. Using default page load timeout: '30'

2023-10-31 16:20:41 - [MESSAGE][PASSED] - Object 'Object Repository/Katalon/Page_Katalon Studio Free Download  Katalon/div_Download' is present

2023-10-31 16:20:41 - [TEST_STEP][PASSED] - verifyElementVisible(findTestObject("Object Repository/Katalon/Page_Katalon Studio Free Download  Katalon/div_Download")): Object 'Object Repository/Katalon/Page_Katalon Studio Free Download  Katalon/div_Download' is visible

2023-10-31 16:20:42 - [MESSAGE][PASSED] - Object 'Object Repository/Katalon/Page_Katalon Studio Free Download  Katalon/div_Download' is visible

2023-10-31 16:20:42 - [TEST_STEP][PASSED] - verifyElementText(findTestObject("Object Repository/Katalon/Page_Katalon Studio Free Download  Katalon/a_Sign up now -"), "Sign up now ->"): Actual text and expected text of test object 'Object Repository/Katalon/Page_Katalon Studio Free Download  Katalon/a_Sign up now -' are matched.

2023-10-31 16:20:42 - [MESSAGE][PASSED] - Actual text and expected text of test object 'Object Repository/Katalon/Page_Katalon Studio Free Download  Katalon/a_Sign up now -' are matched.

2023-10-31 16:20:42 - [TEST_STEP][PASSED] - closeBrowser(): Browser is closed

2023-10-31 16:20:43 - [MESSAGE][PASSED] - Browser is closed

2023-10-31 16:20:43 - [TEST_STEP][PASSED] - Start listener action : sampleAfterTestCase: null

2023-10-31 16:20:43 - [TEST_STEP][PASSED] - println(testCaseContext.getTestCaseId()): null

2023-10-31 16:20:43 - [TEST_STEP][PASSED] - println(testCaseContext.getTestCaseStatus()): null]]></system-out>
         <system-err><![CDATA[]]></system-err>
      </testcase>
      <testcase name="Test Cases/Katalon - Verify Incorrect email verification" time="14.068" classname="Test Cases/Katalon - Verify Incorrect email verification" status="PASSED">
         <system-out><![CDATA[2023-10-31 16:20:43 - [TEST_CASE][PASSED] - Test Cases/Katalon - Verify Incorrect email verification: Test Cases/Katalon - Verify Incorrect email verification

2023-10-31 16:20:43 - [TEST_STEP][PASSED] - Start listener action : sampleBeforeTestCase: null

2023-10-31 16:20:43 - [TEST_STEP][PASSED] - println(testCaseContext.getTestCaseId()): null

2023-10-31 16:20:43 - [TEST_STEP][PASSED] - println(testCaseContext.getTestCaseVariables()): null

2023-10-31 16:20:43 - [TEST_STEP][PASSED] - openBrowser(""): Browser is opened with url: ''

2023-10-31 16:20:43 - [MESSAGE][INFO] - Starting 'Chrome' driver

2023-10-31 16:20:43 - [MESSAGE][INFO] - Action delay is set to 0 milliseconds

2023-10-31 16:20:46 - [MESSAGE][PASSED] - Browser is opened with url: ''

2023-10-31 16:20:46 - [TEST_STEP][PASSED] - navigateToUrl("https://katalon.com/"): Navigate to 'https://katalon.com/' successfully

2023-10-31 16:20:49 - [MESSAGE][PASSED] - Navigate to 'https://katalon.com/' successfully

2023-10-31 16:20:49 - [TEST_STEP][PASSED] - click(findTestObject("Object Repository/Katalon/Page_Katalon AI-augmented Software Quality _596167/a_Start free trial")): Object: 'Object Repository/Katalon/Page_Katalon AI-augmented Software Quality _596167/a_Start free trial' is clicked on

2023-10-31 16:20:52 - [MESSAGE][PASSED] - Object: 'Object Repository/Katalon/Page_Katalon AI-augmented Software Quality _596167/a_Start free trial' is clicked on

2023-10-31 16:20:52 - [TEST_STEP][PASSED] - click(findTestObject("Object Repository/Katalon/Page_Sign up  Katalon Software Quality Mana_03d398/div_Sign in")): Object: 'Object Repository/Katalon/Page_Sign up  Katalon Software Quality Mana_03d398/div_Sign in' is clicked on

2023-10-31 16:20:54 - [MESSAGE][PASSED] - Object: 'Object Repository/Katalon/Page_Sign up  Katalon Software Quality Mana_03d398/div_Sign in' is clicked on

2023-10-31 16:20:54 - [TEST_STEP][PASSED] - click(findTestObject("Object Repository/Katalon/Page_Sign in  Katalon Software Quality Mana_cfddb7/div_Sign up")): Object: 'Object Repository/Katalon/Page_Sign in  Katalon Software Quality Mana_cfddb7/div_Sign up' is clicked on

2023-10-31 16:20:56 - [MESSAGE][PASSED] - Object: 'Object Repository/Katalon/Page_Sign in  Katalon Software Quality Mana_cfddb7/div_Sign up' is clicked on

2023-10-31 16:20:56 - [TEST_STEP][PASSED] - verifyElementPresent(findTestObject("Object Repository/Katalon/Page_Sign up  Katalon Software Quality Mana_03d398/input_btn_text"), 0): Object 'Object Repository/Katalon/Page_Sign up  Katalon Software Quality Mana_03d398/input_btn_text' is present

2023-10-31 16:20:56 - [MESSAGE][WARNING] - Timeout '0' is invalid. Using default page load timeout: '30'

2023-10-31 16:20:57 - [MESSAGE][PASSED] - Object 'Object Repository/Katalon/Page_Sign up  Katalon Software Quality Mana_03d398/input_btn_text' is present

2023-10-31 16:20:57 - [TEST_STEP][PASSED] - closeBrowser(): Browser is closed

2023-10-31 16:20:57 - [MESSAGE][PASSED] - Browser is closed

2023-10-31 16:20:57 - [TEST_STEP][PASSED] - Start listener action : sampleAfterTestCase: null

2023-10-31 16:20:57 - [TEST_STEP][PASSED] - println(testCaseContext.getTestCaseId()): null

2023-10-31 16:20:57 - [TEST_STEP][PASSED] - println(testCaseContext.getTestCaseStatus()): null]]></system-out>
         <system-err><![CDATA[]]></system-err>
      </testcase>
      <testcase name="Test Cases/Katalon - Verify the error message on the SignUp Page" time="13.19" classname="Test Cases/Katalon - Verify the error message on the SignUp Page" status="PASSED">
         <system-out><![CDATA[2023-10-31 16:20:57 - [TEST_CASE][PASSED] - Test Cases/Katalon - Verify the error message on the SignUp Page: Test Cases/Katalon - Verify the error message on the SignUp Page

2023-10-31 16:20:57 - [TEST_STEP][PASSED] - Start listener action : sampleBeforeTestCase: null

2023-10-31 16:20:57 - [TEST_STEP][PASSED] - println(testCaseContext.getTestCaseId()): null

2023-10-31 16:20:57 - [TEST_STEP][PASSED] - println(testCaseContext.getTestCaseVariables()): null

2023-10-31 16:20:57 - [TEST_STEP][PASSED] - openBrowser(""): Browser is opened with url: ''

2023-10-31 16:20:57 - [MESSAGE][INFO] - Starting 'Chrome' driver

2023-10-31 16:20:57 - [MESSAGE][INFO] - Action delay is set to 0 milliseconds

2023-10-31 16:21:00 - [MESSAGE][PASSED] - Browser is opened with url: ''

2023-10-31 16:21:00 - [TEST_STEP][PASSED] - navigateToUrl("https://katalon.com/"): Navigate to 'https://katalon.com/' successfully

2023-10-31 16:21:03 - [MESSAGE][PASSED] - Navigate to 'https://katalon.com/' successfully

2023-10-31 16:21:03 - [TEST_STEP][PASSED] - maximizeWindow(): Current window maximized

2023-10-31 16:21:04 - [MESSAGE][PASSED] - Current window maximized

2023-10-31 16:21:04 - [TEST_STEP][PASSED] - click(findTestObject("Object Repository/Katalon/Page_Katalon AI-augmented Software Quality _596167/button_Accept All Cookies")): Object: 'Object Repository/Katalon/Page_Katalon AI-augmented Software Quality _596167/button_Accept All Cookies' is clicked on

2023-10-31 16:21:05 - [MESSAGE][PASSED] - Object: 'Object Repository/Katalon/Page_Katalon AI-augmented Software Quality _596167/button_Accept All Cookies' is clicked on

2023-10-31 16:21:05 - [TEST_STEP][PASSED] - click(findTestObject("Object Repository/Katalon/Page_Katalon AI-augmented Software Quality _596167/a_Start free trial")): Object: 'Object Repository/Katalon/Page_Katalon AI-augmented Software Quality _596167/a_Start free trial' is clicked on

2023-10-31 16:21:08 - [MESSAGE][PASSED] - Object: 'Object Repository/Katalon/Page_Katalon AI-augmented Software Quality _596167/a_Start free trial' is clicked on

2023-10-31 16:21:08 - [TEST_STEP][PASSED] - click(findTestObject("Object Repository/Katalon/Page_Sign up  Katalon Software Quality Mana_03d398/divbtn-sign-up")): Object: 'Object Repository/Katalon/Page_Sign up  Katalon Software Quality Mana_03d398/divbtn-sign-up' is clicked on

2023-10-31 16:21:09 - [MESSAGE][PASSED] - Object: 'Object Repository/Katalon/Page_Sign up  Katalon Software Quality Mana_03d398/divbtn-sign-up' is clicked on

2023-10-31 16:21:09 - [TEST_STEP][PASSED] - verifyElementText(findTestObject("Object Repository/Katalon/Page_Sign up  Katalon Software Quality Mana_03d398/span_Please fill all form fields"), "Please fill all form fields"): Actual text and expected text of test object 'Object Repository/Katalon/Page_Sign up  Katalon Software Quality Mana_03d398/span_Please fill all form fields' are matched.

2023-10-31 16:21:10 - [MESSAGE][PASSED] - Actual text and expected text of test object 'Object Repository/Katalon/Page_Sign up  Katalon Software Quality Mana_03d398/span_Please fill all form fields' are matched.

2023-10-31 16:21:10 - [TEST_STEP][PASSED] - closeBrowser(): Browser is closed

2023-10-31 16:21:10 - [MESSAGE][PASSED] - Browser is closed

2023-10-31 16:21:10 - [TEST_STEP][PASSED] - Start listener action : sampleAfterTestCase: null

2023-10-31 16:21:10 - [TEST_STEP][PASSED] - println(testCaseContext.getTestCaseId()): null

2023-10-31 16:21:10 - [TEST_STEP][PASSED] - println(testCaseContext.getTestCaseStatus()): null]]></system-out>
         <system-err><![CDATA[]]></system-err>
      </testcase>
      <system-out><![CDATA[2023-10-31 16:20:01 - [TEST_SUITE][PASSED] - Test Suite - Katalon: Test Cases/Katalon - Verify the error message on the SignUp Page]]></system-out>
      <system-err><![CDATA[]]></system-err>
   </testsuite>
</testsuites>
