<?xml version="1.0" encoding="UTF-8"?>
<testsuites name="Reshna - PMI Suite2" time="15.267" tests="1" failures="0" errors="0">
   <testsuite name="Reshna - PMI Suite2" tests="1" failures="0" errors="0" time="15.267" skipped="0" timestamp="2023-11-01 17:17:21" hostname="rchalil - USPRNRCHALIL2.us.deloitte.com" id="Test Suites/Reshna - PMI Suite2">
      <properties>
         <property name="deviceName" value=""/>
         <property name="devicePlatform" value=""/>
         <property name="logFolder" value="C:\\Users\\rchalil\\Katalon Studio\\My First Web UI Project\\Reports\\20231101_171715\\Reshna - PMI Suite2\\20231101_171715"/>
         <property name="logFiles" value="C:\\Users\\rchalil\\Katalon Studio\\My First Web UI Project\\Reports\\20231101_171715\\Reshna - PMI Suite2\\20231101_171715\\execution0.log"/>
         <property name="attachments" value=""/>
         <property name="hostName" value="rchalil - USPRNRCHALIL2.us.deloitte.com"/>
         <property name="os" value="Windows 10 64bit"/>
         <property name="katalonVersion" value="9.0.0.212"/>
         <property name="browser" value="Chrome 118.0.0.0"/>
         <property name="hostAddress" value="10.0.0.182"/>
         <property name="sessionId" value="7f7ac2fbd0157beedd721252c7c99619"/>
         <property name="seleniumVersion" value="3.141.59"/>
         <property name="proxyInformation" value="ProxyInformation { proxyOption=NO_PROXY, proxyServerType=HTTP, username=, password=********, proxyServerAddress=, proxyServerPort=0, executionList=&quot;&quot;, isApplyToDesiredCapabilities=true }"/>
         <property name="platform" value="Windows 10"/>
      </properties>
      <testcase name="Test Cases/PMI - Verify the spanish language in PMI" time="14.987" classname="Test Cases/PMI - Verify the spanish language in PMI" status="PASSED">
         <system-out><![CDATA[2023-11-01 17:17:21 - [TEST_CASE][PASSED] - Test Cases/PMI - Verify the spanish language in PMI: Test Cases/PMI - Verify the spanish language in PMI

2023-11-01 17:17:21 - [TEST_STEP][PASSED] - Start listener action : sampleBeforeTestCase: null

2023-11-01 17:17:21 - [TEST_STEP][PASSED] - println(testCaseContext.getTestCaseId()): null

2023-11-01 17:17:21 - [TEST_STEP][PASSED] - println(testCaseContext.getTestCaseVariables()): null

2023-11-01 17:17:21 - [TEST_STEP][PASSED] - openBrowser(""): Browser is opened with url: ''

2023-11-01 17:17:22 - [MESSAGE][INFO] - Starting 'Chrome' driver

2023-11-01 17:17:22 - [MESSAGE][INFO] - Action delay is set to 0 milliseconds

2023-11-01 17:17:25 - [MESSAGE][PASSED] - Browser is opened with url: ''

2023-11-01 17:17:25 - [TEST_STEP][PASSED] - navigateToUrl("https://www.pmi.org/certifications"): Navigate to 'https://www.pmi.org/certifications' successfully

2023-11-01 17:17:29 - [MESSAGE][PASSED] - Navigate to 'https://www.pmi.org/certifications' successfully

2023-11-01 17:17:29 - [TEST_STEP][PASSED] - maximizeWindow(): Current window maximized

2023-11-01 17:17:29 - [MESSAGE][PASSED] - Current window maximized

2023-11-01 17:17:29 - [TEST_STEP][PASSED] - click(findTestObject("Object Repository/PMI/Page_Certifications  PMI/span_OK")): Object: 'Object Repository/PMI/Page_Certifications  PMI/span_OK' is clicked on

2023-11-01 17:17:32 - [MESSAGE][PASSED] - Object: 'Object Repository/PMI/Page_Certifications  PMI/span_OK' is clicked on

2023-11-01 17:17:32 - [TEST_STEP][PASSED] - click(findTestObject("Object Repository/PMI/Page_Certifications  PMI/a_Ver en Espaol")): Object: 'Object Repository/PMI/Page_Certifications  PMI/a_Ver en Espaol' is clicked on

2023-11-01 17:17:35 - [MESSAGE][PASSED] - Object: 'Object Repository/PMI/Page_Certifications  PMI/a_Ver en Espaol' is clicked on

2023-11-01 17:17:35 - [TEST_STEP][PASSED] - verifyElementPresent(findTestObject("Object Repository/PMI/Page_Just a moment/h1_www.pmi.org"), 0): Object 'Object Repository/PMI/Page_Just a moment/h1_www.pmi.org' is present

2023-11-01 17:17:35 - [MESSAGE][WARNING] - Timeout '0' is invalid. Using default page load timeout: '30'

2023-11-01 17:17:36 - [MESSAGE][PASSED] - Object 'Object Repository/PMI/Page_Just a moment/h1_www.pmi.org' is present

2023-11-01 17:17:36 - [TEST_STEP][PASSED] - closeBrowser(): Browser is closed

2023-11-01 17:17:36 - [MESSAGE][PASSED] - Browser is closed

2023-11-01 17:17:36 - [TEST_STEP][PASSED] - Start listener action : sampleAfterTestCase: null

2023-11-01 17:17:36 - [TEST_STEP][PASSED] - println(testCaseContext.getTestCaseId()): null

2023-11-01 17:17:36 - [TEST_STEP][PASSED] - println(testCaseContext.getTestCaseStatus()): null]]></system-out>
         <system-err><![CDATA[]]></system-err>
      </testcase>
      <system-out><![CDATA[2023-11-01 17:17:21 - [TEST_SUITE][PASSED] - Reshna - PMI Suite2: Test Cases/PMI - Verify the spanish language in PMI]]></system-out>
      <system-err><![CDATA[]]></system-err>
   </testsuite>
</testsuites>
