<?xml version="1.0" encoding="UTF-8"?>
<testsuites name="Reshna - PMI Suite1" time="26.134" tests="2" failures="0" errors="0">
   <testsuite name="Reshna - PMI Suite1" tests="2" failures="0" errors="0" time="26.134" skipped="0" timestamp="2023-10-31 23:56:36" hostname="rchalil - USPRNRCHALIL2.us.deloitte.com" id="Test Suites/Reshna - PMI Suite1">
      <properties>
         <property name="deviceName" value=""/>
         <property name="devicePlatform" value=""/>
         <property name="logFolder" value="C:\\Users\\rchalil\\Katalon Studio\\My First Web UI Project\\Reports\\20231031_235629\\Reshna - PMI Suite1\\20231031_235630"/>
         <property name="logFiles" value="C:\\Users\\rchalil\\Katalon Studio\\My First Web UI Project\\Reports\\20231031_235629\\Reshna - PMI Suite1\\20231031_235630\\execution0.log"/>
         <property name="attachments" value=""/>
         <property name="hostName" value="rchalil - USPRNRCHALIL2.us.deloitte.com"/>
         <property name="os" value="Windows 10 64bit"/>
         <property name="katalonVersion" value="9.0.0.212"/>
         <property name="browser" value="Chrome 118.0.0.0"/>
         <property name="hostAddress" value="10.0.0.182"/>
         <property name="sessionId" value="bbf17f0cda66427910e8f2a3184fdb09"/>
         <property name="seleniumVersion" value="3.141.59"/>
         <property name="proxyInformation" value="ProxyInformation { proxyOption=NO_PROXY, proxyServerType=HTTP, username=, password=********, proxyServerAddress=, proxyServerPort=0, executionList=&quot;&quot;, isApplyToDesiredCapabilities=true }"/>
         <property name="platform" value="Windows 10"/>
      </properties>
      <testcase name="Test Cases/PMI - Verify the 3 languages present in PMI" time="11.777" classname="Test Cases/PMI - Verify the 3 languages present in PMI" status="PASSED">
         <system-out><![CDATA[2023-10-31 23:56:36 - [TEST_CASE][PASSED] - Test Cases/PMI - Verify the 3 languages present in PMI: Test Cases/PMI - Verify the 3 languages present in PMI

2023-10-31 23:56:37 - [TEST_STEP][PASSED] - Start listener action : sampleBeforeTestCase: null

2023-10-31 23:56:37 - [TEST_STEP][PASSED] - println(testCaseContext.getTestCaseId()): null

2023-10-31 23:56:37 - [TEST_STEP][PASSED] - println(testCaseContext.getTestCaseVariables()): null

2023-10-31 23:56:37 - [TEST_STEP][PASSED] - openBrowser(""): Browser is opened with url: ''

2023-10-31 23:56:37 - [MESSAGE][INFO] - Starting 'Chrome' driver

2023-10-31 23:56:37 - [MESSAGE][INFO] - Action delay is set to 0 milliseconds

2023-10-31 23:56:41 - [MESSAGE][PASSED] - Browser is opened with url: ''

2023-10-31 23:56:41 - [TEST_STEP][PASSED] - navigateToUrl("https://www.pmi.org/certifications"): Navigate to 'https://www.pmi.org/certifications' successfully

2023-10-31 23:56:45 - [MESSAGE][PASSED] - Navigate to 'https://www.pmi.org/certifications' successfully

2023-10-31 23:56:45 - [TEST_STEP][PASSED] - maximizeWindow(): Current window maximized

2023-10-31 23:56:45 - [MESSAGE][PASSED] - Current window maximized

2023-10-31 23:56:45 - [TEST_STEP][PASSED] - click(findTestObject("Object Repository/PMI/Page_Certifications  PMI/span_OK")): Object: 'Object Repository/PMI/Page_Certifications  PMI/span_OK' is clicked on

2023-10-31 23:56:46 - [MESSAGE][PASSED] - Object: 'Object Repository/PMI/Page_Certifications  PMI/span_OK' is clicked on

2023-10-31 23:56:46 - [TEST_STEP][PASSED] - verifyElementText(findTestObject("Object Repository/PMI/Page_Certifications  PMI/a_View in English"), "View in English"): Actual text and expected text of test object 'Object Repository/PMI/Page_Certifications  PMI/a_View in English' are matched.

2023-10-31 23:56:47 - [MESSAGE][PASSED] - Actual text and expected text of test object 'Object Repository/PMI/Page_Certifications  PMI/a_View in English' are matched.

2023-10-31 23:56:47 - [TEST_STEP][PASSED] - verifyElementText(findTestObject("Object Repository/PMI/Page_Certifications  PMI/a_Ver en Espaol"), "Ver en Español"): Actual text and expected text of test object 'Object Repository/PMI/Page_Certifications  PMI/a_Ver en Espaol' are matched.

2023-10-31 23:56:48 - [MESSAGE][PASSED] - Actual text and expected text of test object 'Object Repository/PMI/Page_Certifications  PMI/a_Ver en Espaol' are matched.

2023-10-31 23:56:48 - [TEST_STEP][PASSED] - verifyElementText(findTestObject("Object Repository/PMI/Page_Certifications  PMI/a_Veja em Portugus"), "Veja em Português"): Actual text and expected text of test object 'Object Repository/PMI/Page_Certifications  PMI/a_Veja em Portugus' are matched.

2023-10-31 23:56:48 - [MESSAGE][PASSED] - Actual text and expected text of test object 'Object Repository/PMI/Page_Certifications  PMI/a_Veja em Portugus' are matched.

2023-10-31 23:56:48 - [TEST_STEP][PASSED] - closeBrowser(): Browser is closed

2023-10-31 23:56:48 - [MESSAGE][PASSED] - Browser is closed

2023-10-31 23:56:48 - [TEST_STEP][PASSED] - Start listener action : sampleAfterTestCase: null

2023-10-31 23:56:48 - [TEST_STEP][PASSED] - println(testCaseContext.getTestCaseId()): null

2023-10-31 23:56:48 - [TEST_STEP][PASSED] - println(testCaseContext.getTestCaseStatus()): null]]></system-out>
         <system-err><![CDATA[]]></system-err>
      </testcase>
      <testcase name="Test Cases/PMI - Verify the spanish language in PMI" time="14.072" classname="Test Cases/PMI - Verify the spanish language in PMI" status="PASSED">
         <system-out><![CDATA[2023-10-31 23:56:48 - [TEST_CASE][PASSED] - Test Cases/PMI - Verify the spanish language in PMI: Test Cases/PMI - Verify the spanish language in PMI

2023-10-31 23:56:48 - [TEST_STEP][PASSED] - Start listener action : sampleBeforeTestCase: null

2023-10-31 23:56:48 - [TEST_STEP][PASSED] - println(testCaseContext.getTestCaseId()): null

2023-10-31 23:56:48 - [TEST_STEP][PASSED] - println(testCaseContext.getTestCaseVariables()): null

2023-10-31 23:56:48 - [TEST_STEP][PASSED] - openBrowser(""): Browser is opened with url: ''

2023-10-31 23:56:48 - [MESSAGE][INFO] - Starting 'Chrome' driver

2023-10-31 23:56:48 - [MESSAGE][INFO] - Action delay is set to 0 milliseconds

2023-10-31 23:56:51 - [MESSAGE][PASSED] - Browser is opened with url: ''

2023-10-31 23:56:51 - [TEST_STEP][PASSED] - navigateToUrl("https://www.pmi.org/certifications"): Navigate to 'https://www.pmi.org/certifications' successfully

2023-10-31 23:56:55 - [MESSAGE][PASSED] - Navigate to 'https://www.pmi.org/certifications' successfully

2023-10-31 23:56:55 - [TEST_STEP][PASSED] - maximizeWindow(): Current window maximized

2023-10-31 23:56:55 - [MESSAGE][PASSED] - Current window maximized

2023-10-31 23:56:55 - [TEST_STEP][PASSED] - click(findTestObject("Object Repository/PMI/Page_Certifications  PMI/span_OK")): Object: 'Object Repository/PMI/Page_Certifications  PMI/span_OK' is clicked on

2023-10-31 23:56:57 - [MESSAGE][PASSED] - Object: 'Object Repository/PMI/Page_Certifications  PMI/span_OK' is clicked on

2023-10-31 23:56:57 - [TEST_STEP][PASSED] - click(findTestObject("Object Repository/PMI/Page_Certifications  PMI/a_Ver en Espaol")): Object: 'Object Repository/PMI/Page_Certifications  PMI/a_Ver en Espaol' is clicked on

2023-10-31 23:57:01 - [MESSAGE][PASSED] - Object: 'Object Repository/PMI/Page_Certifications  PMI/a_Ver en Espaol' is clicked on

2023-10-31 23:57:01 - [TEST_STEP][PASSED] - verifyElementPresent(findTestObject("Object Repository/PMI/Page_Just a moment/h1_www.pmi.org"), 0): Object 'Object Repository/PMI/Page_Just a moment/h1_www.pmi.org' is present

2023-10-31 23:57:01 - [MESSAGE][WARNING] - Timeout '0' is invalid. Using default page load timeout: '30'

2023-10-31 23:57:02 - [MESSAGE][PASSED] - Object 'Object Repository/PMI/Page_Just a moment/h1_www.pmi.org' is present

2023-10-31 23:57:02 - [TEST_STEP][PASSED] - closeBrowser(): Browser is closed

2023-10-31 23:57:02 - [MESSAGE][PASSED] - Browser is closed

2023-10-31 23:57:02 - [TEST_STEP][PASSED] - Start listener action : sampleAfterTestCase: null

2023-10-31 23:57:02 - [TEST_STEP][PASSED] - println(testCaseContext.getTestCaseId()): null

2023-10-31 23:57:02 - [TEST_STEP][PASSED] - println(testCaseContext.getTestCaseStatus()): null]]></system-out>
         <system-err><![CDATA[]]></system-err>
      </testcase>
      <system-out><![CDATA[2023-10-31 23:56:36 - [TEST_SUITE][PASSED] - Reshna - PMI Suite1: Test Cases/PMI - Verify the spanish language in PMI]]></system-out>
      <system-err><![CDATA[]]></system-err>
   </testsuite>
</testsuites>
