<?xml version="1.0" encoding="UTF-8"?>
<testsuites name="Reshna - All TCs Suite2" time="1298.662" tests="62" failures="4" errors="0">
   <testsuite name="Reshna - All TCs Suite2" tests="62" failures="4" errors="0" time="1298.662" skipped="0" timestamp="2023-11-01 10:06:23" hostname="rchalil - USPRNRCHALIL2.us.deloitte.com" id="Test Suites/Reshna - All TCs Suite2">
      <properties>
         <property name="deviceName" value=""/>
         <property name="devicePlatform" value=""/>
         <property name="logFolder" value="C:\\Users\\rchalil\\Katalon Studio\\My First Web UI Project\\Reports\\20231101_100616\\Reshna - All TCs Suite2\\20231101_100616"/>
         <property name="logFiles" value="C:\\Users\\rchalil\\Katalon Studio\\My First Web UI Project\\Reports\\20231101_100616\\Reshna - All TCs Suite2\\20231101_100616\\execution0.log"/>
         <property name="attachments" value="C:\\Users\\rchalil\\Katalon Studio\\My First Web UI Project\\Reports\\20231101_100616\\Reshna - All TCs Suite2\\20231101_100616\\1698847638371.png, C:\\Users\\rchalil\\Katalon Studio\\My First Web UI Project\\Reports\\20231101_100616\\Reshna - All TCs Suite2\\20231101_100616\\1698847653435.png, C:\\Users\\rchalil\\Katalon Studio\\My First Web UI Project\\Reports\\20231101_100616\\Reshna - All TCs Suite2\\20231101_100616\\1698847666597.png, C:\\Users\\rchalil\\Katalon Studio\\My First Web UI Project\\Reports\\20231101_100616\\Reshna - All TCs Suite2\\20231101_100616\\1698847678948.png, C:\\Users\\rchalil\\Katalon Studio\\My First Web UI Project\\Reports\\20231101_100616\\Reshna - All TCs Suite2\\20231101_100616\\1698848053795.png, C:\\Users\\rchalil\\Katalon Studio\\My First Web UI Project\\Reports\\20231101_100616\\Reshna - All TCs Suite2\\20231101_100616\\1698848053978.png, C:\\Users\\rchalil\\Katalon Studio\\My First Web UI Project\\Reports\\20231101_100616\\Reshna - All TCs Suite2\\20231101_100616\\1698848100049.png, C:\\Users\\rchalil\\Katalon Studio\\My First Web UI Project\\Reports\\20231101_100616\\Reshna - All TCs Suite2\\20231101_100616\\1698848100222.png, C:\\Users\\rchalil\\Katalon Studio\\My First Web UI Project\\Reports\\20231101_100616\\Reshna - All TCs Suite2\\20231101_100616\\1698848141302.png, C:\\Users\\rchalil\\Katalon Studio\\My First Web UI Project\\Reports\\20231101_100616\\Reshna - All TCs Suite2\\20231101_100616\\1698848141477.png, C:\\Users\\rchalil\\Katalon Studio\\My First Web UI Project\\Reports\\20231101_100616\\Reshna - All TCs Suite2\\20231101_100616\\1698848227818.png, C:\\Users\\rchalil\\Katalon Studio\\My First Web UI Project\\Reports\\20231101_100616\\Reshna - All TCs Suite2\\20231101_100616\\1698848239464.png, C:\\Users\\rchalil\\Katalon Studio\\My First Web UI Project\\Reports\\20231101_100616\\Reshna - All TCs Suite2\\20231101_100616\\1698848252402.png, C:\\Users\\rchalil\\Katalon Studio\\My First Web UI Project\\Reports\\20231101_100616\\Reshna - All TCs Suite2\\20231101_100616\\1698848264465.png, C:\\Users\\rchalil\\Katalon Studio\\My First Web UI Project\\Reports\\20231101_100616\\Reshna - All TCs Suite2\\20231101_100616\\1698848324310.png, C:\\Users\\rchalil\\Katalon Studio\\My First Web UI Project\\Reports\\20231101_100616\\Reshna - All TCs Suite2\\20231101_100616\\1698848336043.png, C:\\Users\\rchalil\\Katalon Studio\\My First Web UI Project\\Reports\\20231101_100616\\Reshna - All TCs Suite2\\20231101_100616\\1698848350134.png, C:\\Users\\rchalil\\Katalon Studio\\My First Web UI Project\\Reports\\20231101_100616\\Reshna - All TCs Suite2\\20231101_100616\\1698848362430.png, C:\\Users\\rchalil\\Katalon Studio\\My First Web UI Project\\Reports\\20231101_100616\\Reshna - All TCs Suite2\\20231101_100616\\1698848791336.png, C:\\Users\\rchalil\\Katalon Studio\\My First Web UI Project\\Reports\\20231101_100616\\Reshna - All TCs Suite2\\20231101_100616\\1698848822009.png, C:\\Users\\rchalil\\Katalon Studio\\My First Web UI Project\\Reports\\20231101_100616\\Reshna - All TCs Suite2\\20231101_100616\\1698848834146.png, C:\\Users\\rchalil\\Katalon Studio\\My First Web UI Project\\Reports\\20231101_100616\\Reshna - All TCs Suite2\\20231101_100616\\1698848846636.png, C:\\Users\\rchalil\\Katalon Studio\\My First Web UI Project\\Reports\\20231101_100616\\Reshna - All TCs Suite2\\20231101_100616\\1698848859685.png"/>
         <property name="hostName" value="rchalil - USPRNRCHALIL2.us.deloitte.com"/>
         <property name="os" value="Windows 10 64bit"/>
         <property name="katalonVersion" value="9.0.0.212"/>
         <property name="browser" value="Chrome 118.0.0.0"/>
         <property name="hostAddress" value="10.0.0.182"/>
         <property name="sessionId" value="d4984c03a602e5d44807dac9654909d9"/>
         <property name="seleniumVersion" value="3.141.59"/>
         <property name="proxyInformation" value="ProxyInformation { proxyOption=NO_PROXY, proxyServerType=HTTP, username=, password=********, proxyServerAddress=, proxyServerPort=0, executionList=&quot;&quot;, isApplyToDesiredCapabilities=true }"/>
         <property name="platform" value="Windows 10"/>
      </properties>
      <testcase name="Test Cases/Deloitte - Careers Test" time="25.076" classname="Test Cases/Deloitte - Careers Test" status="PASSED">
         <system-out><![CDATA[2023-11-01 10:06:23 - [TEST_CASE][PASSED] - Test Cases/Deloitte - Careers Test: Test Cases/Deloitte - Careers Test

2023-11-01 10:06:23 - [TEST_STEP][PASSED] - Start listener action : sampleBeforeTestCase: null

2023-11-01 10:06:23 - [TEST_STEP][PASSED] - println(testCaseContext.getTestCaseId()): null

2023-11-01 10:06:23 - [TEST_STEP][PASSED] - println(testCaseContext.getTestCaseVariables()): null

2023-11-01 10:06:23 - [TEST_STEP][PASSED] - openBrowser(""): Browser is opened with url: ''

2023-11-01 10:06:24 - [MESSAGE][INFO] - Starting 'Chrome' driver

2023-11-01 10:06:24 - [MESSAGE][INFO] - Action delay is set to 0 milliseconds

2023-11-01 10:06:27 - [MESSAGE][PASSED] - Browser is opened with url: ''

2023-11-01 10:06:27 - [TEST_STEP][PASSED] - navigateToUrl("https://www2.deloitte.com/us/en.html"): Navigate to 'https://www2.deloitte.com/us/en.html' successfully

2023-11-01 10:06:31 - [MESSAGE][PASSED] - Navigate to 'https://www2.deloitte.com/us/en.html' successfully

2023-11-01 10:06:31 - [TEST_STEP][PASSED] - maximizeWindow(): Current window maximized

2023-11-01 10:06:31 - [MESSAGE][PASSED] - Current window maximized

2023-11-01 10:06:31 - [TEST_STEP][PASSED] - click(findTestObject("Object Repository/Deloitte/Page_Deloitte US  Audit, Consulting, Adviso_ec7ae4/button_Accept and close")): Object: 'Object Repository/Deloitte/Page_Deloitte US  Audit, Consulting, Adviso_ec7ae4/button_Accept and close' is clicked on

2023-11-01 10:06:36 - [MESSAGE][PASSED] - Object: 'Object Repository/Deloitte/Page_Deloitte US  Audit, Consulting, Adviso_ec7ae4/button_Accept and close' is clicked on

2023-11-01 10:06:36 - [TEST_STEP][PASSED] - click(findTestObject("Object Repository/Deloitte/Page_Deloitte US  Audit, Consulting, Adviso_ec7ae4/a_Careers")): Object: 'Object Repository/Deloitte/Page_Deloitte US  Audit, Consulting, Adviso_ec7ae4/a_Careers' is clicked on

2023-11-01 10:06:37 - [MESSAGE][PASSED] - Object: 'Object Repository/Deloitte/Page_Deloitte US  Audit, Consulting, Adviso_ec7ae4/a_Careers' is clicked on

2023-11-01 10:06:37 - [TEST_STEP][PASSED] - click(findTestObject("Object Repository/Deloitte/Page_Deloitte US  Audit, Consulting, Adviso_ec7ae4/a_Life at Deloitte")): Object: 'Object Repository/Deloitte/Page_Deloitte US  Audit, Consulting, Adviso_ec7ae4/a_Life at Deloitte' is clicked on

2023-11-01 10:06:45 - [MESSAGE][PASSED] - Object: 'Object Repository/Deloitte/Page_Deloitte US  Audit, Consulting, Adviso_ec7ae4/a_Life at Deloitte' is clicked on

2023-11-01 10:06:45 - [TEST_STEP][PASSED] - verifyElementPresent(findTestObject("Object Repository/Deloitte/Page_Life at Deloitte  Deloitte US/p_OurPeople"), 0): Object 'Object Repository/Deloitte/Page_Life at Deloitte  Deloitte US/p_OurPeople' is present

2023-11-01 10:06:45 - [MESSAGE][WARNING] - Timeout '0' is invalid. Using default page load timeout: '30'

2023-11-01 10:06:46 - [MESSAGE][PASSED] - Object 'Object Repository/Deloitte/Page_Life at Deloitte  Deloitte US/p_OurPeople' is present

2023-11-01 10:06:46 - [TEST_STEP][PASSED] - verifyElementPresent(findTestObject("Object Repository/Deloitte/Page_Life at Deloitte  Deloitte US/p_Culture"), 0): Object 'Object Repository/Deloitte/Page_Life at Deloitte  Deloitte US/p_Culture' is present

2023-11-01 10:06:46 - [MESSAGE][WARNING] - Timeout '0' is invalid. Using default page load timeout: '30'

2023-11-01 10:06:46 - [MESSAGE][PASSED] - Object 'Object Repository/Deloitte/Page_Life at Deloitte  Deloitte US/p_Culture' is present

2023-11-01 10:06:46 - [TEST_STEP][PASSED] - verifyElementPresent(findTestObject("Object Repository/Deloitte/Page_Life at Deloitte  Deloitte US/p_Careers"), 0): Object 'Object Repository/Deloitte/Page_Life at Deloitte  Deloitte US/p_Careers' is present

2023-11-01 10:06:46 - [MESSAGE][WARNING] - Timeout '0' is invalid. Using default page load timeout: '30'

2023-11-01 10:06:46 - [MESSAGE][PASSED] - Object 'Object Repository/Deloitte/Page_Life at Deloitte  Deloitte US/p_Careers' is present

2023-11-01 10:06:46 - [TEST_STEP][PASSED] - verifyElementPresent(findTestObject("Object Repository/Deloitte/Page_Life at Deloitte  Deloitte US/p_WhyDeloitte"), 0): Object 'Object Repository/Deloitte/Page_Life at Deloitte  Deloitte US/p_WhyDeloitte' is present

2023-11-01 10:06:46 - [MESSAGE][WARNING] - Timeout '0' is invalid. Using default page load timeout: '30'

2023-11-01 10:06:47 - [MESSAGE][PASSED] - Object 'Object Repository/Deloitte/Page_Life at Deloitte  Deloitte US/p_WhyDeloitte' is present

2023-11-01 10:06:47 - [TEST_STEP][PASSED] - click(findTestObject("Object Repository/Deloitte/Page_Life at Deloitte  Deloitte US/p_Careers")): Object: 'Object Repository/Deloitte/Page_Life at Deloitte  Deloitte US/p_Careers' is clicked on

2023-11-01 10:06:47 - [MESSAGE][PASSED] - Object: 'Object Repository/Deloitte/Page_Life at Deloitte  Deloitte US/p_Careers' is clicked on

2023-11-01 10:06:47 - [TEST_STEP][PASSED] - verifyElementVisible(findTestObject("Object Repository/Deloitte/Page_Life at Deloitte  Deloitte US/img_careers-thumbnail-img")): Object 'Object Repository/Deloitte/Page_Life at Deloitte  Deloitte US/img_careers-thumbnail-img' is visible

2023-11-01 10:06:48 - [MESSAGE][PASSED] - Object 'Object Repository/Deloitte/Page_Life at Deloitte  Deloitte US/img_careers-thumbnail-img' is visible

2023-11-01 10:06:48 - [TEST_STEP][PASSED] - closeBrowser(): Browser is closed

2023-11-01 10:06:48 - [MESSAGE][PASSED] - Browser is closed

2023-11-01 10:06:48 - [TEST_STEP][PASSED] - Start listener action : sampleAfterTestCase: null

2023-11-01 10:06:48 - [TEST_STEP][PASSED] - println(testCaseContext.getTestCaseId()): null

2023-11-01 10:06:48 - [TEST_STEP][PASSED] - println(testCaseContext.getTestCaseStatus()): null]]></system-out>
         <system-err><![CDATA[]]></system-err>
      </testcase>
      <testcase name="Test Cases/Deloitte - dropdown value selection test" time="17.017" classname="Test Cases/Deloitte - dropdown value selection test" status="PASSED">
         <system-out><![CDATA[2023-11-01 10:06:48 - [TEST_CASE][PASSED] - Test Cases/Deloitte - dropdown value selection test: Test Cases/Deloitte - dropdown value selection test

2023-11-01 10:06:48 - [TEST_STEP][PASSED] - Start listener action : sampleBeforeTestCase: null

2023-11-01 10:06:48 - [TEST_STEP][PASSED] - println(testCaseContext.getTestCaseId()): null

2023-11-01 10:06:48 - [TEST_STEP][PASSED] - println(testCaseContext.getTestCaseVariables()): null

2023-11-01 10:06:48 - [TEST_STEP][PASSED] - openBrowser(""): Browser is opened with url: ''

2023-11-01 10:06:48 - [MESSAGE][INFO] - Starting 'Chrome' driver

2023-11-01 10:06:48 - [MESSAGE][INFO] - Action delay is set to 0 milliseconds

2023-11-01 10:06:51 - [MESSAGE][PASSED] - Browser is opened with url: ''

2023-11-01 10:06:51 - [TEST_STEP][PASSED] - navigateToUrl("https://apply.deloitte.com/"): Navigate to 'https://apply.deloitte.com/' successfully

2023-11-01 10:06:54 - [MESSAGE][PASSED] - Navigate to 'https://apply.deloitte.com/' successfully

2023-11-01 10:06:54 - [TEST_STEP][PASSED] - maximizeWindow(): Current window maximized

2023-11-01 10:06:54 - [MESSAGE][PASSED] - Current window maximized

2023-11-01 10:06:54 - [TEST_STEP][PASSED] - setText(findTestObject("Object Repository/Deloitte/Page_Job Search  Deloitte US/input9336-search__field"), "new"): Text 'new' is set on object 'Object Repository/Deloitte/Page_Job Search  Deloitte US/input9336-search__field'

2023-11-01 10:06:54 - [MESSAGE][PASSED] - Text 'new' is set on object 'Object Repository/Deloitte/Page_Job Search  Deloitte US/input9336-search__field'

2023-11-01 10:06:54 - [TEST_STEP][PASSED] - click(findTestObject("Object Repository/Deloitte/Page_Job Search  Deloitte US/li_New Jersey")): Object: 'Object Repository/Deloitte/Page_Job Search  Deloitte US/li_New Jersey' is clicked on

2023-11-01 10:06:56 - [MESSAGE][PASSED] - Object: 'Object Repository/Deloitte/Page_Job Search  Deloitte US/li_New Jersey' is clicked on

2023-11-01 10:06:56 - [TEST_STEP][PASSED] - click(findTestObject("Object Repository/Deloitte/Page_Job Search  Deloitte US/button_Search")): Object: 'Object Repository/Deloitte/Page_Job Search  Deloitte US/button_Search' is clicked on

2023-11-01 10:07:03 - [MESSAGE][PASSED] - Object: 'Object Repository/Deloitte/Page_Job Search  Deloitte US/button_Search' is clicked on

2023-11-01 10:07:03 - [TEST_STEP][PASSED] - click(findTestObject("Object Repository/Deloitte/Page_Job Search  Deloitte US/div_2 jobs                                 _eba8a8")): Object: 'Object Repository/Deloitte/Page_Job Search  Deloitte US/div_2 jobs                                 _eba8a8' is clicked on

2023-11-01 10:07:04 - [MESSAGE][PASSED] - Object: 'Object Repository/Deloitte/Page_Job Search  Deloitte US/div_2 jobs                                 _eba8a8' is clicked on

2023-11-01 10:07:04 - [TEST_STEP][PASSED] - click(findTestObject("Object Repository/Deloitte/Page_Job Search  Deloitte US/div_2 jobs                                 _eba8a8")): Object: 'Object Repository/Deloitte/Page_Job Search  Deloitte US/div_2 jobs                                 _eba8a8' is clicked on

2023-11-01 10:07:04 - [MESSAGE][PASSED] - Object: 'Object Repository/Deloitte/Page_Job Search  Deloitte US/div_2 jobs                                 _eba8a8' is clicked on

2023-11-01 10:07:04 - [TEST_STEP][PASSED] - click(findTestObject("Object Repository/Deloitte/Page_Job Search  Deloitte US/div_2 jobs                                 _eba8a8")): Object: 'Object Repository/Deloitte/Page_Job Search  Deloitte US/div_2 jobs                                 _eba8a8' is clicked on

2023-11-01 10:07:05 - [MESSAGE][PASSED] - Object: 'Object Repository/Deloitte/Page_Job Search  Deloitte US/div_2 jobs                                 _eba8a8' is clicked on

2023-11-01 10:07:05 - [TEST_STEP][PASSED] - closeBrowser(): Browser is closed

2023-11-01 10:07:05 - [MESSAGE][PASSED] - Browser is closed

2023-11-01 10:07:05 - [TEST_STEP][PASSED] - Start listener action : sampleAfterTestCase: null

2023-11-01 10:07:05 - [TEST_STEP][PASSED] - println(testCaseContext.getTestCaseId()): null

2023-11-01 10:07:05 - [TEST_STEP][PASSED] - println(testCaseContext.getTestCaseStatus()): null]]></system-out>
         <system-err><![CDATA[]]></system-err>
      </testcase>
      <testcase name="Test Cases/Deloitte - Search job within Deloitte Careers" time="12.384" classname="Test Cases/Deloitte - Search job within Deloitte Careers" status="FAILED">
         <failure type="FAILED" message="Test Cases/Deloitte - Search job within Deloitte Careers FAILED.&#xa;Reason:&#xa;com.kms.katalon.core.exception.StepFailedException: Unable to click on object 'Object Repository/Deloitte/Page_Deloitte US  Audit, Consulting, Adviso_ec7ae4/a_Experienced Professionals'&#xa;	at com.kms.katalon.core.webui.keyword.internal.WebUIKeywordMain.stepFailed(WebUIKeywordMain.groovy:64)&#xa;	at com.kms.katalon.core.webui.keyword.internal.WebUIKeywordMain.runKeyword(WebUIKeywordMain.groovy:26)&#xa;	at com.kms.katalon.core.webui.keyword.builtin.ClickKeyword.click(ClickKeyword.groovy:74)&#xa;	at com.kms.katalon.core.webui.keyword.builtin.ClickKeyword.execute(ClickKeyword.groovy:40)&#xa;	at com.kms.katalon.core.keyword.internal.KeywordExecutor.executeKeywordForPlatform(KeywordExecutor.groovy:74)&#xa;	at com.kms.katalon.core.webui.keyword.WebUiBuiltInKeywords.click(WebUiBuiltInKeywords.groovy:620)&#xa;	at Deloitte - Search job within Deloitte Careers.run(Deloitte - Search job within Deloitte Careers:30)&#xa;	at com.kms.katalon.core.main.ScriptEngine.run(ScriptEngine.java:194)&#xa;	at com.kms.katalon.core.main.ScriptEngine.runScriptAsRawText(ScriptEngine.java:119)&#xa;	at com.kms.katalon.core.main.TestCaseExecutor.runScript(TestCaseExecutor.java:448)&#xa;	at com.kms.katalon.core.main.TestCaseExecutor.doExecute(TestCaseExecutor.java:439)&#xa;	at com.kms.katalon.core.main.TestCaseExecutor.processExecutionPhase(TestCaseExecutor.java:418)&#xa;	at com.kms.katalon.core.main.TestCaseExecutor.accessMainPhase(TestCaseExecutor.java:410)&#xa;	at com.kms.katalon.core.main.TestCaseExecutor.execute(TestCaseExecutor.java:285)&#xa;	at com.kms.katalon.core.main.TestCaseExecutor.execute(TestCaseExecutor.java:369)&#xa;	at com.kms.katalon.core.main.TestCaseExecutor.execute(TestCaseExecutor.java:369)&#xa;	at com.kms.katalon.core.main.TestCaseExecutor.execute(TestCaseExecutor.java:369)&#xa;	at com.kms.katalon.core.common.CommonExecutor.accessTestCaseMainPhase(CommonExecutor.java:65)&#xa;	at com.kms.katalon.core.main.TestSuiteExecutor.accessTestSuiteMainPhase(TestSuiteExecutor.java:148)&#xa;	at com.kms.katalon.core.main.TestSuiteExecutor.execute(TestSuiteExecutor.java:106)&#xa;	at com.kms.katalon.core.main.TestCaseMain.startTestSuite(TestCaseMain.java:187)&#xa;	at TempTestSuite1698847576726.run(TempTestSuite1698847576726.groovy:36)&#xa;	at java.base/jdk.internal.reflect.NativeMethodAccessorImpl.invoke0(Native Method)&#xa;	at java.base/jdk.internal.reflect.NativeMethodAccessorImpl.invoke(NativeMethodAccessorImpl.java:77)&#xa;	at java.base/jdk.internal.reflect.DelegatingMethodAccessorImpl.invoke(DelegatingMethodAccessorImpl.java:43)&#xa;Caused by: org.openqa.selenium.ElementNotInteractableException: element not interactable&#xa;  (Session info: chrome=118.0.5993.118)&#xa;Build info: version: '3.141.59', revision: 'e82be7d358', time: '2018-11-14T08:25:53'&#xa;System info: host: 'USPRNRCHALIL2', ip: '10.0.0.182', os.name: 'Windows 10', os.arch: 'amd64', os.version: '10.0', java.version: '17.0.7'&#xa;Driver info: com.kms.katalon.selenium.driver.CChromeDriver&#xa;Capabilities {acceptInsecureCerts: false, browserName: chrome, browserVersion: 118.0.5993.118, chrome: {chromedriverVersion: 118.0.5993.70 (e52f33f30b91..., userDataDir: C:\Users\rchalil\AppData\Lo...}, fedcm:accounts: true, goog:chromeOptions: {debuggerAddress: localhost:56433}, javascriptEnabled: true, networkConnectionEnabled: false, pageLoadStrategy: normal, platform: WINDOWS, platformName: WINDOWS, proxy: Proxy(), setWindowRect: true, strictFileInteractability: false, timeouts: {implicit: 0, pageLoad: 300000, script: 30000}, unhandledPromptBehavior: dismiss and notify, webauthn:extension:credBlob: true, webauthn:extension:largeBlob: true, webauthn:extension:minPinLength: true, webauthn:extension:prf: true, webauthn:virtualAuthenticators: true}&#xa;Session ID: 1afc3e9bdc8fd2894c3346a61510bd41&#xa;	at java.base/jdk.internal.reflect.NativeConstructorAccessorImpl.newInstance0(Native Method)&#xa;	at java.base/jdk.internal.reflect.NativeConstructorAccessorImpl.newInstance(NativeConstructorAccessorImpl.java:77)&#xa;	at java.base/jdk.internal.reflect.DelegatingConstructorAccessorImpl.newInstance(DelegatingConstructorAccessorImpl.java:45)&#xa;	at org.openqa.selenium.remote.http.W3CHttpResponseCodec.createException(W3CHttpResponseCodec.java:187)&#xa;	at org.openqa.selenium.remote.http.W3CHttpResponseCodec.decode(W3CHttpResponseCodec.java:122)&#xa;	at org.openqa.selenium.remote.http.W3CHttpResponseCodec.decode(W3CHttpResponseCodec.java:49)&#xa;	at org.openqa.selenium.remote.HttpCommandExecutor.execute(HttpCommandExecutor.java:158)&#xa;	at org.openqa.selenium.remote.service.DriverCommandExecutor.execute(DriverCommandExecutor.java:83)&#xa;	at org.openqa.selenium.remote.RemoteWebDriver.execute(RemoteWebDriver.java:552)&#xa;	at com.kms.katalon.selenium.driver.CChromeDriver.execute(CChromeDriver.java:19)&#xa;	at org.openqa.selenium.remote.RemoteWebElement.execute(RemoteWebElement.java:285)&#xa;	at org.openqa.selenium.remote.RemoteWebElement.click(RemoteWebElement.java:84)&#xa;	at jdk.internal.reflect.GeneratedMethodAccessor14.invoke(Unknown Source)&#xa;	at java.base/jdk.internal.reflect.DelegatingMethodAccessorImpl.invoke(DelegatingMethodAccessorImpl.java:43)&#xa;	at org.openqa.selenium.support.events.EventFiringWebDriver$EventFiringWebElement.lambda$new$0(EventFiringWebDriver.java:404)&#xa;	at jdk.proxy2/jdk.proxy2.$Proxy26.click(Unknown Source)&#xa;	at org.openqa.selenium.support.events.EventFiringWebDriver$EventFiringWebElement.click(EventFiringWebDriver.java:417)&#xa;	at org.openqa.selenium.WebElement$click.call(Unknown Source)&#xa;	at com.kms.katalon.core.webui.keyword.builtin.ClickKeyword.clickUntilSuccessWithTimeout(ClickKeyword.groovy:81)&#xa;	at com.kms.katalon.core.webui.keyword.builtin.ClickKeyword.clickUntilSuccessWithTimeout(ClickKeyword.groovy)&#xa;	at jdk.internal.reflect.GeneratedMethodAccessor12.invoke(Unknown Source)&#xa;	at java.base/jdk.internal.reflect.DelegatingMethodAccessorImpl.invoke(DelegatingMethodAccessorImpl.java:43)&#xa;	at com.kms.katalon.core.webui.keyword.builtin.ClickKeyword$_click_closure1.doCall(ClickKeyword.groovy:67)&#xa;	at com.kms.katalon.core.webui.keyword.builtin.ClickKeyword$_click_closure1.call(ClickKeyword.groovy)&#xa;	at com.kms.katalon.core.webui.keyword.internal.WebUIKeywordMain.runKeyword(WebUIKeywordMain.groovy:20)&#xa;	... 23 more&#xa;"/>
         <system-out><![CDATA[2023-11-01 10:07:46 - [TEST_CASE][FAILED] - Test Cases/Deloitte - Search job within Deloitte Careers: Test Cases/Deloitte - Search job within Deloitte Careers FAILED.
Reason:
com.kms.katalon.core.exception.StepFailedException: Unable to click on object 'Object Repository/Deloitte/Page_Deloitte US  Audit, Consulting, Adviso_ec7ae4/a_Experienced Professionals'
	at com.kms.katalon.core.webui.keyword.internal.WebUIKeywordMain.stepFailed(WebUIKeywordMain.groovy:64)
	at com.kms.katalon.core.webui.keyword.internal.WebUIKeywordMain.runKeyword(WebUIKeywordMain.groovy:26)
	at com.kms.katalon.core.webui.keyword.builtin.ClickKeyword.click(ClickKeyword.groovy:74)
	at com.kms.katalon.core.webui.keyword.builtin.ClickKeyword.execute(ClickKeyword.groovy:40)
	at com.kms.katalon.core.keyword.internal.KeywordExecutor.executeKeywordForPlatform(KeywordExecutor.groovy:74)
	at com.kms.katalon.core.webui.keyword.WebUiBuiltInKeywords.click(WebUiBuiltInKeywords.groovy:620)
	at Deloitte - Search job within Deloitte Careers.run(Deloitte - Search job within Deloitte Careers:30)
	at com.kms.katalon.core.main.ScriptEngine.run(ScriptEngine.java:194)
	at com.kms.katalon.core.main.ScriptEngine.runScriptAsRawText(ScriptEngine.java:119)
	at com.kms.katalon.core.main.TestCaseExecutor.runScript(TestCaseExecutor.java:448)
	at com.kms.katalon.core.main.TestCaseExecutor.doExecute(TestCaseExecutor.java:439)
	at com.kms.katalon.core.main.TestCaseExecutor.processExecutionPhase(TestCaseExecutor.java:418)
	at com.kms.katalon.core.main.TestCaseExecutor.accessMainPhase(TestCaseExecutor.java:410)
	at com.kms.katalon.core.main.TestCaseExecutor.execute(TestCaseExecutor.java:285)
	at com.kms.katalon.core.main.TestCaseExecutor.execute(TestCaseExecutor.java:369)
	at com.kms.katalon.core.main.TestCaseExecutor.execute(TestCaseExecutor.java:369)
	at com.kms.katalon.core.main.TestCaseExecutor.execute(TestCaseExecutor.java:369)
	at com.kms.katalon.core.common.CommonExecutor.accessTestCaseMainPhase(CommonExecutor.java:65)
	at com.kms.katalon.core.main.TestSuiteExecutor.accessTestSuiteMainPhase(TestSuiteExecutor.java:148)
	at com.kms.katalon.core.main.TestSuiteExecutor.execute(TestSuiteExecutor.java:106)
	at com.kms.katalon.core.main.TestCaseMain.startTestSuite(TestCaseMain.java:187)
	at TempTestSuite1698847576726.run(TempTestSuite1698847576726.groovy:36)
	at java.base/jdk.internal.reflect.NativeMethodAccessorImpl.invoke0(Native Method)
	at java.base/jdk.internal.reflect.NativeMethodAccessorImpl.invoke(NativeMethodAccessorImpl.java:77)
	at java.base/jdk.internal.reflect.DelegatingMethodAccessorImpl.invoke(DelegatingMethodAccessorImpl.java:43)
Caused by: org.openqa.selenium.ElementNotInteractableException: element not interactable
  (Session info: chrome=118.0.5993.118)
Build info: version: '3.141.59', revision: 'e82be7d358', time: '2018-11-14T08:25:53'
System info: host: 'USPRNRCHALIL2', ip: '10.0.0.182', os.name: 'Windows 10', os.arch: 'amd64', os.version: '10.0', java.version: '17.0.7'
Driver info: com.kms.katalon.selenium.driver.CChromeDriver
Capabilities {acceptInsecureCerts: false, browserName: chrome, browserVersion: 118.0.5993.118, chrome: {chromedriverVersion: 118.0.5993.70 (e52f33f30b91..., userDataDir: C:\Users\rchalil\AppData\Lo...}, fedcm:accounts: true, goog:chromeOptions: {debuggerAddress: localhost:56433}, javascriptEnabled: true, networkConnectionEnabled: false, pageLoadStrategy: normal, platform: WINDOWS, platformName: WINDOWS, proxy: Proxy(), setWindowRect: true, strictFileInteractability: false, timeouts: {implicit: 0, pageLoad: 300000, script: 30000}, unhandledPromptBehavior: dismiss and notify, webauthn:extension:credBlob: true, webauthn:extension:largeBlob: true, webauthn:extension:minPinLength: true, webauthn:extension:prf: true, webauthn:virtualAuthenticators: true}
Session ID: 1afc3e9bdc8fd2894c3346a61510bd41
	at java.base/jdk.internal.reflect.NativeConstructorAccessorImpl.newInstance0(Native Method)
	at java.base/jdk.internal.reflect.NativeConstructorAccessorImpl.newInstance(NativeConstructorAccessorImpl.java:77)
	at java.base/jdk.internal.reflect.DelegatingConstructorAccessorImpl.newInstance(DelegatingConstructorAccessorImpl.java:45)
	at org.openqa.selenium.remote.http.W3CHttpResponseCodec.createException(W3CHttpResponseCodec.java:187)
	at org.openqa.selenium.remote.http.W3CHttpResponseCodec.decode(W3CHttpResponseCodec.java:122)
	at org.openqa.selenium.remote.http.W3CHttpResponseCodec.decode(W3CHttpResponseCodec.java:49)
	at org.openqa.selenium.remote.HttpCommandExecutor.execute(HttpCommandExecutor.java:158)
	at org.openqa.selenium.remote.service.DriverCommandExecutor.execute(DriverCommandExecutor.java:83)
	at org.openqa.selenium.remote.RemoteWebDriver.execute(RemoteWebDriver.java:552)
	at com.kms.katalon.selenium.driver.CChromeDriver.execute(CChromeDriver.java:19)
	at org.openqa.selenium.remote.RemoteWebElement.execute(RemoteWebElement.java:285)
	at org.openqa.selenium.remote.RemoteWebElement.click(RemoteWebElement.java:84)
	at jdk.internal.reflect.GeneratedMethodAccessor14.invoke(Unknown Source)
	at java.base/jdk.internal.reflect.DelegatingMethodAccessorImpl.invoke(DelegatingMethodAccessorImpl.java:43)
	at org.openqa.selenium.support.events.EventFiringWebDriver$EventFiringWebElement.lambda$new$0(EventFiringWebDriver.java:404)
	at jdk.proxy2/jdk.proxy2.$Proxy26.click(Unknown Source)
	at org.openqa.selenium.support.events.EventFiringWebDriver$EventFiringWebElement.click(EventFiringWebDriver.java:417)
	at org.openqa.selenium.WebElement$click.call(Unknown Source)
	at com.kms.katalon.core.webui.keyword.builtin.ClickKeyword.clickUntilSuccessWithTimeout(ClickKeyword.groovy:81)
	at com.kms.katalon.core.webui.keyword.builtin.ClickKeyword.clickUntilSuccessWithTimeout(ClickKeyword.groovy)
	at jdk.internal.reflect.GeneratedMethodAccessor12.invoke(Unknown Source)
	at java.base/jdk.internal.reflect.DelegatingMethodAccessorImpl.invoke(DelegatingMethodAccessorImpl.java:43)
	at com.kms.katalon.core.webui.keyword.builtin.ClickKeyword$_click_closure1.doCall(ClickKeyword.groovy:67)
	at com.kms.katalon.core.webui.keyword.builtin.ClickKeyword$_click_closure1.call(ClickKeyword.groovy)
	at com.kms.katalon.core.webui.keyword.internal.WebUIKeywordMain.runKeyword(WebUIKeywordMain.groovy:20)
	... 23 more


2023-11-01 10:07:46 - [TEST_STEP][PASSED] - Start listener action : sampleBeforeTestCase: null

2023-11-01 10:07:46 - [TEST_STEP][PASSED] - println(testCaseContext.getTestCaseId()): null

2023-11-01 10:07:46 - [TEST_STEP][PASSED] - println(testCaseContext.getTestCaseVariables()): null

2023-11-01 10:07:46 - [TEST_STEP][PASSED] - openBrowser(""): Browser is opened with url: ''

2023-11-01 10:07:46 - [MESSAGE][WARNING] - A browser is already opened. Closing browser and opening a new one

2023-11-01 10:07:47 - [MESSAGE][INFO] - Starting 'Chrome' driver

2023-11-01 10:07:47 - [MESSAGE][INFO] - Action delay is set to 0 milliseconds

2023-11-01 10:07:50 - [MESSAGE][PASSED] - Browser is opened with url: ''

2023-11-01 10:07:50 - [TEST_STEP][PASSED] - navigateToUrl("https://www2.deloitte.com/us/en.html"): Navigate to 'https://www2.deloitte.com/us/en.html' successfully

2023-11-01 10:07:52 - [MESSAGE][PASSED] - Navigate to 'https://www2.deloitte.com/us/en.html' successfully

2023-11-01 10:07:52 - [TEST_STEP][PASSED] - maximizeWindow(): Current window maximized

2023-11-01 10:07:52 - [MESSAGE][PASSED] - Current window maximized

2023-11-01 10:07:52 - [TEST_STEP][PASSED] - click(findTestObject("Object Repository/Deloitte/Page_Deloitte US  Audit, Consulting, Adviso_ec7ae4/button_Accept and close")): Object: 'Object Repository/Deloitte/Page_Deloitte US  Audit, Consulting, Adviso_ec7ae4/button_Accept and close' is clicked on

2023-11-01 10:07:57 - [MESSAGE][PASSED] - Object: 'Object Repository/Deloitte/Page_Deloitte US  Audit, Consulting, Adviso_ec7ae4/button_Accept and close' is clicked on

2023-11-01 10:07:57 - [TEST_STEP][PASSED] - click(findTestObject("Object Repository/Deloitte/Page_Deloitte US  Audit, Consulting, Adviso_ec7ae4/i_icon-search")): Object: 'Object Repository/Deloitte/Page_Deloitte US  Audit, Consulting, Adviso_ec7ae4/i_icon-search' is clicked on

2023-11-01 10:07:58 - [MESSAGE][PASSED] - Object: 'Object Repository/Deloitte/Page_Deloitte US  Audit, Consulting, Adviso_ec7ae4/i_icon-search' is clicked on

2023-11-01 10:07:58 - [TEST_STEP][FAILED] - click(findTestObject("Object Repository/Deloitte/Page_Deloitte US  Audit, Consulting, Adviso_ec7ae4/a_Experienced Professionals")): Unable to click on object 'Object Repository/Deloitte/Page_Deloitte US  Audit, Consulting, Adviso_ec7ae4/a_Experienced Professionals' (Root cause: com.kms.katalon.core.exception.StepFailedException: Unable to click on object 'Object Repository/Deloitte/Page_Deloitte US  Audit, Consulting, Adviso_ec7ae4/a_Experienced Professionals'
	at com.kms.katalon.core.webui.keyword.internal.WebUIKeywordMain.stepFailed(WebUIKeywordMain.groovy:64)
	at com.kms.katalon.core.webui.keyword.internal.WebUIKeywordMain.runKeyword(WebUIKeywordMain.groovy:26)
	at com.kms.katalon.core.webui.keyword.builtin.ClickKeyword.click(ClickKeyword.groovy:74)
	at com.kms.katalon.core.webui.keyword.builtin.ClickKeyword.execute(ClickKeyword.groovy:40)
	at com.kms.katalon.core.keyword.internal.KeywordExecutor.executeKeywordForPlatform(KeywordExecutor.groovy:74)
	at com.kms.katalon.core.webui.keyword.WebUiBuiltInKeywords.click(WebUiBuiltInKeywords.groovy:620)
	at Deloitte - Search job within Deloitte Careers.run(Deloitte - Search job within Deloitte Careers:30)
	at com.kms.katalon.core.main.ScriptEngine.run(ScriptEngine.java:194)
	at com.kms.katalon.core.main.ScriptEngine.runScriptAsRawText(ScriptEngine.java:119)
	at com.kms.katalon.core.main.TestCaseExecutor.runScript(TestCaseExecutor.java:448)
	at com.kms.katalon.core.main.TestCaseExecutor.doExecute(TestCaseExecutor.java:439)
	at com.kms.katalon.core.main.TestCaseExecutor.processExecutionPhase(TestCaseExecutor.java:418)
	at com.kms.katalon.core.main.TestCaseExecutor.accessMainPhase(TestCaseExecutor.java:410)
	at com.kms.katalon.core.main.TestCaseExecutor.execute(TestCaseExecutor.java:285)
	at com.kms.katalon.core.main.TestCaseExecutor.execute(TestCaseExecutor.java:369)
	at com.kms.katalon.core.main.TestCaseExecutor.execute(TestCaseExecutor.java:369)
	at com.kms.katalon.core.main.TestCaseExecutor.execute(TestCaseExecutor.java:369)
	at com.kms.katalon.core.common.CommonExecutor.accessTestCaseMainPhase(CommonExecutor.java:65)
	at com.kms.katalon.core.main.TestSuiteExecutor.accessTestSuiteMainPhase(TestSuiteExecutor.java:148)
	at com.kms.katalon.core.main.TestSuiteExecutor.execute(TestSuiteExecutor.java:106)
	at com.kms.katalon.core.main.TestCaseMain.startTestSuite(TestCaseMain.java:187)
	at TempTestSuite1698847576726.run(TempTestSuite1698847576726.groovy:36)
	at java.base/jdk.internal.reflect.NativeMethodAccessorImpl.invoke0(Native Method)
	at java.base/jdk.internal.reflect.NativeMethodAccessorImpl.invoke(NativeMethodAccessorImpl.java:77)
	at java.base/jdk.internal.reflect.DelegatingMethodAccessorImpl.invoke(DelegatingMethodAccessorImpl.java:43)
Caused by: org.openqa.selenium.ElementNotInteractableException: element not interactable
  (Session info: chrome=118.0.5993.118)
Build info: version: '3.141.59', revision: 'e82be7d358', time: '2018-11-14T08:25:53'
System info: host: 'USPRNRCHALIL2', ip: '10.0.0.182', os.name: 'Windows 10', os.arch: 'amd64', os.version: '10.0', java.version: '17.0.7'
Driver info: com.kms.katalon.selenium.driver.CChromeDriver
Capabilities {acceptInsecureCerts: false, browserName: chrome, browserVersion: 118.0.5993.118, chrome: {chromedriverVersion: 118.0.5993.70 (e52f33f30b91..., userDataDir: C:\Users\rchalil\AppData\Lo...}, fedcm:accounts: true, goog:chromeOptions: {debuggerAddress: localhost:56433}, javascriptEnabled: true, networkConnectionEnabled: false, pageLoadStrategy: normal, platform: WINDOWS, platformName: WINDOWS, proxy: Proxy(), setWindowRect: true, strictFileInteractability: false, timeouts: {implicit: 0, pageLoad: 300000, script: 30000}, unhandledPromptBehavior: dismiss and notify, webauthn:extension:credBlob: true, webauthn:extension:largeBlob: true, webauthn:extension:minPinLength: true, webauthn:extension:prf: true, webauthn:virtualAuthenticators: true}
Session ID: 1afc3e9bdc8fd2894c3346a61510bd41
	at java.base/jdk.internal.reflect.NativeConstructorAccessorImpl.newInstance0(Native Method)
	at java.base/jdk.internal.reflect.NativeConstructorAccessorImpl.newInstance(NativeConstructorAccessorImpl.java:77)
	at java.base/jdk.internal.reflect.DelegatingConstructorAccessorImpl.newInstance(DelegatingConstructorAccessorImpl.java:45)
	at org.openqa.selenium.remote.http.W3CHttpResponseCodec.createException(W3CHttpResponseCodec.java:187)
	at org.openqa.selenium.remote.http.W3CHttpResponseCodec.decode(W3CHttpResponseCodec.java:122)
	at org.openqa.selenium.remote.http.W3CHttpResponseCodec.decode(W3CHttpResponseCodec.java:49)
	at org.openqa.selenium.remote.HttpCommandExecutor.execute(HttpCommandExecutor.java:158)
	at org.openqa.selenium.remote.service.DriverCommandExecutor.execute(DriverCommandExecutor.java:83)
	at org.openqa.selenium.remote.RemoteWebDriver.execute(RemoteWebDriver.java:552)
	at com.kms.katalon.selenium.driver.CChromeDriver.execute(CChromeDriver.java:19)
	at org.openqa.selenium.remote.RemoteWebElement.execute(RemoteWebElement.java:285)
	at org.openqa.selenium.remote.RemoteWebElement.click(RemoteWebElement.java:84)
	at jdk.internal.reflect.GeneratedMethodAccessor14.invoke(Unknown Source)
	at java.base/jdk.internal.reflect.DelegatingMethodAccessorImpl.invoke(DelegatingMethodAccessorImpl.java:43)
	at org.openqa.selenium.support.events.EventFiringWebDriver$EventFiringWebElement.lambda$new$0(EventFiringWebDriver.java:404)
	at jdk.proxy2/jdk.proxy2.$Proxy26.click(Unknown Source)
	at org.openqa.selenium.support.events.EventFiringWebDriver$EventFiringWebElement.click(EventFiringWebDriver.java:417)
	at org.openqa.selenium.WebElement$click.call(Unknown Source)
	at com.kms.katalon.core.webui.keyword.builtin.ClickKeyword.clickUntilSuccessWithTimeout(ClickKeyword.groovy:81)
	at com.kms.katalon.core.webui.keyword.builtin.ClickKeyword.clickUntilSuccessWithTimeout(ClickKeyword.groovy)
	at jdk.internal.reflect.GeneratedMethodAccessor12.invoke(Unknown Source)
	at java.base/jdk.internal.reflect.DelegatingMethodAccessorImpl.invoke(DelegatingMethodAccessorImpl.java:43)
	at com.kms.katalon.core.webui.keyword.builtin.ClickKeyword$_click_closure1.doCall(ClickKeyword.groovy:67)
	at com.kms.katalon.core.webui.keyword.builtin.ClickKeyword$_click_closure1.call(ClickKeyword.groovy)
	at com.kms.katalon.core.webui.keyword.internal.WebUIKeywordMain.runKeyword(WebUIKeywordMain.groovy:20)
	at com.kms.katalon.core.webui.keyword.builtin.ClickKeyword.click(ClickKeyword.groovy:74)
	at com.kms.katalon.core.webui.keyword.builtin.ClickKeyword.execute(ClickKeyword.groovy:40)
	at com.kms.katalon.core.keyword.internal.KeywordExecutor.executeKeywordForPlatform(KeywordExecutor.groovy:74)
	at com.kms.katalon.core.webui.keyword.WebUiBuiltInKeywords.click(WebUiBuiltInKeywords.groovy:620)
	at Script1698804000480.run(Script1698804000480.groovy:30)
	... 18 more
)

2023-11-01 10:07:59 - [MESSAGE][FAILED] - Unable to click on object 'Object Repository/Deloitte/Page_Deloitte US  Audit, Consulting, Adviso_ec7ae4/a_Experienced Professionals' (Root cause: com.kms.katalon.core.exception.StepFailedException: Unable to click on object 'Object Repository/Deloitte/Page_Deloitte US  Audit, Consulting, Adviso_ec7ae4/a_Experienced Professionals'
	at com.kms.katalon.core.webui.keyword.internal.WebUIKeywordMain.stepFailed(WebUIKeywordMain.groovy:64)
	at com.kms.katalon.core.webui.keyword.internal.WebUIKeywordMain.runKeyword(WebUIKeywordMain.groovy:26)
	at com.kms.katalon.core.webui.keyword.builtin.ClickKeyword.click(ClickKeyword.groovy:74)
	at com.kms.katalon.core.webui.keyword.builtin.ClickKeyword.execute(ClickKeyword.groovy:40)
	at com.kms.katalon.core.keyword.internal.KeywordExecutor.executeKeywordForPlatform(KeywordExecutor.groovy:74)
	at com.kms.katalon.core.webui.keyword.WebUiBuiltInKeywords.click(WebUiBuiltInKeywords.groovy:620)
	at Deloitte - Search job within Deloitte Careers.run(Deloitte - Search job within Deloitte Careers:30)
	at com.kms.katalon.core.main.ScriptEngine.run(ScriptEngine.java:194)
	at com.kms.katalon.core.main.ScriptEngine.runScriptAsRawText(ScriptEngine.java:119)
	at com.kms.katalon.core.main.TestCaseExecutor.runScript(TestCaseExecutor.java:448)
	at com.kms.katalon.core.main.TestCaseExecutor.doExecute(TestCaseExecutor.java:439)
	at com.kms.katalon.core.main.TestCaseExecutor.processExecutionPhase(TestCaseExecutor.java:418)
	at com.kms.katalon.core.main.TestCaseExecutor.accessMainPhase(TestCaseExecutor.java:410)
	at com.kms.katalon.core.main.TestCaseExecutor.execute(TestCaseExecutor.java:285)
	at com.kms.katalon.core.main.TestCaseExecutor.execute(TestCaseExecutor.java:369)
	at com.kms.katalon.core.main.TestCaseExecutor.execute(TestCaseExecutor.java:369)
	at com.kms.katalon.core.main.TestCaseExecutor.execute(TestCaseExecutor.java:369)
	at com.kms.katalon.core.common.CommonExecutor.accessTestCaseMainPhase(CommonExecutor.java:65)
	at com.kms.katalon.core.main.TestSuiteExecutor.accessTestSuiteMainPhase(TestSuiteExecutor.java:148)
	at com.kms.katalon.core.main.TestSuiteExecutor.execute(TestSuiteExecutor.java:106)
	at com.kms.katalon.core.main.TestCaseMain.startTestSuite(TestCaseMain.java:187)
	at TempTestSuite1698847576726.run(TempTestSuite1698847576726.groovy:36)
	at java.base/jdk.internal.reflect.NativeMethodAccessorImpl.invoke0(Native Method)
	at java.base/jdk.internal.reflect.NativeMethodAccessorImpl.invoke(NativeMethodAccessorImpl.java:77)
	at java.base/jdk.internal.reflect.DelegatingMethodAccessorImpl.invoke(DelegatingMethodAccessorImpl.java:43)
Caused by: org.openqa.selenium.ElementNotInteractableException: element not interactable
  (Session info: chrome=118.0.5993.118)
Build info: version: '3.141.59', revision: 'e82be7d358', time: '2018-11-14T08:25:53'
System info: host: 'USPRNRCHALIL2', ip: '10.0.0.182', os.name: 'Windows 10', os.arch: 'amd64', os.version: '10.0', java.version: '17.0.7'
Driver info: com.kms.katalon.selenium.driver.CChromeDriver
Capabilities {acceptInsecureCerts: false, browserName: chrome, browserVersion: 118.0.5993.118, chrome: {chromedriverVersion: 118.0.5993.70 (e52f33f30b91..., userDataDir: C:\Users\rchalil\AppData\Lo...}, fedcm:accounts: true, goog:chromeOptions: {debuggerAddress: localhost:56433}, javascriptEnabled: true, networkConnectionEnabled: false, pageLoadStrategy: normal, platform: WINDOWS, platformName: WINDOWS, proxy: Proxy(), setWindowRect: true, strictFileInteractability: false, timeouts: {implicit: 0, pageLoad: 300000, script: 30000}, unhandledPromptBehavior: dismiss and notify, webauthn:extension:credBlob: true, webauthn:extension:largeBlob: true, webauthn:extension:minPinLength: true, webauthn:extension:prf: true, webauthn:virtualAuthenticators: true}
Session ID: 1afc3e9bdc8fd2894c3346a61510bd41
	at java.base/jdk.internal.reflect.NativeConstructorAccessorImpl.newInstance0(Native Method)
	at java.base/jdk.internal.reflect.NativeConstructorAccessorImpl.newInstance(NativeConstructorAccessorImpl.java:77)
	at java.base/jdk.internal.reflect.DelegatingConstructorAccessorImpl.newInstance(DelegatingConstructorAccessorImpl.java:45)
	at org.openqa.selenium.remote.http.W3CHttpResponseCodec.createException(W3CHttpResponseCodec.java:187)
	at org.openqa.selenium.remote.http.W3CHttpResponseCodec.decode(W3CHttpResponseCodec.java:122)
	at org.openqa.selenium.remote.http.W3CHttpResponseCodec.decode(W3CHttpResponseCodec.java:49)
	at org.openqa.selenium.remote.HttpCommandExecutor.execute(HttpCommandExecutor.java:158)
	at org.openqa.selenium.remote.service.DriverCommandExecutor.execute(DriverCommandExecutor.java:83)
	at org.openqa.selenium.remote.RemoteWebDriver.execute(RemoteWebDriver.java:552)
	at com.kms.katalon.selenium.driver.CChromeDriver.execute(CChromeDriver.java:19)
	at org.openqa.selenium.remote.RemoteWebElement.execute(RemoteWebElement.java:285)
	at org.openqa.selenium.remote.RemoteWebElement.click(RemoteWebElement.java:84)
	at jdk.internal.reflect.GeneratedMethodAccessor14.invoke(Unknown Source)
	at java.base/jdk.internal.reflect.DelegatingMethodAccessorImpl.invoke(DelegatingMethodAccessorImpl.java:43)
	at org.openqa.selenium.support.events.EventFiringWebDriver$EventFiringWebElement.lambda$new$0(EventFiringWebDriver.java:404)
	at jdk.proxy2/jdk.proxy2.$Proxy26.click(Unknown Source)
	at org.openqa.selenium.support.events.EventFiringWebDriver$EventFiringWebElement.click(EventFiringWebDriver.java:417)
	at org.openqa.selenium.WebElement$click.call(Unknown Source)
	at com.kms.katalon.core.webui.keyword.builtin.ClickKeyword.clickUntilSuccessWithTimeout(ClickKeyword.groovy:81)
	at com.kms.katalon.core.webui.keyword.builtin.ClickKeyword.clickUntilSuccessWithTimeout(ClickKeyword.groovy)
	at jdk.internal.reflect.GeneratedMethodAccessor12.invoke(Unknown Source)
	at java.base/jdk.internal.reflect.DelegatingMethodAccessorImpl.invoke(DelegatingMethodAccessorImpl.java:43)
	at com.kms.katalon.core.webui.keyword.builtin.ClickKeyword$_click_closure1.doCall(ClickKeyword.groovy:67)
	at com.kms.katalon.core.webui.keyword.builtin.ClickKeyword$_click_closure1.call(ClickKeyword.groovy)
	at com.kms.katalon.core.webui.keyword.internal.WebUIKeywordMain.runKeyword(WebUIKeywordMain.groovy:20)
	at com.kms.katalon.core.webui.keyword.builtin.ClickKeyword.click(ClickKeyword.groovy:74)
	at com.kms.katalon.core.webui.keyword.builtin.ClickKeyword.execute(ClickKeyword.groovy:40)
	at com.kms.katalon.core.keyword.internal.KeywordExecutor.executeKeywordForPlatform(KeywordExecutor.groovy:74)
	at com.kms.katalon.core.webui.keyword.WebUiBuiltInKeywords.click(WebUiBuiltInKeywords.groovy:620)
	at Script1698804000480.run(Script1698804000480.groovy:30)
	... 18 more
)
[[ATTACHMENT|C:\\Users\\rchalil\\Katalon Studio\\My First Web UI Project\\Reports\\20231101_100616\\Reshna - All TCs Suite2\\20231101_100616\\1698847678948.png]]

2023-11-01 10:07:59 - [TEST_STEP][PASSED] - Start listener action : sampleAfterTestCase: null

2023-11-01 10:07:59 - [TEST_STEP][PASSED] - println(testCaseContext.getTestCaseId()): null

2023-11-01 10:07:59 - [TEST_STEP][PASSED] - println(testCaseContext.getTestCaseStatus()): null]]></system-out>
         <system-err><![CDATA[2023-11-01 10:07:46 - [TEST_CASE][FAILED] - Test Cases/Deloitte - Search job within Deloitte Careers: Test Cases/Deloitte - Search job within Deloitte Careers FAILED.
Reason:
com.kms.katalon.core.exception.StepFailedException: Unable to click on object 'Object Repository/Deloitte/Page_Deloitte US  Audit, Consulting, Adviso_ec7ae4/a_Experienced Professionals'
	at com.kms.katalon.core.webui.keyword.internal.WebUIKeywordMain.stepFailed(WebUIKeywordMain.groovy:64)
	at com.kms.katalon.core.webui.keyword.internal.WebUIKeywordMain.runKeyword(WebUIKeywordMain.groovy:26)
	at com.kms.katalon.core.webui.keyword.builtin.ClickKeyword.click(ClickKeyword.groovy:74)
	at com.kms.katalon.core.webui.keyword.builtin.ClickKeyword.execute(ClickKeyword.groovy:40)
	at com.kms.katalon.core.keyword.internal.KeywordExecutor.executeKeywordForPlatform(KeywordExecutor.groovy:74)
	at com.kms.katalon.core.webui.keyword.WebUiBuiltInKeywords.click(WebUiBuiltInKeywords.groovy:620)
	at Deloitte - Search job within Deloitte Careers.run(Deloitte - Search job within Deloitte Careers:30)
	at com.kms.katalon.core.main.ScriptEngine.run(ScriptEngine.java:194)
	at com.kms.katalon.core.main.ScriptEngine.runScriptAsRawText(ScriptEngine.java:119)
	at com.kms.katalon.core.main.TestCaseExecutor.runScript(TestCaseExecutor.java:448)
	at com.kms.katalon.core.main.TestCaseExecutor.doExecute(TestCaseExecutor.java:439)
	at com.kms.katalon.core.main.TestCaseExecutor.processExecutionPhase(TestCaseExecutor.java:418)
	at com.kms.katalon.core.main.TestCaseExecutor.accessMainPhase(TestCaseExecutor.java:410)
	at com.kms.katalon.core.main.TestCaseExecutor.execute(TestCaseExecutor.java:285)
	at com.kms.katalon.core.main.TestCaseExecutor.execute(TestCaseExecutor.java:369)
	at com.kms.katalon.core.main.TestCaseExecutor.execute(TestCaseExecutor.java:369)
	at com.kms.katalon.core.main.TestCaseExecutor.execute(TestCaseExecutor.java:369)
	at com.kms.katalon.core.common.CommonExecutor.accessTestCaseMainPhase(CommonExecutor.java:65)
	at com.kms.katalon.core.main.TestSuiteExecutor.accessTestSuiteMainPhase(TestSuiteExecutor.java:148)
	at com.kms.katalon.core.main.TestSuiteExecutor.execute(TestSuiteExecutor.java:106)
	at com.kms.katalon.core.main.TestCaseMain.startTestSuite(TestCaseMain.java:187)
	at TempTestSuite1698847576726.run(TempTestSuite1698847576726.groovy:36)
	at java.base/jdk.internal.reflect.NativeMethodAccessorImpl.invoke0(Native Method)
	at java.base/jdk.internal.reflect.NativeMethodAccessorImpl.invoke(NativeMethodAccessorImpl.java:77)
	at java.base/jdk.internal.reflect.DelegatingMethodAccessorImpl.invoke(DelegatingMethodAccessorImpl.java:43)
Caused by: org.openqa.selenium.ElementNotInteractableException: element not interactable
  (Session info: chrome=118.0.5993.118)
Build info: version: '3.141.59', revision: 'e82be7d358', time: '2018-11-14T08:25:53'
System info: host: 'USPRNRCHALIL2', ip: '10.0.0.182', os.name: 'Windows 10', os.arch: 'amd64', os.version: '10.0', java.version: '17.0.7'
Driver info: com.kms.katalon.selenium.driver.CChromeDriver
Capabilities {acceptInsecureCerts: false, browserName: chrome, browserVersion: 118.0.5993.118, chrome: {chromedriverVersion: 118.0.5993.70 (e52f33f30b91..., userDataDir: C:\Users\rchalil\AppData\Lo...}, fedcm:accounts: true, goog:chromeOptions: {debuggerAddress: localhost:56433}, javascriptEnabled: true, networkConnectionEnabled: false, pageLoadStrategy: normal, platform: WINDOWS, platformName: WINDOWS, proxy: Proxy(), setWindowRect: true, strictFileInteractability: false, timeouts: {implicit: 0, pageLoad: 300000, script: 30000}, unhandledPromptBehavior: dismiss and notify, webauthn:extension:credBlob: true, webauthn:extension:largeBlob: true, webauthn:extension:minPinLength: true, webauthn:extension:prf: true, webauthn:virtualAuthenticators: true}
Session ID: 1afc3e9bdc8fd2894c3346a61510bd41
	at java.base/jdk.internal.reflect.NativeConstructorAccessorImpl.newInstance0(Native Method)
	at java.base/jdk.internal.reflect.NativeConstructorAccessorImpl.newInstance(NativeConstructorAccessorImpl.java:77)
	at java.base/jdk.internal.reflect.DelegatingConstructorAccessorImpl.newInstance(DelegatingConstructorAccessorImpl.java:45)
	at org.openqa.selenium.remote.http.W3CHttpResponseCodec.createException(W3CHttpResponseCodec.java:187)
	at org.openqa.selenium.remote.http.W3CHttpResponseCodec.decode(W3CHttpResponseCodec.java:122)
	at org.openqa.selenium.remote.http.W3CHttpResponseCodec.decode(W3CHttpResponseCodec.java:49)
	at org.openqa.selenium.remote.HttpCommandExecutor.execute(HttpCommandExecutor.java:158)
	at org.openqa.selenium.remote.service.DriverCommandExecutor.execute(DriverCommandExecutor.java:83)
	at org.openqa.selenium.remote.RemoteWebDriver.execute(RemoteWebDriver.java:552)
	at com.kms.katalon.selenium.driver.CChromeDriver.execute(CChromeDriver.java:19)
	at org.openqa.selenium.remote.RemoteWebElement.execute(RemoteWebElement.java:285)
	at org.openqa.selenium.remote.RemoteWebElement.click(RemoteWebElement.java:84)
	at jdk.internal.reflect.GeneratedMethodAccessor14.invoke(Unknown Source)
	at java.base/jdk.internal.reflect.DelegatingMethodAccessorImpl.invoke(DelegatingMethodAccessorImpl.java:43)
	at org.openqa.selenium.support.events.EventFiringWebDriver$EventFiringWebElement.lambda$new$0(EventFiringWebDriver.java:404)
	at jdk.proxy2/jdk.proxy2.$Proxy26.click(Unknown Source)
	at org.openqa.selenium.support.events.EventFiringWebDriver$EventFiringWebElement.click(EventFiringWebDriver.java:417)
	at org.openqa.selenium.WebElement$click.call(Unknown Source)
	at com.kms.katalon.core.webui.keyword.builtin.ClickKeyword.clickUntilSuccessWithTimeout(ClickKeyword.groovy:81)
	at com.kms.katalon.core.webui.keyword.builtin.ClickKeyword.clickUntilSuccessWithTimeout(ClickKeyword.groovy)
	at jdk.internal.reflect.GeneratedMethodAccessor12.invoke(Unknown Source)
	at java.base/jdk.internal.reflect.DelegatingMethodAccessorImpl.invoke(DelegatingMethodAccessorImpl.java:43)
	at com.kms.katalon.core.webui.keyword.builtin.ClickKeyword$_click_closure1.doCall(ClickKeyword.groovy:67)
	at com.kms.katalon.core.webui.keyword.builtin.ClickKeyword$_click_closure1.call(ClickKeyword.groovy)
	at com.kms.katalon.core.webui.keyword.internal.WebUIKeywordMain.runKeyword(WebUIKeywordMain.groovy:20)
	... 23 more]]></system-err>
      </testcase>
      <testcase name="Test Cases/Deloitte - Verify Deloitte Login with invalid credentials" time="9.821" classname="Test Cases/Deloitte - Verify Deloitte Login with invalid credentials" status="PASSED">
         <system-out><![CDATA[2023-11-01 10:07:59 - [TEST_CASE][PASSED] - Test Cases/Deloitte - Verify Deloitte Login with invalid credentials: Test Cases/Deloitte - Verify Deloitte Login with invalid credentials

2023-11-01 10:07:59 - [TEST_STEP][PASSED] - Start listener action : sampleBeforeTestCase: null

2023-11-01 10:07:59 - [TEST_STEP][PASSED] - println(testCaseContext.getTestCaseId()): null

2023-11-01 10:07:59 - [TEST_STEP][PASSED] - println(testCaseContext.getTestCaseVariables()): null

2023-11-01 10:07:59 - [TEST_STEP][PASSED] - openBrowser(""): Browser is opened with url: ''

2023-11-01 10:07:59 - [MESSAGE][WARNING] - A browser is already opened. Closing browser and opening a new one

2023-11-01 10:07:59 - [MESSAGE][INFO] - Starting 'Chrome' driver

2023-11-01 10:07:59 - [MESSAGE][INFO] - Action delay is set to 0 milliseconds

2023-11-01 10:08:02 - [MESSAGE][PASSED] - Browser is opened with url: ''

2023-11-01 10:08:02 - [TEST_STEP][PASSED] - navigateToUrl("https://apply.deloitte.com/"): Navigate to 'https://apply.deloitte.com/' successfully

2023-11-01 10:08:05 - [MESSAGE][PASSED] - Navigate to 'https://apply.deloitte.com/' successfully

2023-11-01 10:08:05 - [TEST_STEP][PASSED] - maximizeWindow(): Current window maximized

2023-11-01 10:08:05 - [MESSAGE][PASSED] - Current window maximized

2023-11-01 10:08:05 - [TEST_STEP][PASSED] - click(findTestObject("Object Repository/Deloitte/Page_Job Search  Deloitte US/a_Login")): Object: 'Object Repository/Deloitte/Page_Job Search  Deloitte US/a_Login' is clicked on

2023-11-01 10:08:06 - [MESSAGE][PASSED] - Object: 'Object Repository/Deloitte/Page_Job Search  Deloitte US/a_Login' is clicked on

2023-11-01 10:08:06 - [TEST_STEP][PASSED] - click(findTestObject("Object Repository/Deloitte/Page_Login  Deloitte US/button_Log in")): Object: 'Object Repository/Deloitte/Page_Login  Deloitte US/button_Log in' is clicked on

2023-11-01 10:08:07 - [MESSAGE][PASSED] - Object: 'Object Repository/Deloitte/Page_Login  Deloitte US/button_Log in' is clicked on

2023-11-01 10:08:07 - [TEST_STEP][PASSED] - verifyElementText(findTestObject("Object Repository/Deloitte/Page_Login  Deloitte US/div_Username is required"), "Username is required."): Actual text and expected text of test object 'Object Repository/Deloitte/Page_Login  Deloitte US/div_Username is required' are matched.

2023-11-01 10:08:08 - [MESSAGE][PASSED] - Actual text and expected text of test object 'Object Repository/Deloitte/Page_Login  Deloitte US/div_Username is required' are matched.

2023-11-01 10:08:08 - [TEST_STEP][PASSED] - verifyElementText(findTestObject("Object Repository/Deloitte/Page_Login  Deloitte US/div_Password is required"), "Password is required."): Actual text and expected text of test object 'Object Repository/Deloitte/Page_Login  Deloitte US/div_Password is required' are matched.

2023-11-01 10:08:08 - [MESSAGE][PASSED] - Actual text and expected text of test object 'Object Repository/Deloitte/Page_Login  Deloitte US/div_Password is required' are matched.

2023-11-01 10:08:08 - [TEST_STEP][PASSED] - closeBrowser(): Browser is closed

2023-11-01 10:08:09 - [MESSAGE][PASSED] - Browser is closed

2023-11-01 10:08:09 - [TEST_STEP][PASSED] - Start listener action : sampleAfterTestCase: null

2023-11-01 10:08:09 - [TEST_STEP][PASSED] - println(testCaseContext.getTestCaseId()): null

2023-11-01 10:08:09 - [TEST_STEP][PASSED] - println(testCaseContext.getTestCaseStatus()): null]]></system-out>
         <system-err><![CDATA[]]></system-err>
      </testcase>
      <testcase name="Test Cases/Download Deloitte Survey findins - Switch Window" time="16.895" classname="Test Cases/Download Deloitte Survey findins - Switch Window" status="PASSED">
         <system-out><![CDATA[2023-11-01 10:08:09 - [TEST_CASE][PASSED] - Test Cases/Download Deloitte Survey findins - Switch Window: Test Cases/Download Deloitte Survey findins - Switch Window

2023-11-01 10:08:09 - [TEST_STEP][PASSED] - Start listener action : sampleBeforeTestCase: null

2023-11-01 10:08:09 - [TEST_STEP][PASSED] - println(testCaseContext.getTestCaseId()): null

2023-11-01 10:08:09 - [TEST_STEP][PASSED] - println(testCaseContext.getTestCaseVariables()): null

2023-11-01 10:08:09 - [TEST_STEP][PASSED] - openBrowser(""): Browser is opened with url: ''

2023-11-01 10:08:09 - [MESSAGE][INFO] - Starting 'Chrome' driver

2023-11-01 10:08:09 - [MESSAGE][INFO] - Action delay is set to 0 milliseconds

2023-11-01 10:08:12 - [MESSAGE][PASSED] - Browser is opened with url: ''

2023-11-01 10:08:12 - [TEST_STEP][PASSED] - navigateToUrl("https://www2.deloitte.com/us/en.html"): Navigate to 'https://www2.deloitte.com/us/en.html' successfully

2023-11-01 10:08:14 - [MESSAGE][PASSED] - Navigate to 'https://www2.deloitte.com/us/en.html' successfully

2023-11-01 10:08:14 - [TEST_STEP][PASSED] - maximizeWindow(): Current window maximized

2023-11-01 10:08:15 - [MESSAGE][PASSED] - Current window maximized

2023-11-01 10:08:15 - [TEST_STEP][PASSED] - click(findTestObject("Object Repository/Deloitte/Page_Deloitte US  Audit, Consulting, Adviso_ec7ae4/button_Accept and close")): Object: 'Object Repository/Deloitte/Page_Deloitte US  Audit, Consulting, Adviso_ec7ae4/button_Accept and close' is clicked on

2023-11-01 10:08:20 - [MESSAGE][PASSED] - Object: 'Object Repository/Deloitte/Page_Deloitte US  Audit, Consulting, Adviso_ec7ae4/button_Accept and close' is clicked on

2023-11-01 10:08:20 - [TEST_STEP][PASSED] - click(findTestObject("Object Repository/Deloitte/Page_Deloitte US  Audit, Consulting, Adviso_ec7ae4/div_Read the survey findings")): Object: 'Object Repository/Deloitte/Page_Deloitte US  Audit, Consulting, Adviso_ec7ae4/div_Read the survey findings' is clicked on

2023-11-01 10:08:24 - [MESSAGE][PASSED] - Object: 'Object Repository/Deloitte/Page_Deloitte US  Audit, Consulting, Adviso_ec7ae4/div_Read the survey findings' is clicked on

2023-11-01 10:08:24 - [TEST_STEP][PASSED] - click(findTestObject("Object Repository/Deloitte/Page_2023 Deloitte holiday retail survey  D_2a1ba5/img")): Object: 'Object Repository/Deloitte/Page_2023 Deloitte holiday retail survey  D_2a1ba5/img' is clicked on

2023-11-01 10:08:25 - [MESSAGE][PASSED] - Object: 'Object Repository/Deloitte/Page_2023 Deloitte holiday retail survey  D_2a1ba5/img' is clicked on

2023-11-01 10:08:25 - [TEST_STEP][PASSED] - closeBrowser(): Browser is closed

2023-11-01 10:08:26 - [MESSAGE][PASSED] - Browser is closed

2023-11-01 10:08:26 - [TEST_STEP][PASSED] - Start listener action : sampleAfterTestCase: null

2023-11-01 10:08:26 - [TEST_STEP][PASSED] - println(testCaseContext.getTestCaseId()): null

2023-11-01 10:08:26 - [TEST_STEP][PASSED] - println(testCaseContext.getTestCaseStatus()): null]]></system-out>
         <system-err><![CDATA[]]></system-err>
      </testcase>
      <testcase name="Test Cases/Gmail - Forgot email verification" time="38.162" classname="Test Cases/Gmail - Forgot email verification" status="PASSED">
         <system-out><![CDATA[2023-11-01 10:08:26 - [TEST_CASE][PASSED] - Test Cases/Gmail - Forgot email verification: Test Cases/Gmail - Forgot email verification

2023-11-01 10:08:26 - [TEST_STEP][PASSED] - Start listener action : sampleBeforeTestCase: null

2023-11-01 10:08:26 - [TEST_STEP][PASSED] - println(testCaseContext.getTestCaseId()): null

2023-11-01 10:08:26 - [TEST_STEP][PASSED] - println(testCaseContext.getTestCaseVariables()): null

2023-11-01 10:08:26 - [TEST_STEP][PASSED] - openBrowser(""): Browser is opened with url: ''

2023-11-01 10:08:26 - [MESSAGE][INFO] - Starting 'Chrome' driver

2023-11-01 10:08:26 - [MESSAGE][INFO] - Action delay is set to 0 milliseconds

2023-11-01 10:08:29 - [MESSAGE][PASSED] - Browser is opened with url: ''

2023-11-01 10:08:29 - [TEST_STEP][PASSED] - navigateToUrl("https://accounts.google.com/v3/signin/identifier?continue=https%3A%2F%2Fmail.google.com%2Fmail%2Fu%2F0%2F&emr=1&followup=https%3A%2F%2Fmail.google.com%2Fmail%2Fu%2F0%2F&ifkv=AVQVeyz2KxDaCIoSux7c4LnD_19qaKALraXqCL6tDXgQtR0fl_r0sRWKJdWPPWF9Ald7Va9H4pwIZA&osid=1&passive=1209600&service=mail&flowName=GlifWebSignIn&flowEntry=ServiceLogin&dsh=S285881911%3A1698779896826121&theme=glif#inbox"): Navigate to 'https://accounts.google.com/v3/signin/identifier?continue=https%3A%2F%2Fmail.google.com%2Fmail%2Fu%2F0%2F&emr=1&followup=https%3A%2F%2Fmail.google.com%2Fmail%2Fu%2F0%2F&ifkv=AVQVeyz2KxDaCIoSux7c4LnD_19qaKALraXqCL6tDXgQtR0fl_r0sRWKJdWPPWF9Ald7Va9H4pwIZA&osid=1&passive=1209600&service=mail&flowName=GlifWebSignIn&flowEntry=ServiceLogin&dsh=S285881911%3A1698779896826121&theme=glif#inbox' successfully

2023-11-01 10:08:30 - [MESSAGE][PASSED] - Navigate to 'https://accounts.google.com/v3/signin/identifier?continue=https%3A%2F%2Fmail.google.com%2Fmail%2Fu%2F0%2F&emr=1&followup=https%3A%2F%2Fmail.google.com%2Fmail%2Fu%2F0%2F&ifkv=AVQVeyz2KxDaCIoSux7c4LnD_19qaKALraXqCL6tDXgQtR0fl_r0sRWKJdWPPWF9Ald7Va9H4pwIZA&osid=1&passive=1209600&service=mail&flowName=GlifWebSignIn&flowEntry=ServiceLogin&dsh=S285881911%3A1698779896826121&theme=glif#inbox' successfully

2023-11-01 10:08:30 - [TEST_STEP][PASSED] - maximizeWindow(): Current window maximized

2023-11-01 10:08:30 - [MESSAGE][PASSED] - Current window maximized

2023-11-01 10:08:30 - [TEST_STEP][PASSED] - click(findTestObject("Object Repository/Gmail/Page_Gmail/button_Forgot email")): Object: 'Object Repository/Gmail/Page_Gmail/button_Forgot email' is clicked on

2023-11-01 10:08:31 - [MESSAGE][PASSED] - Object: 'Object Repository/Gmail/Page_Gmail/button_Forgot email' is clicked on

2023-11-01 10:08:31 - [TEST_STEP][PASSED] - click(findTestObject("Object Repository/Gmail/Page_Gmail/span_Next")): Object: 'Object Repository/Gmail/Page_Gmail/span_Next' is clicked on

2023-11-01 10:09:03 - [MESSAGE][INFO] - Unable to find the element located by 'By.xpath: //div[@id='identifierNext']/div/button/span'. Please recheck the objects properties to make sure the desired element is located. 

2023-11-01 10:09:03 - [MESSAGE][WARNING] - [SELF-HEALING] Failed to find element with id 'Object Repository/Gmail/Page_Gmail/span_Next'. Try using Self-healing.

2023-11-01 10:09:03 - [MESSAGE][WARNING] - [SELF-HEALING] The current locator of test object 'Object Repository/Gmail/Page_Gmail/span_Next' was broken. Propose an alternative one: '//div[2]/div/div/div/div/button/span'.

2023-11-01 10:09:03 - [MESSAGE][PASSED] - Object: 'Object Repository/Gmail/Page_Gmail/span_Next' is clicked on

2023-11-01 10:09:03 - [TEST_STEP][PASSED] - verifyElementPresent(findTestObject("Object Repository/Gmail/Page_Gmail/div_Enter a valid email or phone number"), 0): Object 'Object Repository/Gmail/Page_Gmail/div_Enter a valid email or phone number' is present

2023-11-01 10:09:03 - [MESSAGE][WARNING] - Timeout '0' is invalid. Using default page load timeout: '30'

2023-11-01 10:09:03 - [MESSAGE][PASSED] - Object 'Object Repository/Gmail/Page_Gmail/div_Enter a valid email or phone number' is present

2023-11-01 10:09:03 - [TEST_STEP][PASSED] - closeBrowser(): Browser is closed

2023-11-01 10:09:04 - [MESSAGE][PASSED] - Browser is closed

2023-11-01 10:09:04 - [TEST_STEP][PASSED] - Start listener action : sampleAfterTestCase: null

2023-11-01 10:09:04 - [TEST_STEP][PASSED] - println(testCaseContext.getTestCaseId()): null

2023-11-01 10:09:04 - [TEST_STEP][PASSED] - println(testCaseContext.getTestCaseStatus()): null]]></system-out>
         <system-err><![CDATA[]]></system-err>
      </testcase>
      <testcase name="Test Cases/Gmail - Incorrect login verification" time="7.344" classname="Test Cases/Gmail - Incorrect login verification" status="PASSED">
         <system-out><![CDATA[2023-11-01 10:09:04 - [TEST_CASE][PASSED] - Test Cases/Gmail - Incorrect login verification: Test Cases/Gmail - Incorrect login verification

2023-11-01 10:09:04 - [TEST_STEP][PASSED] - Start listener action : sampleBeforeTestCase: null

2023-11-01 10:09:04 - [TEST_STEP][PASSED] - println(testCaseContext.getTestCaseId()): null

2023-11-01 10:09:04 - [TEST_STEP][PASSED] - println(testCaseContext.getTestCaseVariables()): null

2023-11-01 10:09:04 - [TEST_STEP][PASSED] - openBrowser(""): Browser is opened with url: ''

2023-11-01 10:09:04 - [MESSAGE][INFO] - Starting 'Chrome' driver

2023-11-01 10:09:04 - [MESSAGE][INFO] - Action delay is set to 0 milliseconds

2023-11-01 10:09:07 - [MESSAGE][PASSED] - Browser is opened with url: ''

2023-11-01 10:09:07 - [TEST_STEP][PASSED] - navigateToUrl("https://accounts.google.com/v3/signin/identifier?continue=https%3A%2F%2Fmail.google.com%2Fmail%2Fu%2F0%2F&emr=1&followup=https%3A%2F%2Fmail.google.com%2Fmail%2Fu%2F0%2F&ifkv=AVQVeywlj-QeinCv6drOjCNfoQ8bXTmpp7Hl7eVjr0AUWTEmWXqv0AIumDuU5lI3vpnkTyFo2aOM&osid=1&passive=1209600&service=mail&flowName=GlifWebSignIn&flowEntry=ServiceLogin&dsh=S-1458760932%3A1698778577004689&theme=glif#inbox"): Navigate to 'https://accounts.google.com/v3/signin/identifier?continue=https%3A%2F%2Fmail.google.com%2Fmail%2Fu%2F0%2F&emr=1&followup=https%3A%2F%2Fmail.google.com%2Fmail%2Fu%2F0%2F&ifkv=AVQVeywlj-QeinCv6drOjCNfoQ8bXTmpp7Hl7eVjr0AUWTEmWXqv0AIumDuU5lI3vpnkTyFo2aOM&osid=1&passive=1209600&service=mail&flowName=GlifWebSignIn&flowEntry=ServiceLogin&dsh=S-1458760932%3A1698778577004689&theme=glif#inbox' successfully

2023-11-01 10:09:08 - [MESSAGE][PASSED] - Navigate to 'https://accounts.google.com/v3/signin/identifier?continue=https%3A%2F%2Fmail.google.com%2Fmail%2Fu%2F0%2F&emr=1&followup=https%3A%2F%2Fmail.google.com%2Fmail%2Fu%2F0%2F&ifkv=AVQVeywlj-QeinCv6drOjCNfoQ8bXTmpp7Hl7eVjr0AUWTEmWXqv0AIumDuU5lI3vpnkTyFo2aOM&osid=1&passive=1209600&service=mail&flowName=GlifWebSignIn&flowEntry=ServiceLogin&dsh=S-1458760932%3A1698778577004689&theme=glif#inbox' successfully

2023-11-01 10:09:08 - [TEST_STEP][PASSED] - maximizeWindow(): Current window maximized

2023-11-01 10:09:08 - [MESSAGE][PASSED] - Current window maximized

2023-11-01 10:09:08 - [TEST_STEP][PASSED] - setText(findTestObject("Object Repository/Gmail/Page_Gmail/input_identifier"), "abcxyz"): Text 'abcxyz' is set on object 'Object Repository/Gmail/Page_Gmail/input_identifier'

2023-11-01 10:09:09 - [MESSAGE][PASSED] - Text 'abcxyz' is set on object 'Object Repository/Gmail/Page_Gmail/input_identifier'

2023-11-01 10:09:09 - [TEST_STEP][PASSED] - click(findTestObject("Object Repository/Gmail/Page_Gmail/span_Next")): Object: 'Object Repository/Gmail/Page_Gmail/span_Next' is clicked on

2023-11-01 10:09:10 - [MESSAGE][PASSED] - Object: 'Object Repository/Gmail/Page_Gmail/span_Next' is clicked on

2023-11-01 10:09:10 - [TEST_STEP][PASSED] - verifyElementPresent(findTestObject("Object Repository/Gmail/Page_Gmail/span_Couldnt sign you in"), 0): Object 'Object Repository/Gmail/Page_Gmail/span_Couldnt sign you in' is present

2023-11-01 10:09:10 - [MESSAGE][WARNING] - Timeout '0' is invalid. Using default page load timeout: '30'

2023-11-01 10:09:11 - [MESSAGE][PASSED] - Object 'Object Repository/Gmail/Page_Gmail/span_Couldnt sign you in' is present

2023-11-01 10:09:11 - [TEST_STEP][PASSED] - closeBrowser(): Browser is closed

2023-11-01 10:09:11 - [MESSAGE][PASSED] - Browser is closed

2023-11-01 10:09:11 - [TEST_STEP][PASSED] - Start listener action : sampleAfterTestCase: null

2023-11-01 10:09:11 - [TEST_STEP][PASSED] - println(testCaseContext.getTestCaseId()): null

2023-11-01 10:09:11 - [TEST_STEP][PASSED] - println(testCaseContext.getTestCaseStatus()): null]]></system-out>
         <system-err><![CDATA[]]></system-err>
      </testcase>
      <testcase name="Test Cases/Gmail - Try again with invalid login" time="12.284" classname="Test Cases/Gmail - Try again with invalid login" status="PASSED">
         <system-out><![CDATA[2023-11-01 10:09:11 - [TEST_CASE][PASSED] - Test Cases/Gmail - Try again with invalid login: Test Cases/Gmail - Try again with invalid login

2023-11-01 10:09:11 - [TEST_STEP][PASSED] - Start listener action : sampleBeforeTestCase: null

2023-11-01 10:09:11 - [TEST_STEP][PASSED] - println(testCaseContext.getTestCaseId()): null

2023-11-01 10:09:11 - [TEST_STEP][PASSED] - println(testCaseContext.getTestCaseVariables()): null

2023-11-01 10:09:11 - [TEST_STEP][PASSED] - openBrowser(""): Browser is opened with url: ''

2023-11-01 10:09:11 - [MESSAGE][INFO] - Starting 'Chrome' driver

2023-11-01 10:09:11 - [MESSAGE][INFO] - Action delay is set to 0 milliseconds

2023-11-01 10:09:14 - [MESSAGE][PASSED] - Browser is opened with url: ''

2023-11-01 10:09:14 - [TEST_STEP][PASSED] - navigateToUrl("https://accounts.google.com/v3/signin/identifier?continue=https%3A%2F%2Fmail.google.com%2Fmail%2Fu%2F0%2F&emr=1&followup=https%3A%2F%2Fmail.google.com%2Fmail%2Fu%2F0%2F&ifkv=AVQVeywjvDYoN5FDADVUpdLkv_4Dss1DZHwOFdZCBX9CuM3ITel-sS3Srk5PAoPo89chcvj7pJ2Kng&osid=1&passive=1209600&service=mail&flowName=GlifWebSignIn&flowEntry=ServiceLogin&dsh=S218891431%3A1698778883803894&theme=glif#inbox"): Navigate to 'https://accounts.google.com/v3/signin/identifier?continue=https%3A%2F%2Fmail.google.com%2Fmail%2Fu%2F0%2F&emr=1&followup=https%3A%2F%2Fmail.google.com%2Fmail%2Fu%2F0%2F&ifkv=AVQVeywjvDYoN5FDADVUpdLkv_4Dss1DZHwOFdZCBX9CuM3ITel-sS3Srk5PAoPo89chcvj7pJ2Kng&osid=1&passive=1209600&service=mail&flowName=GlifWebSignIn&flowEntry=ServiceLogin&dsh=S218891431%3A1698778883803894&theme=glif#inbox' successfully

2023-11-01 10:09:16 - [MESSAGE][PASSED] - Navigate to 'https://accounts.google.com/v3/signin/identifier?continue=https%3A%2F%2Fmail.google.com%2Fmail%2Fu%2F0%2F&emr=1&followup=https%3A%2F%2Fmail.google.com%2Fmail%2Fu%2F0%2F&ifkv=AVQVeywjvDYoN5FDADVUpdLkv_4Dss1DZHwOFdZCBX9CuM3ITel-sS3Srk5PAoPo89chcvj7pJ2Kng&osid=1&passive=1209600&service=mail&flowName=GlifWebSignIn&flowEntry=ServiceLogin&dsh=S218891431%3A1698778883803894&theme=glif#inbox' successfully

2023-11-01 10:09:16 - [TEST_STEP][PASSED] - maximizeWindow(): Current window maximized

2023-11-01 10:09:16 - [MESSAGE][PASSED] - Current window maximized

2023-11-01 10:09:16 - [TEST_STEP][PASSED] - setText(findTestObject("Object Repository/Gmail/Page_Gmail/input_identifier"), "abcxyz"): Text 'abcxyz' is set on object 'Object Repository/Gmail/Page_Gmail/input_identifier'

2023-11-01 10:09:17 - [MESSAGE][PASSED] - Text 'abcxyz' is set on object 'Object Repository/Gmail/Page_Gmail/input_identifier'

2023-11-01 10:09:17 - [TEST_STEP][PASSED] - click(findTestObject("Object Repository/Gmail/Page_Gmail/span_Next")): Object: 'Object Repository/Gmail/Page_Gmail/span_Next' is clicked on

2023-11-01 10:09:18 - [MESSAGE][PASSED] - Object: 'Object Repository/Gmail/Page_Gmail/span_Next' is clicked on

2023-11-01 10:09:18 - [TEST_STEP][PASSED] - click(findTestObject("Object Repository/Gmail/Page_Gmail/a_WpHeLc VfPpkd-mRLv6 VfPpkd-RLmnJb")): Object: 'Object Repository/Gmail/Page_Gmail/a_WpHeLc VfPpkd-mRLv6 VfPpkd-RLmnJb' is clicked on

2023-11-01 10:09:20 - [MESSAGE][PASSED] - Object: 'Object Repository/Gmail/Page_Gmail/a_WpHeLc VfPpkd-mRLv6 VfPpkd-RLmnJb' is clicked on

2023-11-01 10:09:20 - [TEST_STEP][PASSED] - setText(findTestObject("Object Repository/Gmail/Page_Gmail/input_identifier"), "abcxyz"): Text 'abcxyz' is set on object 'Object Repository/Gmail/Page_Gmail/input_identifier'

2023-11-01 10:09:21 - [MESSAGE][PASSED] - Text 'abcxyz' is set on object 'Object Repository/Gmail/Page_Gmail/input_identifier'

2023-11-01 10:09:21 - [TEST_STEP][PASSED] - click(findTestObject("Object Repository/Gmail/Page_Gmail/span_Next")): Object: 'Object Repository/Gmail/Page_Gmail/span_Next' is clicked on

2023-11-01 10:09:22 - [MESSAGE][PASSED] - Object: 'Object Repository/Gmail/Page_Gmail/span_Next' is clicked on

2023-11-01 10:09:22 - [TEST_STEP][PASSED] - verifyElementPresent(findTestObject("Object Repository/Gmail/Page_Gmail/a_WpHeLc VfPpkd-mRLv6 VfPpkd-RLmnJb_1"), 0): Object 'Object Repository/Gmail/Page_Gmail/a_WpHeLc VfPpkd-mRLv6 VfPpkd-RLmnJb_1' is present

2023-11-01 10:09:22 - [MESSAGE][WARNING] - Timeout '0' is invalid. Using default page load timeout: '30'

2023-11-01 10:09:23 - [MESSAGE][PASSED] - Object 'Object Repository/Gmail/Page_Gmail/a_WpHeLc VfPpkd-mRLv6 VfPpkd-RLmnJb_1' is present

2023-11-01 10:09:23 - [TEST_STEP][PASSED] - closeBrowser(): Browser is closed

2023-11-01 10:09:23 - [MESSAGE][PASSED] - Browser is closed

2023-11-01 10:09:23 - [TEST_STEP][PASSED] - Start listener action : sampleAfterTestCase: null

2023-11-01 10:09:23 - [TEST_STEP][PASSED] - println(testCaseContext.getTestCaseId()): null

2023-11-01 10:09:23 - [TEST_STEP][PASSED] - println(testCaseContext.getTestCaseStatus()): null]]></system-out>
         <system-err><![CDATA[]]></system-err>
      </testcase>
      <testcase name="Test Cases/Gmail - Verify the validation message" time="5.46" classname="Test Cases/Gmail - Verify the validation message" status="PASSED">
         <system-out><![CDATA[2023-11-01 10:09:23 - [TEST_CASE][PASSED] - Test Cases/Gmail - Verify the validation message: Test Cases/Gmail - Verify the validation message

2023-11-01 10:09:23 - [TEST_STEP][PASSED] - Start listener action : sampleBeforeTestCase: null

2023-11-01 10:09:23 - [TEST_STEP][PASSED] - println(testCaseContext.getTestCaseId()): null

2023-11-01 10:09:23 - [TEST_STEP][PASSED] - println(testCaseContext.getTestCaseVariables()): null

2023-11-01 10:09:23 - [TEST_STEP][PASSED] - openBrowser(""): Browser is opened with url: ''

2023-11-01 10:09:23 - [MESSAGE][INFO] - Starting 'Chrome' driver

2023-11-01 10:09:23 - [MESSAGE][INFO] - Action delay is set to 0 milliseconds

2023-11-01 10:09:26 - [MESSAGE][PASSED] - Browser is opened with url: ''

2023-11-01 10:09:26 - [TEST_STEP][PASSED] - navigateToUrl("https://accounts.google.com/v3/signin/identifier?continue=https%3A%2F%2Fmail.google.com%2Fmail%2Fu%2F0%2F&emr=1&followup=https%3A%2F%2Fmail.google.com%2Fmail%2Fu%2F0%2F&ifkv=AVQVeyzR6pw5d28fypnZRPD2z3UMAtruQJTmGrturMB1BE3plFqEShDNo4O4MTXu67xx9JFqi_TIZw&osid=1&passive=1209600&service=mail&flowName=GlifWebSignIn&flowEntry=ServiceLogin&dsh=S1292309958%3A1698780033683571&theme=glif#inbox"): Navigate to 'https://accounts.google.com/v3/signin/identifier?continue=https%3A%2F%2Fmail.google.com%2Fmail%2Fu%2F0%2F&emr=1&followup=https%3A%2F%2Fmail.google.com%2Fmail%2Fu%2F0%2F&ifkv=AVQVeyzR6pw5d28fypnZRPD2z3UMAtruQJTmGrturMB1BE3plFqEShDNo4O4MTXu67xx9JFqi_TIZw&osid=1&passive=1209600&service=mail&flowName=GlifWebSignIn&flowEntry=ServiceLogin&dsh=S1292309958%3A1698780033683571&theme=glif#inbox' successfully

2023-11-01 10:09:27 - [MESSAGE][PASSED] - Navigate to 'https://accounts.google.com/v3/signin/identifier?continue=https%3A%2F%2Fmail.google.com%2Fmail%2Fu%2F0%2F&emr=1&followup=https%3A%2F%2Fmail.google.com%2Fmail%2Fu%2F0%2F&ifkv=AVQVeyzR6pw5d28fypnZRPD2z3UMAtruQJTmGrturMB1BE3plFqEShDNo4O4MTXu67xx9JFqi_TIZw&osid=1&passive=1209600&service=mail&flowName=GlifWebSignIn&flowEntry=ServiceLogin&dsh=S1292309958%3A1698780033683571&theme=glif#inbox' successfully

2023-11-01 10:09:27 - [TEST_STEP][PASSED] - maximizeWindow(): Current window maximized

2023-11-01 10:09:27 - [MESSAGE][PASSED] - Current window maximized

2023-11-01 10:09:27 - [TEST_STEP][PASSED] - click(findTestObject("Object Repository/Gmail/Page_Gmail/span_Next")): Object: 'Object Repository/Gmail/Page_Gmail/span_Next' is clicked on

2023-11-01 10:09:28 - [MESSAGE][PASSED] - Object: 'Object Repository/Gmail/Page_Gmail/span_Next' is clicked on

2023-11-01 10:09:28 - [TEST_STEP][PASSED] - verifyElementPresent(findTestObject("Object Repository/Gmail/Page_Gmail/div_Email or phoneEnter an email or phone number"), 0): Object 'Object Repository/Gmail/Page_Gmail/div_Email or phoneEnter an email or phone number' is present

2023-11-01 10:09:28 - [MESSAGE][WARNING] - Timeout '0' is invalid. Using default page load timeout: '30'

2023-11-01 10:09:28 - [MESSAGE][PASSED] - Object 'Object Repository/Gmail/Page_Gmail/div_Email or phoneEnter an email or phone number' is present

2023-11-01 10:09:28 - [TEST_STEP][PASSED] - closeBrowser(): Browser is closed

2023-11-01 10:09:29 - [MESSAGE][PASSED] - Browser is closed

2023-11-01 10:09:29 - [TEST_STEP][PASSED] - Start listener action : sampleAfterTestCase: null

2023-11-01 10:09:29 - [TEST_STEP][PASSED] - println(testCaseContext.getTestCaseId()): null

2023-11-01 10:09:29 - [TEST_STEP][PASSED] - println(testCaseContext.getTestCaseStatus()): null]]></system-out>
         <system-err><![CDATA[]]></system-err>
      </testcase>
      <testcase name="Test Cases/Katalon - Benefits test" time="14.05" classname="Test Cases/Katalon - Benefits test" status="PASSED">
         <system-out><![CDATA[2023-11-01 10:09:29 - [TEST_CASE][PASSED] - Test Cases/Katalon - Benefits test: Test Cases/Katalon - Benefits test

2023-11-01 10:09:29 - [TEST_STEP][PASSED] - Start listener action : sampleBeforeTestCase: null

2023-11-01 10:09:29 - [TEST_STEP][PASSED] - println(testCaseContext.getTestCaseId()): null

2023-11-01 10:09:29 - [TEST_STEP][PASSED] - println(testCaseContext.getTestCaseVariables()): null

2023-11-01 10:09:29 - [TEST_STEP][PASSED] - openBrowser(""): Browser is opened with url: ''

2023-11-01 10:09:29 - [MESSAGE][INFO] - Starting 'Chrome' driver

2023-11-01 10:09:29 - [MESSAGE][INFO] - Action delay is set to 0 milliseconds

2023-11-01 10:09:32 - [MESSAGE][PASSED] - Browser is opened with url: ''

2023-11-01 10:09:32 - [TEST_STEP][PASSED] - navigateToUrl("https://katalon.com/"): Navigate to 'https://katalon.com/' successfully

2023-11-01 10:09:35 - [MESSAGE][PASSED] - Navigate to 'https://katalon.com/' successfully

2023-11-01 10:09:35 - [TEST_STEP][PASSED] - maximizeWindow(): Current window maximized

2023-11-01 10:09:35 - [MESSAGE][PASSED] - Current window maximized

2023-11-01 10:09:35 - [TEST_STEP][PASSED] - click(findTestObject("Object Repository/Katalon/Page_Katalon AI-augmented Software Quality _596167/button_Accept All Cookies")): Object: 'Object Repository/Katalon/Page_Katalon AI-augmented Software Quality _596167/button_Accept All Cookies' is clicked on

2023-11-01 10:09:37 - [MESSAGE][PASSED] - Object: 'Object Repository/Katalon/Page_Katalon AI-augmented Software Quality _596167/button_Accept All Cookies' is clicked on

2023-11-01 10:09:37 - [TEST_STEP][PASSED] - click(findTestObject("Object Repository/Katalon/Page_Katalon AI-augmented Software Quality _596167/div_View a demo")): Object: 'Object Repository/Katalon/Page_Katalon AI-augmented Software Quality _596167/div_View a demo' is clicked on

2023-11-01 10:09:40 - [MESSAGE][PASSED] - Object: 'Object Repository/Katalon/Page_Katalon AI-augmented Software Quality _596167/div_View a demo' is clicked on

2023-11-01 10:09:40 - [TEST_STEP][PASSED] - verifyElementPresent(findTestObject("Object Repository/Katalon/Page_View a demo  Katalon/div_Seamless test automation with an end-to_9d1ee8"), 0): Object 'Object Repository/Katalon/Page_View a demo  Katalon/div_Seamless test automation with an end-to_9d1ee8' is present

2023-11-01 10:09:40 - [MESSAGE][WARNING] - Timeout '0' is invalid. Using default page load timeout: '30'

2023-11-01 10:09:41 - [MESSAGE][PASSED] - Object 'Object Repository/Katalon/Page_View a demo  Katalon/div_Seamless test automation with an end-to_9d1ee8' is present

2023-11-01 10:09:41 - [TEST_STEP][PASSED] - verifyElementPresent(findTestObject("Object Repository/Katalon/Page_View a demo  Katalon/div_Visibility throughout the test pipeline"), 0): Object 'Object Repository/Katalon/Page_View a demo  Katalon/div_Visibility throughout the test pipeline' is present

2023-11-01 10:09:41 - [MESSAGE][WARNING] - Timeout '0' is invalid. Using default page load timeout: '30'

2023-11-01 10:09:41 - [MESSAGE][PASSED] - Object 'Object Repository/Katalon/Page_View a demo  Katalon/div_Visibility throughout the test pipeline' is present

2023-11-01 10:09:41 - [TEST_STEP][PASSED] - verifyElementPresent(findTestObject("Object Repository/Katalon/Page_View a demo  Katalon/div_Centralized workflows to focus on softw_0ff7fc"), 0): Object 'Object Repository/Katalon/Page_View a demo  Katalon/div_Centralized workflows to focus on softw_0ff7fc' is present

2023-11-01 10:09:41 - [MESSAGE][WARNING] - Timeout '0' is invalid. Using default page load timeout: '30'

2023-11-01 10:09:41 - [MESSAGE][PASSED] - Object 'Object Repository/Katalon/Page_View a demo  Katalon/div_Centralized workflows to focus on softw_0ff7fc' is present

2023-11-01 10:09:41 - [TEST_STEP][PASSED] - verifyElementPresent(findTestObject("Object Repository/Katalon/Page_View a demo  Katalon/div_Low-code UI to keep everyone, tech or b_bd4e50"), 0): Object 'Object Repository/Katalon/Page_View a demo  Katalon/div_Low-code UI to keep everyone, tech or b_bd4e50' is present

2023-11-01 10:09:41 - [MESSAGE][WARNING] - Timeout '0' is invalid. Using default page load timeout: '30'

2023-11-01 10:09:42 - [MESSAGE][PASSED] - Object 'Object Repository/Katalon/Page_View a demo  Katalon/div_Low-code UI to keep everyone, tech or b_bd4e50' is present

2023-11-01 10:09:42 - [TEST_STEP][PASSED] - verifyElementPresent(findTestObject("Object Repository/Katalon/Page_View a demo  Katalon/div_Out-of-the-box fit for any ALM, CI tool_5242ad"), 0): Object 'Object Repository/Katalon/Page_View a demo  Katalon/div_Out-of-the-box fit for any ALM, CI tool_5242ad' is present

2023-11-01 10:09:42 - [MESSAGE][WARNING] - Timeout '0' is invalid. Using default page load timeout: '30'

2023-11-01 10:09:42 - [MESSAGE][PASSED] - Object 'Object Repository/Katalon/Page_View a demo  Katalon/div_Out-of-the-box fit for any ALM, CI tool_5242ad' is present

2023-11-01 10:09:42 - [TEST_STEP][PASSED] - closeBrowser(): Browser is closed

2023-11-01 10:09:43 - [MESSAGE][PASSED] - Browser is closed

2023-11-01 10:09:43 - [TEST_STEP][PASSED] - Start listener action : sampleAfterTestCase: null

2023-11-01 10:09:43 - [TEST_STEP][PASSED] - println(testCaseContext.getTestCaseId()): null

2023-11-01 10:09:43 - [TEST_STEP][PASSED] - println(testCaseContext.getTestCaseStatus()): null]]></system-out>
         <system-err><![CDATA[]]></system-err>
      </testcase>
      <testcase name="Test Cases/Katalon - Learn More verification" time="14.184" classname="Test Cases/Katalon - Learn More verification" status="PASSED">
         <system-out><![CDATA[2023-11-01 10:09:43 - [TEST_CASE][PASSED] - Test Cases/Katalon - Learn More verification: Test Cases/Katalon - Learn More verification

2023-11-01 10:09:43 - [TEST_STEP][PASSED] - Start listener action : sampleBeforeTestCase: null

2023-11-01 10:09:43 - [TEST_STEP][PASSED] - println(testCaseContext.getTestCaseId()): null

2023-11-01 10:09:43 - [TEST_STEP][PASSED] - println(testCaseContext.getTestCaseVariables()): null

2023-11-01 10:09:43 - [TEST_STEP][PASSED] - openBrowser(""): Browser is opened with url: ''

2023-11-01 10:09:43 - [MESSAGE][INFO] - Starting 'Chrome' driver

2023-11-01 10:09:43 - [MESSAGE][INFO] - Action delay is set to 0 milliseconds

2023-11-01 10:09:46 - [MESSAGE][PASSED] - Browser is opened with url: ''

2023-11-01 10:09:46 - [TEST_STEP][PASSED] - navigateToUrl("https://katalon.com/"): Navigate to 'https://katalon.com/' successfully

2023-11-01 10:09:49 - [MESSAGE][PASSED] - Navigate to 'https://katalon.com/' successfully

2023-11-01 10:09:49 - [TEST_STEP][PASSED] - maximizeWindow(): Current window maximized

2023-11-01 10:09:49 - [MESSAGE][PASSED] - Current window maximized

2023-11-01 10:09:49 - [TEST_STEP][PASSED] - click(findTestObject("Object Repository/Katalon/Page_Katalon AI-augmented Software Quality _596167/button_Accept All Cookies")): Object: 'Object Repository/Katalon/Page_Katalon AI-augmented Software Quality _596167/button_Accept All Cookies' is clicked on

2023-11-01 10:09:51 - [MESSAGE][PASSED] - Object: 'Object Repository/Katalon/Page_Katalon AI-augmented Software Quality _596167/button_Accept All Cookies' is clicked on

2023-11-01 10:09:51 - [TEST_STEP][PASSED] - verifyElementVisible(findTestObject("Object Repository/Katalon/Page_Katalon AI-augmented Software Quality _596167/a_Learn more")): Object 'Object Repository/Katalon/Page_Katalon AI-augmented Software Quality _596167/a_Learn more' is visible

2023-11-01 10:09:51 - [MESSAGE][PASSED] - Object 'Object Repository/Katalon/Page_Katalon AI-augmented Software Quality _596167/a_Learn more' is visible

2023-11-01 10:09:51 - [TEST_STEP][PASSED] - click(findTestObject("Object Repository/Katalon/Page_Katalon AI-augmented Software Quality _596167/a_Learn more")): Object: 'Object Repository/Katalon/Page_Katalon AI-augmented Software Quality _596167/a_Learn more' is clicked on

2023-11-01 10:09:53 - [MESSAGE][PASSED] - Object: 'Object Repository/Katalon/Page_Katalon AI-augmented Software Quality _596167/a_Learn more' is clicked on

2023-11-01 10:09:53 - [TEST_STEP][PASSED] - verifyElementPresent(findTestObject("Object Repository/Katalon/Page_Katalon Studio 9.0.0 Performance Boost_5d349a/div_TABLE OF CONTENTS"), 0): Object 'Object Repository/Katalon/Page_Katalon Studio 9.0.0 Performance Boost_5d349a/div_TABLE OF CONTENTS' is present

2023-11-01 10:09:53 - [MESSAGE][WARNING] - Timeout '0' is invalid. Using default page load timeout: '30'

2023-11-01 10:09:54 - [MESSAGE][PASSED] - Object 'Object Repository/Katalon/Page_Katalon Studio 9.0.0 Performance Boost_5d349a/div_TABLE OF CONTENTS' is present

2023-11-01 10:09:54 - [TEST_STEP][PASSED] - click(findTestObject("Object Repository/Katalon/Page_Katalon Studio 9.0.0 Performance Boost_5d349a/a_Key performance improvements in Katalon S_185eed")): Object: 'Object Repository/Katalon/Page_Katalon Studio 9.0.0 Performance Boost_5d349a/a_Key performance improvements in Katalon S_185eed' is clicked on

2023-11-01 10:09:55 - [MESSAGE][PASSED] - Object: 'Object Repository/Katalon/Page_Katalon Studio 9.0.0 Performance Boost_5d349a/a_Key performance improvements in Katalon S_185eed' is clicked on

2023-11-01 10:09:55 - [TEST_STEP][PASSED] - rightClick(findTestObject("Object Repository/Katalon/Page_Katalon Studio 9.0.0 Performance Boost_5d349a/strong_Key performance improvements in Kata_e75e1d")): Object: 'Object Repository/Katalon/Page_Katalon Studio 9.0.0 Performance Boost_5d349a/strong_Key performance improvements in Kata_e75e1d' is right clicked on

2023-11-01 10:09:56 - [MESSAGE][PASSED] - Object: 'Object Repository/Katalon/Page_Katalon Studio 9.0.0 Performance Boost_5d349a/strong_Key performance improvements in Kata_e75e1d' is right clicked on

2023-11-01 10:09:56 - [TEST_STEP][PASSED] - click(findTestObject("Object Repository/Katalon/Page_Katalon Studio 9.0.0 Performance Boost_5d349a/strong_Key performance improvements in Kata_e75e1d")): Object: 'Object Repository/Katalon/Page_Katalon Studio 9.0.0 Performance Boost_5d349a/strong_Key performance improvements in Kata_e75e1d' is clicked on

2023-11-01 10:09:56 - [MESSAGE][PASSED] - Object: 'Object Repository/Katalon/Page_Katalon Studio 9.0.0 Performance Boost_5d349a/strong_Key performance improvements in Kata_e75e1d' is clicked on

2023-11-01 10:09:56 - [TEST_STEP][PASSED] - verifyElementVisible(findTestObject("Object Repository/Katalon/Page_Katalon Studio 9.0.0 Performance Boost_5d349a/strong_Key performance improvements in Kata_e75e1d")): Object 'Object Repository/Katalon/Page_Katalon Studio 9.0.0 Performance Boost_5d349a/strong_Key performance improvements in Kata_e75e1d' is visible

2023-11-01 10:09:57 - [MESSAGE][PASSED] - Object 'Object Repository/Katalon/Page_Katalon Studio 9.0.0 Performance Boost_5d349a/strong_Key performance improvements in Kata_e75e1d' is visible

2023-11-01 10:09:57 - [TEST_STEP][PASSED] - closeBrowser(): Browser is closed

2023-11-01 10:09:57 - [MESSAGE][PASSED] - Browser is closed

2023-11-01 10:09:57 - [TEST_STEP][PASSED] - Start listener action : sampleAfterTestCase: null

2023-11-01 10:09:57 - [TEST_STEP][PASSED] - println(testCaseContext.getTestCaseId()): null

2023-11-01 10:09:57 - [TEST_STEP][PASSED] - println(testCaseContext.getTestCaseStatus()): null]]></system-out>
         <system-err><![CDATA[]]></system-err>
      </testcase>
      <testcase name="Test Cases/Katalon - Review star verification" time="12.225" classname="Test Cases/Katalon - Review star verification" status="PASSED">
         <system-out><![CDATA[2023-11-01 10:09:57 - [TEST_CASE][PASSED] - Test Cases/Katalon - Review star verification: Test Cases/Katalon - Review star verification

2023-11-01 10:09:57 - [TEST_STEP][PASSED] - Start listener action : sampleBeforeTestCase: null

2023-11-01 10:09:57 - [TEST_STEP][PASSED] - println(testCaseContext.getTestCaseId()): null

2023-11-01 10:09:57 - [TEST_STEP][PASSED] - println(testCaseContext.getTestCaseVariables()): null

2023-11-01 10:09:57 - [TEST_STEP][PASSED] - openBrowser(""): Browser is opened with url: ''

2023-11-01 10:09:57 - [MESSAGE][INFO] - Starting 'Chrome' driver

2023-11-01 10:09:57 - [MESSAGE][INFO] - Action delay is set to 0 milliseconds

2023-11-01 10:10:00 - [MESSAGE][PASSED] - Browser is opened with url: ''

2023-11-01 10:10:00 - [TEST_STEP][PASSED] - navigateToUrl("https://katalon.com/"): Navigate to 'https://katalon.com/' successfully

2023-11-01 10:10:03 - [MESSAGE][PASSED] - Navigate to 'https://katalon.com/' successfully

2023-11-01 10:10:03 - [TEST_STEP][PASSED] - maximizeWindow(): Current window maximized

2023-11-01 10:10:03 - [MESSAGE][PASSED] - Current window maximized

2023-11-01 10:10:03 - [TEST_STEP][PASSED] - click(findTestObject("Object Repository/Katalon/Page_Katalon AI-augmented Software Quality _596167/button_Accept All Cookies")): Object: 'Object Repository/Katalon/Page_Katalon AI-augmented Software Quality _596167/button_Accept All Cookies' is clicked on

2023-11-01 10:10:05 - [MESSAGE][PASSED] - Object: 'Object Repository/Katalon/Page_Katalon AI-augmented Software Quality _596167/button_Accept All Cookies' is clicked on

2023-11-01 10:10:05 - [TEST_STEP][PASSED] - click(findTestObject("Object Repository/Katalon/Page_Katalon AI-augmented Software Quality _596167/div_View a demo")): Object: 'Object Repository/Katalon/Page_Katalon AI-augmented Software Quality _596167/div_View a demo' is clicked on

2023-11-01 10:10:08 - [MESSAGE][PASSED] - Object: 'Object Repository/Katalon/Page_Katalon AI-augmented Software Quality _596167/div_View a demo' is clicked on

2023-11-01 10:10:08 - [TEST_STEP][PASSED] - verifyElementPresent(findTestObject("Object Repository/Katalon/Page_View a demo  Katalon/img_rating"), 0): Object 'Object Repository/Katalon/Page_View a demo  Katalon/img_rating' is present

2023-11-01 10:10:08 - [MESSAGE][WARNING] - Timeout '0' is invalid. Using default page load timeout: '30'

2023-11-01 10:10:09 - [MESSAGE][PASSED] - Object 'Object Repository/Katalon/Page_View a demo  Katalon/img_rating' is present

2023-11-01 10:10:09 - [TEST_STEP][PASSED] - closeBrowser(): Browser is closed

2023-11-01 10:10:09 - [MESSAGE][PASSED] - Browser is closed

2023-11-01 10:10:09 - [TEST_STEP][PASSED] - Start listener action : sampleAfterTestCase: null

2023-11-01 10:10:09 - [TEST_STEP][PASSED] - println(testCaseContext.getTestCaseId()): null

2023-11-01 10:10:09 - [TEST_STEP][PASSED] - println(testCaseContext.getTestCaseStatus()): null]]></system-out>
         <system-err><![CDATA[]]></system-err>
      </testcase>
      <testcase name="Test Cases/Katalon - Verify Contact an expert in Katalon" time="12.712" classname="Test Cases/Katalon - Verify Contact an expert in Katalon" status="PASSED">
         <system-out><![CDATA[2023-11-01 10:10:09 - [TEST_CASE][PASSED] - Test Cases/Katalon - Verify Contact an expert in Katalon: Test Cases/Katalon - Verify Contact an expert in Katalon

2023-11-01 10:10:09 - [TEST_STEP][PASSED] - Start listener action : sampleBeforeTestCase: null

2023-11-01 10:10:09 - [TEST_STEP][PASSED] - println(testCaseContext.getTestCaseId()): null

2023-11-01 10:10:09 - [TEST_STEP][PASSED] - println(testCaseContext.getTestCaseVariables()): null

2023-11-01 10:10:09 - [TEST_STEP][PASSED] - openBrowser(""): Browser is opened with url: ''

2023-11-01 10:10:09 - [MESSAGE][INFO] - Starting 'Chrome' driver

2023-11-01 10:10:09 - [MESSAGE][INFO] - Action delay is set to 0 milliseconds

2023-11-01 10:10:12 - [MESSAGE][PASSED] - Browser is opened with url: ''

2023-11-01 10:10:12 - [TEST_STEP][PASSED] - navigateToUrl("https://katalon.com/"): Navigate to 'https://katalon.com/' successfully

2023-11-01 10:10:16 - [MESSAGE][PASSED] - Navigate to 'https://katalon.com/' successfully

2023-11-01 10:10:16 - [TEST_STEP][PASSED] - maximizeWindow(): Current window maximized

2023-11-01 10:10:16 - [MESSAGE][PASSED] - Current window maximized

2023-11-01 10:10:16 - [TEST_STEP][PASSED] - click(findTestObject("Object Repository/Katalon/Page_Katalon AI-augmented Software Quality _596167/button_Accept All Cookies")): Object: 'Object Repository/Katalon/Page_Katalon AI-augmented Software Quality _596167/button_Accept All Cookies' is clicked on

2023-11-01 10:10:17 - [MESSAGE][PASSED] - Object: 'Object Repository/Katalon/Page_Katalon AI-augmented Software Quality _596167/button_Accept All Cookies' is clicked on

2023-11-01 10:10:17 - [TEST_STEP][PASSED] - click(findTestObject("Object Repository/Katalon/Page_Katalon AI-augmented Software Quality _596167/a_Contact us")): Object: 'Object Repository/Katalon/Page_Katalon AI-augmented Software Quality _596167/a_Contact us' is clicked on

2023-11-01 10:10:20 - [MESSAGE][PASSED] - Object: 'Object Repository/Katalon/Page_Katalon AI-augmented Software Quality _596167/a_Contact us' is clicked on

2023-11-01 10:10:20 - [TEST_STEP][PASSED] - click(findTestObject("Object Repository/Katalon/Page_Contact Us  Katalon Quality Management_4f5e38/div_Contact an expert")): Object: 'Object Repository/Katalon/Page_Contact Us  Katalon Quality Management_4f5e38/div_Contact an expert' is clicked on

2023-11-01 10:10:21 - [MESSAGE][PASSED] - Object: 'Object Repository/Katalon/Page_Contact Us  Katalon Quality Management_4f5e38/div_Contact an expert' is clicked on

2023-11-01 10:10:21 - [TEST_STEP][PASSED] - verifyElementPresent(findTestObject("Object Repository/Katalon/Page_Contact Us  Katalon Quality Management_4f5e38/div_Submit"), 0): Object 'Object Repository/Katalon/Page_Contact Us  Katalon Quality Management_4f5e38/div_Submit' is present

2023-11-01 10:10:21 - [MESSAGE][WARNING] - Timeout '0' is invalid. Using default page load timeout: '30'

2023-11-01 10:10:22 - [MESSAGE][PASSED] - Object 'Object Repository/Katalon/Page_Contact Us  Katalon Quality Management_4f5e38/div_Submit' is present

2023-11-01 10:10:22 - [TEST_STEP][PASSED] - closeBrowser(): Browser is closed

2023-11-01 10:10:22 - [MESSAGE][PASSED] - Browser is closed

2023-11-01 10:10:22 - [TEST_STEP][PASSED] - Start listener action : sampleAfterTestCase: null

2023-11-01 10:10:22 - [TEST_STEP][PASSED] - println(testCaseContext.getTestCaseId()): null

2023-11-01 10:10:22 - [TEST_STEP][PASSED] - println(testCaseContext.getTestCaseStatus()): null]]></system-out>
         <system-err><![CDATA[]]></system-err>
      </testcase>
      <testcase name="Test Cases/Katalon - Verify Contact us link is present" time="11.844" classname="Test Cases/Katalon - Verify Contact us link is present" status="PASSED">
         <system-out><![CDATA[2023-11-01 10:10:22 - [TEST_CASE][PASSED] - Test Cases/Katalon - Verify Contact us link is present: Test Cases/Katalon - Verify Contact us link is present

2023-11-01 10:10:22 - [TEST_STEP][PASSED] - Start listener action : sampleBeforeTestCase: null

2023-11-01 10:10:22 - [TEST_STEP][PASSED] - println(testCaseContext.getTestCaseId()): null

2023-11-01 10:10:22 - [TEST_STEP][PASSED] - println(testCaseContext.getTestCaseVariables()): null

2023-11-01 10:10:22 - [TEST_STEP][PASSED] - openBrowser(""): Browser is opened with url: ''

2023-11-01 10:10:22 - [MESSAGE][INFO] - Starting 'Chrome' driver

2023-11-01 10:10:22 - [MESSAGE][INFO] - Action delay is set to 0 milliseconds

2023-11-01 10:10:25 - [MESSAGE][PASSED] - Browser is opened with url: ''

2023-11-01 10:10:25 - [TEST_STEP][PASSED] - navigateToUrl("https://katalon.com/"): Navigate to 'https://katalon.com/' successfully

2023-11-01 10:10:28 - [MESSAGE][PASSED] - Navigate to 'https://katalon.com/' successfully

2023-11-01 10:10:28 - [TEST_STEP][PASSED] - maximizeWindow(): Current window maximized

2023-11-01 10:10:28 - [MESSAGE][PASSED] - Current window maximized

2023-11-01 10:10:28 - [TEST_STEP][PASSED] - click(findTestObject("Object Repository/Katalon/Page_Katalon AI-augmented Software Quality _596167/button_Accept All Cookies")): Object: 'Object Repository/Katalon/Page_Katalon AI-augmented Software Quality _596167/button_Accept All Cookies' is clicked on

2023-11-01 10:10:30 - [MESSAGE][PASSED] - Object: 'Object Repository/Katalon/Page_Katalon AI-augmented Software Quality _596167/button_Accept All Cookies' is clicked on

2023-11-01 10:10:30 - [TEST_STEP][PASSED] - verifyElementPresent(findTestObject("Object Repository/Katalon/Page_Katalon AI-augmented Software Quality _596167/a_Contact us"), 0): Object 'Object Repository/Katalon/Page_Katalon AI-augmented Software Quality _596167/a_Contact us' is present

2023-11-01 10:10:30 - [MESSAGE][WARNING] - Timeout '0' is invalid. Using default page load timeout: '30'

2023-11-01 10:10:31 - [MESSAGE][PASSED] - Object 'Object Repository/Katalon/Page_Katalon AI-augmented Software Quality _596167/a_Contact us' is present

2023-11-01 10:10:31 - [TEST_STEP][PASSED] - click(findTestObject("Object Repository/Katalon/Page_Katalon AI-augmented Software Quality _596167/a_Contact us")): Object: 'Object Repository/Katalon/Page_Katalon AI-augmented Software Quality _596167/a_Contact us' is clicked on

2023-11-01 10:10:33 - [MESSAGE][PASSED] - Object: 'Object Repository/Katalon/Page_Katalon AI-augmented Software Quality _596167/a_Contact us' is clicked on

2023-11-01 10:10:33 - [TEST_STEP][PASSED] - verifyElementPresent(findTestObject("Object Repository/Katalon/Page_Contact Us  Katalon Quality Management_4f5e38/h1_How can we help"), 0): Object 'Object Repository/Katalon/Page_Contact Us  Katalon Quality Management_4f5e38/h1_How can we help' is present

2023-11-01 10:10:33 - [MESSAGE][WARNING] - Timeout '0' is invalid. Using default page load timeout: '30'

2023-11-01 10:10:33 - [MESSAGE][PASSED] - Object 'Object Repository/Katalon/Page_Contact Us  Katalon Quality Management_4f5e38/h1_How can we help' is present

2023-11-01 10:10:33 - [TEST_STEP][PASSED] - closeBrowser(): Browser is closed

2023-11-01 10:10:34 - [MESSAGE][PASSED] - Browser is closed

2023-11-01 10:10:34 - [TEST_STEP][PASSED] - Start listener action : sampleAfterTestCase: null

2023-11-01 10:10:34 - [TEST_STEP][PASSED] - println(testCaseContext.getTestCaseId()): null

2023-11-01 10:10:34 - [TEST_STEP][PASSED] - println(testCaseContext.getTestCaseStatus()): null]]></system-out>
         <system-err><![CDATA[]]></system-err>
      </testcase>
      <testcase name="Test Cases/Katalon - Verify Gartner in Katalon site" time="13.702" classname="Test Cases/Katalon - Verify Gartner in Katalon site" status="PASSED">
         <system-out><![CDATA[2023-11-01 10:10:34 - [TEST_CASE][PASSED] - Test Cases/Katalon - Verify Gartner in Katalon site: Test Cases/Katalon - Verify Gartner in Katalon site

2023-11-01 10:10:34 - [TEST_STEP][PASSED] - Start listener action : sampleBeforeTestCase: null

2023-11-01 10:10:34 - [TEST_STEP][PASSED] - println(testCaseContext.getTestCaseId()): null

2023-11-01 10:10:34 - [TEST_STEP][PASSED] - println(testCaseContext.getTestCaseVariables()): null

2023-11-01 10:10:34 - [TEST_STEP][PASSED] - openBrowser(""): Browser is opened with url: ''

2023-11-01 10:10:34 - [MESSAGE][INFO] - Starting 'Chrome' driver

2023-11-01 10:10:34 - [MESSAGE][INFO] - Action delay is set to 0 milliseconds

2023-11-01 10:10:37 - [MESSAGE][PASSED] - Browser is opened with url: ''

2023-11-01 10:10:37 - [TEST_STEP][PASSED] - navigateToUrl("https://katalon.com/"): Navigate to 'https://katalon.com/' successfully

2023-11-01 10:10:39 - [MESSAGE][PASSED] - Navigate to 'https://katalon.com/' successfully

2023-11-01 10:10:39 - [TEST_STEP][PASSED] - click(findTestObject("Object Repository/Katalon/Page_Katalon AI-augmented Software Quality _596167/button_Accept All Cookies")): Object: 'Object Repository/Katalon/Page_Katalon AI-augmented Software Quality _596167/button_Accept All Cookies' is clicked on

2023-11-01 10:10:43 - [MESSAGE][PASSED] - Object: 'Object Repository/Katalon/Page_Katalon AI-augmented Software Quality _596167/button_Accept All Cookies' is clicked on

2023-11-01 10:10:43 - [TEST_STEP][PASSED] - click(findTestObject("Object Repository/Katalon/Page_Katalon AI-augmented Software Quality _596167/div_View a demo")): Object: 'Object Repository/Katalon/Page_Katalon AI-augmented Software Quality _596167/div_View a demo' is clicked on

2023-11-01 10:10:45 - [MESSAGE][PASSED] - Object: 'Object Repository/Katalon/Page_Katalon AI-augmented Software Quality _596167/div_View a demo' is clicked on

2023-11-01 10:10:45 - [TEST_STEP][PASSED] - verifyElementPresent(findTestObject("Object Repository/Katalon/Page_View a demo  Katalon/img_industry"), 0): Object 'Object Repository/Katalon/Page_View a demo  Katalon/img_industry' is present

2023-11-01 10:10:45 - [MESSAGE][WARNING] - Timeout '0' is invalid. Using default page load timeout: '30'

2023-11-01 10:10:47 - [MESSAGE][PASSED] - Object 'Object Repository/Katalon/Page_View a demo  Katalon/img_industry' is present

2023-11-01 10:10:47 - [TEST_STEP][PASSED] - closeBrowser(): Browser is closed

2023-11-01 10:10:48 - [MESSAGE][PASSED] - Browser is closed

2023-11-01 10:10:48 - [TEST_STEP][PASSED] - Start listener action : sampleAfterTestCase: null

2023-11-01 10:10:48 - [TEST_STEP][PASSED] - println(testCaseContext.getTestCaseId()): null

2023-11-01 10:10:48 - [TEST_STEP][PASSED] - println(testCaseContext.getTestCaseStatus()): null]]></system-out>
         <system-err><![CDATA[]]></system-err>
      </testcase>
      <testcase name="Test Cases/Katalon - Verify Incorrect email verification" time="16.915" classname="Test Cases/Katalon - Verify Incorrect email verification" status="PASSED">
         <system-out><![CDATA[2023-11-01 10:10:48 - [TEST_CASE][PASSED] - Test Cases/Katalon - Verify Incorrect email verification: Test Cases/Katalon - Verify Incorrect email verification

2023-11-01 10:10:48 - [TEST_STEP][PASSED] - Start listener action : sampleBeforeTestCase: null

2023-11-01 10:10:48 - [TEST_STEP][PASSED] - println(testCaseContext.getTestCaseId()): null

2023-11-01 10:10:48 - [TEST_STEP][PASSED] - println(testCaseContext.getTestCaseVariables()): null

2023-11-01 10:10:48 - [TEST_STEP][PASSED] - openBrowser(""): Browser is opened with url: ''

2023-11-01 10:10:48 - [MESSAGE][INFO] - Starting 'Chrome' driver

2023-11-01 10:10:48 - [MESSAGE][INFO] - Action delay is set to 0 milliseconds

2023-11-01 10:10:50 - [MESSAGE][PASSED] - Browser is opened with url: ''

2023-11-01 10:10:50 - [TEST_STEP][PASSED] - navigateToUrl("https://katalon.com/"): Navigate to 'https://katalon.com/' successfully

2023-11-01 10:10:53 - [MESSAGE][PASSED] - Navigate to 'https://katalon.com/' successfully

2023-11-01 10:10:53 - [TEST_STEP][PASSED] - click(findTestObject("Object Repository/Katalon/Page_Katalon AI-augmented Software Quality _596167/a_Start free trial")): Object: 'Object Repository/Katalon/Page_Katalon AI-augmented Software Quality _596167/a_Start free trial' is clicked on

2023-11-01 10:10:57 - [MESSAGE][PASSED] - Object: 'Object Repository/Katalon/Page_Katalon AI-augmented Software Quality _596167/a_Start free trial' is clicked on

2023-11-01 10:10:57 - [TEST_STEP][PASSED] - click(findTestObject("Object Repository/Katalon/Page_Sign up  Katalon Software Quality Mana_03d398/div_Sign in")): Object: 'Object Repository/Katalon/Page_Sign up  Katalon Software Quality Mana_03d398/div_Sign in' is clicked on

2023-11-01 10:10:58 - [MESSAGE][PASSED] - Object: 'Object Repository/Katalon/Page_Sign up  Katalon Software Quality Mana_03d398/div_Sign in' is clicked on

2023-11-01 10:10:58 - [TEST_STEP][PASSED] - click(findTestObject("Object Repository/Katalon/Page_Sign in  Katalon Software Quality Mana_cfddb7/div_Sign up")): Object: 'Object Repository/Katalon/Page_Sign in  Katalon Software Quality Mana_cfddb7/div_Sign up' is clicked on

2023-11-01 10:10:59 - [MESSAGE][PASSED] - Object: 'Object Repository/Katalon/Page_Sign in  Katalon Software Quality Mana_cfddb7/div_Sign up' is clicked on

2023-11-01 10:10:59 - [TEST_STEP][PASSED] - verifyElementPresent(findTestObject("Object Repository/Katalon/Page_Sign up  Katalon Software Quality Mana_03d398/input_btn_text"), 0): Object 'Object Repository/Katalon/Page_Sign up  Katalon Software Quality Mana_03d398/input_btn_text' is present

2023-11-01 10:10:59 - [MESSAGE][WARNING] - Timeout '0' is invalid. Using default page load timeout: '30'

2023-11-01 10:11:04 - [MESSAGE][PASSED] - Object 'Object Repository/Katalon/Page_Sign up  Katalon Software Quality Mana_03d398/input_btn_text' is present

2023-11-01 10:11:04 - [TEST_STEP][PASSED] - closeBrowser(): Browser is closed

2023-11-01 10:11:04 - [MESSAGE][PASSED] - Browser is closed

2023-11-01 10:11:04 - [TEST_STEP][PASSED] - Start listener action : sampleAfterTestCase: null

2023-11-01 10:11:04 - [TEST_STEP][PASSED] - println(testCaseContext.getTestCaseId()): null

2023-11-01 10:11:04 - [TEST_STEP][PASSED] - println(testCaseContext.getTestCaseStatus()): null]]></system-out>
         <system-err><![CDATA[]]></system-err>
      </testcase>
      <testcase name="Test Cases/Katalon - Verify Katalon version" time="8.795" classname="Test Cases/Katalon - Verify Katalon version" status="PASSED">
         <system-out><![CDATA[2023-11-01 10:11:04 - [TEST_CASE][PASSED] - Test Cases/Katalon - Verify Katalon version: Test Cases/Katalon - Verify Katalon version

2023-11-01 10:11:04 - [TEST_STEP][PASSED] - Start listener action : sampleBeforeTestCase: null

2023-11-01 10:11:04 - [TEST_STEP][PASSED] - println(testCaseContext.getTestCaseId()): null

2023-11-01 10:11:04 - [TEST_STEP][PASSED] - println(testCaseContext.getTestCaseVariables()): null

2023-11-01 10:11:05 - [TEST_STEP][PASSED] - openBrowser(""): Browser is opened with url: ''

2023-11-01 10:11:05 - [MESSAGE][INFO] - Starting 'Chrome' driver

2023-11-01 10:11:05 - [MESSAGE][INFO] - Action delay is set to 0 milliseconds

2023-11-01 10:11:07 - [MESSAGE][PASSED] - Browser is opened with url: ''

2023-11-01 10:11:07 - [TEST_STEP][PASSED] - navigateToUrl("https://katalon.com/"): Navigate to 'https://katalon.com/' successfully

2023-11-01 10:11:10 - [MESSAGE][PASSED] - Navigate to 'https://katalon.com/' successfully

2023-11-01 10:11:10 - [TEST_STEP][PASSED] - maximizeWindow(): Current window maximized

2023-11-01 10:11:10 - [MESSAGE][PASSED] - Current window maximized

2023-11-01 10:11:10 - [TEST_STEP][PASSED] - click(findTestObject("Object Repository/Katalon/Page_Katalon AI-augmented Software Quality _596167/button_Accept All Cookies")): Object: 'Object Repository/Katalon/Page_Katalon AI-augmented Software Quality _596167/button_Accept All Cookies' is clicked on

2023-11-01 10:11:12 - [MESSAGE][PASSED] - Object: 'Object Repository/Katalon/Page_Katalon AI-augmented Software Quality _596167/button_Accept All Cookies' is clicked on

2023-11-01 10:11:12 - [TEST_STEP][PASSED] - verifyElementText(findTestObject("Object Repository/Katalon/Page_Katalon AI-augmented Software Quality _596167/span_Katalon Studio 9.0.0"), "Katalon Studio 9.0.0"): Actual text and expected text of test object 'Object Repository/Katalon/Page_Katalon AI-augmented Software Quality _596167/span_Katalon Studio 9.0.0' are matched.

2023-11-01 10:11:13 - [MESSAGE][PASSED] - Actual text and expected text of test object 'Object Repository/Katalon/Page_Katalon AI-augmented Software Quality _596167/span_Katalon Studio 9.0.0' are matched.

2023-11-01 10:11:13 - [TEST_STEP][PASSED] - closeBrowser(): Browser is closed

2023-11-01 10:11:13 - [MESSAGE][PASSED] - Browser is closed

2023-11-01 10:11:13 - [TEST_STEP][PASSED] - Start listener action : sampleAfterTestCase: null

2023-11-01 10:11:13 - [TEST_STEP][PASSED] - println(testCaseContext.getTestCaseId()): null

2023-11-01 10:11:13 - [TEST_STEP][PASSED] - println(testCaseContext.getTestCaseStatus()): null]]></system-out>
         <system-err><![CDATA[]]></system-err>
      </testcase>
      <testcase name="Test Cases/Katalon - Verify the error message on the SignUp Page" time="13.103" classname="Test Cases/Katalon - Verify the error message on the SignUp Page" status="PASSED">
         <system-out><![CDATA[2023-11-01 10:11:13 - [TEST_CASE][PASSED] - Test Cases/Katalon - Verify the error message on the SignUp Page: Test Cases/Katalon - Verify the error message on the SignUp Page

2023-11-01 10:11:13 - [TEST_STEP][PASSED] - Start listener action : sampleBeforeTestCase: null

2023-11-01 10:11:13 - [TEST_STEP][PASSED] - println(testCaseContext.getTestCaseId()): null

2023-11-01 10:11:13 - [TEST_STEP][PASSED] - println(testCaseContext.getTestCaseVariables()): null

2023-11-01 10:11:13 - [TEST_STEP][PASSED] - openBrowser(""): Browser is opened with url: ''

2023-11-01 10:11:13 - [MESSAGE][INFO] - Starting 'Chrome' driver

2023-11-01 10:11:13 - [MESSAGE][INFO] - Action delay is set to 0 milliseconds

2023-11-01 10:11:16 - [MESSAGE][PASSED] - Browser is opened with url: ''

2023-11-01 10:11:16 - [TEST_STEP][PASSED] - navigateToUrl("https://katalon.com/"): Navigate to 'https://katalon.com/' successfully

2023-11-01 10:11:19 - [MESSAGE][PASSED] - Navigate to 'https://katalon.com/' successfully

2023-11-01 10:11:19 - [TEST_STEP][PASSED] - maximizeWindow(): Current window maximized

2023-11-01 10:11:20 - [MESSAGE][PASSED] - Current window maximized

2023-11-01 10:11:20 - [TEST_STEP][PASSED] - click(findTestObject("Object Repository/Katalon/Page_Katalon AI-augmented Software Quality _596167/button_Accept All Cookies")): Object: 'Object Repository/Katalon/Page_Katalon AI-augmented Software Quality _596167/button_Accept All Cookies' is clicked on

2023-11-01 10:11:22 - [MESSAGE][PASSED] - Object: 'Object Repository/Katalon/Page_Katalon AI-augmented Software Quality _596167/button_Accept All Cookies' is clicked on

2023-11-01 10:11:22 - [TEST_STEP][PASSED] - click(findTestObject("Object Repository/Katalon/Page_Katalon AI-augmented Software Quality _596167/a_Start free trial")): Object: 'Object Repository/Katalon/Page_Katalon AI-augmented Software Quality _596167/a_Start free trial' is clicked on

2023-11-01 10:11:24 - [MESSAGE][PASSED] - Object: 'Object Repository/Katalon/Page_Katalon AI-augmented Software Quality _596167/a_Start free trial' is clicked on

2023-11-01 10:11:24 - [TEST_STEP][PASSED] - click(findTestObject("Object Repository/Katalon/Page_Sign up  Katalon Software Quality Mana_03d398/divbtn-sign-up")): Object: 'Object Repository/Katalon/Page_Sign up  Katalon Software Quality Mana_03d398/divbtn-sign-up' is clicked on

2023-11-01 10:11:26 - [MESSAGE][PASSED] - Object: 'Object Repository/Katalon/Page_Sign up  Katalon Software Quality Mana_03d398/divbtn-sign-up' is clicked on

2023-11-01 10:11:26 - [TEST_STEP][PASSED] - verifyElementText(findTestObject("Object Repository/Katalon/Page_Sign up  Katalon Software Quality Mana_03d398/span_Please fill all form fields"), "Please fill all form fields"): Actual text and expected text of test object 'Object Repository/Katalon/Page_Sign up  Katalon Software Quality Mana_03d398/span_Please fill all form fields' are matched.

2023-11-01 10:11:26 - [MESSAGE][PASSED] - Actual text and expected text of test object 'Object Repository/Katalon/Page_Sign up  Katalon Software Quality Mana_03d398/span_Please fill all form fields' are matched.

2023-11-01 10:11:26 - [TEST_STEP][PASSED] - closeBrowser(): Browser is closed

2023-11-01 10:11:26 - [MESSAGE][PASSED] - Browser is closed

2023-11-01 10:11:26 - [TEST_STEP][PASSED] - Start listener action : sampleAfterTestCase: null

2023-11-01 10:11:26 - [TEST_STEP][PASSED] - println(testCaseContext.getTestCaseId()): null

2023-11-01 10:11:26 - [TEST_STEP][PASSED] - println(testCaseContext.getTestCaseStatus()): null]]></system-out>
         <system-err><![CDATA[]]></system-err>
      </testcase>
      <testcase name="Test Cases/Katalon - Video verification" time="13.842" classname="Test Cases/Katalon - Video verification" status="PASSED">
         <system-out><![CDATA[2023-11-01 10:11:26 - [TEST_CASE][PASSED] - Test Cases/Katalon - Video verification: Test Cases/Katalon - Video verification

2023-11-01 10:11:26 - [TEST_STEP][PASSED] - Start listener action : sampleBeforeTestCase: null

2023-11-01 10:11:26 - [TEST_STEP][PASSED] - println(testCaseContext.getTestCaseId()): null

2023-11-01 10:11:26 - [TEST_STEP][PASSED] - println(testCaseContext.getTestCaseVariables()): null

2023-11-01 10:11:26 - [TEST_STEP][PASSED] - openBrowser(""): Browser is opened with url: ''

2023-11-01 10:11:26 - [MESSAGE][INFO] - Starting 'Chrome' driver

2023-11-01 10:11:26 - [MESSAGE][INFO] - Action delay is set to 0 milliseconds

2023-11-01 10:11:29 - [MESSAGE][PASSED] - Browser is opened with url: ''

2023-11-01 10:11:29 - [TEST_STEP][PASSED] - navigateToUrl("https://katalon.com/"): Navigate to 'https://katalon.com/' successfully

2023-11-01 10:11:33 - [MESSAGE][PASSED] - Navigate to 'https://katalon.com/' successfully

2023-11-01 10:11:33 - [TEST_STEP][PASSED] - maximizeWindow(): Current window maximized

2023-11-01 10:11:33 - [MESSAGE][PASSED] - Current window maximized

2023-11-01 10:11:33 - [TEST_STEP][PASSED] - click(findTestObject("Object Repository/Katalon/Page_Katalon AI-augmented Software Quality _596167/button_Accept All Cookies")): Object: 'Object Repository/Katalon/Page_Katalon AI-augmented Software Quality _596167/button_Accept All Cookies' is clicked on

2023-11-01 10:11:34 - [MESSAGE][PASSED] - Object: 'Object Repository/Katalon/Page_Katalon AI-augmented Software Quality _596167/button_Accept All Cookies' is clicked on

2023-11-01 10:11:34 - [TEST_STEP][PASSED] - click(findTestObject("Object Repository/Katalon/Page_Katalon AI-augmented Software Quality _596167/div_View a demo")): Object: 'Object Repository/Katalon/Page_Katalon AI-augmented Software Quality _596167/div_View a demo' is clicked on

2023-11-01 10:11:38 - [MESSAGE][PASSED] - Object: 'Object Repository/Katalon/Page_Katalon AI-augmented Software Quality _596167/div_View a demo' is clicked on

2023-11-01 10:11:38 - [TEST_STEP][PASSED] - waitForElementClickable(findTestObject("Katalon/Page_View a demo  Katalon/divwistia_87.big_play_button_background"), 10): Object 'Object Repository/Katalon/Page_View a demo  Katalon/divwistia_87.big_play_button_background' is clickable

2023-11-01 10:11:39 - [MESSAGE][PASSED] - Object 'Object Repository/Katalon/Page_View a demo  Katalon/divwistia_87.big_play_button_background' is clickable

2023-11-01 10:11:39 - [TEST_STEP][PASSED] - verifyElementClickable(findTestObject("Object Repository/Katalon/Page_View a demo  Katalon/divwistia_87.big_play_button_background")): Object 'Object Repository/Katalon/Page_View a demo  Katalon/divwistia_87.big_play_button_background' is clickable

2023-11-01 10:11:40 - [MESSAGE][PASSED] - Object 'Object Repository/Katalon/Page_View a demo  Katalon/divwistia_87.big_play_button_background' is clickable

2023-11-01 10:11:40 - [TEST_STEP][PASSED] - closeBrowser(): Browser is closed

2023-11-01 10:11:40 - [MESSAGE][PASSED] - Browser is closed

2023-11-01 10:11:40 - [TEST_STEP][PASSED] - Start listener action : sampleAfterTestCase: null

2023-11-01 10:11:40 - [TEST_STEP][PASSED] - println(testCaseContext.getTestCaseId()): null

2023-11-01 10:11:40 - [TEST_STEP][PASSED] - println(testCaseContext.getTestCaseStatus()): null]]></system-out>
         <system-err><![CDATA[]]></system-err>
      </testcase>
      <testcase name="Test Cases/Katalon - Why katelon verification" time="11.368" classname="Test Cases/Katalon - Why katelon verification" status="PASSED">
         <system-out><![CDATA[2023-11-01 10:11:40 - [TEST_CASE][PASSED] - Test Cases/Katalon - Why katelon verification: Test Cases/Katalon - Why katelon verification

2023-11-01 10:11:40 - [TEST_STEP][PASSED] - Start listener action : sampleBeforeTestCase: null

2023-11-01 10:11:40 - [TEST_STEP][PASSED] - println(testCaseContext.getTestCaseId()): null

2023-11-01 10:11:40 - [TEST_STEP][PASSED] - println(testCaseContext.getTestCaseVariables()): null

2023-11-01 10:11:40 - [TEST_STEP][PASSED] - openBrowser(""): Browser is opened with url: ''

2023-11-01 10:11:40 - [MESSAGE][INFO] - Starting 'Chrome' driver

2023-11-01 10:11:40 - [MESSAGE][INFO] - Action delay is set to 0 milliseconds

2023-11-01 10:11:43 - [MESSAGE][PASSED] - Browser is opened with url: ''

2023-11-01 10:11:43 - [TEST_STEP][PASSED] - navigateToUrl("https://katalon.com/"): Navigate to 'https://katalon.com/' successfully

2023-11-01 10:11:47 - [MESSAGE][PASSED] - Navigate to 'https://katalon.com/' successfully

2023-11-01 10:11:47 - [TEST_STEP][PASSED] - maximizeWindow(): Current window maximized

2023-11-01 10:11:47 - [MESSAGE][PASSED] - Current window maximized

2023-11-01 10:11:47 - [TEST_STEP][PASSED] - click(findTestObject("Object Repository/Katalon/Page_Katalon AI-augmented Software Quality _596167/button_Accept All Cookies")): Object: 'Object Repository/Katalon/Page_Katalon AI-augmented Software Quality _596167/button_Accept All Cookies' is clicked on

2023-11-01 10:11:49 - [MESSAGE][PASSED] - Object: 'Object Repository/Katalon/Page_Katalon AI-augmented Software Quality _596167/button_Accept All Cookies' is clicked on

2023-11-01 10:11:49 - [TEST_STEP][PASSED] - click(findTestObject("Object Repository/Katalon/Page_Katalon AI-augmented Software Quality _596167/div_Why Katalon")): Object: 'Object Repository/Katalon/Page_Katalon AI-augmented Software Quality _596167/div_Why Katalon' is clicked on

2023-11-01 10:11:49 - [MESSAGE][PASSED] - Object: 'Object Repository/Katalon/Page_Katalon AI-augmented Software Quality _596167/div_Why Katalon' is clicked on

2023-11-01 10:11:49 - [TEST_STEP][PASSED] - verifyElementText(findTestObject("Object Repository/Katalon/Page_Katalon AI-augmented Software Quality _596167/div_Easy, speed"), "Easy, speed"): Actual text and expected text of test object 'Object Repository/Katalon/Page_Katalon AI-augmented Software Quality _596167/div_Easy, speed' are matched.

2023-11-01 10:11:50 - [MESSAGE][PASSED] - Actual text and expected text of test object 'Object Repository/Katalon/Page_Katalon AI-augmented Software Quality _596167/div_Easy, speed' are matched.

2023-11-01 10:11:50 - [TEST_STEP][PASSED] - verifyElementText(findTestObject("Object Repository/Katalon/Page_Katalon AI-augmented Software Quality _596167/div_Flexibility, Scalability"), "Flexibility, Scalability"): Actual text and expected text of test object 'Object Repository/Katalon/Page_Katalon AI-augmented Software Quality _596167/div_Flexibility, Scalability' are matched.

2023-11-01 10:11:50 - [MESSAGE][PASSED] - Actual text and expected text of test object 'Object Repository/Katalon/Page_Katalon AI-augmented Software Quality _596167/div_Flexibility, Scalability' are matched.

2023-11-01 10:11:50 - [TEST_STEP][PASSED] - verifyElementPresent(findTestObject("Object Repository/Katalon/Page_Katalon AI-augmented Software Quality _596167/div_Visibility"), 0): Object 'Object Repository/Katalon/Page_Katalon AI-augmented Software Quality _596167/div_Visibility' is present

2023-11-01 10:11:50 - [MESSAGE][WARNING] - Timeout '0' is invalid. Using default page load timeout: '30'

2023-11-01 10:11:51 - [MESSAGE][PASSED] - Object 'Object Repository/Katalon/Page_Katalon AI-augmented Software Quality _596167/div_Visibility' is present

2023-11-01 10:11:51 - [TEST_STEP][PASSED] - verifyElementText(findTestObject("Object Repository/Katalon/Page_Katalon AI-augmented Software Quality _596167/div_Innovation  AI"), "Innovation & AI"): Actual text and expected text of test object 'Object Repository/Katalon/Page_Katalon AI-augmented Software Quality _596167/div_Innovation  AI' are matched.

2023-11-01 10:11:51 - [MESSAGE][PASSED] - Actual text and expected text of test object 'Object Repository/Katalon/Page_Katalon AI-augmented Software Quality _596167/div_Innovation  AI' are matched.

2023-11-01 10:11:51 - [TEST_STEP][PASSED] - verifyElementText(findTestObject("Object Repository/Katalon/Page_Katalon AI-augmented Software Quality _596167/div_Low cost, high ROI"), "Low cost, high ROI"): Actual text and expected text of test object 'Object Repository/Katalon/Page_Katalon AI-augmented Software Quality _596167/div_Low cost, high ROI' are matched.

2023-11-01 10:11:51 - [MESSAGE][PASSED] - Actual text and expected text of test object 'Object Repository/Katalon/Page_Katalon AI-augmented Software Quality _596167/div_Low cost, high ROI' are matched.

2023-11-01 10:11:51 - [TEST_STEP][PASSED] - closeBrowser(): Browser is closed

2023-11-01 10:11:52 - [MESSAGE][PASSED] - Browser is closed

2023-11-01 10:11:52 - [TEST_STEP][PASSED] - Start listener action : sampleAfterTestCase: null

2023-11-01 10:11:52 - [TEST_STEP][PASSED] - println(testCaseContext.getTestCaseId()): null

2023-11-01 10:11:52 - [TEST_STEP][PASSED] - println(testCaseContext.getTestCaseStatus()): null]]></system-out>
         <system-err><![CDATA[]]></system-err>
      </testcase>
      <testcase name="Test Cases/Katalon Course finding" time="24.778" classname="Test Cases/Katalon Course finding" status="PASSED">
         <system-out><![CDATA[2023-11-01 10:11:52 - [TEST_CASE][PASSED] - Test Cases/Katalon Course finding: Test Cases/Katalon Course finding

2023-11-01 10:11:52 - [TEST_STEP][PASSED] - Start listener action : sampleBeforeTestCase: null

2023-11-01 10:11:52 - [TEST_STEP][PASSED] - println(testCaseContext.getTestCaseId()): null

2023-11-01 10:11:52 - [TEST_STEP][PASSED] - println(testCaseContext.getTestCaseVariables()): null

2023-11-01 10:11:52 - [TEST_STEP][PASSED] - openBrowser(""): Browser is opened with url: ''

2023-11-01 10:11:52 - [MESSAGE][INFO] - Starting 'Chrome' driver

2023-11-01 10:11:52 - [MESSAGE][INFO] - Action delay is set to 0 milliseconds

2023-11-01 10:11:55 - [MESSAGE][PASSED] - Browser is opened with url: ''

2023-11-01 10:11:55 - [TEST_STEP][PASSED] - navigateToUrl("https://katalon.com/"): Navigate to 'https://katalon.com/' successfully

2023-11-01 10:11:58 - [MESSAGE][PASSED] - Navigate to 'https://katalon.com/' successfully

2023-11-01 10:11:58 - [TEST_STEP][PASSED] - maximizeWindow(): Current window maximized

2023-11-01 10:11:58 - [MESSAGE][PASSED] - Current window maximized

2023-11-01 10:11:58 - [TEST_STEP][PASSED] - click(findTestObject("Object Repository/Katalon/Page_Katalon AI-augmented Software Quality _596167/button_Accept All Cookies")): Object: 'Object Repository/Katalon/Page_Katalon AI-augmented Software Quality _596167/button_Accept All Cookies' is clicked on

2023-11-01 10:12:00 - [MESSAGE][PASSED] - Object: 'Object Repository/Katalon/Page_Katalon AI-augmented Software Quality _596167/button_Accept All Cookies' is clicked on

2023-11-01 10:12:00 - [TEST_STEP][PASSED] - click(findTestObject("Object Repository/Katalon/Page_Katalon AI-augmented Software Quality _596167/div_Resources")): Object: 'Object Repository/Katalon/Page_Katalon AI-augmented Software Quality _596167/div_Resources' is clicked on

2023-11-01 10:12:00 - [MESSAGE][PASSED] - Object: 'Object Repository/Katalon/Page_Katalon AI-augmented Software Quality _596167/div_Resources' is clicked on

2023-11-01 10:12:00 - [TEST_STEP][PASSED] - click(findTestObject("Object Repository/Katalon/Page_Katalon AI-augmented Software Quality _596167/div_Resources")): Object: 'Object Repository/Katalon/Page_Katalon AI-augmented Software Quality _596167/div_Resources' is clicked on

2023-11-01 10:12:01 - [MESSAGE][PASSED] - Object: 'Object Repository/Katalon/Page_Katalon AI-augmented Software Quality _596167/div_Resources' is clicked on

2023-11-01 10:12:01 - [TEST_STEP][PASSED] - click(findTestObject("Object Repository/Katalon/Page_Katalon AI-augmented Software Quality _596167/div_Academy")): Object: 'Object Repository/Katalon/Page_Katalon AI-augmented Software Quality _596167/div_Academy' is clicked on

2023-11-01 10:12:01 - [MESSAGE][PASSED] - Object: 'Object Repository/Katalon/Page_Katalon AI-augmented Software Quality _596167/div_Academy' is clicked on

2023-11-01 10:12:01 - [TEST_STEP][PASSED] - switchToWindowTitle("Katalon Academy - Automation Testing Courses to Level Up"): Switched to window with title: 'Katalon Academy - Automation Testing Courses to Level Up'

2023-11-01 10:12:05 - [MESSAGE][PASSED] - Switched to window with title: 'Katalon Academy - Automation Testing Courses to Level Up'

2023-11-01 10:12:05 - [TEST_STEP][PASSED] - click(findTestObject("Object Repository/Katalon/Page_Katalon Academy - Automation Testing C_4c4a56/button_Choose a course")): Object: 'Object Repository/Katalon/Page_Katalon Academy - Automation Testing C_4c4a56/button_Choose a course' is clicked on

2023-11-01 10:12:06 - [MESSAGE][PASSED] - Object: 'Object Repository/Katalon/Page_Katalon Academy - Automation Testing C_4c4a56/button_Choose a course' is clicked on

2023-11-01 10:12:06 - [TEST_STEP][PASSED] - click(findTestObject("Object Repository/Katalon/Page_Katalon Academy - Automation Testing C_4c4a56/span_")): Object: 'Object Repository/Katalon/Page_Katalon Academy - Automation Testing C_4c4a56/span_' is clicked on

2023-11-01 10:12:06 - [MESSAGE][PASSED] - Object: 'Object Repository/Katalon/Page_Katalon Academy - Automation Testing C_4c4a56/span_' is clicked on

2023-11-01 10:12:06 - [TEST_STEP][PASSED] - click(findTestObject("Object Repository/Katalon/Page_Katalon Academy - Automation Testing C_4c4a56/img")): Object: 'Object Repository/Katalon/Page_Katalon Academy - Automation Testing C_4c4a56/img' is clicked on

2023-11-01 10:12:07 - [MESSAGE][PASSED] - Object: 'Object Repository/Katalon/Page_Katalon Academy - Automation Testing C_4c4a56/img' is clicked on

2023-11-01 10:12:07 - [TEST_STEP][PASSED] - setText(findTestObject("Object Repository/Katalon/Page_Katalon Academy - Automation Testing C_4c4a56/input_s"), "test automation"): Text 'test automation' is set on object 'Object Repository/Katalon/Page_Katalon Academy - Automation Testing C_4c4a56/input_s'

2023-11-01 10:12:08 - [MESSAGE][PASSED] - Text 'test automation' is set on object 'Object Repository/Katalon/Page_Katalon Academy - Automation Testing C_4c4a56/input_s'

2023-11-01 10:12:08 - [TEST_STEP][PASSED] - sendKeys(findTestObject("Object Repository/Katalon/Page_Katalon Academy - Automation Testing C_4c4a56/input_s"), Keys.chord(ENTER)): Keys 'ENTER + ' sent to object: 'Object Repository/Katalon/Page_Katalon Academy - Automation Testing C_4c4a56/input_s'

2023-11-01 10:12:11 - [MESSAGE][PASSED] - Keys 'ENTER + ' sent to object: 'Object Repository/Katalon/Page_Katalon Academy - Automation Testing C_4c4a56/input_s'

2023-11-01 10:12:11 - [TEST_STEP][PASSED] - click(findTestObject("Object Repository/Katalon/Page_You searched for test automation - Kat_2262e6/a_Test Authoring With Katalon Handling Aler_e0066a")): Object: 'Object Repository/Katalon/Page_You searched for test automation - Kat_2262e6/a_Test Authoring With Katalon Handling Aler_e0066a' is clicked on

2023-11-01 10:12:14 - [MESSAGE][PASSED] - Object: 'Object Repository/Katalon/Page_You searched for test automation - Kat_2262e6/a_Test Authoring With Katalon Handling Aler_e0066a' is clicked on

2023-11-01 10:12:14 - [TEST_STEP][PASSED] - verifyElementPresent(findTestObject("Object Repository/Katalon/Page_Handling Alerts, Dialog Boxes, and Dro_d965ab/button_Enroll"), 0): Object 'Object Repository/Katalon/Page_Handling Alerts, Dialog Boxes, and Dro_d965ab/button_Enroll' is present

2023-11-01 10:12:14 - [MESSAGE][WARNING] - Timeout '0' is invalid. Using default page load timeout: '30'

2023-11-01 10:12:15 - [MESSAGE][PASSED] - Object 'Object Repository/Katalon/Page_Handling Alerts, Dialog Boxes, and Dro_d965ab/button_Enroll' is present

2023-11-01 10:12:15 - [TEST_STEP][PASSED] - closeBrowser(): Browser is closed

2023-11-01 10:12:16 - [MESSAGE][PASSED] - Browser is closed

2023-11-01 10:12:16 - [TEST_STEP][PASSED] - Start listener action : sampleAfterTestCase: null

2023-11-01 10:12:16 - [TEST_STEP][PASSED] - println(testCaseContext.getTestCaseId()): null

2023-11-01 10:12:16 - [TEST_STEP][PASSED] - println(testCaseContext.getTestCaseStatus()): null]]></system-out>
         <system-err><![CDATA[]]></system-err>
      </testcase>
      <testcase name="Test Cases/Katalon Download Studio check" time="16.09" classname="Test Cases/Katalon Download Studio check" status="PASSED">
         <system-out><![CDATA[2023-11-01 10:12:16 - [TEST_CASE][PASSED] - Test Cases/Katalon Download Studio check: Test Cases/Katalon Download Studio check

2023-11-01 10:12:16 - [TEST_STEP][PASSED] - Start listener action : sampleBeforeTestCase: null

2023-11-01 10:12:16 - [TEST_STEP][PASSED] - println(testCaseContext.getTestCaseId()): null

2023-11-01 10:12:16 - [TEST_STEP][PASSED] - println(testCaseContext.getTestCaseVariables()): null

2023-11-01 10:12:17 - [TEST_STEP][PASSED] - openBrowser(""): Browser is opened with url: ''

2023-11-01 10:12:17 - [MESSAGE][INFO] - Starting 'Chrome' driver

2023-11-01 10:12:17 - [MESSAGE][INFO] - Action delay is set to 0 milliseconds

2023-11-01 10:12:20 - [MESSAGE][PASSED] - Browser is opened with url: ''

2023-11-01 10:12:20 - [TEST_STEP][PASSED] - navigateToUrl("https://katalon.com/"): Navigate to 'https://katalon.com/' successfully

2023-11-01 10:12:23 - [MESSAGE][PASSED] - Navigate to 'https://katalon.com/' successfully

2023-11-01 10:12:23 - [TEST_STEP][PASSED] - maximizeWindow(): Current window maximized

2023-11-01 10:12:23 - [MESSAGE][PASSED] - Current window maximized

2023-11-01 10:12:23 - [TEST_STEP][PASSED] - click(findTestObject("Object Repository/Katalon/Page_Katalon AI-augmented Software Quality _596167/button_Accept All Cookies")): Object: 'Object Repository/Katalon/Page_Katalon AI-augmented Software Quality _596167/button_Accept All Cookies' is clicked on

2023-11-01 10:12:25 - [MESSAGE][PASSED] - Object: 'Object Repository/Katalon/Page_Katalon AI-augmented Software Quality _596167/button_Accept All Cookies' is clicked on

2023-11-01 10:12:25 - [TEST_STEP][PASSED] - click(findTestObject("Object Repository/Katalon/Page_Katalon AI-augmented Software Quality _596167/a_Download Studio")): Object: 'Object Repository/Katalon/Page_Katalon AI-augmented Software Quality _596167/a_Download Studio' is clicked on

2023-11-01 10:12:27 - [MESSAGE][PASSED] - Object: 'Object Repository/Katalon/Page_Katalon AI-augmented Software Quality _596167/a_Download Studio' is clicked on

2023-11-01 10:12:27 - [TEST_STEP][PASSED] - click(findTestObject("Object Repository/Katalon/Page_Katalon Studio Free Download  Katalon/div_Windows 64macOSmacOS (Intel)macOS (Appl_b3af3d")): Object: 'Object Repository/Katalon/Page_Katalon Studio Free Download  Katalon/div_Windows 64macOSmacOS (Intel)macOS (Appl_b3af3d' is clicked on

2023-11-01 10:12:29 - [MESSAGE][PASSED] - Object: 'Object Repository/Katalon/Page_Katalon Studio Free Download  Katalon/div_Windows 64macOSmacOS (Intel)macOS (Appl_b3af3d' is clicked on

2023-11-01 10:12:29 - [TEST_STEP][PASSED] - click(findTestObject("Object Repository/Katalon/Page_Katalon Studio Free Download  Katalon/div_Windows 64")): Object: 'Object Repository/Katalon/Page_Katalon Studio Free Download  Katalon/div_Windows 64' is clicked on

2023-11-01 10:12:29 - [MESSAGE][PASSED] - Object: 'Object Repository/Katalon/Page_Katalon Studio Free Download  Katalon/div_Windows 64' is clicked on

2023-11-01 10:12:29 - [TEST_STEP][PASSED] - click(findTestObject("Object Repository/Katalon/Page_Katalon Studio Free Download  Katalon/div_Ver. 9.0.0Ver. 8.6.8Ver. 9.0.0")): Object: 'Object Repository/Katalon/Page_Katalon Studio Free Download  Katalon/div_Ver. 9.0.0Ver. 8.6.8Ver. 9.0.0' is clicked on

2023-11-01 10:12:30 - [MESSAGE][PASSED] - Object: 'Object Repository/Katalon/Page_Katalon Studio Free Download  Katalon/div_Ver. 9.0.0Ver. 8.6.8Ver. 9.0.0' is clicked on

2023-11-01 10:12:30 - [TEST_STEP][PASSED] - click(findTestObject("Object Repository/Katalon/Page_Katalon Studio Free Download  Katalon/div_Ver. 8.6.8")): Object: 'Object Repository/Katalon/Page_Katalon Studio Free Download  Katalon/div_Ver. 8.6.8' is clicked on

2023-11-01 10:12:31 - [MESSAGE][PASSED] - Object: 'Object Repository/Katalon/Page_Katalon Studio Free Download  Katalon/div_Ver. 8.6.8' is clicked on

2023-11-01 10:12:31 - [TEST_STEP][PASSED] - verifyElementPresent(findTestObject("Object Repository/Katalon/Page_Katalon Studio Free Download  Katalon/div_Download"), 0): Object 'Object Repository/Katalon/Page_Katalon Studio Free Download  Katalon/div_Download' is present

2023-11-01 10:12:31 - [MESSAGE][WARNING] - Timeout '0' is invalid. Using default page load timeout: '30'

2023-11-01 10:12:31 - [MESSAGE][PASSED] - Object 'Object Repository/Katalon/Page_Katalon Studio Free Download  Katalon/div_Download' is present

2023-11-01 10:12:31 - [TEST_STEP][PASSED] - verifyElementVisible(findTestObject("Object Repository/Katalon/Page_Katalon Studio Free Download  Katalon/div_Download")): Object 'Object Repository/Katalon/Page_Katalon Studio Free Download  Katalon/div_Download' is visible

2023-11-01 10:12:32 - [MESSAGE][PASSED] - Object 'Object Repository/Katalon/Page_Katalon Studio Free Download  Katalon/div_Download' is visible

2023-11-01 10:12:32 - [TEST_STEP][PASSED] - verifyElementText(findTestObject("Object Repository/Katalon/Page_Katalon Studio Free Download  Katalon/a_Sign up now -"), "Sign up now ->"): Actual text and expected text of test object 'Object Repository/Katalon/Page_Katalon Studio Free Download  Katalon/a_Sign up now -' are matched.

2023-11-01 10:12:32 - [MESSAGE][PASSED] - Actual text and expected text of test object 'Object Repository/Katalon/Page_Katalon Studio Free Download  Katalon/a_Sign up now -' are matched.

2023-11-01 10:12:32 - [TEST_STEP][PASSED] - closeBrowser(): Browser is closed

2023-11-01 10:12:32 - [MESSAGE][PASSED] - Browser is closed

2023-11-01 10:12:32 - [TEST_STEP][PASSED] - Start listener action : sampleAfterTestCase: null

2023-11-01 10:12:32 - [TEST_STEP][PASSED] - println(testCaseContext.getTestCaseId()): null

2023-11-01 10:12:32 - [TEST_STEP][PASSED] - println(testCaseContext.getTestCaseStatus()): null]]></system-out>
         <system-err><![CDATA[]]></system-err>
      </testcase>
      <testcase name="Test Cases/Katalon Price Check" time="16.879" classname="Test Cases/Katalon Price Check" status="PASSED">
         <system-out><![CDATA[2023-11-01 10:12:32 - [TEST_CASE][PASSED] - Test Cases/Katalon Price Check: Test Cases/Katalon Price Check

2023-11-01 10:12:32 - [TEST_STEP][PASSED] - Start listener action : sampleBeforeTestCase: null

2023-11-01 10:12:32 - [TEST_STEP][PASSED] - println(testCaseContext.getTestCaseId()): null

2023-11-01 10:12:32 - [TEST_STEP][PASSED] - println(testCaseContext.getTestCaseVariables()): null

2023-11-01 10:12:33 - [TEST_STEP][PASSED] - openBrowser(""): Browser is opened with url: ''

2023-11-01 10:12:33 - [MESSAGE][INFO] - Starting 'Chrome' driver

2023-11-01 10:12:33 - [MESSAGE][INFO] - Action delay is set to 0 milliseconds

2023-11-01 10:12:36 - [MESSAGE][PASSED] - Browser is opened with url: ''

2023-11-01 10:12:36 - [TEST_STEP][PASSED] - navigateToUrl("https://katalon.com/"): Navigate to 'https://katalon.com/' successfully

2023-11-01 10:12:39 - [MESSAGE][PASSED] - Navigate to 'https://katalon.com/' successfully

2023-11-01 10:12:39 - [TEST_STEP][PASSED] - maximizeWindow(): Current window maximized

2023-11-01 10:12:39 - [MESSAGE][PASSED] - Current window maximized

2023-11-01 10:12:39 - [TEST_STEP][PASSED] - click(findTestObject("Object Repository/Katalon/Page_Katalon AI-augmented Software Quality _596167/button_Accept All Cookies")): Object: 'Object Repository/Katalon/Page_Katalon AI-augmented Software Quality _596167/button_Accept All Cookies' is clicked on

2023-11-01 10:12:41 - [MESSAGE][PASSED] - Object: 'Object Repository/Katalon/Page_Katalon AI-augmented Software Quality _596167/button_Accept All Cookies' is clicked on

2023-11-01 10:12:41 - [TEST_STEP][PASSED] - click(findTestObject("Object Repository/Katalon/Page_Katalon AI-augmented Software Quality _596167/div_Pricing")): Object: 'Object Repository/Katalon/Page_Katalon AI-augmented Software Quality _596167/div_Pricing' is clicked on

2023-11-01 10:12:44 - [MESSAGE][PASSED] - Object: 'Object Repository/Katalon/Page_Katalon AI-augmented Software Quality _596167/div_Pricing' is clicked on

2023-11-01 10:12:44 - [TEST_STEP][PASSED] - setText(findTestObject("Object Repository/Katalon/Page_Software Quality Management Platform  _0ea48f/inputinput_platform_kse_number"), "5"): Text '5' is set on object 'Object Repository/Katalon/Page_Software Quality Management Platform  _0ea48f/inputinput_platform_kse_number'

2023-11-01 10:12:46 - [MESSAGE][PASSED] - Text '5' is set on object 'Object Repository/Katalon/Page_Software Quality Management Platform  _0ea48f/inputinput_platform_kse_number'

2023-11-01 10:12:46 - [TEST_STEP][PASSED] - setText(findTestObject("Object Repository/Katalon/Page_Software Quality Management Platform  _0ea48f/inputinput_platform_testcloud_number"), "5"): Text '5' is set on object 'Object Repository/Katalon/Page_Software Quality Management Platform  _0ea48f/inputinput_platform_testcloud_number'

2023-11-01 10:12:48 - [MESSAGE][PASSED] - Text '5' is set on object 'Object Repository/Katalon/Page_Software Quality Management Platform  _0ea48f/inputinput_platform_testcloud_number'

2023-11-01 10:12:48 - [TEST_STEP][PASSED] - setText(findTestObject("Object Repository/Katalon/Page_Software Quality Management Platform  _0ea48f/inputinput_platform_kre_number"), "5"): Text '5' is set on object 'Object Repository/Katalon/Page_Software Quality Management Platform  _0ea48f/inputinput_platform_kre_number'

2023-11-01 10:12:49 - [MESSAGE][PASSED] - Text '5' is set on object 'Object Repository/Katalon/Page_Software Quality Management Platform  _0ea48f/inputinput_platform_kre_number'

2023-11-01 10:12:49 - [TEST_STEP][PASSED] - scrollToPosition(0, 3): Browser is scrolled to position x = 0, y = 3

2023-11-01 10:12:49 - [MESSAGE][PASSED] - Browser is scrolled to position x = 0, y = 3

2023-11-01 10:12:49 - [TEST_STEP][PASSED] - closeBrowser(): Browser is closed

2023-11-01 10:12:49 - [MESSAGE][PASSED] - Browser is closed

2023-11-01 10:12:49 - [TEST_STEP][PASSED] - Start listener action : sampleAfterTestCase: null

2023-11-01 10:12:49 - [TEST_STEP][PASSED] - println(testCaseContext.getTestCaseId()): null

2023-11-01 10:12:49 - [TEST_STEP][PASSED] - println(testCaseContext.getTestCaseStatus()): null]]></system-out>
         <system-err><![CDATA[]]></system-err>
      </testcase>
      <testcase name="Test Cases/PMI - Verify the 3 languages present in PMI" time="12.728" classname="Test Cases/PMI - Verify the 3 languages present in PMI" status="PASSED">
         <system-out><![CDATA[2023-11-01 10:12:49 - [TEST_CASE][PASSED] - Test Cases/PMI - Verify the 3 languages present in PMI: Test Cases/PMI - Verify the 3 languages present in PMI

2023-11-01 10:12:49 - [TEST_STEP][PASSED] - Start listener action : sampleBeforeTestCase: null

2023-11-01 10:12:49 - [TEST_STEP][PASSED] - println(testCaseContext.getTestCaseId()): null

2023-11-01 10:12:49 - [TEST_STEP][PASSED] - println(testCaseContext.getTestCaseVariables()): null

2023-11-01 10:12:49 - [TEST_STEP][PASSED] - openBrowser(""): Browser is opened with url: ''

2023-11-01 10:12:49 - [MESSAGE][INFO] - Starting 'Chrome' driver

2023-11-01 10:12:49 - [MESSAGE][INFO] - Action delay is set to 0 milliseconds

2023-11-01 10:12:52 - [MESSAGE][PASSED] - Browser is opened with url: ''

2023-11-01 10:12:52 - [TEST_STEP][PASSED] - navigateToUrl("https://www.pmi.org/certifications"): Navigate to 'https://www.pmi.org/certifications' successfully

2023-11-01 10:12:57 - [MESSAGE][PASSED] - Navigate to 'https://www.pmi.org/certifications' successfully

2023-11-01 10:12:57 - [TEST_STEP][PASSED] - maximizeWindow(): Current window maximized

2023-11-01 10:12:57 - [MESSAGE][PASSED] - Current window maximized

2023-11-01 10:12:57 - [TEST_STEP][PASSED] - click(findTestObject("Object Repository/PMI/Page_Certifications  PMI/span_OK")): Object: 'Object Repository/PMI/Page_Certifications  PMI/span_OK' is clicked on

2023-11-01 10:12:59 - [MESSAGE][PASSED] - Object: 'Object Repository/PMI/Page_Certifications  PMI/span_OK' is clicked on

2023-11-01 10:12:59 - [TEST_STEP][PASSED] - verifyElementText(findTestObject("Object Repository/PMI/Page_Certifications  PMI/a_View in English"), "View in English"): Actual text and expected text of test object 'Object Repository/PMI/Page_Certifications  PMI/a_View in English' are matched.

2023-11-01 10:13:00 - [MESSAGE][PASSED] - Actual text and expected text of test object 'Object Repository/PMI/Page_Certifications  PMI/a_View in English' are matched.

2023-11-01 10:13:00 - [TEST_STEP][PASSED] - verifyElementText(findTestObject("Object Repository/PMI/Page_Certifications  PMI/a_Ver en Espaol"), "Ver en Español"): Actual text and expected text of test object 'Object Repository/PMI/Page_Certifications  PMI/a_Ver en Espaol' are matched.

2023-11-01 10:13:00 - [MESSAGE][PASSED] - Actual text and expected text of test object 'Object Repository/PMI/Page_Certifications  PMI/a_Ver en Espaol' are matched.

2023-11-01 10:13:00 - [TEST_STEP][PASSED] - verifyElementText(findTestObject("Object Repository/PMI/Page_Certifications  PMI/a_Veja em Portugus"), "Veja em Português"): Actual text and expected text of test object 'Object Repository/PMI/Page_Certifications  PMI/a_Veja em Portugus' are matched.

2023-11-01 10:13:01 - [MESSAGE][PASSED] - Actual text and expected text of test object 'Object Repository/PMI/Page_Certifications  PMI/a_Veja em Portugus' are matched.

2023-11-01 10:13:01 - [TEST_STEP][PASSED] - closeBrowser(): Browser is closed

2023-11-01 10:13:02 - [MESSAGE][PASSED] - Browser is closed

2023-11-01 10:13:02 - [TEST_STEP][PASSED] - Start listener action : sampleAfterTestCase: null

2023-11-01 10:13:02 - [TEST_STEP][PASSED] - println(testCaseContext.getTestCaseId()): null

2023-11-01 10:13:02 - [TEST_STEP][PASSED] - println(testCaseContext.getTestCaseStatus()): null]]></system-out>
         <system-err><![CDATA[]]></system-err>
      </testcase>
      <testcase name="Test Cases/PMI - Verify the portugese language in PMI" time="13.817" classname="Test Cases/PMI - Verify the portugese language in PMI" status="PASSED">
         <system-out><![CDATA[2023-11-01 10:13:02 - [TEST_CASE][PASSED] - Test Cases/PMI - Verify the portugese language in PMI: Test Cases/PMI - Verify the portugese language in PMI

2023-11-01 10:13:02 - [TEST_STEP][PASSED] - Start listener action : sampleBeforeTestCase: null

2023-11-01 10:13:02 - [TEST_STEP][PASSED] - println(testCaseContext.getTestCaseId()): null

2023-11-01 10:13:02 - [TEST_STEP][PASSED] - println(testCaseContext.getTestCaseVariables()): null

2023-11-01 10:13:02 - [TEST_STEP][PASSED] - openBrowser(""): Browser is opened with url: ''

2023-11-01 10:13:02 - [MESSAGE][INFO] - Starting 'Chrome' driver

2023-11-01 10:13:02 - [MESSAGE][INFO] - Action delay is set to 0 milliseconds

2023-11-01 10:13:05 - [MESSAGE][PASSED] - Browser is opened with url: ''

2023-11-01 10:13:05 - [TEST_STEP][PASSED] - navigateToUrl("https://www.pmi.org/certifications"): Navigate to 'https://www.pmi.org/certifications' successfully

2023-11-01 10:13:09 - [MESSAGE][PASSED] - Navigate to 'https://www.pmi.org/certifications' successfully

2023-11-01 10:13:09 - [TEST_STEP][PASSED] - maximizeWindow(): Current window maximized

2023-11-01 10:13:10 - [MESSAGE][PASSED] - Current window maximized

2023-11-01 10:13:10 - [TEST_STEP][PASSED] - click(findTestObject("Object Repository/PMI/Page_Certifications  PMI/a_OK")): Object: 'Object Repository/PMI/Page_Certifications  PMI/a_OK' is clicked on

2023-11-01 10:13:11 - [MESSAGE][PASSED] - Object: 'Object Repository/PMI/Page_Certifications  PMI/a_OK' is clicked on

2023-11-01 10:13:11 - [TEST_STEP][PASSED] - click(findTestObject("Object Repository/PMI/Page_Certifications  PMI/a_Veja em Portugus")): Object: 'Object Repository/PMI/Page_Certifications  PMI/a_Veja em Portugus' is clicked on

2023-11-01 10:13:15 - [MESSAGE][PASSED] - Object: 'Object Repository/PMI/Page_Certifications  PMI/a_Veja em Portugus' is clicked on

2023-11-01 10:13:15 - [TEST_STEP][PASSED] - verifyElementPresent(findTestObject("Object Repository/PMI/Page_Just a moment/h1_www.pmi.org"), 0): Object 'Object Repository/PMI/Page_Just a moment/h1_www.pmi.org' is present

2023-11-01 10:13:15 - [MESSAGE][WARNING] - Timeout '0' is invalid. Using default page load timeout: '30'

2023-11-01 10:13:16 - [MESSAGE][PASSED] - Object 'Object Repository/PMI/Page_Just a moment/h1_www.pmi.org' is present

2023-11-01 10:13:16 - [TEST_STEP][PASSED] - closeBrowser(): Browser is closed

2023-11-01 10:13:16 - [MESSAGE][PASSED] - Browser is closed

2023-11-01 10:13:16 - [TEST_STEP][PASSED] - Start listener action : sampleAfterTestCase: null

2023-11-01 10:13:16 - [TEST_STEP][PASSED] - println(testCaseContext.getTestCaseId()): null

2023-11-01 10:13:16 - [TEST_STEP][PASSED] - println(testCaseContext.getTestCaseStatus()): null]]></system-out>
         <system-err><![CDATA[]]></system-err>
      </testcase>
      <testcase name="Test Cases/PMI - Verify the spanish language in PMI" time="14.025" classname="Test Cases/PMI - Verify the spanish language in PMI" status="PASSED">
         <system-out><![CDATA[2023-11-01 10:13:16 - [TEST_CASE][PASSED] - Test Cases/PMI - Verify the spanish language in PMI: Test Cases/PMI - Verify the spanish language in PMI

2023-11-01 10:13:16 - [TEST_STEP][PASSED] - Start listener action : sampleBeforeTestCase: null

2023-11-01 10:13:16 - [TEST_STEP][PASSED] - println(testCaseContext.getTestCaseId()): null

2023-11-01 10:13:16 - [TEST_STEP][PASSED] - println(testCaseContext.getTestCaseVariables()): null

2023-11-01 10:13:16 - [TEST_STEP][PASSED] - openBrowser(""): Browser is opened with url: ''

2023-11-01 10:13:16 - [MESSAGE][INFO] - Starting 'Chrome' driver

2023-11-01 10:13:16 - [MESSAGE][INFO] - Action delay is set to 0 milliseconds

2023-11-01 10:13:19 - [MESSAGE][PASSED] - Browser is opened with url: ''

2023-11-01 10:13:19 - [TEST_STEP][PASSED] - navigateToUrl("https://www.pmi.org/certifications"): Navigate to 'https://www.pmi.org/certifications' successfully

2023-11-01 10:13:23 - [MESSAGE][PASSED] - Navigate to 'https://www.pmi.org/certifications' successfully

2023-11-01 10:13:23 - [TEST_STEP][PASSED] - maximizeWindow(): Current window maximized

2023-11-01 10:13:24 - [MESSAGE][PASSED] - Current window maximized

2023-11-01 10:13:24 - [TEST_STEP][PASSED] - click(findTestObject("Object Repository/PMI/Page_Certifications  PMI/span_OK")): Object: 'Object Repository/PMI/Page_Certifications  PMI/span_OK' is clicked on

2023-11-01 10:13:25 - [MESSAGE][PASSED] - Object: 'Object Repository/PMI/Page_Certifications  PMI/span_OK' is clicked on

2023-11-01 10:13:25 - [TEST_STEP][PASSED] - click(findTestObject("Object Repository/PMI/Page_Certifications  PMI/a_Ver en Espaol")): Object: 'Object Repository/PMI/Page_Certifications  PMI/a_Ver en Espaol' is clicked on

2023-11-01 10:13:29 - [MESSAGE][PASSED] - Object: 'Object Repository/PMI/Page_Certifications  PMI/a_Ver en Espaol' is clicked on

2023-11-01 10:13:29 - [TEST_STEP][PASSED] - verifyElementPresent(findTestObject("Object Repository/PMI/Page_Just a moment/h1_www.pmi.org"), 0): Object 'Object Repository/PMI/Page_Just a moment/h1_www.pmi.org' is present

2023-11-01 10:13:29 - [MESSAGE][WARNING] - Timeout '0' is invalid. Using default page load timeout: '30'

2023-11-01 10:13:29 - [MESSAGE][PASSED] - Object 'Object Repository/PMI/Page_Just a moment/h1_www.pmi.org' is present

2023-11-01 10:13:29 - [TEST_STEP][PASSED] - closeBrowser(): Browser is closed

2023-11-01 10:13:30 - [MESSAGE][PASSED] - Browser is closed

2023-11-01 10:13:30 - [TEST_STEP][PASSED] - Start listener action : sampleAfterTestCase: null

2023-11-01 10:13:30 - [TEST_STEP][PASSED] - println(testCaseContext.getTestCaseId()): null

2023-11-01 10:13:30 - [TEST_STEP][PASSED] - println(testCaseContext.getTestCaseStatus()): null]]></system-out>
         <system-err><![CDATA[]]></system-err>
      </testcase>
      <testcase name="Test Cases/Search Automation within Deloitte site" time="23.698" classname="Test Cases/Search Automation within Deloitte site" status="PASSED">
         <system-out><![CDATA[2023-11-01 10:15:41 - [TEST_CASE][PASSED] - Test Cases/Search Automation within Deloitte site: Test Cases/Search Automation within Deloitte site

2023-11-01 10:15:41 - [TEST_STEP][PASSED] - Start listener action : sampleBeforeTestCase: null

2023-11-01 10:15:41 - [TEST_STEP][PASSED] - println(testCaseContext.getTestCaseId()): null

2023-11-01 10:15:41 - [TEST_STEP][PASSED] - println(testCaseContext.getTestCaseVariables()): null

2023-11-01 10:15:41 - [TEST_STEP][PASSED] - openBrowser(""): Browser is opened with url: ''

2023-11-01 10:15:41 - [MESSAGE][WARNING] - A browser is already opened. Closing browser and opening a new one

2023-11-01 10:15:42 - [MESSAGE][INFO] - Starting 'Chrome' driver

2023-11-01 10:15:42 - [MESSAGE][INFO] - Action delay is set to 0 milliseconds

2023-11-01 10:15:44 - [MESSAGE][PASSED] - Browser is opened with url: ''

2023-11-01 10:15:44 - [TEST_STEP][PASSED] - navigateToUrl("https://www2.deloitte.com/us/en.html"): Navigate to 'https://www2.deloitte.com/us/en.html' successfully

2023-11-01 10:15:47 - [MESSAGE][PASSED] - Navigate to 'https://www2.deloitte.com/us/en.html' successfully

2023-11-01 10:15:47 - [TEST_STEP][PASSED] - maximizeWindow(): Current window maximized

2023-11-01 10:15:48 - [MESSAGE][PASSED] - Current window maximized

2023-11-01 10:15:48 - [TEST_STEP][PASSED] - click(findTestObject("Object Repository/Page_Deloitte US  Audit, Consulting, Adviso_ec7ae4/button_Accept and close")): Object: 'Object Repository/Page_Deloitte US  Audit, Consulting, Adviso_ec7ae4/button_Accept and close' is clicked on

2023-11-01 10:15:52 - [MESSAGE][PASSED] - Object: 'Object Repository/Page_Deloitte US  Audit, Consulting, Adviso_ec7ae4/button_Accept and close' is clicked on

2023-11-01 10:15:52 - [TEST_STEP][PASSED] - setText(findTestObject("Object Repository/Page_Deloitte US  Audit, Consulting, Adviso_ec7ae4/input_cmp-advanced-search__input ng-untouch_fd955c"), "Automation"): Text 'Automation' is set on object 'Object Repository/Page_Deloitte US  Audit, Consulting, Adviso_ec7ae4/input_cmp-advanced-search__input ng-untouch_fd955c'

2023-11-01 10:15:53 - [MESSAGE][PASSED] - Text 'Automation' is set on object 'Object Repository/Page_Deloitte US  Audit, Consulting, Adviso_ec7ae4/input_cmp-advanced-search__input ng-untouch_fd955c'

2023-11-01 10:15:53 - [TEST_STEP][PASSED] - click(findTestObject("Object Repository/Page_Deloitte US  Audit, Consulting, Adviso_ec7ae4/i_icon-search")): Object: 'Object Repository/Page_Deloitte US  Audit, Consulting, Adviso_ec7ae4/i_icon-search' is clicked on

2023-11-01 10:15:53 - [MESSAGE][PASSED] - Object: 'Object Repository/Page_Deloitte US  Audit, Consulting, Adviso_ec7ae4/i_icon-search' is clicked on

2023-11-01 10:15:53 - [TEST_STEP][PASSED] - verifyElementPresent(findTestObject("Object Repository/Page_Deloitte Search Basic/a_Deloitte and Automation Anywhere Alliance"), 0): Object 'Object Repository/Page_Deloitte Search Basic/a_Deloitte and Automation Anywhere Alliance' is present

2023-11-01 10:15:53 - [MESSAGE][WARNING] - Timeout '0' is invalid. Using default page load timeout: '30'

2023-11-01 10:16:01 - [MESSAGE][PASSED] - Object 'Object Repository/Page_Deloitte Search Basic/a_Deloitte and Automation Anywhere Alliance' is present

2023-11-01 10:16:01 - [TEST_STEP][PASSED] - click(findTestObject("Object Repository/Page_Deloitte Search Basic/a_Deloitte and Automation Anywhere Alliance")): Object: 'Object Repository/Page_Deloitte Search Basic/a_Deloitte and Automation Anywhere Alliance' is clicked on

2023-11-01 10:16:03 - [MESSAGE][PASSED] - Object: 'Object Repository/Page_Deloitte Search Basic/a_Deloitte and Automation Anywhere Alliance' is clicked on

2023-11-01 10:16:03 - [TEST_STEP][PASSED] - click(findTestObject("Object Repository/Page_Automation Anywhere Alliance  Deloitte US/div_Deloitte and Automation Anywhere Allian_b995eb")): Object: 'Object Repository/Page_Automation Anywhere Alliance  Deloitte US/div_Deloitte and Automation Anywhere Allian_b995eb' is clicked on

2023-11-01 10:16:04 - [MESSAGE][PASSED] - Object: 'Object Repository/Page_Automation Anywhere Alliance  Deloitte US/div_Deloitte and Automation Anywhere Allian_b995eb' is clicked on

2023-11-01 10:16:04 - [TEST_STEP][PASSED] - verifyElementPresent(findTestObject("Object Repository/Page_Automation Anywhere Alliance  Deloitte US/h1_Deloitte and Automation Anywhere Alliance"), 0): Object 'Object Repository/Page_Automation Anywhere Alliance  Deloitte US/h1_Deloitte and Automation Anywhere Alliance' is present

2023-11-01 10:16:04 - [MESSAGE][WARNING] - Timeout '0' is invalid. Using default page load timeout: '30'

2023-11-01 10:16:04 - [MESSAGE][PASSED] - Object 'Object Repository/Page_Automation Anywhere Alliance  Deloitte US/h1_Deloitte and Automation Anywhere Alliance' is present

2023-11-01 10:16:04 - [TEST_STEP][PASSED] - closeBrowser(): Browser is closed

2023-11-01 10:16:05 - [MESSAGE][PASSED] - Browser is closed

2023-11-01 10:16:05 - [TEST_STEP][PASSED] - Start listener action : sampleAfterTestCase: null

2023-11-01 10:16:05 - [TEST_STEP][PASSED] - println(testCaseContext.getTestCaseId()): null

2023-11-01 10:16:05 - [TEST_STEP][PASSED] - println(testCaseContext.getTestCaseStatus()): null]]></system-out>
         <system-err><![CDATA[]]></system-err>
      </testcase>
      <testcase name="Test Cases/Search Google" time="35.823" classname="Test Cases/Search Google" status="PASSED">
         <system-out><![CDATA[2023-11-01 10:16:05 - [TEST_CASE][PASSED] - Test Cases/Search Google: Test Cases/Search Google

2023-11-01 10:16:05 - [TEST_STEP][PASSED] - Start listener action : sampleBeforeTestCase: null

2023-11-01 10:16:05 - [TEST_STEP][PASSED] - println(testCaseContext.getTestCaseId()): null

2023-11-01 10:16:05 - [TEST_STEP][PASSED] - println(testCaseContext.getTestCaseVariables()): null

2023-11-01 10:16:05 - [TEST_STEP][PASSED] - openBrowser(""): Browser is opened with url: ''

2023-11-01 10:16:05 - [MESSAGE][INFO] - Starting 'Chrome' driver

2023-11-01 10:16:05 - [MESSAGE][INFO] - Action delay is set to 0 milliseconds

2023-11-01 10:16:08 - [MESSAGE][PASSED] - Browser is opened with url: ''

2023-11-01 10:16:08 - [TEST_STEP][PASSED] - navigateToUrl("https://www.google.com/"): Navigate to 'https://www.google.com/' successfully

2023-11-01 10:16:09 - [MESSAGE][PASSED] - Navigate to 'https://www.google.com/' successfully

2023-11-01 10:16:09 - [TEST_STEP][PASSED] - maximizeWindow(): Current window maximized

2023-11-01 10:16:09 - [MESSAGE][PASSED] - Current window maximized

2023-11-01 10:16:09 - [TEST_STEP][PASSED] - setText(findTestObject("Object Repository/Page_Google/textarea_q"), "katalon"): Text 'katalon' is set on object 'Object Repository/Page_Google/textarea_q'

2023-11-01 10:16:10 - [MESSAGE][PASSED] - Text 'katalon' is set on object 'Object Repository/Page_Google/textarea_q'

2023-11-01 10:16:10 - [TEST_STEP][PASSED] - click(findTestObject("Object Repository/Page_Google/span_katalon")): Object: 'Object Repository/Page_Google/span_katalon' is clicked on

2023-11-01 10:16:11 - [MESSAGE][PASSED] - Object: 'Object Repository/Page_Google/span_katalon' is clicked on

2023-11-01 10:16:11 - [TEST_STEP][PASSED] - rightClick(findTestObject("Object Repository/Page_katalon - Google Search/span_Katalon Platform - Best Codeless Testing Tool")): Object: 'Object Repository/Page_katalon - Google Search/span_Katalon Platform - Best Codeless Testing Tool' is right clicked on

2023-11-01 10:16:14 - [MESSAGE][PASSED] - Object: 'Object Repository/Page_katalon - Google Search/span_Katalon Platform - Best Codeless Testing Tool' is right clicked on

2023-11-01 10:16:14 - [TEST_STEP][PASSED] - click(findTestObject("Object Repository/Page_katalon - Google Search/span_Katalon Platform - Best Codeless Testing Tool")): Object: 'Object Repository/Page_katalon - Google Search/span_Katalon Platform - Best Codeless Testing Tool' is clicked on

2023-11-01 10:16:18 - [MESSAGE][PASSED] - Object: 'Object Repository/Page_katalon - Google Search/span_Katalon Platform - Best Codeless Testing Tool' is clicked on

2023-11-01 10:16:18 - [TEST_STEP][PASSED] - click(findTestObject("Object Repository/Page_Katalon AI-augmented Software Quality _596167/div_Why Katalon")): Object: 'Object Repository/Page_Katalon AI-augmented Software Quality _596167/div_Why Katalon' is clicked on

2023-11-01 10:16:20 - [MESSAGE][PASSED] - Object: 'Object Repository/Page_Katalon AI-augmented Software Quality _596167/div_Why Katalon' is clicked on

2023-11-01 10:16:20 - [TEST_STEP][PASSED] - click(findTestObject("Object Repository/Page_Katalon AI-augmented Software Quality _596167/div_Platform")): Object: 'Object Repository/Page_Katalon AI-augmented Software Quality _596167/div_Platform' is clicked on

2023-11-01 10:16:20 - [MESSAGE][PASSED] - Object: 'Object Repository/Page_Katalon AI-augmented Software Quality _596167/div_Platform' is clicked on

2023-11-01 10:16:20 - [TEST_STEP][PASSED] - click(findTestObject("Object Repository/Page_Katalon AI-augmented Software Quality _596167/div_Why Katalon")): Object: 'Object Repository/Page_Katalon AI-augmented Software Quality _596167/div_Why Katalon' is clicked on

2023-11-01 10:16:21 - [MESSAGE][PASSED] - Object: 'Object Repository/Page_Katalon AI-augmented Software Quality _596167/div_Why Katalon' is clicked on

2023-11-01 10:16:21 - [TEST_STEP][PASSED] - click(findTestObject("Object Repository/Page_Business Outcomes  Software Testing  Q_7c4bce/div_Get started")): Object: 'Object Repository/Page_Business Outcomes  Software Testing  Q_7c4bce/div_Get started' is clicked on

2023-11-01 10:16:40 - [MESSAGE][PASSED] - Object: 'Object Repository/Page_Business Outcomes  Software Testing  Q_7c4bce/div_Get started' is clicked on

2023-11-01 10:16:40 - [TEST_STEP][PASSED] - closeBrowser(): Browser is closed

2023-11-01 10:16:41 - [MESSAGE][PASSED] - Browser is closed

2023-11-01 10:16:41 - [TEST_STEP][PASSED] - Start listener action : sampleAfterTestCase: null

2023-11-01 10:16:41 - [TEST_STEP][PASSED] - println(testCaseContext.getTestCaseId()): null

2023-11-01 10:16:41 - [TEST_STEP][PASSED] - println(testCaseContext.getTestCaseStatus()): null]]></system-out>
         <system-err><![CDATA[]]></system-err>
      </testcase>
      <testcase name="Test Cases/Verify Consulting present within Deloitte site" time="16.098" classname="Test Cases/Verify Consulting present within Deloitte site" status="PASSED">
         <system-out><![CDATA[2023-11-01 10:16:41 - [TEST_CASE][PASSED] - Test Cases/Verify Consulting present within Deloitte site: Test Cases/Verify Consulting present within Deloitte site

2023-11-01 10:16:41 - [TEST_STEP][PASSED] - Start listener action : sampleBeforeTestCase: null

2023-11-01 10:16:41 - [TEST_STEP][PASSED] - println(testCaseContext.getTestCaseId()): null

2023-11-01 10:16:41 - [TEST_STEP][PASSED] - println(testCaseContext.getTestCaseVariables()): null

2023-11-01 10:16:41 - [TEST_STEP][PASSED] - openBrowser(""): Browser is opened with url: ''

2023-11-01 10:16:41 - [MESSAGE][INFO] - Starting 'Chrome' driver

2023-11-01 10:16:41 - [MESSAGE][INFO] - Action delay is set to 0 milliseconds

2023-11-01 10:16:44 - [MESSAGE][PASSED] - Browser is opened with url: ''

2023-11-01 10:16:44 - [TEST_STEP][PASSED] - navigateToUrl("https://www2.deloitte.com/us/en.html"): Navigate to 'https://www2.deloitte.com/us/en.html' successfully

2023-11-01 10:16:47 - [MESSAGE][PASSED] - Navigate to 'https://www2.deloitte.com/us/en.html' successfully

2023-11-01 10:16:47 - [TEST_STEP][PASSED] - click(findTestObject("Object Repository/Page_Deloitte US  Audit, Consulting, Adviso_ec7ae4/button_Accept and close")): Object: 'Object Repository/Page_Deloitte US  Audit, Consulting, Adviso_ec7ae4/button_Accept and close' is clicked on

2023-11-01 10:16:50 - [MESSAGE][PASSED] - Object: 'Object Repository/Page_Deloitte US  Audit, Consulting, Adviso_ec7ae4/button_Accept and close' is clicked on

2023-11-01 10:16:50 - [TEST_STEP][PASSED] - click(findTestObject("Object Repository/Page_Deloitte US  Audit, Consulting, Adviso_ec7ae4/a_Services")): Object: 'Object Repository/Page_Deloitte US  Audit, Consulting, Adviso_ec7ae4/a_Services' is clicked on

2023-11-01 10:16:51 - [MESSAGE][PASSED] - Object: 'Object Repository/Page_Deloitte US  Audit, Consulting, Adviso_ec7ae4/a_Services' is clicked on

2023-11-01 10:16:51 - [TEST_STEP][PASSED] - click(findTestObject("Object Repository/Page_Deloitte US  Audit, Consulting, Adviso_ec7ae4/a_Services")): Object: 'Object Repository/Page_Deloitte US  Audit, Consulting, Adviso_ec7ae4/a_Services' is clicked on

2023-11-01 10:16:52 - [MESSAGE][PASSED] - Object: 'Object Repository/Page_Deloitte US  Audit, Consulting, Adviso_ec7ae4/a_Services' is clicked on

2023-11-01 10:16:52 - [TEST_STEP][PASSED] - click(findTestObject("Object Repository/Page_Deloitte US  Audit, Consulting, Adviso_ec7ae4/a_Consulting")): Object: 'Object Repository/Page_Deloitte US  Audit, Consulting, Adviso_ec7ae4/a_Consulting' is clicked on

2023-11-01 10:16:54 - [MESSAGE][PASSED] - Object: 'Object Repository/Page_Deloitte US  Audit, Consulting, Adviso_ec7ae4/a_Consulting' is clicked on

2023-11-01 10:16:54 - [TEST_STEP][PASSED] - click(findTestObject("Object Repository/Page_Management Consulting Services and Sol_cbb449/h1_Consulting")): Object: 'Object Repository/Page_Management Consulting Services and Sol_cbb449/h1_Consulting' is clicked on

2023-11-01 10:16:56 - [MESSAGE][PASSED] - Object: 'Object Repository/Page_Management Consulting Services and Sol_cbb449/h1_Consulting' is clicked on

2023-11-01 10:16:56 - [TEST_STEP][PASSED] - verifyElementPresent(findTestObject("Object Repository/Page_Management Consulting Services and Sol_cbb449/h1_Consulting"), 0): Object 'Object Repository/Page_Management Consulting Services and Sol_cbb449/h1_Consulting' is present

2023-11-01 10:16:56 - [MESSAGE][WARNING] - Timeout '0' is invalid. Using default page load timeout: '30'

2023-11-01 10:16:56 - [MESSAGE][PASSED] - Object 'Object Repository/Page_Management Consulting Services and Sol_cbb449/h1_Consulting' is present

2023-11-01 10:16:56 - [TEST_STEP][PASSED] - closeBrowser(): Browser is closed

2023-11-01 10:16:57 - [MESSAGE][PASSED] - Browser is closed

2023-11-01 10:16:57 - [TEST_STEP][PASSED] - Start listener action : sampleAfterTestCase: null

2023-11-01 10:16:57 - [TEST_STEP][PASSED] - println(testCaseContext.getTestCaseId()): null

2023-11-01 10:16:57 - [TEST_STEP][PASSED] - println(testCaseContext.getTestCaseStatus()): null]]></system-out>
         <system-err><![CDATA[]]></system-err>
      </testcase>
      <testcase name="Test Cases/Verify LifeScience in Deloitte Industry" time="12.078" classname="Test Cases/Verify LifeScience in Deloitte Industry" status="FAILED">
         <failure type="FAILED" message="Test Cases/Verify LifeScience in Deloitte Industry FAILED.&#xa;Reason:&#xa;com.kms.katalon.core.exception.StepFailedException: Unable to click on object 'Object Repository/Deloitte/Page_Deloitte US  Audit, Consulting, Adviso_ec7ae4/a_Life Sciences  Health Care'&#xa;	at com.kms.katalon.core.webui.keyword.internal.WebUIKeywordMain.stepFailed(WebUIKeywordMain.groovy:64)&#xa;	at com.kms.katalon.core.webui.keyword.internal.WebUIKeywordMain.runKeyword(WebUIKeywordMain.groovy:26)&#xa;	at com.kms.katalon.core.webui.keyword.builtin.ClickKeyword.click(ClickKeyword.groovy:74)&#xa;	at com.kms.katalon.core.webui.keyword.builtin.ClickKeyword.execute(ClickKeyword.groovy:40)&#xa;	at com.kms.katalon.core.keyword.internal.KeywordExecutor.executeKeywordForPlatform(KeywordExecutor.groovy:74)&#xa;	at com.kms.katalon.core.webui.keyword.WebUiBuiltInKeywords.click(WebUiBuiltInKeywords.groovy:620)&#xa;	at Verify LifeScience in Deloitte Industry.run(Verify LifeScience in Deloitte Industry:30)&#xa;	at com.kms.katalon.core.main.ScriptEngine.run(ScriptEngine.java:194)&#xa;	at com.kms.katalon.core.main.ScriptEngine.runScriptAsRawText(ScriptEngine.java:119)&#xa;	at com.kms.katalon.core.main.TestCaseExecutor.runScript(TestCaseExecutor.java:448)&#xa;	at com.kms.katalon.core.main.TestCaseExecutor.doExecute(TestCaseExecutor.java:439)&#xa;	at com.kms.katalon.core.main.TestCaseExecutor.processExecutionPhase(TestCaseExecutor.java:418)&#xa;	at com.kms.katalon.core.main.TestCaseExecutor.accessMainPhase(TestCaseExecutor.java:410)&#xa;	at com.kms.katalon.core.main.TestCaseExecutor.execute(TestCaseExecutor.java:285)&#xa;	at com.kms.katalon.core.main.TestCaseExecutor.execute(TestCaseExecutor.java:369)&#xa;	at com.kms.katalon.core.main.TestCaseExecutor.execute(TestCaseExecutor.java:369)&#xa;	at com.kms.katalon.core.main.TestCaseExecutor.execute(TestCaseExecutor.java:369)&#xa;	at com.kms.katalon.core.common.CommonExecutor.accessTestCaseMainPhase(CommonExecutor.java:65)&#xa;	at com.kms.katalon.core.main.TestSuiteExecutor.accessTestSuiteMainPhase(TestSuiteExecutor.java:148)&#xa;	at com.kms.katalon.core.main.TestSuiteExecutor.execute(TestSuiteExecutor.java:106)&#xa;	at com.kms.katalon.core.main.TestCaseMain.startTestSuite(TestCaseMain.java:187)&#xa;	at TempTestSuite1698847576726.run(TempTestSuite1698847576726.groovy:36)&#xa;	at java.base/jdk.internal.reflect.NativeMethodAccessorImpl.invoke0(Native Method)&#xa;	at java.base/jdk.internal.reflect.NativeMethodAccessorImpl.invoke(NativeMethodAccessorImpl.java:77)&#xa;	at java.base/jdk.internal.reflect.DelegatingMethodAccessorImpl.invoke(DelegatingMethodAccessorImpl.java:43)&#xa;Caused by: org.openqa.selenium.ElementNotInteractableException: element not interactable&#xa;  (Session info: chrome=118.0.5993.118)&#xa;Build info: version: '3.141.59', revision: 'e82be7d358', time: '2018-11-14T08:25:53'&#xa;System info: host: 'USPRNRCHALIL2', ip: '10.0.0.182', os.name: 'Windows 10', os.arch: 'amd64', os.version: '10.0', java.version: '17.0.7'&#xa;Driver info: com.kms.katalon.selenium.driver.CChromeDriver&#xa;Capabilities {acceptInsecureCerts: false, browserName: chrome, browserVersion: 118.0.5993.118, chrome: {chromedriverVersion: 118.0.5993.70 (e52f33f30b91..., userDataDir: C:\Users\rchalil\AppData\Lo...}, fedcm:accounts: true, goog:chromeOptions: {debuggerAddress: localhost:60712}, javascriptEnabled: true, networkConnectionEnabled: false, pageLoadStrategy: normal, platform: WINDOWS, platformName: WINDOWS, proxy: Proxy(), setWindowRect: true, strictFileInteractability: false, timeouts: {implicit: 0, pageLoad: 300000, script: 30000}, unhandledPromptBehavior: dismiss and notify, webauthn:extension:credBlob: true, webauthn:extension:largeBlob: true, webauthn:extension:minPinLength: true, webauthn:extension:prf: true, webauthn:virtualAuthenticators: true}&#xa;Session ID: b1120c6f79efbd923b414766c6ccdc30&#xa;	at java.base/jdk.internal.reflect.NativeConstructorAccessorImpl.newInstance0(Native Method)&#xa;	at java.base/jdk.internal.reflect.NativeConstructorAccessorImpl.newInstance(NativeConstructorAccessorImpl.java:77)&#xa;	at java.base/jdk.internal.reflect.DelegatingConstructorAccessorImpl.newInstance(DelegatingConstructorAccessorImpl.java:45)&#xa;	at org.openqa.selenium.remote.http.W3CHttpResponseCodec.createException(W3CHttpResponseCodec.java:187)&#xa;	at org.openqa.selenium.remote.http.W3CHttpResponseCodec.decode(W3CHttpResponseCodec.java:122)&#xa;	at org.openqa.selenium.remote.http.W3CHttpResponseCodec.decode(W3CHttpResponseCodec.java:49)&#xa;	at org.openqa.selenium.remote.HttpCommandExecutor.execute(HttpCommandExecutor.java:158)&#xa;	at org.openqa.selenium.remote.service.DriverCommandExecutor.execute(DriverCommandExecutor.java:83)&#xa;	at org.openqa.selenium.remote.RemoteWebDriver.execute(RemoteWebDriver.java:552)&#xa;	at com.kms.katalon.selenium.driver.CChromeDriver.execute(CChromeDriver.java:19)&#xa;	at org.openqa.selenium.remote.RemoteWebElement.execute(RemoteWebElement.java:285)&#xa;	at org.openqa.selenium.remote.RemoteWebElement.click(RemoteWebElement.java:84)&#xa;	at jdk.internal.reflect.GeneratedMethodAccessor14.invoke(Unknown Source)&#xa;	at java.base/jdk.internal.reflect.DelegatingMethodAccessorImpl.invoke(DelegatingMethodAccessorImpl.java:43)&#xa;	at org.openqa.selenium.support.events.EventFiringWebDriver$EventFiringWebElement.lambda$new$0(EventFiringWebDriver.java:404)&#xa;	at jdk.proxy2/jdk.proxy2.$Proxy26.click(Unknown Source)&#xa;	at org.openqa.selenium.support.events.EventFiringWebDriver$EventFiringWebElement.click(EventFiringWebDriver.java:417)&#xa;	at org.openqa.selenium.WebElement$click.call(Unknown Source)&#xa;	at com.kms.katalon.core.webui.keyword.builtin.ClickKeyword.clickUntilSuccessWithTimeout(ClickKeyword.groovy:81)&#xa;	at com.kms.katalon.core.webui.keyword.builtin.ClickKeyword.clickUntilSuccessWithTimeout(ClickKeyword.groovy)&#xa;	at jdk.internal.reflect.GeneratedMethodAccessor12.invoke(Unknown Source)&#xa;	at java.base/jdk.internal.reflect.DelegatingMethodAccessorImpl.invoke(DelegatingMethodAccessorImpl.java:43)&#xa;	at com.kms.katalon.core.webui.keyword.builtin.ClickKeyword$_click_closure1.doCall(ClickKeyword.groovy:67)&#xa;	at com.kms.katalon.core.webui.keyword.builtin.ClickKeyword$_click_closure1.call(ClickKeyword.groovy)&#xa;	at com.kms.katalon.core.webui.keyword.internal.WebUIKeywordMain.runKeyword(WebUIKeywordMain.groovy:20)&#xa;	... 23 more&#xa;"/>
         <system-out><![CDATA[2023-11-01 10:17:32 - [TEST_CASE][FAILED] - Test Cases/Verify LifeScience in Deloitte Industry: Test Cases/Verify LifeScience in Deloitte Industry FAILED.
Reason:
com.kms.katalon.core.exception.StepFailedException: Unable to click on object 'Object Repository/Deloitte/Page_Deloitte US  Audit, Consulting, Adviso_ec7ae4/a_Life Sciences  Health Care'
	at com.kms.katalon.core.webui.keyword.internal.WebUIKeywordMain.stepFailed(WebUIKeywordMain.groovy:64)
	at com.kms.katalon.core.webui.keyword.internal.WebUIKeywordMain.runKeyword(WebUIKeywordMain.groovy:26)
	at com.kms.katalon.core.webui.keyword.builtin.ClickKeyword.click(ClickKeyword.groovy:74)
	at com.kms.katalon.core.webui.keyword.builtin.ClickKeyword.execute(ClickKeyword.groovy:40)
	at com.kms.katalon.core.keyword.internal.KeywordExecutor.executeKeywordForPlatform(KeywordExecutor.groovy:74)
	at com.kms.katalon.core.webui.keyword.WebUiBuiltInKeywords.click(WebUiBuiltInKeywords.groovy:620)
	at Verify LifeScience in Deloitte Industry.run(Verify LifeScience in Deloitte Industry:30)
	at com.kms.katalon.core.main.ScriptEngine.run(ScriptEngine.java:194)
	at com.kms.katalon.core.main.ScriptEngine.runScriptAsRawText(ScriptEngine.java:119)
	at com.kms.katalon.core.main.TestCaseExecutor.runScript(TestCaseExecutor.java:448)
	at com.kms.katalon.core.main.TestCaseExecutor.doExecute(TestCaseExecutor.java:439)
	at com.kms.katalon.core.main.TestCaseExecutor.processExecutionPhase(TestCaseExecutor.java:418)
	at com.kms.katalon.core.main.TestCaseExecutor.accessMainPhase(TestCaseExecutor.java:410)
	at com.kms.katalon.core.main.TestCaseExecutor.execute(TestCaseExecutor.java:285)
	at com.kms.katalon.core.main.TestCaseExecutor.execute(TestCaseExecutor.java:369)
	at com.kms.katalon.core.main.TestCaseExecutor.execute(TestCaseExecutor.java:369)
	at com.kms.katalon.core.main.TestCaseExecutor.execute(TestCaseExecutor.java:369)
	at com.kms.katalon.core.common.CommonExecutor.accessTestCaseMainPhase(CommonExecutor.java:65)
	at com.kms.katalon.core.main.TestSuiteExecutor.accessTestSuiteMainPhase(TestSuiteExecutor.java:148)
	at com.kms.katalon.core.main.TestSuiteExecutor.execute(TestSuiteExecutor.java:106)
	at com.kms.katalon.core.main.TestCaseMain.startTestSuite(TestCaseMain.java:187)
	at TempTestSuite1698847576726.run(TempTestSuite1698847576726.groovy:36)
	at java.base/jdk.internal.reflect.NativeMethodAccessorImpl.invoke0(Native Method)
	at java.base/jdk.internal.reflect.NativeMethodAccessorImpl.invoke(NativeMethodAccessorImpl.java:77)
	at java.base/jdk.internal.reflect.DelegatingMethodAccessorImpl.invoke(DelegatingMethodAccessorImpl.java:43)
Caused by: org.openqa.selenium.ElementNotInteractableException: element not interactable
  (Session info: chrome=118.0.5993.118)
Build info: version: '3.141.59', revision: 'e82be7d358', time: '2018-11-14T08:25:53'
System info: host: 'USPRNRCHALIL2', ip: '10.0.0.182', os.name: 'Windows 10', os.arch: 'amd64', os.version: '10.0', java.version: '17.0.7'
Driver info: com.kms.katalon.selenium.driver.CChromeDriver
Capabilities {acceptInsecureCerts: false, browserName: chrome, browserVersion: 118.0.5993.118, chrome: {chromedriverVersion: 118.0.5993.70 (e52f33f30b91..., userDataDir: C:\Users\rchalil\AppData\Lo...}, fedcm:accounts: true, goog:chromeOptions: {debuggerAddress: localhost:60712}, javascriptEnabled: true, networkConnectionEnabled: false, pageLoadStrategy: normal, platform: WINDOWS, platformName: WINDOWS, proxy: Proxy(), setWindowRect: true, strictFileInteractability: false, timeouts: {implicit: 0, pageLoad: 300000, script: 30000}, unhandledPromptBehavior: dismiss and notify, webauthn:extension:credBlob: true, webauthn:extension:largeBlob: true, webauthn:extension:minPinLength: true, webauthn:extension:prf: true, webauthn:virtualAuthenticators: true}
Session ID: b1120c6f79efbd923b414766c6ccdc30
	at java.base/jdk.internal.reflect.NativeConstructorAccessorImpl.newInstance0(Native Method)
	at java.base/jdk.internal.reflect.NativeConstructorAccessorImpl.newInstance(NativeConstructorAccessorImpl.java:77)
	at java.base/jdk.internal.reflect.DelegatingConstructorAccessorImpl.newInstance(DelegatingConstructorAccessorImpl.java:45)
	at org.openqa.selenium.remote.http.W3CHttpResponseCodec.createException(W3CHttpResponseCodec.java:187)
	at org.openqa.selenium.remote.http.W3CHttpResponseCodec.decode(W3CHttpResponseCodec.java:122)
	at org.openqa.selenium.remote.http.W3CHttpResponseCodec.decode(W3CHttpResponseCodec.java:49)
	at org.openqa.selenium.remote.HttpCommandExecutor.execute(HttpCommandExecutor.java:158)
	at org.openqa.selenium.remote.service.DriverCommandExecutor.execute(DriverCommandExecutor.java:83)
	at org.openqa.selenium.remote.RemoteWebDriver.execute(RemoteWebDriver.java:552)
	at com.kms.katalon.selenium.driver.CChromeDriver.execute(CChromeDriver.java:19)
	at org.openqa.selenium.remote.RemoteWebElement.execute(RemoteWebElement.java:285)
	at org.openqa.selenium.remote.RemoteWebElement.click(RemoteWebElement.java:84)
	at jdk.internal.reflect.GeneratedMethodAccessor14.invoke(Unknown Source)
	at java.base/jdk.internal.reflect.DelegatingMethodAccessorImpl.invoke(DelegatingMethodAccessorImpl.java:43)
	at org.openqa.selenium.support.events.EventFiringWebDriver$EventFiringWebElement.lambda$new$0(EventFiringWebDriver.java:404)
	at jdk.proxy2/jdk.proxy2.$Proxy26.click(Unknown Source)
	at org.openqa.selenium.support.events.EventFiringWebDriver$EventFiringWebElement.click(EventFiringWebDriver.java:417)
	at org.openqa.selenium.WebElement$click.call(Unknown Source)
	at com.kms.katalon.core.webui.keyword.builtin.ClickKeyword.clickUntilSuccessWithTimeout(ClickKeyword.groovy:81)
	at com.kms.katalon.core.webui.keyword.builtin.ClickKeyword.clickUntilSuccessWithTimeout(ClickKeyword.groovy)
	at jdk.internal.reflect.GeneratedMethodAccessor12.invoke(Unknown Source)
	at java.base/jdk.internal.reflect.DelegatingMethodAccessorImpl.invoke(DelegatingMethodAccessorImpl.java:43)
	at com.kms.katalon.core.webui.keyword.builtin.ClickKeyword$_click_closure1.doCall(ClickKeyword.groovy:67)
	at com.kms.katalon.core.webui.keyword.builtin.ClickKeyword$_click_closure1.call(ClickKeyword.groovy)
	at com.kms.katalon.core.webui.keyword.internal.WebUIKeywordMain.runKeyword(WebUIKeywordMain.groovy:20)
	... 23 more


2023-11-01 10:17:32 - [TEST_STEP][PASSED] - Start listener action : sampleBeforeTestCase: null

2023-11-01 10:17:32 - [TEST_STEP][PASSED] - println(testCaseContext.getTestCaseId()): null

2023-11-01 10:17:32 - [TEST_STEP][PASSED] - println(testCaseContext.getTestCaseVariables()): null

2023-11-01 10:17:32 - [TEST_STEP][PASSED] - openBrowser(""): Browser is opened with url: ''

2023-11-01 10:17:32 - [MESSAGE][WARNING] - A browser is already opened. Closing browser and opening a new one

2023-11-01 10:17:33 - [MESSAGE][INFO] - Starting 'Chrome' driver

2023-11-01 10:17:33 - [MESSAGE][INFO] - Action delay is set to 0 milliseconds

2023-11-01 10:17:35 - [MESSAGE][PASSED] - Browser is opened with url: ''

2023-11-01 10:17:35 - [TEST_STEP][PASSED] - navigateToUrl("https://www2.deloitte.com/us/en.html"): Navigate to 'https://www2.deloitte.com/us/en.html' successfully

2023-11-01 10:17:38 - [MESSAGE][PASSED] - Navigate to 'https://www2.deloitte.com/us/en.html' successfully

2023-11-01 10:17:38 - [TEST_STEP][PASSED] - maximizeWindow(): Current window maximized

2023-11-01 10:17:38 - [MESSAGE][PASSED] - Current window maximized

2023-11-01 10:17:38 - [TEST_STEP][PASSED] - click(findTestObject("Object Repository/Deloitte/Page_Deloitte US  Audit, Consulting, Adviso_ec7ae4/button_Accept and close")): Object: 'Object Repository/Deloitte/Page_Deloitte US  Audit, Consulting, Adviso_ec7ae4/button_Accept and close' is clicked on

2023-11-01 10:17:43 - [MESSAGE][PASSED] - Object: 'Object Repository/Deloitte/Page_Deloitte US  Audit, Consulting, Adviso_ec7ae4/button_Accept and close' is clicked on

2023-11-01 10:17:43 - [TEST_STEP][PASSED] - click(findTestObject("Object Repository/Deloitte/Page_Deloitte US  Audit, Consulting, Adviso_ec7ae4/i_icon-search")): Object: 'Object Repository/Deloitte/Page_Deloitte US  Audit, Consulting, Adviso_ec7ae4/i_icon-search' is clicked on

2023-11-01 10:17:44 - [MESSAGE][PASSED] - Object: 'Object Repository/Deloitte/Page_Deloitte US  Audit, Consulting, Adviso_ec7ae4/i_icon-search' is clicked on

2023-11-01 10:17:44 - [TEST_STEP][FAILED] - click(findTestObject("Object Repository/Deloitte/Page_Deloitte US  Audit, Consulting, Adviso_ec7ae4/a_Life Sciences  Health Care")): Unable to click on object 'Object Repository/Deloitte/Page_Deloitte US  Audit, Consulting, Adviso_ec7ae4/a_Life Sciences  Health Care' (Root cause: com.kms.katalon.core.exception.StepFailedException: Unable to click on object 'Object Repository/Deloitte/Page_Deloitte US  Audit, Consulting, Adviso_ec7ae4/a_Life Sciences  Health Care'
	at com.kms.katalon.core.webui.keyword.internal.WebUIKeywordMain.stepFailed(WebUIKeywordMain.groovy:64)
	at com.kms.katalon.core.webui.keyword.internal.WebUIKeywordMain.runKeyword(WebUIKeywordMain.groovy:26)
	at com.kms.katalon.core.webui.keyword.builtin.ClickKeyword.click(ClickKeyword.groovy:74)
	at com.kms.katalon.core.webui.keyword.builtin.ClickKeyword.execute(ClickKeyword.groovy:40)
	at com.kms.katalon.core.keyword.internal.KeywordExecutor.executeKeywordForPlatform(KeywordExecutor.groovy:74)
	at com.kms.katalon.core.webui.keyword.WebUiBuiltInKeywords.click(WebUiBuiltInKeywords.groovy:620)
	at Verify LifeScience in Deloitte Industry.run(Verify LifeScience in Deloitte Industry:30)
	at com.kms.katalon.core.main.ScriptEngine.run(ScriptEngine.java:194)
	at com.kms.katalon.core.main.ScriptEngine.runScriptAsRawText(ScriptEngine.java:119)
	at com.kms.katalon.core.main.TestCaseExecutor.runScript(TestCaseExecutor.java:448)
	at com.kms.katalon.core.main.TestCaseExecutor.doExecute(TestCaseExecutor.java:439)
	at com.kms.katalon.core.main.TestCaseExecutor.processExecutionPhase(TestCaseExecutor.java:418)
	at com.kms.katalon.core.main.TestCaseExecutor.accessMainPhase(TestCaseExecutor.java:410)
	at com.kms.katalon.core.main.TestCaseExecutor.execute(TestCaseExecutor.java:285)
	at com.kms.katalon.core.main.TestCaseExecutor.execute(TestCaseExecutor.java:369)
	at com.kms.katalon.core.main.TestCaseExecutor.execute(TestCaseExecutor.java:369)
	at com.kms.katalon.core.main.TestCaseExecutor.execute(TestCaseExecutor.java:369)
	at com.kms.katalon.core.common.CommonExecutor.accessTestCaseMainPhase(CommonExecutor.java:65)
	at com.kms.katalon.core.main.TestSuiteExecutor.accessTestSuiteMainPhase(TestSuiteExecutor.java:148)
	at com.kms.katalon.core.main.TestSuiteExecutor.execute(TestSuiteExecutor.java:106)
	at com.kms.katalon.core.main.TestCaseMain.startTestSuite(TestCaseMain.java:187)
	at TempTestSuite1698847576726.run(TempTestSuite1698847576726.groovy:36)
	at java.base/jdk.internal.reflect.NativeMethodAccessorImpl.invoke0(Native Method)
	at java.base/jdk.internal.reflect.NativeMethodAccessorImpl.invoke(NativeMethodAccessorImpl.java:77)
	at java.base/jdk.internal.reflect.DelegatingMethodAccessorImpl.invoke(DelegatingMethodAccessorImpl.java:43)
Caused by: org.openqa.selenium.ElementNotInteractableException: element not interactable
  (Session info: chrome=118.0.5993.118)
Build info: version: '3.141.59', revision: 'e82be7d358', time: '2018-11-14T08:25:53'
System info: host: 'USPRNRCHALIL2', ip: '10.0.0.182', os.name: 'Windows 10', os.arch: 'amd64', os.version: '10.0', java.version: '17.0.7'
Driver info: com.kms.katalon.selenium.driver.CChromeDriver
Capabilities {acceptInsecureCerts: false, browserName: chrome, browserVersion: 118.0.5993.118, chrome: {chromedriverVersion: 118.0.5993.70 (e52f33f30b91..., userDataDir: C:\Users\rchalil\AppData\Lo...}, fedcm:accounts: true, goog:chromeOptions: {debuggerAddress: localhost:60712}, javascriptEnabled: true, networkConnectionEnabled: false, pageLoadStrategy: normal, platform: WINDOWS, platformName: WINDOWS, proxy: Proxy(), setWindowRect: true, strictFileInteractability: false, timeouts: {implicit: 0, pageLoad: 300000, script: 30000}, unhandledPromptBehavior: dismiss and notify, webauthn:extension:credBlob: true, webauthn:extension:largeBlob: true, webauthn:extension:minPinLength: true, webauthn:extension:prf: true, webauthn:virtualAuthenticators: true}
Session ID: b1120c6f79efbd923b414766c6ccdc30
	at java.base/jdk.internal.reflect.NativeConstructorAccessorImpl.newInstance0(Native Method)
	at java.base/jdk.internal.reflect.NativeConstructorAccessorImpl.newInstance(NativeConstructorAccessorImpl.java:77)
	at java.base/jdk.internal.reflect.DelegatingConstructorAccessorImpl.newInstance(DelegatingConstructorAccessorImpl.java:45)
	at org.openqa.selenium.remote.http.W3CHttpResponseCodec.createException(W3CHttpResponseCodec.java:187)
	at org.openqa.selenium.remote.http.W3CHttpResponseCodec.decode(W3CHttpResponseCodec.java:122)
	at org.openqa.selenium.remote.http.W3CHttpResponseCodec.decode(W3CHttpResponseCodec.java:49)
	at org.openqa.selenium.remote.HttpCommandExecutor.execute(HttpCommandExecutor.java:158)
	at org.openqa.selenium.remote.service.DriverCommandExecutor.execute(DriverCommandExecutor.java:83)
	at org.openqa.selenium.remote.RemoteWebDriver.execute(RemoteWebDriver.java:552)
	at com.kms.katalon.selenium.driver.CChromeDriver.execute(CChromeDriver.java:19)
	at org.openqa.selenium.remote.RemoteWebElement.execute(RemoteWebElement.java:285)
	at org.openqa.selenium.remote.RemoteWebElement.click(RemoteWebElement.java:84)
	at jdk.internal.reflect.GeneratedMethodAccessor14.invoke(Unknown Source)
	at java.base/jdk.internal.reflect.DelegatingMethodAccessorImpl.invoke(DelegatingMethodAccessorImpl.java:43)
	at org.openqa.selenium.support.events.EventFiringWebDriver$EventFiringWebElement.lambda$new$0(EventFiringWebDriver.java:404)
	at jdk.proxy2/jdk.proxy2.$Proxy26.click(Unknown Source)
	at org.openqa.selenium.support.events.EventFiringWebDriver$EventFiringWebElement.click(EventFiringWebDriver.java:417)
	at org.openqa.selenium.WebElement$click.call(Unknown Source)
	at com.kms.katalon.core.webui.keyword.builtin.ClickKeyword.clickUntilSuccessWithTimeout(ClickKeyword.groovy:81)
	at com.kms.katalon.core.webui.keyword.builtin.ClickKeyword.clickUntilSuccessWithTimeout(ClickKeyword.groovy)
	at jdk.internal.reflect.GeneratedMethodAccessor12.invoke(Unknown Source)
	at java.base/jdk.internal.reflect.DelegatingMethodAccessorImpl.invoke(DelegatingMethodAccessorImpl.java:43)
	at com.kms.katalon.core.webui.keyword.builtin.ClickKeyword$_click_closure1.doCall(ClickKeyword.groovy:67)
	at com.kms.katalon.core.webui.keyword.builtin.ClickKeyword$_click_closure1.call(ClickKeyword.groovy)
	at com.kms.katalon.core.webui.keyword.internal.WebUIKeywordMain.runKeyword(WebUIKeywordMain.groovy:20)
	at com.kms.katalon.core.webui.keyword.builtin.ClickKeyword.click(ClickKeyword.groovy:74)
	at com.kms.katalon.core.webui.keyword.builtin.ClickKeyword.execute(ClickKeyword.groovy:40)
	at com.kms.katalon.core.keyword.internal.KeywordExecutor.executeKeywordForPlatform(KeywordExecutor.groovy:74)
	at com.kms.katalon.core.webui.keyword.WebUiBuiltInKeywords.click(WebUiBuiltInKeywords.groovy:620)
	at Script1698757120781.run(Script1698757120781.groovy:30)
	... 18 more
)

2023-11-01 10:17:44 - [MESSAGE][FAILED] - Unable to click on object 'Object Repository/Deloitte/Page_Deloitte US  Audit, Consulting, Adviso_ec7ae4/a_Life Sciences  Health Care' (Root cause: com.kms.katalon.core.exception.StepFailedException: Unable to click on object 'Object Repository/Deloitte/Page_Deloitte US  Audit, Consulting, Adviso_ec7ae4/a_Life Sciences  Health Care'
	at com.kms.katalon.core.webui.keyword.internal.WebUIKeywordMain.stepFailed(WebUIKeywordMain.groovy:64)
	at com.kms.katalon.core.webui.keyword.internal.WebUIKeywordMain.runKeyword(WebUIKeywordMain.groovy:26)
	at com.kms.katalon.core.webui.keyword.builtin.ClickKeyword.click(ClickKeyword.groovy:74)
	at com.kms.katalon.core.webui.keyword.builtin.ClickKeyword.execute(ClickKeyword.groovy:40)
	at com.kms.katalon.core.keyword.internal.KeywordExecutor.executeKeywordForPlatform(KeywordExecutor.groovy:74)
	at com.kms.katalon.core.webui.keyword.WebUiBuiltInKeywords.click(WebUiBuiltInKeywords.groovy:620)
	at Verify LifeScience in Deloitte Industry.run(Verify LifeScience in Deloitte Industry:30)
	at com.kms.katalon.core.main.ScriptEngine.run(ScriptEngine.java:194)
	at com.kms.katalon.core.main.ScriptEngine.runScriptAsRawText(ScriptEngine.java:119)
	at com.kms.katalon.core.main.TestCaseExecutor.runScript(TestCaseExecutor.java:448)
	at com.kms.katalon.core.main.TestCaseExecutor.doExecute(TestCaseExecutor.java:439)
	at com.kms.katalon.core.main.TestCaseExecutor.processExecutionPhase(TestCaseExecutor.java:418)
	at com.kms.katalon.core.main.TestCaseExecutor.accessMainPhase(TestCaseExecutor.java:410)
	at com.kms.katalon.core.main.TestCaseExecutor.execute(TestCaseExecutor.java:285)
	at com.kms.katalon.core.main.TestCaseExecutor.execute(TestCaseExecutor.java:369)
	at com.kms.katalon.core.main.TestCaseExecutor.execute(TestCaseExecutor.java:369)
	at com.kms.katalon.core.main.TestCaseExecutor.execute(TestCaseExecutor.java:369)
	at com.kms.katalon.core.common.CommonExecutor.accessTestCaseMainPhase(CommonExecutor.java:65)
	at com.kms.katalon.core.main.TestSuiteExecutor.accessTestSuiteMainPhase(TestSuiteExecutor.java:148)
	at com.kms.katalon.core.main.TestSuiteExecutor.execute(TestSuiteExecutor.java:106)
	at com.kms.katalon.core.main.TestCaseMain.startTestSuite(TestCaseMain.java:187)
	at TempTestSuite1698847576726.run(TempTestSuite1698847576726.groovy:36)
	at java.base/jdk.internal.reflect.NativeMethodAccessorImpl.invoke0(Native Method)
	at java.base/jdk.internal.reflect.NativeMethodAccessorImpl.invoke(NativeMethodAccessorImpl.java:77)
	at java.base/jdk.internal.reflect.DelegatingMethodAccessorImpl.invoke(DelegatingMethodAccessorImpl.java:43)
Caused by: org.openqa.selenium.ElementNotInteractableException: element not interactable
  (Session info: chrome=118.0.5993.118)
Build info: version: '3.141.59', revision: 'e82be7d358', time: '2018-11-14T08:25:53'
System info: host: 'USPRNRCHALIL2', ip: '10.0.0.182', os.name: 'Windows 10', os.arch: 'amd64', os.version: '10.0', java.version: '17.0.7'
Driver info: com.kms.katalon.selenium.driver.CChromeDriver
Capabilities {acceptInsecureCerts: false, browserName: chrome, browserVersion: 118.0.5993.118, chrome: {chromedriverVersion: 118.0.5993.70 (e52f33f30b91..., userDataDir: C:\Users\rchalil\AppData\Lo...}, fedcm:accounts: true, goog:chromeOptions: {debuggerAddress: localhost:60712}, javascriptEnabled: true, networkConnectionEnabled: false, pageLoadStrategy: normal, platform: WINDOWS, platformName: WINDOWS, proxy: Proxy(), setWindowRect: true, strictFileInteractability: false, timeouts: {implicit: 0, pageLoad: 300000, script: 30000}, unhandledPromptBehavior: dismiss and notify, webauthn:extension:credBlob: true, webauthn:extension:largeBlob: true, webauthn:extension:minPinLength: true, webauthn:extension:prf: true, webauthn:virtualAuthenticators: true}
Session ID: b1120c6f79efbd923b414766c6ccdc30
	at java.base/jdk.internal.reflect.NativeConstructorAccessorImpl.newInstance0(Native Method)
	at java.base/jdk.internal.reflect.NativeConstructorAccessorImpl.newInstance(NativeConstructorAccessorImpl.java:77)
	at java.base/jdk.internal.reflect.DelegatingConstructorAccessorImpl.newInstance(DelegatingConstructorAccessorImpl.java:45)
	at org.openqa.selenium.remote.http.W3CHttpResponseCodec.createException(W3CHttpResponseCodec.java:187)
	at org.openqa.selenium.remote.http.W3CHttpResponseCodec.decode(W3CHttpResponseCodec.java:122)
	at org.openqa.selenium.remote.http.W3CHttpResponseCodec.decode(W3CHttpResponseCodec.java:49)
	at org.openqa.selenium.remote.HttpCommandExecutor.execute(HttpCommandExecutor.java:158)
	at org.openqa.selenium.remote.service.DriverCommandExecutor.execute(DriverCommandExecutor.java:83)
	at org.openqa.selenium.remote.RemoteWebDriver.execute(RemoteWebDriver.java:552)
	at com.kms.katalon.selenium.driver.CChromeDriver.execute(CChromeDriver.java:19)
	at org.openqa.selenium.remote.RemoteWebElement.execute(RemoteWebElement.java:285)
	at org.openqa.selenium.remote.RemoteWebElement.click(RemoteWebElement.java:84)
	at jdk.internal.reflect.GeneratedMethodAccessor14.invoke(Unknown Source)
	at java.base/jdk.internal.reflect.DelegatingMethodAccessorImpl.invoke(DelegatingMethodAccessorImpl.java:43)
	at org.openqa.selenium.support.events.EventFiringWebDriver$EventFiringWebElement.lambda$new$0(EventFiringWebDriver.java:404)
	at jdk.proxy2/jdk.proxy2.$Proxy26.click(Unknown Source)
	at org.openqa.selenium.support.events.EventFiringWebDriver$EventFiringWebElement.click(EventFiringWebDriver.java:417)
	at org.openqa.selenium.WebElement$click.call(Unknown Source)
	at com.kms.katalon.core.webui.keyword.builtin.ClickKeyword.clickUntilSuccessWithTimeout(ClickKeyword.groovy:81)
	at com.kms.katalon.core.webui.keyword.builtin.ClickKeyword.clickUntilSuccessWithTimeout(ClickKeyword.groovy)
	at jdk.internal.reflect.GeneratedMethodAccessor12.invoke(Unknown Source)
	at java.base/jdk.internal.reflect.DelegatingMethodAccessorImpl.invoke(DelegatingMethodAccessorImpl.java:43)
	at com.kms.katalon.core.webui.keyword.builtin.ClickKeyword$_click_closure1.doCall(ClickKeyword.groovy:67)
	at com.kms.katalon.core.webui.keyword.builtin.ClickKeyword$_click_closure1.call(ClickKeyword.groovy)
	at com.kms.katalon.core.webui.keyword.internal.WebUIKeywordMain.runKeyword(WebUIKeywordMain.groovy:20)
	at com.kms.katalon.core.webui.keyword.builtin.ClickKeyword.click(ClickKeyword.groovy:74)
	at com.kms.katalon.core.webui.keyword.builtin.ClickKeyword.execute(ClickKeyword.groovy:40)
	at com.kms.katalon.core.keyword.internal.KeywordExecutor.executeKeywordForPlatform(KeywordExecutor.groovy:74)
	at com.kms.katalon.core.webui.keyword.WebUiBuiltInKeywords.click(WebUiBuiltInKeywords.groovy:620)
	at Script1698757120781.run(Script1698757120781.groovy:30)
	... 18 more
)
[[ATTACHMENT|C:\\Users\\rchalil\\Katalon Studio\\My First Web UI Project\\Reports\\20231101_100616\\Reshna - All TCs Suite2\\20231101_100616\\1698848264465.png]]

2023-11-01 10:17:44 - [TEST_STEP][PASSED] - Start listener action : sampleAfterTestCase: null

2023-11-01 10:17:44 - [TEST_STEP][PASSED] - println(testCaseContext.getTestCaseId()): null

2023-11-01 10:17:44 - [TEST_STEP][PASSED] - println(testCaseContext.getTestCaseStatus()): null]]></system-out>
         <system-err><![CDATA[2023-11-01 10:17:32 - [TEST_CASE][FAILED] - Test Cases/Verify LifeScience in Deloitte Industry: Test Cases/Verify LifeScience in Deloitte Industry FAILED.
Reason:
com.kms.katalon.core.exception.StepFailedException: Unable to click on object 'Object Repository/Deloitte/Page_Deloitte US  Audit, Consulting, Adviso_ec7ae4/a_Life Sciences  Health Care'
	at com.kms.katalon.core.webui.keyword.internal.WebUIKeywordMain.stepFailed(WebUIKeywordMain.groovy:64)
	at com.kms.katalon.core.webui.keyword.internal.WebUIKeywordMain.runKeyword(WebUIKeywordMain.groovy:26)
	at com.kms.katalon.core.webui.keyword.builtin.ClickKeyword.click(ClickKeyword.groovy:74)
	at com.kms.katalon.core.webui.keyword.builtin.ClickKeyword.execute(ClickKeyword.groovy:40)
	at com.kms.katalon.core.keyword.internal.KeywordExecutor.executeKeywordForPlatform(KeywordExecutor.groovy:74)
	at com.kms.katalon.core.webui.keyword.WebUiBuiltInKeywords.click(WebUiBuiltInKeywords.groovy:620)
	at Verify LifeScience in Deloitte Industry.run(Verify LifeScience in Deloitte Industry:30)
	at com.kms.katalon.core.main.ScriptEngine.run(ScriptEngine.java:194)
	at com.kms.katalon.core.main.ScriptEngine.runScriptAsRawText(ScriptEngine.java:119)
	at com.kms.katalon.core.main.TestCaseExecutor.runScript(TestCaseExecutor.java:448)
	at com.kms.katalon.core.main.TestCaseExecutor.doExecute(TestCaseExecutor.java:439)
	at com.kms.katalon.core.main.TestCaseExecutor.processExecutionPhase(TestCaseExecutor.java:418)
	at com.kms.katalon.core.main.TestCaseExecutor.accessMainPhase(TestCaseExecutor.java:410)
	at com.kms.katalon.core.main.TestCaseExecutor.execute(TestCaseExecutor.java:285)
	at com.kms.katalon.core.main.TestCaseExecutor.execute(TestCaseExecutor.java:369)
	at com.kms.katalon.core.main.TestCaseExecutor.execute(TestCaseExecutor.java:369)
	at com.kms.katalon.core.main.TestCaseExecutor.execute(TestCaseExecutor.java:369)
	at com.kms.katalon.core.common.CommonExecutor.accessTestCaseMainPhase(CommonExecutor.java:65)
	at com.kms.katalon.core.main.TestSuiteExecutor.accessTestSuiteMainPhase(TestSuiteExecutor.java:148)
	at com.kms.katalon.core.main.TestSuiteExecutor.execute(TestSuiteExecutor.java:106)
	at com.kms.katalon.core.main.TestCaseMain.startTestSuite(TestCaseMain.java:187)
	at TempTestSuite1698847576726.run(TempTestSuite1698847576726.groovy:36)
	at java.base/jdk.internal.reflect.NativeMethodAccessorImpl.invoke0(Native Method)
	at java.base/jdk.internal.reflect.NativeMethodAccessorImpl.invoke(NativeMethodAccessorImpl.java:77)
	at java.base/jdk.internal.reflect.DelegatingMethodAccessorImpl.invoke(DelegatingMethodAccessorImpl.java:43)
Caused by: org.openqa.selenium.ElementNotInteractableException: element not interactable
  (Session info: chrome=118.0.5993.118)
Build info: version: '3.141.59', revision: 'e82be7d358', time: '2018-11-14T08:25:53'
System info: host: 'USPRNRCHALIL2', ip: '10.0.0.182', os.name: 'Windows 10', os.arch: 'amd64', os.version: '10.0', java.version: '17.0.7'
Driver info: com.kms.katalon.selenium.driver.CChromeDriver
Capabilities {acceptInsecureCerts: false, browserName: chrome, browserVersion: 118.0.5993.118, chrome: {chromedriverVersion: 118.0.5993.70 (e52f33f30b91..., userDataDir: C:\Users\rchalil\AppData\Lo...}, fedcm:accounts: true, goog:chromeOptions: {debuggerAddress: localhost:60712}, javascriptEnabled: true, networkConnectionEnabled: false, pageLoadStrategy: normal, platform: WINDOWS, platformName: WINDOWS, proxy: Proxy(), setWindowRect: true, strictFileInteractability: false, timeouts: {implicit: 0, pageLoad: 300000, script: 30000}, unhandledPromptBehavior: dismiss and notify, webauthn:extension:credBlob: true, webauthn:extension:largeBlob: true, webauthn:extension:minPinLength: true, webauthn:extension:prf: true, webauthn:virtualAuthenticators: true}
Session ID: b1120c6f79efbd923b414766c6ccdc30
	at java.base/jdk.internal.reflect.NativeConstructorAccessorImpl.newInstance0(Native Method)
	at java.base/jdk.internal.reflect.NativeConstructorAccessorImpl.newInstance(NativeConstructorAccessorImpl.java:77)
	at java.base/jdk.internal.reflect.DelegatingConstructorAccessorImpl.newInstance(DelegatingConstructorAccessorImpl.java:45)
	at org.openqa.selenium.remote.http.W3CHttpResponseCodec.createException(W3CHttpResponseCodec.java:187)
	at org.openqa.selenium.remote.http.W3CHttpResponseCodec.decode(W3CHttpResponseCodec.java:122)
	at org.openqa.selenium.remote.http.W3CHttpResponseCodec.decode(W3CHttpResponseCodec.java:49)
	at org.openqa.selenium.remote.HttpCommandExecutor.execute(HttpCommandExecutor.java:158)
	at org.openqa.selenium.remote.service.DriverCommandExecutor.execute(DriverCommandExecutor.java:83)
	at org.openqa.selenium.remote.RemoteWebDriver.execute(RemoteWebDriver.java:552)
	at com.kms.katalon.selenium.driver.CChromeDriver.execute(CChromeDriver.java:19)
	at org.openqa.selenium.remote.RemoteWebElement.execute(RemoteWebElement.java:285)
	at org.openqa.selenium.remote.RemoteWebElement.click(RemoteWebElement.java:84)
	at jdk.internal.reflect.GeneratedMethodAccessor14.invoke(Unknown Source)
	at java.base/jdk.internal.reflect.DelegatingMethodAccessorImpl.invoke(DelegatingMethodAccessorImpl.java:43)
	at org.openqa.selenium.support.events.EventFiringWebDriver$EventFiringWebElement.lambda$new$0(EventFiringWebDriver.java:404)
	at jdk.proxy2/jdk.proxy2.$Proxy26.click(Unknown Source)
	at org.openqa.selenium.support.events.EventFiringWebDriver$EventFiringWebElement.click(EventFiringWebDriver.java:417)
	at org.openqa.selenium.WebElement$click.call(Unknown Source)
	at com.kms.katalon.core.webui.keyword.builtin.ClickKeyword.clickUntilSuccessWithTimeout(ClickKeyword.groovy:81)
	at com.kms.katalon.core.webui.keyword.builtin.ClickKeyword.clickUntilSuccessWithTimeout(ClickKeyword.groovy)
	at jdk.internal.reflect.GeneratedMethodAccessor12.invoke(Unknown Source)
	at java.base/jdk.internal.reflect.DelegatingMethodAccessorImpl.invoke(DelegatingMethodAccessorImpl.java:43)
	at com.kms.katalon.core.webui.keyword.builtin.ClickKeyword$_click_closure1.doCall(ClickKeyword.groovy:67)
	at com.kms.katalon.core.webui.keyword.builtin.ClickKeyword$_click_closure1.call(ClickKeyword.groovy)
	at com.kms.katalon.core.webui.keyword.internal.WebUIKeywordMain.runKeyword(WebUIKeywordMain.groovy:20)
	... 23 more]]></system-err>
      </testcase>
      <testcase name="Test Cases/Verify Tax in Deloitte website" time="14.239" classname="Test Cases/Verify Tax in Deloitte website" status="PASSED">
         <system-out><![CDATA[2023-11-01 10:17:44 - [TEST_CASE][PASSED] - Test Cases/Verify Tax in Deloitte website: Test Cases/Verify Tax in Deloitte website

2023-11-01 10:17:44 - [TEST_STEP][PASSED] - Start listener action : sampleBeforeTestCase: null

2023-11-01 10:17:44 - [TEST_STEP][PASSED] - println(testCaseContext.getTestCaseId()): null

2023-11-01 10:17:44 - [TEST_STEP][PASSED] - println(testCaseContext.getTestCaseVariables()): null

2023-11-01 10:17:44 - [TEST_STEP][PASSED] - openBrowser(""): Browser is opened with url: ''

2023-11-01 10:17:44 - [MESSAGE][WARNING] - A browser is already opened. Closing browser and opening a new one

2023-11-01 10:17:45 - [MESSAGE][INFO] - Starting 'Chrome' driver

2023-11-01 10:17:45 - [MESSAGE][INFO] - Action delay is set to 0 milliseconds

2023-11-01 10:17:47 - [MESSAGE][PASSED] - Browser is opened with url: ''

2023-11-01 10:17:47 - [TEST_STEP][PASSED] - navigateToUrl("https://www2.deloitte.com/us/en.html"): Navigate to 'https://www2.deloitte.com/us/en.html' successfully

2023-11-01 10:17:50 - [MESSAGE][PASSED] - Navigate to 'https://www2.deloitte.com/us/en.html' successfully

2023-11-01 10:17:50 - [TEST_STEP][PASSED] - maximizeWindow(): Current window maximized

2023-11-01 10:17:50 - [MESSAGE][PASSED] - Current window maximized

2023-11-01 10:17:50 - [TEST_STEP][PASSED] - click(findTestObject("Object Repository/Deloitte/Page_Deloitte US  Audit, Consulting, Adviso_ec7ae4/button_Accept and close")): Object: 'Object Repository/Deloitte/Page_Deloitte US  Audit, Consulting, Adviso_ec7ae4/button_Accept and close' is clicked on

2023-11-01 10:17:54 - [MESSAGE][PASSED] - Object: 'Object Repository/Deloitte/Page_Deloitte US  Audit, Consulting, Adviso_ec7ae4/button_Accept and close' is clicked on

2023-11-01 10:17:54 - [TEST_STEP][PASSED] - setText(findTestObject("Object Repository/Deloitte/Page_Deloitte US  Audit, Consulting, Adviso_ec7ae4/input_cmp-advanced-search__input ng-untouch_fd955c"), "tax"): Text 'tax' is set on object 'Object Repository/Deloitte/Page_Deloitte US  Audit, Consulting, Adviso_ec7ae4/input_cmp-advanced-search__input ng-untouch_fd955c'

2023-11-01 10:17:55 - [MESSAGE][PASSED] - Text 'tax' is set on object 'Object Repository/Deloitte/Page_Deloitte US  Audit, Consulting, Adviso_ec7ae4/input_cmp-advanced-search__input ng-untouch_fd955c'

2023-11-01 10:17:55 - [TEST_STEP][PASSED] - click(findTestObject("Object Repository/Deloitte/Page_Deloitte US  Audit, Consulting, Adviso_ec7ae4/i_icon-search")): Object: 'Object Repository/Deloitte/Page_Deloitte US  Audit, Consulting, Adviso_ec7ae4/i_icon-search' is clicked on

2023-11-01 10:17:57 - [MESSAGE][PASSED] - Object: 'Object Repository/Deloitte/Page_Deloitte US  Audit, Consulting, Adviso_ec7ae4/i_icon-search' is clicked on

2023-11-01 10:17:57 - [TEST_STEP][PASSED] - verifyElementPresent(findTestObject("Object Repository/Deloitte/Page_Deloitte Search Basic/h1_Results for tax"), 0): Object 'Object Repository/Deloitte/Page_Deloitte Search Basic/h1_Results for tax' is present

2023-11-01 10:17:58 - [MESSAGE][WARNING] - Timeout '0' is invalid. Using default page load timeout: '30'

2023-11-01 10:17:58 - [MESSAGE][PASSED] - Object 'Object Repository/Deloitte/Page_Deloitte Search Basic/h1_Results for tax' is present

2023-11-01 10:17:58 - [TEST_STEP][PASSED] - closeBrowser(): Browser is closed

2023-11-01 10:17:58 - [MESSAGE][PASSED] - Browser is closed

2023-11-01 10:17:58 - [TEST_STEP][PASSED] - Start listener action : sampleAfterTestCase: null

2023-11-01 10:17:58 - [TEST_STEP][PASSED] - println(testCaseContext.getTestCaseId()): null

2023-11-01 10:17:58 - [TEST_STEP][PASSED] - println(testCaseContext.getTestCaseStatus()): null]]></system-out>
         <system-err><![CDATA[]]></system-err>
      </testcase>
      <testcase name="Test Cases/Deloitte - Careers Test" time="17.351" classname="Test Cases/Deloitte - Careers Test" status="PASSED">
         <system-out><![CDATA[2023-11-01 10:17:58 - [TEST_CASE][PASSED] - Test Cases/Deloitte - Careers Test: Test Cases/Deloitte - Careers Test

2023-11-01 10:17:58 - [TEST_STEP][PASSED] - Start listener action : sampleBeforeTestCase: null

2023-11-01 10:17:58 - [TEST_STEP][PASSED] - println(testCaseContext.getTestCaseId()): null

2023-11-01 10:17:58 - [TEST_STEP][PASSED] - println(testCaseContext.getTestCaseVariables()): null

2023-11-01 10:17:58 - [TEST_STEP][PASSED] - openBrowser(""): Browser is opened with url: ''

2023-11-01 10:17:58 - [MESSAGE][INFO] - Starting 'Chrome' driver

2023-11-01 10:17:59 - [MESSAGE][INFO] - Action delay is set to 0 milliseconds

2023-11-01 10:18:01 - [MESSAGE][PASSED] - Browser is opened with url: ''

2023-11-01 10:18:01 - [TEST_STEP][PASSED] - navigateToUrl("https://www2.deloitte.com/us/en.html"): Navigate to 'https://www2.deloitte.com/us/en.html' successfully

2023-11-01 10:18:04 - [MESSAGE][PASSED] - Navigate to 'https://www2.deloitte.com/us/en.html' successfully

2023-11-01 10:18:04 - [TEST_STEP][PASSED] - maximizeWindow(): Current window maximized

2023-11-01 10:18:04 - [MESSAGE][PASSED] - Current window maximized

2023-11-01 10:18:04 - [TEST_STEP][PASSED] - click(findTestObject("Object Repository/Deloitte/Page_Deloitte US  Audit, Consulting, Adviso_ec7ae4/button_Accept and close")): Object: 'Object Repository/Deloitte/Page_Deloitte US  Audit, Consulting, Adviso_ec7ae4/button_Accept and close' is clicked on

2023-11-01 10:18:09 - [MESSAGE][PASSED] - Object: 'Object Repository/Deloitte/Page_Deloitte US  Audit, Consulting, Adviso_ec7ae4/button_Accept and close' is clicked on

2023-11-01 10:18:09 - [TEST_STEP][PASSED] - click(findTestObject("Object Repository/Deloitte/Page_Deloitte US  Audit, Consulting, Adviso_ec7ae4/a_Careers")): Object: 'Object Repository/Deloitte/Page_Deloitte US  Audit, Consulting, Adviso_ec7ae4/a_Careers' is clicked on

2023-11-01 10:18:09 - [MESSAGE][PASSED] - Object: 'Object Repository/Deloitte/Page_Deloitte US  Audit, Consulting, Adviso_ec7ae4/a_Careers' is clicked on

2023-11-01 10:18:09 - [TEST_STEP][PASSED] - click(findTestObject("Object Repository/Deloitte/Page_Deloitte US  Audit, Consulting, Adviso_ec7ae4/a_Life at Deloitte")): Object: 'Object Repository/Deloitte/Page_Deloitte US  Audit, Consulting, Adviso_ec7ae4/a_Life at Deloitte' is clicked on

2023-11-01 10:18:12 - [MESSAGE][PASSED] - Object: 'Object Repository/Deloitte/Page_Deloitte US  Audit, Consulting, Adviso_ec7ae4/a_Life at Deloitte' is clicked on

2023-11-01 10:18:12 - [TEST_STEP][PASSED] - verifyElementPresent(findTestObject("Object Repository/Deloitte/Page_Life at Deloitte  Deloitte US/p_OurPeople"), 0): Object 'Object Repository/Deloitte/Page_Life at Deloitte  Deloitte US/p_OurPeople' is present

2023-11-01 10:18:12 - [MESSAGE][WARNING] - Timeout '0' is invalid. Using default page load timeout: '30'

2023-11-01 10:18:14 - [MESSAGE][PASSED] - Object 'Object Repository/Deloitte/Page_Life at Deloitte  Deloitte US/p_OurPeople' is present

2023-11-01 10:18:14 - [TEST_STEP][PASSED] - verifyElementPresent(findTestObject("Object Repository/Deloitte/Page_Life at Deloitte  Deloitte US/p_Culture"), 0): Object 'Object Repository/Deloitte/Page_Life at Deloitte  Deloitte US/p_Culture' is present

2023-11-01 10:18:14 - [MESSAGE][WARNING] - Timeout '0' is invalid. Using default page load timeout: '30'

2023-11-01 10:18:14 - [MESSAGE][PASSED] - Object 'Object Repository/Deloitte/Page_Life at Deloitte  Deloitte US/p_Culture' is present

2023-11-01 10:18:14 - [TEST_STEP][PASSED] - verifyElementPresent(findTestObject("Object Repository/Deloitte/Page_Life at Deloitte  Deloitte US/p_Careers"), 0): Object 'Object Repository/Deloitte/Page_Life at Deloitte  Deloitte US/p_Careers' is present

2023-11-01 10:18:14 - [MESSAGE][WARNING] - Timeout '0' is invalid. Using default page load timeout: '30'

2023-11-01 10:18:14 - [MESSAGE][PASSED] - Object 'Object Repository/Deloitte/Page_Life at Deloitte  Deloitte US/p_Careers' is present

2023-11-01 10:18:14 - [TEST_STEP][PASSED] - verifyElementPresent(findTestObject("Object Repository/Deloitte/Page_Life at Deloitte  Deloitte US/p_WhyDeloitte"), 0): Object 'Object Repository/Deloitte/Page_Life at Deloitte  Deloitte US/p_WhyDeloitte' is present

2023-11-01 10:18:14 - [MESSAGE][WARNING] - Timeout '0' is invalid. Using default page load timeout: '30'

2023-11-01 10:18:15 - [MESSAGE][PASSED] - Object 'Object Repository/Deloitte/Page_Life at Deloitte  Deloitte US/p_WhyDeloitte' is present

2023-11-01 10:18:15 - [TEST_STEP][PASSED] - click(findTestObject("Object Repository/Deloitte/Page_Life at Deloitte  Deloitte US/p_Careers")): Object: 'Object Repository/Deloitte/Page_Life at Deloitte  Deloitte US/p_Careers' is clicked on

2023-11-01 10:18:15 - [MESSAGE][PASSED] - Object: 'Object Repository/Deloitte/Page_Life at Deloitte  Deloitte US/p_Careers' is clicked on

2023-11-01 10:18:15 - [TEST_STEP][PASSED] - verifyElementVisible(findTestObject("Object Repository/Deloitte/Page_Life at Deloitte  Deloitte US/img_careers-thumbnail-img")): Object 'Object Repository/Deloitte/Page_Life at Deloitte  Deloitte US/img_careers-thumbnail-img' is visible

2023-11-01 10:18:15 - [MESSAGE][PASSED] - Object 'Object Repository/Deloitte/Page_Life at Deloitte  Deloitte US/img_careers-thumbnail-img' is visible

2023-11-01 10:18:15 - [TEST_STEP][PASSED] - closeBrowser(): Browser is closed

2023-11-01 10:18:16 - [MESSAGE][PASSED] - Browser is closed

2023-11-01 10:18:16 - [TEST_STEP][PASSED] - Start listener action : sampleAfterTestCase: null

2023-11-01 10:18:16 - [TEST_STEP][PASSED] - println(testCaseContext.getTestCaseId()): null

2023-11-01 10:18:16 - [TEST_STEP][PASSED] - println(testCaseContext.getTestCaseStatus()): null]]></system-out>
         <system-err><![CDATA[]]></system-err>
      </testcase>
      <testcase name="Test Cases/Deloitte - dropdown value selection test" time="16.335" classname="Test Cases/Deloitte - dropdown value selection test" status="PASSED">
         <system-out><![CDATA[2023-11-01 10:18:16 - [TEST_CASE][PASSED] - Test Cases/Deloitte - dropdown value selection test: Test Cases/Deloitte - dropdown value selection test

2023-11-01 10:18:16 - [TEST_STEP][PASSED] - Start listener action : sampleBeforeTestCase: null

2023-11-01 10:18:16 - [TEST_STEP][PASSED] - println(testCaseContext.getTestCaseId()): null

2023-11-01 10:18:16 - [TEST_STEP][PASSED] - println(testCaseContext.getTestCaseVariables()): null

2023-11-01 10:18:16 - [TEST_STEP][PASSED] - openBrowser(""): Browser is opened with url: ''

2023-11-01 10:18:16 - [MESSAGE][INFO] - Starting 'Chrome' driver

2023-11-01 10:18:16 - [MESSAGE][INFO] - Action delay is set to 0 milliseconds

2023-11-01 10:18:19 - [MESSAGE][PASSED] - Browser is opened with url: ''

2023-11-01 10:18:19 - [TEST_STEP][PASSED] - navigateToUrl("https://apply.deloitte.com/"): Navigate to 'https://apply.deloitte.com/' successfully

2023-11-01 10:18:21 - [MESSAGE][PASSED] - Navigate to 'https://apply.deloitte.com/' successfully

2023-11-01 10:18:21 - [TEST_STEP][PASSED] - maximizeWindow(): Current window maximized

2023-11-01 10:18:21 - [MESSAGE][PASSED] - Current window maximized

2023-11-01 10:18:21 - [TEST_STEP][PASSED] - setText(findTestObject("Object Repository/Deloitte/Page_Job Search  Deloitte US/input9336-search__field"), "new"): Text 'new' is set on object 'Object Repository/Deloitte/Page_Job Search  Deloitte US/input9336-search__field'

2023-11-01 10:18:22 - [MESSAGE][PASSED] - Text 'new' is set on object 'Object Repository/Deloitte/Page_Job Search  Deloitte US/input9336-search__field'

2023-11-01 10:18:22 - [TEST_STEP][PASSED] - click(findTestObject("Object Repository/Deloitte/Page_Job Search  Deloitte US/li_New Jersey")): Object: 'Object Repository/Deloitte/Page_Job Search  Deloitte US/li_New Jersey' is clicked on

2023-11-01 10:18:24 - [MESSAGE][PASSED] - Object: 'Object Repository/Deloitte/Page_Job Search  Deloitte US/li_New Jersey' is clicked on

2023-11-01 10:18:24 - [TEST_STEP][PASSED] - click(findTestObject("Object Repository/Deloitte/Page_Job Search  Deloitte US/button_Search")): Object: 'Object Repository/Deloitte/Page_Job Search  Deloitte US/button_Search' is clicked on

2023-11-01 10:18:30 - [MESSAGE][PASSED] - Object: 'Object Repository/Deloitte/Page_Job Search  Deloitte US/button_Search' is clicked on

2023-11-01 10:18:30 - [TEST_STEP][PASSED] - click(findTestObject("Object Repository/Deloitte/Page_Job Search  Deloitte US/div_2 jobs                                 _eba8a8")): Object: 'Object Repository/Deloitte/Page_Job Search  Deloitte US/div_2 jobs                                 _eba8a8' is clicked on

2023-11-01 10:18:31 - [MESSAGE][PASSED] - Object: 'Object Repository/Deloitte/Page_Job Search  Deloitte US/div_2 jobs                                 _eba8a8' is clicked on

2023-11-01 10:18:31 - [TEST_STEP][PASSED] - click(findTestObject("Object Repository/Deloitte/Page_Job Search  Deloitte US/div_2 jobs                                 _eba8a8")): Object: 'Object Repository/Deloitte/Page_Job Search  Deloitte US/div_2 jobs                                 _eba8a8' is clicked on

2023-11-01 10:18:31 - [MESSAGE][PASSED] - Object: 'Object Repository/Deloitte/Page_Job Search  Deloitte US/div_2 jobs                                 _eba8a8' is clicked on

2023-11-01 10:18:31 - [TEST_STEP][PASSED] - click(findTestObject("Object Repository/Deloitte/Page_Job Search  Deloitte US/div_2 jobs                                 _eba8a8")): Object: 'Object Repository/Deloitte/Page_Job Search  Deloitte US/div_2 jobs                                 _eba8a8' is clicked on

2023-11-01 10:18:32 - [MESSAGE][PASSED] - Object: 'Object Repository/Deloitte/Page_Job Search  Deloitte US/div_2 jobs                                 _eba8a8' is clicked on

2023-11-01 10:18:32 - [TEST_STEP][PASSED] - closeBrowser(): Browser is closed

2023-11-01 10:18:32 - [MESSAGE][PASSED] - Browser is closed

2023-11-01 10:18:32 - [TEST_STEP][PASSED] - Start listener action : sampleAfterTestCase: null

2023-11-01 10:18:32 - [TEST_STEP][PASSED] - println(testCaseContext.getTestCaseId()): null

2023-11-01 10:18:32 - [TEST_STEP][PASSED] - println(testCaseContext.getTestCaseStatus()): null]]></system-out>
         <system-err><![CDATA[]]></system-err>
      </testcase>
      <testcase name="Test Cases/Deloitte - Search job within Deloitte Careers" time="12.29" classname="Test Cases/Deloitte - Search job within Deloitte Careers" status="FAILED">
         <failure type="FAILED" message="Test Cases/Deloitte - Search job within Deloitte Careers FAILED.&#xa;Reason:&#xa;com.kms.katalon.core.exception.StepFailedException: Unable to click on object 'Object Repository/Deloitte/Page_Deloitte US  Audit, Consulting, Adviso_ec7ae4/a_Experienced Professionals'&#xa;	at com.kms.katalon.core.webui.keyword.internal.WebUIKeywordMain.stepFailed(WebUIKeywordMain.groovy:64)&#xa;	at com.kms.katalon.core.webui.keyword.internal.WebUIKeywordMain.runKeyword(WebUIKeywordMain.groovy:26)&#xa;	at com.kms.katalon.core.webui.keyword.builtin.ClickKeyword.click(ClickKeyword.groovy:74)&#xa;	at com.kms.katalon.core.webui.keyword.builtin.ClickKeyword.execute(ClickKeyword.groovy:40)&#xa;	at com.kms.katalon.core.keyword.internal.KeywordExecutor.executeKeywordForPlatform(KeywordExecutor.groovy:74)&#xa;	at com.kms.katalon.core.webui.keyword.WebUiBuiltInKeywords.click(WebUiBuiltInKeywords.groovy:620)&#xa;	at Deloitte - Search job within Deloitte Careers.run(Deloitte - Search job within Deloitte Careers:30)&#xa;	at com.kms.katalon.core.main.ScriptEngine.run(ScriptEngine.java:194)&#xa;	at com.kms.katalon.core.main.ScriptEngine.runScriptAsRawText(ScriptEngine.java:119)&#xa;	at com.kms.katalon.core.main.TestCaseExecutor.runScript(TestCaseExecutor.java:448)&#xa;	at com.kms.katalon.core.main.TestCaseExecutor.doExecute(TestCaseExecutor.java:439)&#xa;	at com.kms.katalon.core.main.TestCaseExecutor.processExecutionPhase(TestCaseExecutor.java:418)&#xa;	at com.kms.katalon.core.main.TestCaseExecutor.accessMainPhase(TestCaseExecutor.java:410)&#xa;	at com.kms.katalon.core.main.TestCaseExecutor.execute(TestCaseExecutor.java:285)&#xa;	at com.kms.katalon.core.main.TestCaseExecutor.execute(TestCaseExecutor.java:369)&#xa;	at com.kms.katalon.core.main.TestCaseExecutor.execute(TestCaseExecutor.java:369)&#xa;	at com.kms.katalon.core.main.TestCaseExecutor.execute(TestCaseExecutor.java:369)&#xa;	at com.kms.katalon.core.common.CommonExecutor.accessTestCaseMainPhase(CommonExecutor.java:65)&#xa;	at com.kms.katalon.core.main.TestSuiteExecutor.accessTestSuiteMainPhase(TestSuiteExecutor.java:148)&#xa;	at com.kms.katalon.core.main.TestSuiteExecutor.execute(TestSuiteExecutor.java:106)&#xa;	at com.kms.katalon.core.main.TestCaseMain.startTestSuite(TestCaseMain.java:187)&#xa;	at TempTestSuite1698847576726.run(TempTestSuite1698847576726.groovy:36)&#xa;	at java.base/jdk.internal.reflect.NativeMethodAccessorImpl.invoke0(Native Method)&#xa;	at java.base/jdk.internal.reflect.NativeMethodAccessorImpl.invoke(NativeMethodAccessorImpl.java:77)&#xa;	at java.base/jdk.internal.reflect.DelegatingMethodAccessorImpl.invoke(DelegatingMethodAccessorImpl.java:43)&#xa;Caused by: org.openqa.selenium.ElementNotInteractableException: element not interactable&#xa;  (Session info: chrome=118.0.5993.118)&#xa;Build info: version: '3.141.59', revision: 'e82be7d358', time: '2018-11-14T08:25:53'&#xa;System info: host: 'USPRNRCHALIL2', ip: '10.0.0.182', os.name: 'Windows 10', os.arch: 'amd64', os.version: '10.0', java.version: '17.0.7'&#xa;Driver info: com.kms.katalon.selenium.driver.CChromeDriver&#xa;Capabilities {acceptInsecureCerts: false, browserName: chrome, browserVersion: 118.0.5993.118, chrome: {chromedriverVersion: 118.0.5993.70 (e52f33f30b91..., userDataDir: C:\Users\rchalil\AppData\Lo...}, fedcm:accounts: true, goog:chromeOptions: {debuggerAddress: localhost:61804}, javascriptEnabled: true, networkConnectionEnabled: false, pageLoadStrategy: normal, platform: WINDOWS, platformName: WINDOWS, proxy: Proxy(), setWindowRect: true, strictFileInteractability: false, timeouts: {implicit: 0, pageLoad: 300000, script: 30000}, unhandledPromptBehavior: dismiss and notify, webauthn:extension:credBlob: true, webauthn:extension:largeBlob: true, webauthn:extension:minPinLength: true, webauthn:extension:prf: true, webauthn:virtualAuthenticators: true}&#xa;Session ID: 76216dee99f0e9cb7990260d737c9c89&#xa;	at java.base/jdk.internal.reflect.NativeConstructorAccessorImpl.newInstance0(Native Method)&#xa;	at java.base/jdk.internal.reflect.NativeConstructorAccessorImpl.newInstance(NativeConstructorAccessorImpl.java:77)&#xa;	at java.base/jdk.internal.reflect.DelegatingConstructorAccessorImpl.newInstance(DelegatingConstructorAccessorImpl.java:45)&#xa;	at org.openqa.selenium.remote.http.W3CHttpResponseCodec.createException(W3CHttpResponseCodec.java:187)&#xa;	at org.openqa.selenium.remote.http.W3CHttpResponseCodec.decode(W3CHttpResponseCodec.java:122)&#xa;	at org.openqa.selenium.remote.http.W3CHttpResponseCodec.decode(W3CHttpResponseCodec.java:49)&#xa;	at org.openqa.selenium.remote.HttpCommandExecutor.execute(HttpCommandExecutor.java:158)&#xa;	at org.openqa.selenium.remote.service.DriverCommandExecutor.execute(DriverCommandExecutor.java:83)&#xa;	at org.openqa.selenium.remote.RemoteWebDriver.execute(RemoteWebDriver.java:552)&#xa;	at com.kms.katalon.selenium.driver.CChromeDriver.execute(CChromeDriver.java:19)&#xa;	at org.openqa.selenium.remote.RemoteWebElement.execute(RemoteWebElement.java:285)&#xa;	at org.openqa.selenium.remote.RemoteWebElement.click(RemoteWebElement.java:84)&#xa;	at jdk.internal.reflect.GeneratedMethodAccessor14.invoke(Unknown Source)&#xa;	at java.base/jdk.internal.reflect.DelegatingMethodAccessorImpl.invoke(DelegatingMethodAccessorImpl.java:43)&#xa;	at org.openqa.selenium.support.events.EventFiringWebDriver$EventFiringWebElement.lambda$new$0(EventFiringWebDriver.java:404)&#xa;	at jdk.proxy2/jdk.proxy2.$Proxy26.click(Unknown Source)&#xa;	at org.openqa.selenium.support.events.EventFiringWebDriver$EventFiringWebElement.click(EventFiringWebDriver.java:417)&#xa;	at org.openqa.selenium.WebElement$click.call(Unknown Source)&#xa;	at com.kms.katalon.core.webui.keyword.builtin.ClickKeyword.clickUntilSuccessWithTimeout(ClickKeyword.groovy:81)&#xa;	at com.kms.katalon.core.webui.keyword.builtin.ClickKeyword.clickUntilSuccessWithTimeout(ClickKeyword.groovy)&#xa;	at jdk.internal.reflect.GeneratedMethodAccessor12.invoke(Unknown Source)&#xa;	at java.base/jdk.internal.reflect.DelegatingMethodAccessorImpl.invoke(DelegatingMethodAccessorImpl.java:43)&#xa;	at com.kms.katalon.core.webui.keyword.builtin.ClickKeyword$_click_closure1.doCall(ClickKeyword.groovy:67)&#xa;	at com.kms.katalon.core.webui.keyword.builtin.ClickKeyword$_click_closure1.call(ClickKeyword.groovy)&#xa;	at com.kms.katalon.core.webui.keyword.internal.WebUIKeywordMain.runKeyword(WebUIKeywordMain.groovy:20)&#xa;	... 23 more&#xa;"/>
         <system-out><![CDATA[2023-11-01 10:19:10 - [TEST_CASE][FAILED] - Test Cases/Deloitte - Search job within Deloitte Careers: Test Cases/Deloitte - Search job within Deloitte Careers FAILED.
Reason:
com.kms.katalon.core.exception.StepFailedException: Unable to click on object 'Object Repository/Deloitte/Page_Deloitte US  Audit, Consulting, Adviso_ec7ae4/a_Experienced Professionals'
	at com.kms.katalon.core.webui.keyword.internal.WebUIKeywordMain.stepFailed(WebUIKeywordMain.groovy:64)
	at com.kms.katalon.core.webui.keyword.internal.WebUIKeywordMain.runKeyword(WebUIKeywordMain.groovy:26)
	at com.kms.katalon.core.webui.keyword.builtin.ClickKeyword.click(ClickKeyword.groovy:74)
	at com.kms.katalon.core.webui.keyword.builtin.ClickKeyword.execute(ClickKeyword.groovy:40)
	at com.kms.katalon.core.keyword.internal.KeywordExecutor.executeKeywordForPlatform(KeywordExecutor.groovy:74)
	at com.kms.katalon.core.webui.keyword.WebUiBuiltInKeywords.click(WebUiBuiltInKeywords.groovy:620)
	at Deloitte - Search job within Deloitte Careers.run(Deloitte - Search job within Deloitte Careers:30)
	at com.kms.katalon.core.main.ScriptEngine.run(ScriptEngine.java:194)
	at com.kms.katalon.core.main.ScriptEngine.runScriptAsRawText(ScriptEngine.java:119)
	at com.kms.katalon.core.main.TestCaseExecutor.runScript(TestCaseExecutor.java:448)
	at com.kms.katalon.core.main.TestCaseExecutor.doExecute(TestCaseExecutor.java:439)
	at com.kms.katalon.core.main.TestCaseExecutor.processExecutionPhase(TestCaseExecutor.java:418)
	at com.kms.katalon.core.main.TestCaseExecutor.accessMainPhase(TestCaseExecutor.java:410)
	at com.kms.katalon.core.main.TestCaseExecutor.execute(TestCaseExecutor.java:285)
	at com.kms.katalon.core.main.TestCaseExecutor.execute(TestCaseExecutor.java:369)
	at com.kms.katalon.core.main.TestCaseExecutor.execute(TestCaseExecutor.java:369)
	at com.kms.katalon.core.main.TestCaseExecutor.execute(TestCaseExecutor.java:369)
	at com.kms.katalon.core.common.CommonExecutor.accessTestCaseMainPhase(CommonExecutor.java:65)
	at com.kms.katalon.core.main.TestSuiteExecutor.accessTestSuiteMainPhase(TestSuiteExecutor.java:148)
	at com.kms.katalon.core.main.TestSuiteExecutor.execute(TestSuiteExecutor.java:106)
	at com.kms.katalon.core.main.TestCaseMain.startTestSuite(TestCaseMain.java:187)
	at TempTestSuite1698847576726.run(TempTestSuite1698847576726.groovy:36)
	at java.base/jdk.internal.reflect.NativeMethodAccessorImpl.invoke0(Native Method)
	at java.base/jdk.internal.reflect.NativeMethodAccessorImpl.invoke(NativeMethodAccessorImpl.java:77)
	at java.base/jdk.internal.reflect.DelegatingMethodAccessorImpl.invoke(DelegatingMethodAccessorImpl.java:43)
Caused by: org.openqa.selenium.ElementNotInteractableException: element not interactable
  (Session info: chrome=118.0.5993.118)
Build info: version: '3.141.59', revision: 'e82be7d358', time: '2018-11-14T08:25:53'
System info: host: 'USPRNRCHALIL2', ip: '10.0.0.182', os.name: 'Windows 10', os.arch: 'amd64', os.version: '10.0', java.version: '17.0.7'
Driver info: com.kms.katalon.selenium.driver.CChromeDriver
Capabilities {acceptInsecureCerts: false, browserName: chrome, browserVersion: 118.0.5993.118, chrome: {chromedriverVersion: 118.0.5993.70 (e52f33f30b91..., userDataDir: C:\Users\rchalil\AppData\Lo...}, fedcm:accounts: true, goog:chromeOptions: {debuggerAddress: localhost:61804}, javascriptEnabled: true, networkConnectionEnabled: false, pageLoadStrategy: normal, platform: WINDOWS, platformName: WINDOWS, proxy: Proxy(), setWindowRect: true, strictFileInteractability: false, timeouts: {implicit: 0, pageLoad: 300000, script: 30000}, unhandledPromptBehavior: dismiss and notify, webauthn:extension:credBlob: true, webauthn:extension:largeBlob: true, webauthn:extension:minPinLength: true, webauthn:extension:prf: true, webauthn:virtualAuthenticators: true}
Session ID: 76216dee99f0e9cb7990260d737c9c89
	at java.base/jdk.internal.reflect.NativeConstructorAccessorImpl.newInstance0(Native Method)
	at java.base/jdk.internal.reflect.NativeConstructorAccessorImpl.newInstance(NativeConstructorAccessorImpl.java:77)
	at java.base/jdk.internal.reflect.DelegatingConstructorAccessorImpl.newInstance(DelegatingConstructorAccessorImpl.java:45)
	at org.openqa.selenium.remote.http.W3CHttpResponseCodec.createException(W3CHttpResponseCodec.java:187)
	at org.openqa.selenium.remote.http.W3CHttpResponseCodec.decode(W3CHttpResponseCodec.java:122)
	at org.openqa.selenium.remote.http.W3CHttpResponseCodec.decode(W3CHttpResponseCodec.java:49)
	at org.openqa.selenium.remote.HttpCommandExecutor.execute(HttpCommandExecutor.java:158)
	at org.openqa.selenium.remote.service.DriverCommandExecutor.execute(DriverCommandExecutor.java:83)
	at org.openqa.selenium.remote.RemoteWebDriver.execute(RemoteWebDriver.java:552)
	at com.kms.katalon.selenium.driver.CChromeDriver.execute(CChromeDriver.java:19)
	at org.openqa.selenium.remote.RemoteWebElement.execute(RemoteWebElement.java:285)
	at org.openqa.selenium.remote.RemoteWebElement.click(RemoteWebElement.java:84)
	at jdk.internal.reflect.GeneratedMethodAccessor14.invoke(Unknown Source)
	at java.base/jdk.internal.reflect.DelegatingMethodAccessorImpl.invoke(DelegatingMethodAccessorImpl.java:43)
	at org.openqa.selenium.support.events.EventFiringWebDriver$EventFiringWebElement.lambda$new$0(EventFiringWebDriver.java:404)
	at jdk.proxy2/jdk.proxy2.$Proxy26.click(Unknown Source)
	at org.openqa.selenium.support.events.EventFiringWebDriver$EventFiringWebElement.click(EventFiringWebDriver.java:417)
	at org.openqa.selenium.WebElement$click.call(Unknown Source)
	at com.kms.katalon.core.webui.keyword.builtin.ClickKeyword.clickUntilSuccessWithTimeout(ClickKeyword.groovy:81)
	at com.kms.katalon.core.webui.keyword.builtin.ClickKeyword.clickUntilSuccessWithTimeout(ClickKeyword.groovy)
	at jdk.internal.reflect.GeneratedMethodAccessor12.invoke(Unknown Source)
	at java.base/jdk.internal.reflect.DelegatingMethodAccessorImpl.invoke(DelegatingMethodAccessorImpl.java:43)
	at com.kms.katalon.core.webui.keyword.builtin.ClickKeyword$_click_closure1.doCall(ClickKeyword.groovy:67)
	at com.kms.katalon.core.webui.keyword.builtin.ClickKeyword$_click_closure1.call(ClickKeyword.groovy)
	at com.kms.katalon.core.webui.keyword.internal.WebUIKeywordMain.runKeyword(WebUIKeywordMain.groovy:20)
	... 23 more


2023-11-01 10:19:10 - [TEST_STEP][PASSED] - Start listener action : sampleBeforeTestCase: null

2023-11-01 10:19:10 - [TEST_STEP][PASSED] - println(testCaseContext.getTestCaseId()): null

2023-11-01 10:19:10 - [TEST_STEP][PASSED] - println(testCaseContext.getTestCaseVariables()): null

2023-11-01 10:19:10 - [TEST_STEP][PASSED] - openBrowser(""): Browser is opened with url: ''

2023-11-01 10:19:10 - [MESSAGE][WARNING] - A browser is already opened. Closing browser and opening a new one

2023-11-01 10:19:10 - [MESSAGE][INFO] - Starting 'Chrome' driver

2023-11-01 10:19:10 - [MESSAGE][INFO] - Action delay is set to 0 milliseconds

2023-11-01 10:19:13 - [MESSAGE][PASSED] - Browser is opened with url: ''

2023-11-01 10:19:13 - [TEST_STEP][PASSED] - navigateToUrl("https://www2.deloitte.com/us/en.html"): Navigate to 'https://www2.deloitte.com/us/en.html' successfully

2023-11-01 10:19:16 - [MESSAGE][PASSED] - Navigate to 'https://www2.deloitte.com/us/en.html' successfully

2023-11-01 10:19:16 - [TEST_STEP][PASSED] - maximizeWindow(): Current window maximized

2023-11-01 10:19:17 - [MESSAGE][PASSED] - Current window maximized

2023-11-01 10:19:17 - [TEST_STEP][PASSED] - click(findTestObject("Object Repository/Deloitte/Page_Deloitte US  Audit, Consulting, Adviso_ec7ae4/button_Accept and close")): Object: 'Object Repository/Deloitte/Page_Deloitte US  Audit, Consulting, Adviso_ec7ae4/button_Accept and close' is clicked on

2023-11-01 10:19:21 - [MESSAGE][PASSED] - Object: 'Object Repository/Deloitte/Page_Deloitte US  Audit, Consulting, Adviso_ec7ae4/button_Accept and close' is clicked on

2023-11-01 10:19:21 - [TEST_STEP][PASSED] - click(findTestObject("Object Repository/Deloitte/Page_Deloitte US  Audit, Consulting, Adviso_ec7ae4/i_icon-search")): Object: 'Object Repository/Deloitte/Page_Deloitte US  Audit, Consulting, Adviso_ec7ae4/i_icon-search' is clicked on

2023-11-01 10:19:22 - [MESSAGE][PASSED] - Object: 'Object Repository/Deloitte/Page_Deloitte US  Audit, Consulting, Adviso_ec7ae4/i_icon-search' is clicked on

2023-11-01 10:19:22 - [TEST_STEP][FAILED] - click(findTestObject("Object Repository/Deloitte/Page_Deloitte US  Audit, Consulting, Adviso_ec7ae4/a_Experienced Professionals")): Unable to click on object 'Object Repository/Deloitte/Page_Deloitte US  Audit, Consulting, Adviso_ec7ae4/a_Experienced Professionals' (Root cause: com.kms.katalon.core.exception.StepFailedException: Unable to click on object 'Object Repository/Deloitte/Page_Deloitte US  Audit, Consulting, Adviso_ec7ae4/a_Experienced Professionals'
	at com.kms.katalon.core.webui.keyword.internal.WebUIKeywordMain.stepFailed(WebUIKeywordMain.groovy:64)
	at com.kms.katalon.core.webui.keyword.internal.WebUIKeywordMain.runKeyword(WebUIKeywordMain.groovy:26)
	at com.kms.katalon.core.webui.keyword.builtin.ClickKeyword.click(ClickKeyword.groovy:74)
	at com.kms.katalon.core.webui.keyword.builtin.ClickKeyword.execute(ClickKeyword.groovy:40)
	at com.kms.katalon.core.keyword.internal.KeywordExecutor.executeKeywordForPlatform(KeywordExecutor.groovy:74)
	at com.kms.katalon.core.webui.keyword.WebUiBuiltInKeywords.click(WebUiBuiltInKeywords.groovy:620)
	at Deloitte - Search job within Deloitte Careers.run(Deloitte - Search job within Deloitte Careers:30)
	at com.kms.katalon.core.main.ScriptEngine.run(ScriptEngine.java:194)
	at com.kms.katalon.core.main.ScriptEngine.runScriptAsRawText(ScriptEngine.java:119)
	at com.kms.katalon.core.main.TestCaseExecutor.runScript(TestCaseExecutor.java:448)
	at com.kms.katalon.core.main.TestCaseExecutor.doExecute(TestCaseExecutor.java:439)
	at com.kms.katalon.core.main.TestCaseExecutor.processExecutionPhase(TestCaseExecutor.java:418)
	at com.kms.katalon.core.main.TestCaseExecutor.accessMainPhase(TestCaseExecutor.java:410)
	at com.kms.katalon.core.main.TestCaseExecutor.execute(TestCaseExecutor.java:285)
	at com.kms.katalon.core.main.TestCaseExecutor.execute(TestCaseExecutor.java:369)
	at com.kms.katalon.core.main.TestCaseExecutor.execute(TestCaseExecutor.java:369)
	at com.kms.katalon.core.main.TestCaseExecutor.execute(TestCaseExecutor.java:369)
	at com.kms.katalon.core.common.CommonExecutor.accessTestCaseMainPhase(CommonExecutor.java:65)
	at com.kms.katalon.core.main.TestSuiteExecutor.accessTestSuiteMainPhase(TestSuiteExecutor.java:148)
	at com.kms.katalon.core.main.TestSuiteExecutor.execute(TestSuiteExecutor.java:106)
	at com.kms.katalon.core.main.TestCaseMain.startTestSuite(TestCaseMain.java:187)
	at TempTestSuite1698847576726.run(TempTestSuite1698847576726.groovy:36)
	at java.base/jdk.internal.reflect.NativeMethodAccessorImpl.invoke0(Native Method)
	at java.base/jdk.internal.reflect.NativeMethodAccessorImpl.invoke(NativeMethodAccessorImpl.java:77)
	at java.base/jdk.internal.reflect.DelegatingMethodAccessorImpl.invoke(DelegatingMethodAccessorImpl.java:43)
Caused by: org.openqa.selenium.ElementNotInteractableException: element not interactable
  (Session info: chrome=118.0.5993.118)
Build info: version: '3.141.59', revision: 'e82be7d358', time: '2018-11-14T08:25:53'
System info: host: 'USPRNRCHALIL2', ip: '10.0.0.182', os.name: 'Windows 10', os.arch: 'amd64', os.version: '10.0', java.version: '17.0.7'
Driver info: com.kms.katalon.selenium.driver.CChromeDriver
Capabilities {acceptInsecureCerts: false, browserName: chrome, browserVersion: 118.0.5993.118, chrome: {chromedriverVersion: 118.0.5993.70 (e52f33f30b91..., userDataDir: C:\Users\rchalil\AppData\Lo...}, fedcm:accounts: true, goog:chromeOptions: {debuggerAddress: localhost:61804}, javascriptEnabled: true, networkConnectionEnabled: false, pageLoadStrategy: normal, platform: WINDOWS, platformName: WINDOWS, proxy: Proxy(), setWindowRect: true, strictFileInteractability: false, timeouts: {implicit: 0, pageLoad: 300000, script: 30000}, unhandledPromptBehavior: dismiss and notify, webauthn:extension:credBlob: true, webauthn:extension:largeBlob: true, webauthn:extension:minPinLength: true, webauthn:extension:prf: true, webauthn:virtualAuthenticators: true}
Session ID: 76216dee99f0e9cb7990260d737c9c89
	at java.base/jdk.internal.reflect.NativeConstructorAccessorImpl.newInstance0(Native Method)
	at java.base/jdk.internal.reflect.NativeConstructorAccessorImpl.newInstance(NativeConstructorAccessorImpl.java:77)
	at java.base/jdk.internal.reflect.DelegatingConstructorAccessorImpl.newInstance(DelegatingConstructorAccessorImpl.java:45)
	at org.openqa.selenium.remote.http.W3CHttpResponseCodec.createException(W3CHttpResponseCodec.java:187)
	at org.openqa.selenium.remote.http.W3CHttpResponseCodec.decode(W3CHttpResponseCodec.java:122)
	at org.openqa.selenium.remote.http.W3CHttpResponseCodec.decode(W3CHttpResponseCodec.java:49)
	at org.openqa.selenium.remote.HttpCommandExecutor.execute(HttpCommandExecutor.java:158)
	at org.openqa.selenium.remote.service.DriverCommandExecutor.execute(DriverCommandExecutor.java:83)
	at org.openqa.selenium.remote.RemoteWebDriver.execute(RemoteWebDriver.java:552)
	at com.kms.katalon.selenium.driver.CChromeDriver.execute(CChromeDriver.java:19)
	at org.openqa.selenium.remote.RemoteWebElement.execute(RemoteWebElement.java:285)
	at org.openqa.selenium.remote.RemoteWebElement.click(RemoteWebElement.java:84)
	at jdk.internal.reflect.GeneratedMethodAccessor14.invoke(Unknown Source)
	at java.base/jdk.internal.reflect.DelegatingMethodAccessorImpl.invoke(DelegatingMethodAccessorImpl.java:43)
	at org.openqa.selenium.support.events.EventFiringWebDriver$EventFiringWebElement.lambda$new$0(EventFiringWebDriver.java:404)
	at jdk.proxy2/jdk.proxy2.$Proxy26.click(Unknown Source)
	at org.openqa.selenium.support.events.EventFiringWebDriver$EventFiringWebElement.click(EventFiringWebDriver.java:417)
	at org.openqa.selenium.WebElement$click.call(Unknown Source)
	at com.kms.katalon.core.webui.keyword.builtin.ClickKeyword.clickUntilSuccessWithTimeout(ClickKeyword.groovy:81)
	at com.kms.katalon.core.webui.keyword.builtin.ClickKeyword.clickUntilSuccessWithTimeout(ClickKeyword.groovy)
	at jdk.internal.reflect.GeneratedMethodAccessor12.invoke(Unknown Source)
	at java.base/jdk.internal.reflect.DelegatingMethodAccessorImpl.invoke(DelegatingMethodAccessorImpl.java:43)
	at com.kms.katalon.core.webui.keyword.builtin.ClickKeyword$_click_closure1.doCall(ClickKeyword.groovy:67)
	at com.kms.katalon.core.webui.keyword.builtin.ClickKeyword$_click_closure1.call(ClickKeyword.groovy)
	at com.kms.katalon.core.webui.keyword.internal.WebUIKeywordMain.runKeyword(WebUIKeywordMain.groovy:20)
	at com.kms.katalon.core.webui.keyword.builtin.ClickKeyword.click(ClickKeyword.groovy:74)
	at com.kms.katalon.core.webui.keyword.builtin.ClickKeyword.execute(ClickKeyword.groovy:40)
	at com.kms.katalon.core.keyword.internal.KeywordExecutor.executeKeywordForPlatform(KeywordExecutor.groovy:74)
	at com.kms.katalon.core.webui.keyword.WebUiBuiltInKeywords.click(WebUiBuiltInKeywords.groovy:620)
	at Script1698804000480.run(Script1698804000480.groovy:30)
	... 18 more
)

2023-11-01 10:19:22 - [MESSAGE][FAILED] - Unable to click on object 'Object Repository/Deloitte/Page_Deloitte US  Audit, Consulting, Adviso_ec7ae4/a_Experienced Professionals' (Root cause: com.kms.katalon.core.exception.StepFailedException: Unable to click on object 'Object Repository/Deloitte/Page_Deloitte US  Audit, Consulting, Adviso_ec7ae4/a_Experienced Professionals'
	at com.kms.katalon.core.webui.keyword.internal.WebUIKeywordMain.stepFailed(WebUIKeywordMain.groovy:64)
	at com.kms.katalon.core.webui.keyword.internal.WebUIKeywordMain.runKeyword(WebUIKeywordMain.groovy:26)
	at com.kms.katalon.core.webui.keyword.builtin.ClickKeyword.click(ClickKeyword.groovy:74)
	at com.kms.katalon.core.webui.keyword.builtin.ClickKeyword.execute(ClickKeyword.groovy:40)
	at com.kms.katalon.core.keyword.internal.KeywordExecutor.executeKeywordForPlatform(KeywordExecutor.groovy:74)
	at com.kms.katalon.core.webui.keyword.WebUiBuiltInKeywords.click(WebUiBuiltInKeywords.groovy:620)
	at Deloitte - Search job within Deloitte Careers.run(Deloitte - Search job within Deloitte Careers:30)
	at com.kms.katalon.core.main.ScriptEngine.run(ScriptEngine.java:194)
	at com.kms.katalon.core.main.ScriptEngine.runScriptAsRawText(ScriptEngine.java:119)
	at com.kms.katalon.core.main.TestCaseExecutor.runScript(TestCaseExecutor.java:448)
	at com.kms.katalon.core.main.TestCaseExecutor.doExecute(TestCaseExecutor.java:439)
	at com.kms.katalon.core.main.TestCaseExecutor.processExecutionPhase(TestCaseExecutor.java:418)
	at com.kms.katalon.core.main.TestCaseExecutor.accessMainPhase(TestCaseExecutor.java:410)
	at com.kms.katalon.core.main.TestCaseExecutor.execute(TestCaseExecutor.java:285)
	at com.kms.katalon.core.main.TestCaseExecutor.execute(TestCaseExecutor.java:369)
	at com.kms.katalon.core.main.TestCaseExecutor.execute(TestCaseExecutor.java:369)
	at com.kms.katalon.core.main.TestCaseExecutor.execute(TestCaseExecutor.java:369)
	at com.kms.katalon.core.common.CommonExecutor.accessTestCaseMainPhase(CommonExecutor.java:65)
	at com.kms.katalon.core.main.TestSuiteExecutor.accessTestSuiteMainPhase(TestSuiteExecutor.java:148)
	at com.kms.katalon.core.main.TestSuiteExecutor.execute(TestSuiteExecutor.java:106)
	at com.kms.katalon.core.main.TestCaseMain.startTestSuite(TestCaseMain.java:187)
	at TempTestSuite1698847576726.run(TempTestSuite1698847576726.groovy:36)
	at java.base/jdk.internal.reflect.NativeMethodAccessorImpl.invoke0(Native Method)
	at java.base/jdk.internal.reflect.NativeMethodAccessorImpl.invoke(NativeMethodAccessorImpl.java:77)
	at java.base/jdk.internal.reflect.DelegatingMethodAccessorImpl.invoke(DelegatingMethodAccessorImpl.java:43)
Caused by: org.openqa.selenium.ElementNotInteractableException: element not interactable
  (Session info: chrome=118.0.5993.118)
Build info: version: '3.141.59', revision: 'e82be7d358', time: '2018-11-14T08:25:53'
System info: host: 'USPRNRCHALIL2', ip: '10.0.0.182', os.name: 'Windows 10', os.arch: 'amd64', os.version: '10.0', java.version: '17.0.7'
Driver info: com.kms.katalon.selenium.driver.CChromeDriver
Capabilities {acceptInsecureCerts: false, browserName: chrome, browserVersion: 118.0.5993.118, chrome: {chromedriverVersion: 118.0.5993.70 (e52f33f30b91..., userDataDir: C:\Users\rchalil\AppData\Lo...}, fedcm:accounts: true, goog:chromeOptions: {debuggerAddress: localhost:61804}, javascriptEnabled: true, networkConnectionEnabled: false, pageLoadStrategy: normal, platform: WINDOWS, platformName: WINDOWS, proxy: Proxy(), setWindowRect: true, strictFileInteractability: false, timeouts: {implicit: 0, pageLoad: 300000, script: 30000}, unhandledPromptBehavior: dismiss and notify, webauthn:extension:credBlob: true, webauthn:extension:largeBlob: true, webauthn:extension:minPinLength: true, webauthn:extension:prf: true, webauthn:virtualAuthenticators: true}
Session ID: 76216dee99f0e9cb7990260d737c9c89
	at java.base/jdk.internal.reflect.NativeConstructorAccessorImpl.newInstance0(Native Method)
	at java.base/jdk.internal.reflect.NativeConstructorAccessorImpl.newInstance(NativeConstructorAccessorImpl.java:77)
	at java.base/jdk.internal.reflect.DelegatingConstructorAccessorImpl.newInstance(DelegatingConstructorAccessorImpl.java:45)
	at org.openqa.selenium.remote.http.W3CHttpResponseCodec.createException(W3CHttpResponseCodec.java:187)
	at org.openqa.selenium.remote.http.W3CHttpResponseCodec.decode(W3CHttpResponseCodec.java:122)
	at org.openqa.selenium.remote.http.W3CHttpResponseCodec.decode(W3CHttpResponseCodec.java:49)
	at org.openqa.selenium.remote.HttpCommandExecutor.execute(HttpCommandExecutor.java:158)
	at org.openqa.selenium.remote.service.DriverCommandExecutor.execute(DriverCommandExecutor.java:83)
	at org.openqa.selenium.remote.RemoteWebDriver.execute(RemoteWebDriver.java:552)
	at com.kms.katalon.selenium.driver.CChromeDriver.execute(CChromeDriver.java:19)
	at org.openqa.selenium.remote.RemoteWebElement.execute(RemoteWebElement.java:285)
	at org.openqa.selenium.remote.RemoteWebElement.click(RemoteWebElement.java:84)
	at jdk.internal.reflect.GeneratedMethodAccessor14.invoke(Unknown Source)
	at java.base/jdk.internal.reflect.DelegatingMethodAccessorImpl.invoke(DelegatingMethodAccessorImpl.java:43)
	at org.openqa.selenium.support.events.EventFiringWebDriver$EventFiringWebElement.lambda$new$0(EventFiringWebDriver.java:404)
	at jdk.proxy2/jdk.proxy2.$Proxy26.click(Unknown Source)
	at org.openqa.selenium.support.events.EventFiringWebDriver$EventFiringWebElement.click(EventFiringWebDriver.java:417)
	at org.openqa.selenium.WebElement$click.call(Unknown Source)
	at com.kms.katalon.core.webui.keyword.builtin.ClickKeyword.clickUntilSuccessWithTimeout(ClickKeyword.groovy:81)
	at com.kms.katalon.core.webui.keyword.builtin.ClickKeyword.clickUntilSuccessWithTimeout(ClickKeyword.groovy)
	at jdk.internal.reflect.GeneratedMethodAccessor12.invoke(Unknown Source)
	at java.base/jdk.internal.reflect.DelegatingMethodAccessorImpl.invoke(DelegatingMethodAccessorImpl.java:43)
	at com.kms.katalon.core.webui.keyword.builtin.ClickKeyword$_click_closure1.doCall(ClickKeyword.groovy:67)
	at com.kms.katalon.core.webui.keyword.builtin.ClickKeyword$_click_closure1.call(ClickKeyword.groovy)
	at com.kms.katalon.core.webui.keyword.internal.WebUIKeywordMain.runKeyword(WebUIKeywordMain.groovy:20)
	at com.kms.katalon.core.webui.keyword.builtin.ClickKeyword.click(ClickKeyword.groovy:74)
	at com.kms.katalon.core.webui.keyword.builtin.ClickKeyword.execute(ClickKeyword.groovy:40)
	at com.kms.katalon.core.keyword.internal.KeywordExecutor.executeKeywordForPlatform(KeywordExecutor.groovy:74)
	at com.kms.katalon.core.webui.keyword.WebUiBuiltInKeywords.click(WebUiBuiltInKeywords.groovy:620)
	at Script1698804000480.run(Script1698804000480.groovy:30)
	... 18 more
)
[[ATTACHMENT|C:\\Users\\rchalil\\Katalon Studio\\My First Web UI Project\\Reports\\20231101_100616\\Reshna - All TCs Suite2\\20231101_100616\\1698848362430.png]]

2023-11-01 10:19:22 - [TEST_STEP][PASSED] - Start listener action : sampleAfterTestCase: null

2023-11-01 10:19:22 - [TEST_STEP][PASSED] - println(testCaseContext.getTestCaseId()): null

2023-11-01 10:19:22 - [TEST_STEP][PASSED] - println(testCaseContext.getTestCaseStatus()): null]]></system-out>
         <system-err><![CDATA[2023-11-01 10:19:10 - [TEST_CASE][FAILED] - Test Cases/Deloitte - Search job within Deloitte Careers: Test Cases/Deloitte - Search job within Deloitte Careers FAILED.
Reason:
com.kms.katalon.core.exception.StepFailedException: Unable to click on object 'Object Repository/Deloitte/Page_Deloitte US  Audit, Consulting, Adviso_ec7ae4/a_Experienced Professionals'
	at com.kms.katalon.core.webui.keyword.internal.WebUIKeywordMain.stepFailed(WebUIKeywordMain.groovy:64)
	at com.kms.katalon.core.webui.keyword.internal.WebUIKeywordMain.runKeyword(WebUIKeywordMain.groovy:26)
	at com.kms.katalon.core.webui.keyword.builtin.ClickKeyword.click(ClickKeyword.groovy:74)
	at com.kms.katalon.core.webui.keyword.builtin.ClickKeyword.execute(ClickKeyword.groovy:40)
	at com.kms.katalon.core.keyword.internal.KeywordExecutor.executeKeywordForPlatform(KeywordExecutor.groovy:74)
	at com.kms.katalon.core.webui.keyword.WebUiBuiltInKeywords.click(WebUiBuiltInKeywords.groovy:620)
	at Deloitte - Search job within Deloitte Careers.run(Deloitte - Search job within Deloitte Careers:30)
	at com.kms.katalon.core.main.ScriptEngine.run(ScriptEngine.java:194)
	at com.kms.katalon.core.main.ScriptEngine.runScriptAsRawText(ScriptEngine.java:119)
	at com.kms.katalon.core.main.TestCaseExecutor.runScript(TestCaseExecutor.java:448)
	at com.kms.katalon.core.main.TestCaseExecutor.doExecute(TestCaseExecutor.java:439)
	at com.kms.katalon.core.main.TestCaseExecutor.processExecutionPhase(TestCaseExecutor.java:418)
	at com.kms.katalon.core.main.TestCaseExecutor.accessMainPhase(TestCaseExecutor.java:410)
	at com.kms.katalon.core.main.TestCaseExecutor.execute(TestCaseExecutor.java:285)
	at com.kms.katalon.core.main.TestCaseExecutor.execute(TestCaseExecutor.java:369)
	at com.kms.katalon.core.main.TestCaseExecutor.execute(TestCaseExecutor.java:369)
	at com.kms.katalon.core.main.TestCaseExecutor.execute(TestCaseExecutor.java:369)
	at com.kms.katalon.core.common.CommonExecutor.accessTestCaseMainPhase(CommonExecutor.java:65)
	at com.kms.katalon.core.main.TestSuiteExecutor.accessTestSuiteMainPhase(TestSuiteExecutor.java:148)
	at com.kms.katalon.core.main.TestSuiteExecutor.execute(TestSuiteExecutor.java:106)
	at com.kms.katalon.core.main.TestCaseMain.startTestSuite(TestCaseMain.java:187)
	at TempTestSuite1698847576726.run(TempTestSuite1698847576726.groovy:36)
	at java.base/jdk.internal.reflect.NativeMethodAccessorImpl.invoke0(Native Method)
	at java.base/jdk.internal.reflect.NativeMethodAccessorImpl.invoke(NativeMethodAccessorImpl.java:77)
	at java.base/jdk.internal.reflect.DelegatingMethodAccessorImpl.invoke(DelegatingMethodAccessorImpl.java:43)
Caused by: org.openqa.selenium.ElementNotInteractableException: element not interactable
  (Session info: chrome=118.0.5993.118)
Build info: version: '3.141.59', revision: 'e82be7d358', time: '2018-11-14T08:25:53'
System info: host: 'USPRNRCHALIL2', ip: '10.0.0.182', os.name: 'Windows 10', os.arch: 'amd64', os.version: '10.0', java.version: '17.0.7'
Driver info: com.kms.katalon.selenium.driver.CChromeDriver
Capabilities {acceptInsecureCerts: false, browserName: chrome, browserVersion: 118.0.5993.118, chrome: {chromedriverVersion: 118.0.5993.70 (e52f33f30b91..., userDataDir: C:\Users\rchalil\AppData\Lo...}, fedcm:accounts: true, goog:chromeOptions: {debuggerAddress: localhost:61804}, javascriptEnabled: true, networkConnectionEnabled: false, pageLoadStrategy: normal, platform: WINDOWS, platformName: WINDOWS, proxy: Proxy(), setWindowRect: true, strictFileInteractability: false, timeouts: {implicit: 0, pageLoad: 300000, script: 30000}, unhandledPromptBehavior: dismiss and notify, webauthn:extension:credBlob: true, webauthn:extension:largeBlob: true, webauthn:extension:minPinLength: true, webauthn:extension:prf: true, webauthn:virtualAuthenticators: true}
Session ID: 76216dee99f0e9cb7990260d737c9c89
	at java.base/jdk.internal.reflect.NativeConstructorAccessorImpl.newInstance0(Native Method)
	at java.base/jdk.internal.reflect.NativeConstructorAccessorImpl.newInstance(NativeConstructorAccessorImpl.java:77)
	at java.base/jdk.internal.reflect.DelegatingConstructorAccessorImpl.newInstance(DelegatingConstructorAccessorImpl.java:45)
	at org.openqa.selenium.remote.http.W3CHttpResponseCodec.createException(W3CHttpResponseCodec.java:187)
	at org.openqa.selenium.remote.http.W3CHttpResponseCodec.decode(W3CHttpResponseCodec.java:122)
	at org.openqa.selenium.remote.http.W3CHttpResponseCodec.decode(W3CHttpResponseCodec.java:49)
	at org.openqa.selenium.remote.HttpCommandExecutor.execute(HttpCommandExecutor.java:158)
	at org.openqa.selenium.remote.service.DriverCommandExecutor.execute(DriverCommandExecutor.java:83)
	at org.openqa.selenium.remote.RemoteWebDriver.execute(RemoteWebDriver.java:552)
	at com.kms.katalon.selenium.driver.CChromeDriver.execute(CChromeDriver.java:19)
	at org.openqa.selenium.remote.RemoteWebElement.execute(RemoteWebElement.java:285)
	at org.openqa.selenium.remote.RemoteWebElement.click(RemoteWebElement.java:84)
	at jdk.internal.reflect.GeneratedMethodAccessor14.invoke(Unknown Source)
	at java.base/jdk.internal.reflect.DelegatingMethodAccessorImpl.invoke(DelegatingMethodAccessorImpl.java:43)
	at org.openqa.selenium.support.events.EventFiringWebDriver$EventFiringWebElement.lambda$new$0(EventFiringWebDriver.java:404)
	at jdk.proxy2/jdk.proxy2.$Proxy26.click(Unknown Source)
	at org.openqa.selenium.support.events.EventFiringWebDriver$EventFiringWebElement.click(EventFiringWebDriver.java:417)
	at org.openqa.selenium.WebElement$click.call(Unknown Source)
	at com.kms.katalon.core.webui.keyword.builtin.ClickKeyword.clickUntilSuccessWithTimeout(ClickKeyword.groovy:81)
	at com.kms.katalon.core.webui.keyword.builtin.ClickKeyword.clickUntilSuccessWithTimeout(ClickKeyword.groovy)
	at jdk.internal.reflect.GeneratedMethodAccessor12.invoke(Unknown Source)
	at java.base/jdk.internal.reflect.DelegatingMethodAccessorImpl.invoke(DelegatingMethodAccessorImpl.java:43)
	at com.kms.katalon.core.webui.keyword.builtin.ClickKeyword$_click_closure1.doCall(ClickKeyword.groovy:67)
	at com.kms.katalon.core.webui.keyword.builtin.ClickKeyword$_click_closure1.call(ClickKeyword.groovy)
	at com.kms.katalon.core.webui.keyword.internal.WebUIKeywordMain.runKeyword(WebUIKeywordMain.groovy:20)
	... 23 more]]></system-err>
      </testcase>
      <testcase name="Test Cases/Deloitte - Verify Deloitte Login with invalid credentials" time="10.227" classname="Test Cases/Deloitte - Verify Deloitte Login with invalid credentials" status="PASSED">
         <system-out><![CDATA[2023-11-01 10:19:22 - [TEST_CASE][PASSED] - Test Cases/Deloitte - Verify Deloitte Login with invalid credentials: Test Cases/Deloitte - Verify Deloitte Login with invalid credentials

2023-11-01 10:19:22 - [TEST_STEP][PASSED] - Start listener action : sampleBeforeTestCase: null

2023-11-01 10:19:22 - [TEST_STEP][PASSED] - println(testCaseContext.getTestCaseId()): null

2023-11-01 10:19:22 - [TEST_STEP][PASSED] - println(testCaseContext.getTestCaseVariables()): null

2023-11-01 10:19:22 - [TEST_STEP][PASSED] - openBrowser(""): Browser is opened with url: ''

2023-11-01 10:19:22 - [MESSAGE][WARNING] - A browser is already opened. Closing browser and opening a new one

2023-11-01 10:19:23 - [MESSAGE][INFO] - Starting 'Chrome' driver

2023-11-01 10:19:23 - [MESSAGE][INFO] - Action delay is set to 0 milliseconds

2023-11-01 10:19:25 - [MESSAGE][PASSED] - Browser is opened with url: ''

2023-11-01 10:19:25 - [TEST_STEP][PASSED] - navigateToUrl("https://apply.deloitte.com/"): Navigate to 'https://apply.deloitte.com/' successfully

2023-11-01 10:19:28 - [MESSAGE][PASSED] - Navigate to 'https://apply.deloitte.com/' successfully

2023-11-01 10:19:28 - [TEST_STEP][PASSED] - maximizeWindow(): Current window maximized

2023-11-01 10:19:28 - [MESSAGE][PASSED] - Current window maximized

2023-11-01 10:19:28 - [TEST_STEP][PASSED] - click(findTestObject("Object Repository/Deloitte/Page_Job Search  Deloitte US/a_Login")): Object: 'Object Repository/Deloitte/Page_Job Search  Deloitte US/a_Login' is clicked on

2023-11-01 10:19:29 - [MESSAGE][PASSED] - Object: 'Object Repository/Deloitte/Page_Job Search  Deloitte US/a_Login' is clicked on

2023-11-01 10:19:29 - [TEST_STEP][PASSED] - click(findTestObject("Object Repository/Deloitte/Page_Login  Deloitte US/button_Log in")): Object: 'Object Repository/Deloitte/Page_Login  Deloitte US/button_Log in' is clicked on

2023-11-01 10:19:30 - [MESSAGE][PASSED] - Object: 'Object Repository/Deloitte/Page_Login  Deloitte US/button_Log in' is clicked on

2023-11-01 10:19:30 - [TEST_STEP][PASSED] - verifyElementText(findTestObject("Object Repository/Deloitte/Page_Login  Deloitte US/div_Username is required"), "Username is required."): Actual text and expected text of test object 'Object Repository/Deloitte/Page_Login  Deloitte US/div_Username is required' are matched.

2023-11-01 10:19:32 - [MESSAGE][PASSED] - Actual text and expected text of test object 'Object Repository/Deloitte/Page_Login  Deloitte US/div_Username is required' are matched.

2023-11-01 10:19:32 - [TEST_STEP][PASSED] - verifyElementText(findTestObject("Object Repository/Deloitte/Page_Login  Deloitte US/div_Password is required"), "Password is required."): Actual text and expected text of test object 'Object Repository/Deloitte/Page_Login  Deloitte US/div_Password is required' are matched.

2023-11-01 10:19:32 - [MESSAGE][PASSED] - Actual text and expected text of test object 'Object Repository/Deloitte/Page_Login  Deloitte US/div_Password is required' are matched.

2023-11-01 10:19:32 - [TEST_STEP][PASSED] - closeBrowser(): Browser is closed

2023-11-01 10:19:32 - [MESSAGE][PASSED] - Browser is closed

2023-11-01 10:19:32 - [TEST_STEP][PASSED] - Start listener action : sampleAfterTestCase: null

2023-11-01 10:19:32 - [TEST_STEP][PASSED] - println(testCaseContext.getTestCaseId()): null

2023-11-01 10:19:32 - [TEST_STEP][PASSED] - println(testCaseContext.getTestCaseStatus()): null]]></system-out>
         <system-err><![CDATA[]]></system-err>
      </testcase>
      <testcase name="Test Cases/Download Deloitte Survey findins - Switch Window" time="15.477" classname="Test Cases/Download Deloitte Survey findins - Switch Window" status="PASSED">
         <system-out><![CDATA[2023-11-01 10:19:32 - [TEST_CASE][PASSED] - Test Cases/Download Deloitte Survey findins - Switch Window: Test Cases/Download Deloitte Survey findins - Switch Window

2023-11-01 10:19:32 - [TEST_STEP][PASSED] - Start listener action : sampleBeforeTestCase: null

2023-11-01 10:19:32 - [TEST_STEP][PASSED] - println(testCaseContext.getTestCaseId()): null

2023-11-01 10:19:32 - [TEST_STEP][PASSED] - println(testCaseContext.getTestCaseVariables()): null

2023-11-01 10:19:32 - [TEST_STEP][PASSED] - openBrowser(""): Browser is opened with url: ''

2023-11-01 10:19:32 - [MESSAGE][INFO] - Starting 'Chrome' driver

2023-11-01 10:19:32 - [MESSAGE][INFO] - Action delay is set to 0 milliseconds

2023-11-01 10:19:35 - [MESSAGE][PASSED] - Browser is opened with url: ''

2023-11-01 10:19:35 - [TEST_STEP][PASSED] - navigateToUrl("https://www2.deloitte.com/us/en.html"): Navigate to 'https://www2.deloitte.com/us/en.html' successfully

2023-11-01 10:19:37 - [MESSAGE][PASSED] - Navigate to 'https://www2.deloitte.com/us/en.html' successfully

2023-11-01 10:19:37 - [TEST_STEP][PASSED] - maximizeWindow(): Current window maximized

2023-11-01 10:19:38 - [MESSAGE][PASSED] - Current window maximized

2023-11-01 10:19:38 - [TEST_STEP][PASSED] - click(findTestObject("Object Repository/Deloitte/Page_Deloitte US  Audit, Consulting, Adviso_ec7ae4/button_Accept and close")): Object: 'Object Repository/Deloitte/Page_Deloitte US  Audit, Consulting, Adviso_ec7ae4/button_Accept and close' is clicked on

2023-11-01 10:19:42 - [MESSAGE][PASSED] - Object: 'Object Repository/Deloitte/Page_Deloitte US  Audit, Consulting, Adviso_ec7ae4/button_Accept and close' is clicked on

2023-11-01 10:19:42 - [TEST_STEP][PASSED] - click(findTestObject("Object Repository/Deloitte/Page_Deloitte US  Audit, Consulting, Adviso_ec7ae4/div_Read the survey findings")): Object: 'Object Repository/Deloitte/Page_Deloitte US  Audit, Consulting, Adviso_ec7ae4/div_Read the survey findings' is clicked on

2023-11-01 10:19:46 - [MESSAGE][PASSED] - Object: 'Object Repository/Deloitte/Page_Deloitte US  Audit, Consulting, Adviso_ec7ae4/div_Read the survey findings' is clicked on

2023-11-01 10:19:46 - [TEST_STEP][PASSED] - click(findTestObject("Object Repository/Deloitte/Page_2023 Deloitte holiday retail survey  D_2a1ba5/img")): Object: 'Object Repository/Deloitte/Page_2023 Deloitte holiday retail survey  D_2a1ba5/img' is clicked on

2023-11-01 10:19:48 - [MESSAGE][PASSED] - Object: 'Object Repository/Deloitte/Page_2023 Deloitte holiday retail survey  D_2a1ba5/img' is clicked on

2023-11-01 10:19:48 - [TEST_STEP][PASSED] - closeBrowser(): Browser is closed

2023-11-01 10:19:48 - [MESSAGE][PASSED] - Browser is closed

2023-11-01 10:19:48 - [TEST_STEP][PASSED] - Start listener action : sampleAfterTestCase: null

2023-11-01 10:19:48 - [TEST_STEP][PASSED] - println(testCaseContext.getTestCaseId()): null

2023-11-01 10:19:48 - [TEST_STEP][PASSED] - println(testCaseContext.getTestCaseStatus()): null]]></system-out>
         <system-err><![CDATA[]]></system-err>
      </testcase>
      <testcase name="Test Cases/Gmail - Forgot email verification" time="37.552" classname="Test Cases/Gmail - Forgot email verification" status="PASSED">
         <system-out><![CDATA[2023-11-01 10:19:48 - [TEST_CASE][PASSED] - Test Cases/Gmail - Forgot email verification: Test Cases/Gmail - Forgot email verification

2023-11-01 10:19:48 - [TEST_STEP][PASSED] - Start listener action : sampleBeforeTestCase: null

2023-11-01 10:19:48 - [TEST_STEP][PASSED] - println(testCaseContext.getTestCaseId()): null

2023-11-01 10:19:48 - [TEST_STEP][PASSED] - println(testCaseContext.getTestCaseVariables()): null

2023-11-01 10:19:48 - [TEST_STEP][PASSED] - openBrowser(""): Browser is opened with url: ''

2023-11-01 10:19:48 - [MESSAGE][INFO] - Starting 'Chrome' driver

2023-11-01 10:19:48 - [MESSAGE][INFO] - Action delay is set to 0 milliseconds

2023-11-01 10:19:51 - [MESSAGE][PASSED] - Browser is opened with url: ''

2023-11-01 10:19:51 - [TEST_STEP][PASSED] - navigateToUrl("https://accounts.google.com/v3/signin/identifier?continue=https%3A%2F%2Fmail.google.com%2Fmail%2Fu%2F0%2F&emr=1&followup=https%3A%2F%2Fmail.google.com%2Fmail%2Fu%2F0%2F&ifkv=AVQVeyz2KxDaCIoSux7c4LnD_19qaKALraXqCL6tDXgQtR0fl_r0sRWKJdWPPWF9Ald7Va9H4pwIZA&osid=1&passive=1209600&service=mail&flowName=GlifWebSignIn&flowEntry=ServiceLogin&dsh=S285881911%3A1698779896826121&theme=glif#inbox"): Navigate to 'https://accounts.google.com/v3/signin/identifier?continue=https%3A%2F%2Fmail.google.com%2Fmail%2Fu%2F0%2F&emr=1&followup=https%3A%2F%2Fmail.google.com%2Fmail%2Fu%2F0%2F&ifkv=AVQVeyz2KxDaCIoSux7c4LnD_19qaKALraXqCL6tDXgQtR0fl_r0sRWKJdWPPWF9Ald7Va9H4pwIZA&osid=1&passive=1209600&service=mail&flowName=GlifWebSignIn&flowEntry=ServiceLogin&dsh=S285881911%3A1698779896826121&theme=glif#inbox' successfully

2023-11-01 10:19:52 - [MESSAGE][PASSED] - Navigate to 'https://accounts.google.com/v3/signin/identifier?continue=https%3A%2F%2Fmail.google.com%2Fmail%2Fu%2F0%2F&emr=1&followup=https%3A%2F%2Fmail.google.com%2Fmail%2Fu%2F0%2F&ifkv=AVQVeyz2KxDaCIoSux7c4LnD_19qaKALraXqCL6tDXgQtR0fl_r0sRWKJdWPPWF9Ald7Va9H4pwIZA&osid=1&passive=1209600&service=mail&flowName=GlifWebSignIn&flowEntry=ServiceLogin&dsh=S285881911%3A1698779896826121&theme=glif#inbox' successfully

2023-11-01 10:19:52 - [TEST_STEP][PASSED] - maximizeWindow(): Current window maximized

2023-11-01 10:19:52 - [MESSAGE][PASSED] - Current window maximized

2023-11-01 10:19:52 - [TEST_STEP][PASSED] - click(findTestObject("Object Repository/Gmail/Page_Gmail/button_Forgot email")): Object: 'Object Repository/Gmail/Page_Gmail/button_Forgot email' is clicked on

2023-11-01 10:19:53 - [MESSAGE][PASSED] - Object: 'Object Repository/Gmail/Page_Gmail/button_Forgot email' is clicked on

2023-11-01 10:19:53 - [TEST_STEP][PASSED] - click(findTestObject("Object Repository/Gmail/Page_Gmail/span_Next")): Object: 'Object Repository/Gmail/Page_Gmail/span_Next' is clicked on

2023-11-01 10:20:24 - [MESSAGE][INFO] - Unable to find the element located by 'By.xpath: //div[@id='identifierNext']/div/button/span'. Please recheck the objects properties to make sure the desired element is located. 

2023-11-01 10:20:24 - [MESSAGE][WARNING] - [SELF-HEALING] Failed to find element with id 'Object Repository/Gmail/Page_Gmail/span_Next'. Try using Self-healing.

2023-11-01 10:20:25 - [MESSAGE][WARNING] - [SELF-HEALING] The current locator of test object 'Object Repository/Gmail/Page_Gmail/span_Next' was broken. Propose an alternative one: '//div[2]/div/div/div/div/button/span'.

2023-11-01 10:20:25 - [MESSAGE][PASSED] - Object: 'Object Repository/Gmail/Page_Gmail/span_Next' is clicked on

2023-11-01 10:20:25 - [TEST_STEP][PASSED] - verifyElementPresent(findTestObject("Object Repository/Gmail/Page_Gmail/div_Enter a valid email or phone number"), 0): Object 'Object Repository/Gmail/Page_Gmail/div_Enter a valid email or phone number' is present

2023-11-01 10:20:25 - [MESSAGE][WARNING] - Timeout '0' is invalid. Using default page load timeout: '30'

2023-11-01 10:20:25 - [MESSAGE][PASSED] - Object 'Object Repository/Gmail/Page_Gmail/div_Enter a valid email or phone number' is present

2023-11-01 10:20:25 - [TEST_STEP][PASSED] - closeBrowser(): Browser is closed

2023-11-01 10:20:25 - [MESSAGE][PASSED] - Browser is closed

2023-11-01 10:20:25 - [TEST_STEP][PASSED] - Start listener action : sampleAfterTestCase: null

2023-11-01 10:20:25 - [TEST_STEP][PASSED] - println(testCaseContext.getTestCaseId()): null

2023-11-01 10:20:25 - [TEST_STEP][PASSED] - println(testCaseContext.getTestCaseStatus()): null]]></system-out>
         <system-err><![CDATA[]]></system-err>
      </testcase>
      <testcase name="Test Cases/Gmail - Incorrect login verification" time="7.413" classname="Test Cases/Gmail - Incorrect login verification" status="PASSED">
         <system-out><![CDATA[2023-11-01 10:20:25 - [TEST_CASE][PASSED] - Test Cases/Gmail - Incorrect login verification: Test Cases/Gmail - Incorrect login verification

2023-11-01 10:20:26 - [TEST_STEP][PASSED] - Start listener action : sampleBeforeTestCase: null

2023-11-01 10:20:26 - [TEST_STEP][PASSED] - println(testCaseContext.getTestCaseId()): null

2023-11-01 10:20:26 - [TEST_STEP][PASSED] - println(testCaseContext.getTestCaseVariables()): null

2023-11-01 10:20:26 - [TEST_STEP][PASSED] - openBrowser(""): Browser is opened with url: ''

2023-11-01 10:20:26 - [MESSAGE][INFO] - Starting 'Chrome' driver

2023-11-01 10:20:26 - [MESSAGE][INFO] - Action delay is set to 0 milliseconds

2023-11-01 10:20:28 - [MESSAGE][PASSED] - Browser is opened with url: ''

2023-11-01 10:20:28 - [TEST_STEP][PASSED] - navigateToUrl("https://accounts.google.com/v3/signin/identifier?continue=https%3A%2F%2Fmail.google.com%2Fmail%2Fu%2F0%2F&emr=1&followup=https%3A%2F%2Fmail.google.com%2Fmail%2Fu%2F0%2F&ifkv=AVQVeywlj-QeinCv6drOjCNfoQ8bXTmpp7Hl7eVjr0AUWTEmWXqv0AIumDuU5lI3vpnkTyFo2aOM&osid=1&passive=1209600&service=mail&flowName=GlifWebSignIn&flowEntry=ServiceLogin&dsh=S-1458760932%3A1698778577004689&theme=glif#inbox"): Navigate to 'https://accounts.google.com/v3/signin/identifier?continue=https%3A%2F%2Fmail.google.com%2Fmail%2Fu%2F0%2F&emr=1&followup=https%3A%2F%2Fmail.google.com%2Fmail%2Fu%2F0%2F&ifkv=AVQVeywlj-QeinCv6drOjCNfoQ8bXTmpp7Hl7eVjr0AUWTEmWXqv0AIumDuU5lI3vpnkTyFo2aOM&osid=1&passive=1209600&service=mail&flowName=GlifWebSignIn&flowEntry=ServiceLogin&dsh=S-1458760932%3A1698778577004689&theme=glif#inbox' successfully

2023-11-01 10:20:29 - [MESSAGE][PASSED] - Navigate to 'https://accounts.google.com/v3/signin/identifier?continue=https%3A%2F%2Fmail.google.com%2Fmail%2Fu%2F0%2F&emr=1&followup=https%3A%2F%2Fmail.google.com%2Fmail%2Fu%2F0%2F&ifkv=AVQVeywlj-QeinCv6drOjCNfoQ8bXTmpp7Hl7eVjr0AUWTEmWXqv0AIumDuU5lI3vpnkTyFo2aOM&osid=1&passive=1209600&service=mail&flowName=GlifWebSignIn&flowEntry=ServiceLogin&dsh=S-1458760932%3A1698778577004689&theme=glif#inbox' successfully

2023-11-01 10:20:29 - [TEST_STEP][PASSED] - maximizeWindow(): Current window maximized

2023-11-01 10:20:30 - [MESSAGE][PASSED] - Current window maximized

2023-11-01 10:20:30 - [TEST_STEP][PASSED] - setText(findTestObject("Object Repository/Gmail/Page_Gmail/input_identifier"), "abcxyz"): Text 'abcxyz' is set on object 'Object Repository/Gmail/Page_Gmail/input_identifier'

2023-11-01 10:20:31 - [MESSAGE][PASSED] - Text 'abcxyz' is set on object 'Object Repository/Gmail/Page_Gmail/input_identifier'

2023-11-01 10:20:31 - [TEST_STEP][PASSED] - click(findTestObject("Object Repository/Gmail/Page_Gmail/span_Next")): Object: 'Object Repository/Gmail/Page_Gmail/span_Next' is clicked on

2023-11-01 10:20:32 - [MESSAGE][PASSED] - Object: 'Object Repository/Gmail/Page_Gmail/span_Next' is clicked on

2023-11-01 10:20:32 - [TEST_STEP][PASSED] - verifyElementPresent(findTestObject("Object Repository/Gmail/Page_Gmail/span_Couldnt sign you in"), 0): Object 'Object Repository/Gmail/Page_Gmail/span_Couldnt sign you in' is present

2023-11-01 10:20:32 - [MESSAGE][WARNING] - Timeout '0' is invalid. Using default page load timeout: '30'

2023-11-01 10:20:33 - [MESSAGE][PASSED] - Object 'Object Repository/Gmail/Page_Gmail/span_Couldnt sign you in' is present

2023-11-01 10:20:33 - [TEST_STEP][PASSED] - closeBrowser(): Browser is closed

2023-11-01 10:20:33 - [MESSAGE][PASSED] - Browser is closed

2023-11-01 10:20:33 - [TEST_STEP][PASSED] - Start listener action : sampleAfterTestCase: null

2023-11-01 10:20:33 - [TEST_STEP][PASSED] - println(testCaseContext.getTestCaseId()): null

2023-11-01 10:20:33 - [TEST_STEP][PASSED] - println(testCaseContext.getTestCaseStatus()): null]]></system-out>
         <system-err><![CDATA[]]></system-err>
      </testcase>
      <testcase name="Test Cases/Gmail - Try again with invalid login" time="13.869" classname="Test Cases/Gmail - Try again with invalid login" status="PASSED">
         <system-out><![CDATA[2023-11-01 10:20:33 - [TEST_CASE][PASSED] - Test Cases/Gmail - Try again with invalid login: Test Cases/Gmail - Try again with invalid login

2023-11-01 10:20:33 - [TEST_STEP][PASSED] - Start listener action : sampleBeforeTestCase: null

2023-11-01 10:20:33 - [TEST_STEP][PASSED] - println(testCaseContext.getTestCaseId()): null

2023-11-01 10:20:33 - [TEST_STEP][PASSED] - println(testCaseContext.getTestCaseVariables()): null

2023-11-01 10:20:33 - [TEST_STEP][PASSED] - openBrowser(""): Browser is opened with url: ''

2023-11-01 10:20:33 - [MESSAGE][INFO] - Starting 'Chrome' driver

2023-11-01 10:20:33 - [MESSAGE][INFO] - Action delay is set to 0 milliseconds

2023-11-01 10:20:36 - [MESSAGE][PASSED] - Browser is opened with url: ''

2023-11-01 10:20:36 - [TEST_STEP][PASSED] - navigateToUrl("https://accounts.google.com/v3/signin/identifier?continue=https%3A%2F%2Fmail.google.com%2Fmail%2Fu%2F0%2F&emr=1&followup=https%3A%2F%2Fmail.google.com%2Fmail%2Fu%2F0%2F&ifkv=AVQVeywjvDYoN5FDADVUpdLkv_4Dss1DZHwOFdZCBX9CuM3ITel-sS3Srk5PAoPo89chcvj7pJ2Kng&osid=1&passive=1209600&service=mail&flowName=GlifWebSignIn&flowEntry=ServiceLogin&dsh=S218891431%3A1698778883803894&theme=glif#inbox"): Navigate to 'https://accounts.google.com/v3/signin/identifier?continue=https%3A%2F%2Fmail.google.com%2Fmail%2Fu%2F0%2F&emr=1&followup=https%3A%2F%2Fmail.google.com%2Fmail%2Fu%2F0%2F&ifkv=AVQVeywjvDYoN5FDADVUpdLkv_4Dss1DZHwOFdZCBX9CuM3ITel-sS3Srk5PAoPo89chcvj7pJ2Kng&osid=1&passive=1209600&service=mail&flowName=GlifWebSignIn&flowEntry=ServiceLogin&dsh=S218891431%3A1698778883803894&theme=glif#inbox' successfully

2023-11-01 10:20:37 - [MESSAGE][PASSED] - Navigate to 'https://accounts.google.com/v3/signin/identifier?continue=https%3A%2F%2Fmail.google.com%2Fmail%2Fu%2F0%2F&emr=1&followup=https%3A%2F%2Fmail.google.com%2Fmail%2Fu%2F0%2F&ifkv=AVQVeywjvDYoN5FDADVUpdLkv_4Dss1DZHwOFdZCBX9CuM3ITel-sS3Srk5PAoPo89chcvj7pJ2Kng&osid=1&passive=1209600&service=mail&flowName=GlifWebSignIn&flowEntry=ServiceLogin&dsh=S218891431%3A1698778883803894&theme=glif#inbox' successfully

2023-11-01 10:20:37 - [TEST_STEP][PASSED] - maximizeWindow(): Current window maximized

2023-11-01 10:20:37 - [MESSAGE][PASSED] - Current window maximized

2023-11-01 10:20:37 - [TEST_STEP][PASSED] - setText(findTestObject("Object Repository/Gmail/Page_Gmail/input_identifier"), "abcxyz"): Text 'abcxyz' is set on object 'Object Repository/Gmail/Page_Gmail/input_identifier'

2023-11-01 10:20:38 - [MESSAGE][PASSED] - Text 'abcxyz' is set on object 'Object Repository/Gmail/Page_Gmail/input_identifier'

2023-11-01 10:20:38 - [TEST_STEP][PASSED] - click(findTestObject("Object Repository/Gmail/Page_Gmail/span_Next")): Object: 'Object Repository/Gmail/Page_Gmail/span_Next' is clicked on

2023-11-01 10:20:39 - [MESSAGE][PASSED] - Object: 'Object Repository/Gmail/Page_Gmail/span_Next' is clicked on

2023-11-01 10:20:39 - [TEST_STEP][PASSED] - click(findTestObject("Object Repository/Gmail/Page_Gmail/a_WpHeLc VfPpkd-mRLv6 VfPpkd-RLmnJb")): Object: 'Object Repository/Gmail/Page_Gmail/a_WpHeLc VfPpkd-mRLv6 VfPpkd-RLmnJb' is clicked on

2023-11-01 10:20:44 - [MESSAGE][PASSED] - Object: 'Object Repository/Gmail/Page_Gmail/a_WpHeLc VfPpkd-mRLv6 VfPpkd-RLmnJb' is clicked on

2023-11-01 10:20:44 - [TEST_STEP][PASSED] - setText(findTestObject("Object Repository/Gmail/Page_Gmail/input_identifier"), "abcxyz"): Text 'abcxyz' is set on object 'Object Repository/Gmail/Page_Gmail/input_identifier'

2023-11-01 10:20:45 - [MESSAGE][PASSED] - Text 'abcxyz' is set on object 'Object Repository/Gmail/Page_Gmail/input_identifier'

2023-11-01 10:20:45 - [TEST_STEP][PASSED] - click(findTestObject("Object Repository/Gmail/Page_Gmail/span_Next")): Object: 'Object Repository/Gmail/Page_Gmail/span_Next' is clicked on

2023-11-01 10:20:45 - [MESSAGE][PASSED] - Object: 'Object Repository/Gmail/Page_Gmail/span_Next' is clicked on

2023-11-01 10:20:45 - [TEST_STEP][PASSED] - verifyElementPresent(findTestObject("Object Repository/Gmail/Page_Gmail/a_WpHeLc VfPpkd-mRLv6 VfPpkd-RLmnJb_1"), 0): Object 'Object Repository/Gmail/Page_Gmail/a_WpHeLc VfPpkd-mRLv6 VfPpkd-RLmnJb_1' is present

2023-11-01 10:20:45 - [MESSAGE][WARNING] - Timeout '0' is invalid. Using default page load timeout: '30'

2023-11-01 10:20:46 - [MESSAGE][PASSED] - Object 'Object Repository/Gmail/Page_Gmail/a_WpHeLc VfPpkd-mRLv6 VfPpkd-RLmnJb_1' is present

2023-11-01 10:20:46 - [TEST_STEP][PASSED] - closeBrowser(): Browser is closed

2023-11-01 10:20:47 - [MESSAGE][PASSED] - Browser is closed

2023-11-01 10:20:47 - [TEST_STEP][PASSED] - Start listener action : sampleAfterTestCase: null

2023-11-01 10:20:47 - [TEST_STEP][PASSED] - println(testCaseContext.getTestCaseId()): null

2023-11-01 10:20:47 - [TEST_STEP][PASSED] - println(testCaseContext.getTestCaseStatus()): null]]></system-out>
         <system-err><![CDATA[]]></system-err>
      </testcase>
      <testcase name="Test Cases/Gmail - Verify the validation message" time="5.422" classname="Test Cases/Gmail - Verify the validation message" status="PASSED">
         <system-out><![CDATA[2023-11-01 10:20:47 - [TEST_CASE][PASSED] - Test Cases/Gmail - Verify the validation message: Test Cases/Gmail - Verify the validation message

2023-11-01 10:20:47 - [TEST_STEP][PASSED] - Start listener action : sampleBeforeTestCase: null

2023-11-01 10:20:47 - [TEST_STEP][PASSED] - println(testCaseContext.getTestCaseId()): null

2023-11-01 10:20:47 - [TEST_STEP][PASSED] - println(testCaseContext.getTestCaseVariables()): null

2023-11-01 10:20:47 - [TEST_STEP][PASSED] - openBrowser(""): Browser is opened with url: ''

2023-11-01 10:20:47 - [MESSAGE][INFO] - Starting 'Chrome' driver

2023-11-01 10:20:47 - [MESSAGE][INFO] - Action delay is set to 0 milliseconds

2023-11-01 10:20:50 - [MESSAGE][PASSED] - Browser is opened with url: ''

2023-11-01 10:20:50 - [TEST_STEP][PASSED] - navigateToUrl("https://accounts.google.com/v3/signin/identifier?continue=https%3A%2F%2Fmail.google.com%2Fmail%2Fu%2F0%2F&emr=1&followup=https%3A%2F%2Fmail.google.com%2Fmail%2Fu%2F0%2F&ifkv=AVQVeyzR6pw5d28fypnZRPD2z3UMAtruQJTmGrturMB1BE3plFqEShDNo4O4MTXu67xx9JFqi_TIZw&osid=1&passive=1209600&service=mail&flowName=GlifWebSignIn&flowEntry=ServiceLogin&dsh=S1292309958%3A1698780033683571&theme=glif#inbox"): Navigate to 'https://accounts.google.com/v3/signin/identifier?continue=https%3A%2F%2Fmail.google.com%2Fmail%2Fu%2F0%2F&emr=1&followup=https%3A%2F%2Fmail.google.com%2Fmail%2Fu%2F0%2F&ifkv=AVQVeyzR6pw5d28fypnZRPD2z3UMAtruQJTmGrturMB1BE3plFqEShDNo4O4MTXu67xx9JFqi_TIZw&osid=1&passive=1209600&service=mail&flowName=GlifWebSignIn&flowEntry=ServiceLogin&dsh=S1292309958%3A1698780033683571&theme=glif#inbox' successfully

2023-11-01 10:20:51 - [MESSAGE][PASSED] - Navigate to 'https://accounts.google.com/v3/signin/identifier?continue=https%3A%2F%2Fmail.google.com%2Fmail%2Fu%2F0%2F&emr=1&followup=https%3A%2F%2Fmail.google.com%2Fmail%2Fu%2F0%2F&ifkv=AVQVeyzR6pw5d28fypnZRPD2z3UMAtruQJTmGrturMB1BE3plFqEShDNo4O4MTXu67xx9JFqi_TIZw&osid=1&passive=1209600&service=mail&flowName=GlifWebSignIn&flowEntry=ServiceLogin&dsh=S1292309958%3A1698780033683571&theme=glif#inbox' successfully

2023-11-01 10:20:51 - [TEST_STEP][PASSED] - maximizeWindow(): Current window maximized

2023-11-01 10:20:51 - [MESSAGE][PASSED] - Current window maximized

2023-11-01 10:20:51 - [TEST_STEP][PASSED] - click(findTestObject("Object Repository/Gmail/Page_Gmail/span_Next")): Object: 'Object Repository/Gmail/Page_Gmail/span_Next' is clicked on

2023-11-01 10:20:51 - [MESSAGE][PASSED] - Object: 'Object Repository/Gmail/Page_Gmail/span_Next' is clicked on

2023-11-01 10:20:51 - [TEST_STEP][PASSED] - verifyElementPresent(findTestObject("Object Repository/Gmail/Page_Gmail/div_Email or phoneEnter an email or phone number"), 0): Object 'Object Repository/Gmail/Page_Gmail/div_Email or phoneEnter an email or phone number' is present

2023-11-01 10:20:51 - [MESSAGE][WARNING] - Timeout '0' is invalid. Using default page load timeout: '30'

2023-11-01 10:20:52 - [MESSAGE][PASSED] - Object 'Object Repository/Gmail/Page_Gmail/div_Email or phoneEnter an email or phone number' is present

2023-11-01 10:20:52 - [TEST_STEP][PASSED] - closeBrowser(): Browser is closed

2023-11-01 10:20:52 - [MESSAGE][PASSED] - Browser is closed

2023-11-01 10:20:52 - [TEST_STEP][PASSED] - Start listener action : sampleAfterTestCase: null

2023-11-01 10:20:52 - [TEST_STEP][PASSED] - println(testCaseContext.getTestCaseId()): null

2023-11-01 10:20:52 - [TEST_STEP][PASSED] - println(testCaseContext.getTestCaseStatus()): null]]></system-out>
         <system-err><![CDATA[]]></system-err>
      </testcase>
      <testcase name="Test Cases/Katalon - Benefits test" time="14.025" classname="Test Cases/Katalon - Benefits test" status="PASSED">
         <system-out><![CDATA[2023-11-01 10:20:52 - [TEST_CASE][PASSED] - Test Cases/Katalon - Benefits test: Test Cases/Katalon - Benefits test

2023-11-01 10:20:52 - [TEST_STEP][PASSED] - Start listener action : sampleBeforeTestCase: null

2023-11-01 10:20:52 - [TEST_STEP][PASSED] - println(testCaseContext.getTestCaseId()): null

2023-11-01 10:20:52 - [TEST_STEP][PASSED] - println(testCaseContext.getTestCaseVariables()): null

2023-11-01 10:20:52 - [TEST_STEP][PASSED] - openBrowser(""): Browser is opened with url: ''

2023-11-01 10:20:52 - [MESSAGE][INFO] - Starting 'Chrome' driver

2023-11-01 10:20:52 - [MESSAGE][INFO] - Action delay is set to 0 milliseconds

2023-11-01 10:20:55 - [MESSAGE][PASSED] - Browser is opened with url: ''

2023-11-01 10:20:55 - [TEST_STEP][PASSED] - navigateToUrl("https://katalon.com/"): Navigate to 'https://katalon.com/' successfully

2023-11-01 10:20:58 - [MESSAGE][PASSED] - Navigate to 'https://katalon.com/' successfully

2023-11-01 10:20:58 - [TEST_STEP][PASSED] - maximizeWindow(): Current window maximized

2023-11-01 10:20:59 - [MESSAGE][PASSED] - Current window maximized

2023-11-01 10:20:59 - [TEST_STEP][PASSED] - click(findTestObject("Object Repository/Katalon/Page_Katalon AI-augmented Software Quality _596167/button_Accept All Cookies")): Object: 'Object Repository/Katalon/Page_Katalon AI-augmented Software Quality _596167/button_Accept All Cookies' is clicked on

2023-11-01 10:21:00 - [MESSAGE][PASSED] - Object: 'Object Repository/Katalon/Page_Katalon AI-augmented Software Quality _596167/button_Accept All Cookies' is clicked on

2023-11-01 10:21:00 - [TEST_STEP][PASSED] - click(findTestObject("Object Repository/Katalon/Page_Katalon AI-augmented Software Quality _596167/div_View a demo")): Object: 'Object Repository/Katalon/Page_Katalon AI-augmented Software Quality _596167/div_View a demo' is clicked on

2023-11-01 10:21:03 - [MESSAGE][PASSED] - Object: 'Object Repository/Katalon/Page_Katalon AI-augmented Software Quality _596167/div_View a demo' is clicked on

2023-11-01 10:21:03 - [TEST_STEP][PASSED] - verifyElementPresent(findTestObject("Object Repository/Katalon/Page_View a demo  Katalon/div_Seamless test automation with an end-to_9d1ee8"), 0): Object 'Object Repository/Katalon/Page_View a demo  Katalon/div_Seamless test automation with an end-to_9d1ee8' is present

2023-11-01 10:21:03 - [MESSAGE][WARNING] - Timeout '0' is invalid. Using default page load timeout: '30'

2023-11-01 10:21:04 - [MESSAGE][PASSED] - Object 'Object Repository/Katalon/Page_View a demo  Katalon/div_Seamless test automation with an end-to_9d1ee8' is present

2023-11-01 10:21:04 - [TEST_STEP][PASSED] - verifyElementPresent(findTestObject("Object Repository/Katalon/Page_View a demo  Katalon/div_Visibility throughout the test pipeline"), 0): Object 'Object Repository/Katalon/Page_View a demo  Katalon/div_Visibility throughout the test pipeline' is present

2023-11-01 10:21:04 - [MESSAGE][WARNING] - Timeout '0' is invalid. Using default page load timeout: '30'

2023-11-01 10:21:05 - [MESSAGE][PASSED] - Object 'Object Repository/Katalon/Page_View a demo  Katalon/div_Visibility throughout the test pipeline' is present

2023-11-01 10:21:05 - [TEST_STEP][PASSED] - verifyElementPresent(findTestObject("Object Repository/Katalon/Page_View a demo  Katalon/div_Centralized workflows to focus on softw_0ff7fc"), 0): Object 'Object Repository/Katalon/Page_View a demo  Katalon/div_Centralized workflows to focus on softw_0ff7fc' is present

2023-11-01 10:21:05 - [MESSAGE][WARNING] - Timeout '0' is invalid. Using default page load timeout: '30'

2023-11-01 10:21:05 - [MESSAGE][PASSED] - Object 'Object Repository/Katalon/Page_View a demo  Katalon/div_Centralized workflows to focus on softw_0ff7fc' is present

2023-11-01 10:21:05 - [TEST_STEP][PASSED] - verifyElementPresent(findTestObject("Object Repository/Katalon/Page_View a demo  Katalon/div_Low-code UI to keep everyone, tech or b_bd4e50"), 0): Object 'Object Repository/Katalon/Page_View a demo  Katalon/div_Low-code UI to keep everyone, tech or b_bd4e50' is present

2023-11-01 10:21:05 - [MESSAGE][WARNING] - Timeout '0' is invalid. Using default page load timeout: '30'

2023-11-01 10:21:05 - [MESSAGE][PASSED] - Object 'Object Repository/Katalon/Page_View a demo  Katalon/div_Low-code UI to keep everyone, tech or b_bd4e50' is present

2023-11-01 10:21:05 - [TEST_STEP][PASSED] - verifyElementPresent(findTestObject("Object Repository/Katalon/Page_View a demo  Katalon/div_Out-of-the-box fit for any ALM, CI tool_5242ad"), 0): Object 'Object Repository/Katalon/Page_View a demo  Katalon/div_Out-of-the-box fit for any ALM, CI tool_5242ad' is present

2023-11-01 10:21:05 - [MESSAGE][WARNING] - Timeout '0' is invalid. Using default page load timeout: '30'

2023-11-01 10:21:06 - [MESSAGE][PASSED] - Object 'Object Repository/Katalon/Page_View a demo  Katalon/div_Out-of-the-box fit for any ALM, CI tool_5242ad' is present

2023-11-01 10:21:06 - [TEST_STEP][PASSED] - closeBrowser(): Browser is closed

2023-11-01 10:21:06 - [MESSAGE][PASSED] - Browser is closed

2023-11-01 10:21:06 - [TEST_STEP][PASSED] - Start listener action : sampleAfterTestCase: null

2023-11-01 10:21:06 - [TEST_STEP][PASSED] - println(testCaseContext.getTestCaseId()): null

2023-11-01 10:21:06 - [TEST_STEP][PASSED] - println(testCaseContext.getTestCaseStatus()): null]]></system-out>
         <system-err><![CDATA[]]></system-err>
      </testcase>
      <testcase name="Test Cases/Katalon - Learn More verification" time="14.249" classname="Test Cases/Katalon - Learn More verification" status="PASSED">
         <system-out><![CDATA[2023-11-01 10:21:06 - [TEST_CASE][PASSED] - Test Cases/Katalon - Learn More verification: Test Cases/Katalon - Learn More verification

2023-11-01 10:21:06 - [TEST_STEP][PASSED] - Start listener action : sampleBeforeTestCase: null

2023-11-01 10:21:06 - [TEST_STEP][PASSED] - println(testCaseContext.getTestCaseId()): null

2023-11-01 10:21:06 - [TEST_STEP][PASSED] - println(testCaseContext.getTestCaseVariables()): null

2023-11-01 10:21:06 - [TEST_STEP][PASSED] - openBrowser(""): Browser is opened with url: ''

2023-11-01 10:21:06 - [MESSAGE][INFO] - Starting 'Chrome' driver

2023-11-01 10:21:06 - [MESSAGE][INFO] - Action delay is set to 0 milliseconds

2023-11-01 10:21:09 - [MESSAGE][PASSED] - Browser is opened with url: ''

2023-11-01 10:21:09 - [TEST_STEP][PASSED] - navigateToUrl("https://katalon.com/"): Navigate to 'https://katalon.com/' successfully

2023-11-01 10:21:12 - [MESSAGE][PASSED] - Navigate to 'https://katalon.com/' successfully

2023-11-01 10:21:12 - [TEST_STEP][PASSED] - maximizeWindow(): Current window maximized

2023-11-01 10:21:12 - [MESSAGE][PASSED] - Current window maximized

2023-11-01 10:21:12 - [TEST_STEP][PASSED] - click(findTestObject("Object Repository/Katalon/Page_Katalon AI-augmented Software Quality _596167/button_Accept All Cookies")): Object: 'Object Repository/Katalon/Page_Katalon AI-augmented Software Quality _596167/button_Accept All Cookies' is clicked on

2023-11-01 10:21:14 - [MESSAGE][PASSED] - Object: 'Object Repository/Katalon/Page_Katalon AI-augmented Software Quality _596167/button_Accept All Cookies' is clicked on

2023-11-01 10:21:14 - [TEST_STEP][PASSED] - verifyElementVisible(findTestObject("Object Repository/Katalon/Page_Katalon AI-augmented Software Quality _596167/a_Learn more")): Object 'Object Repository/Katalon/Page_Katalon AI-augmented Software Quality _596167/a_Learn more' is visible

2023-11-01 10:21:15 - [MESSAGE][PASSED] - Object 'Object Repository/Katalon/Page_Katalon AI-augmented Software Quality _596167/a_Learn more' is visible

2023-11-01 10:21:15 - [TEST_STEP][PASSED] - click(findTestObject("Object Repository/Katalon/Page_Katalon AI-augmented Software Quality _596167/a_Learn more")): Object: 'Object Repository/Katalon/Page_Katalon AI-augmented Software Quality _596167/a_Learn more' is clicked on

2023-11-01 10:21:17 - [MESSAGE][PASSED] - Object: 'Object Repository/Katalon/Page_Katalon AI-augmented Software Quality _596167/a_Learn more' is clicked on

2023-11-01 10:21:17 - [TEST_STEP][PASSED] - verifyElementPresent(findTestObject("Object Repository/Katalon/Page_Katalon Studio 9.0.0 Performance Boost_5d349a/div_TABLE OF CONTENTS"), 0): Object 'Object Repository/Katalon/Page_Katalon Studio 9.0.0 Performance Boost_5d349a/div_TABLE OF CONTENTS' is present

2023-11-01 10:21:17 - [MESSAGE][WARNING] - Timeout '0' is invalid. Using default page load timeout: '30'

2023-11-01 10:21:18 - [MESSAGE][PASSED] - Object 'Object Repository/Katalon/Page_Katalon Studio 9.0.0 Performance Boost_5d349a/div_TABLE OF CONTENTS' is present

2023-11-01 10:21:18 - [TEST_STEP][PASSED] - click(findTestObject("Object Repository/Katalon/Page_Katalon Studio 9.0.0 Performance Boost_5d349a/a_Key performance improvements in Katalon S_185eed")): Object: 'Object Repository/Katalon/Page_Katalon Studio 9.0.0 Performance Boost_5d349a/a_Key performance improvements in Katalon S_185eed' is clicked on

2023-11-01 10:21:19 - [MESSAGE][PASSED] - Object: 'Object Repository/Katalon/Page_Katalon Studio 9.0.0 Performance Boost_5d349a/a_Key performance improvements in Katalon S_185eed' is clicked on

2023-11-01 10:21:19 - [TEST_STEP][PASSED] - rightClick(findTestObject("Object Repository/Katalon/Page_Katalon Studio 9.0.0 Performance Boost_5d349a/strong_Key performance improvements in Kata_e75e1d")): Object: 'Object Repository/Katalon/Page_Katalon Studio 9.0.0 Performance Boost_5d349a/strong_Key performance improvements in Kata_e75e1d' is right clicked on

2023-11-01 10:21:19 - [MESSAGE][PASSED] - Object: 'Object Repository/Katalon/Page_Katalon Studio 9.0.0 Performance Boost_5d349a/strong_Key performance improvements in Kata_e75e1d' is right clicked on

2023-11-01 10:21:19 - [TEST_STEP][PASSED] - click(findTestObject("Object Repository/Katalon/Page_Katalon Studio 9.0.0 Performance Boost_5d349a/strong_Key performance improvements in Kata_e75e1d")): Object: 'Object Repository/Katalon/Page_Katalon Studio 9.0.0 Performance Boost_5d349a/strong_Key performance improvements in Kata_e75e1d' is clicked on

2023-11-01 10:21:20 - [MESSAGE][PASSED] - Object: 'Object Repository/Katalon/Page_Katalon Studio 9.0.0 Performance Boost_5d349a/strong_Key performance improvements in Kata_e75e1d' is clicked on

2023-11-01 10:21:20 - [TEST_STEP][PASSED] - verifyElementVisible(findTestObject("Object Repository/Katalon/Page_Katalon Studio 9.0.0 Performance Boost_5d349a/strong_Key performance improvements in Kata_e75e1d")): Object 'Object Repository/Katalon/Page_Katalon Studio 9.0.0 Performance Boost_5d349a/strong_Key performance improvements in Kata_e75e1d' is visible

2023-11-01 10:21:20 - [MESSAGE][PASSED] - Object 'Object Repository/Katalon/Page_Katalon Studio 9.0.0 Performance Boost_5d349a/strong_Key performance improvements in Kata_e75e1d' is visible

2023-11-01 10:21:20 - [TEST_STEP][PASSED] - closeBrowser(): Browser is closed

2023-11-01 10:21:20 - [MESSAGE][PASSED] - Browser is closed

2023-11-01 10:21:20 - [TEST_STEP][PASSED] - Start listener action : sampleAfterTestCase: null

2023-11-01 10:21:20 - [TEST_STEP][PASSED] - println(testCaseContext.getTestCaseId()): null

2023-11-01 10:21:20 - [TEST_STEP][PASSED] - println(testCaseContext.getTestCaseStatus()): null]]></system-out>
         <system-err><![CDATA[]]></system-err>
      </testcase>
      <testcase name="Test Cases/Katalon - Review star verification" time="12.621" classname="Test Cases/Katalon - Review star verification" status="PASSED">
         <system-out><![CDATA[2023-11-01 10:21:20 - [TEST_CASE][PASSED] - Test Cases/Katalon - Review star verification: Test Cases/Katalon - Review star verification

2023-11-01 10:21:20 - [TEST_STEP][PASSED] - Start listener action : sampleBeforeTestCase: null

2023-11-01 10:21:20 - [TEST_STEP][PASSED] - println(testCaseContext.getTestCaseId()): null

2023-11-01 10:21:20 - [TEST_STEP][PASSED] - println(testCaseContext.getTestCaseVariables()): null

2023-11-01 10:21:20 - [TEST_STEP][PASSED] - openBrowser(""): Browser is opened with url: ''

2023-11-01 10:21:20 - [MESSAGE][INFO] - Starting 'Chrome' driver

2023-11-01 10:21:20 - [MESSAGE][INFO] - Action delay is set to 0 milliseconds

2023-11-01 10:21:23 - [MESSAGE][PASSED] - Browser is opened with url: ''

2023-11-01 10:21:23 - [TEST_STEP][PASSED] - navigateToUrl("https://katalon.com/"): Navigate to 'https://katalon.com/' successfully

2023-11-01 10:21:26 - [MESSAGE][PASSED] - Navigate to 'https://katalon.com/' successfully

2023-11-01 10:21:26 - [TEST_STEP][PASSED] - maximizeWindow(): Current window maximized

2023-11-01 10:21:27 - [MESSAGE][PASSED] - Current window maximized

2023-11-01 10:21:27 - [TEST_STEP][PASSED] - click(findTestObject("Object Repository/Katalon/Page_Katalon AI-augmented Software Quality _596167/button_Accept All Cookies")): Object: 'Object Repository/Katalon/Page_Katalon AI-augmented Software Quality _596167/button_Accept All Cookies' is clicked on

2023-11-01 10:21:28 - [MESSAGE][PASSED] - Object: 'Object Repository/Katalon/Page_Katalon AI-augmented Software Quality _596167/button_Accept All Cookies' is clicked on

2023-11-01 10:21:28 - [TEST_STEP][PASSED] - click(findTestObject("Object Repository/Katalon/Page_Katalon AI-augmented Software Quality _596167/div_View a demo")): Object: 'Object Repository/Katalon/Page_Katalon AI-augmented Software Quality _596167/div_View a demo' is clicked on

2023-11-01 10:21:31 - [MESSAGE][PASSED] - Object: 'Object Repository/Katalon/Page_Katalon AI-augmented Software Quality _596167/div_View a demo' is clicked on

2023-11-01 10:21:31 - [TEST_STEP][PASSED] - verifyElementPresent(findTestObject("Object Repository/Katalon/Page_View a demo  Katalon/img_rating"), 0): Object 'Object Repository/Katalon/Page_View a demo  Katalon/img_rating' is present

2023-11-01 10:21:31 - [MESSAGE][WARNING] - Timeout '0' is invalid. Using default page load timeout: '30'

2023-11-01 10:21:33 - [MESSAGE][PASSED] - Object 'Object Repository/Katalon/Page_View a demo  Katalon/img_rating' is present

2023-11-01 10:21:33 - [TEST_STEP][PASSED] - closeBrowser(): Browser is closed

2023-11-01 10:21:33 - [MESSAGE][PASSED] - Browser is closed

2023-11-01 10:21:33 - [TEST_STEP][PASSED] - Start listener action : sampleAfterTestCase: null

2023-11-01 10:21:33 - [TEST_STEP][PASSED] - println(testCaseContext.getTestCaseId()): null

2023-11-01 10:21:33 - [TEST_STEP][PASSED] - println(testCaseContext.getTestCaseStatus()): null]]></system-out>
         <system-err><![CDATA[]]></system-err>
      </testcase>
      <testcase name="Test Cases/Katalon - Verify Contact an expert in Katalon" time="12.908" classname="Test Cases/Katalon - Verify Contact an expert in Katalon" status="PASSED">
         <system-out><![CDATA[2023-11-01 10:21:33 - [TEST_CASE][PASSED] - Test Cases/Katalon - Verify Contact an expert in Katalon: Test Cases/Katalon - Verify Contact an expert in Katalon

2023-11-01 10:21:33 - [TEST_STEP][PASSED] - Start listener action : sampleBeforeTestCase: null

2023-11-01 10:21:33 - [TEST_STEP][PASSED] - println(testCaseContext.getTestCaseId()): null

2023-11-01 10:21:33 - [TEST_STEP][PASSED] - println(testCaseContext.getTestCaseVariables()): null

2023-11-01 10:21:33 - [TEST_STEP][PASSED] - openBrowser(""): Browser is opened with url: ''

2023-11-01 10:21:33 - [MESSAGE][INFO] - Starting 'Chrome' driver

2023-11-01 10:21:33 - [MESSAGE][INFO] - Action delay is set to 0 milliseconds

2023-11-01 10:21:36 - [MESSAGE][PASSED] - Browser is opened with url: ''

2023-11-01 10:21:36 - [TEST_STEP][PASSED] - navigateToUrl("https://katalon.com/"): Navigate to 'https://katalon.com/' successfully

2023-11-01 10:21:39 - [MESSAGE][PASSED] - Navigate to 'https://katalon.com/' successfully

2023-11-01 10:21:39 - [TEST_STEP][PASSED] - maximizeWindow(): Current window maximized

2023-11-01 10:21:39 - [MESSAGE][PASSED] - Current window maximized

2023-11-01 10:21:39 - [TEST_STEP][PASSED] - click(findTestObject("Object Repository/Katalon/Page_Katalon AI-augmented Software Quality _596167/button_Accept All Cookies")): Object: 'Object Repository/Katalon/Page_Katalon AI-augmented Software Quality _596167/button_Accept All Cookies' is clicked on

2023-11-01 10:21:42 - [MESSAGE][PASSED] - Object: 'Object Repository/Katalon/Page_Katalon AI-augmented Software Quality _596167/button_Accept All Cookies' is clicked on

2023-11-01 10:21:42 - [TEST_STEP][PASSED] - click(findTestObject("Object Repository/Katalon/Page_Katalon AI-augmented Software Quality _596167/a_Contact us")): Object: 'Object Repository/Katalon/Page_Katalon AI-augmented Software Quality _596167/a_Contact us' is clicked on

2023-11-01 10:21:44 - [MESSAGE][PASSED] - Object: 'Object Repository/Katalon/Page_Katalon AI-augmented Software Quality _596167/a_Contact us' is clicked on

2023-11-01 10:21:44 - [TEST_STEP][PASSED] - click(findTestObject("Object Repository/Katalon/Page_Contact Us  Katalon Quality Management_4f5e38/div_Contact an expert")): Object: 'Object Repository/Katalon/Page_Contact Us  Katalon Quality Management_4f5e38/div_Contact an expert' is clicked on

2023-11-01 10:21:45 - [MESSAGE][PASSED] - Object: 'Object Repository/Katalon/Page_Contact Us  Katalon Quality Management_4f5e38/div_Contact an expert' is clicked on

2023-11-01 10:21:45 - [TEST_STEP][PASSED] - verifyElementPresent(findTestObject("Object Repository/Katalon/Page_Contact Us  Katalon Quality Management_4f5e38/div_Submit"), 0): Object 'Object Repository/Katalon/Page_Contact Us  Katalon Quality Management_4f5e38/div_Submit' is present

2023-11-01 10:21:45 - [MESSAGE][WARNING] - Timeout '0' is invalid. Using default page load timeout: '30'

2023-11-01 10:21:46 - [MESSAGE][PASSED] - Object 'Object Repository/Katalon/Page_Contact Us  Katalon Quality Management_4f5e38/div_Submit' is present

2023-11-01 10:21:46 - [TEST_STEP][PASSED] - closeBrowser(): Browser is closed

2023-11-01 10:21:46 - [MESSAGE][PASSED] - Browser is closed

2023-11-01 10:21:46 - [TEST_STEP][PASSED] - Start listener action : sampleAfterTestCase: null

2023-11-01 10:21:46 - [TEST_STEP][PASSED] - println(testCaseContext.getTestCaseId()): null

2023-11-01 10:21:46 - [TEST_STEP][PASSED] - println(testCaseContext.getTestCaseStatus()): null]]></system-out>
         <system-err><![CDATA[]]></system-err>
      </testcase>
      <testcase name="Test Cases/Katalon - Verify Contact us link is present" time="11.383" classname="Test Cases/Katalon - Verify Contact us link is present" status="PASSED">
         <system-out><![CDATA[2023-11-01 10:21:46 - [TEST_CASE][PASSED] - Test Cases/Katalon - Verify Contact us link is present: Test Cases/Katalon - Verify Contact us link is present

2023-11-01 10:21:46 - [TEST_STEP][PASSED] - Start listener action : sampleBeforeTestCase: null

2023-11-01 10:21:46 - [TEST_STEP][PASSED] - println(testCaseContext.getTestCaseId()): null

2023-11-01 10:21:46 - [TEST_STEP][PASSED] - println(testCaseContext.getTestCaseVariables()): null

2023-11-01 10:21:46 - [TEST_STEP][PASSED] - openBrowser(""): Browser is opened with url: ''

2023-11-01 10:21:46 - [MESSAGE][INFO] - Starting 'Chrome' driver

2023-11-01 10:21:46 - [MESSAGE][INFO] - Action delay is set to 0 milliseconds

2023-11-01 10:21:49 - [MESSAGE][PASSED] - Browser is opened with url: ''

2023-11-01 10:21:49 - [TEST_STEP][PASSED] - navigateToUrl("https://katalon.com/"): Navigate to 'https://katalon.com/' successfully

2023-11-01 10:21:49 - [MESSAGE][PASSED] - Navigate to 'https://katalon.com/' successfully

2023-11-01 10:21:49 - [TEST_STEP][PASSED] - maximizeWindow(): Current window maximized

2023-11-01 10:21:52 - [MESSAGE][PASSED] - Current window maximized

2023-11-01 10:21:52 - [TEST_STEP][PASSED] - click(findTestObject("Object Repository/Katalon/Page_Katalon AI-augmented Software Quality _596167/button_Accept All Cookies")): Object: 'Object Repository/Katalon/Page_Katalon AI-augmented Software Quality _596167/button_Accept All Cookies' is clicked on

2023-11-01 10:21:54 - [MESSAGE][PASSED] - Object: 'Object Repository/Katalon/Page_Katalon AI-augmented Software Quality _596167/button_Accept All Cookies' is clicked on

2023-11-01 10:21:54 - [TEST_STEP][PASSED] - verifyElementPresent(findTestObject("Object Repository/Katalon/Page_Katalon AI-augmented Software Quality _596167/a_Contact us"), 0): Object 'Object Repository/Katalon/Page_Katalon AI-augmented Software Quality _596167/a_Contact us' is present

2023-11-01 10:21:54 - [MESSAGE][WARNING] - Timeout '0' is invalid. Using default page load timeout: '30'

2023-11-01 10:21:54 - [MESSAGE][PASSED] - Object 'Object Repository/Katalon/Page_Katalon AI-augmented Software Quality _596167/a_Contact us' is present

2023-11-01 10:21:54 - [TEST_STEP][PASSED] - click(findTestObject("Object Repository/Katalon/Page_Katalon AI-augmented Software Quality _596167/a_Contact us")): Object: 'Object Repository/Katalon/Page_Katalon AI-augmented Software Quality _596167/a_Contact us' is clicked on

2023-11-01 10:21:56 - [MESSAGE][PASSED] - Object: 'Object Repository/Katalon/Page_Katalon AI-augmented Software Quality _596167/a_Contact us' is clicked on

2023-11-01 10:21:56 - [TEST_STEP][PASSED] - verifyElementPresent(findTestObject("Object Repository/Katalon/Page_Contact Us  Katalon Quality Management_4f5e38/h1_How can we help"), 0): Object 'Object Repository/Katalon/Page_Contact Us  Katalon Quality Management_4f5e38/h1_How can we help' is present

2023-11-01 10:21:56 - [MESSAGE][WARNING] - Timeout '0' is invalid. Using default page load timeout: '30'

2023-11-01 10:21:57 - [MESSAGE][PASSED] - Object 'Object Repository/Katalon/Page_Contact Us  Katalon Quality Management_4f5e38/h1_How can we help' is present

2023-11-01 10:21:57 - [TEST_STEP][PASSED] - closeBrowser(): Browser is closed

2023-11-01 10:21:57 - [MESSAGE][PASSED] - Browser is closed

2023-11-01 10:21:57 - [TEST_STEP][PASSED] - Start listener action : sampleAfterTestCase: null

2023-11-01 10:21:57 - [TEST_STEP][PASSED] - println(testCaseContext.getTestCaseId()): null

2023-11-01 10:21:57 - [TEST_STEP][PASSED] - println(testCaseContext.getTestCaseStatus()): null]]></system-out>
         <system-err><![CDATA[]]></system-err>
      </testcase>
      <testcase name="Test Cases/Katalon - Verify Gartner in Katalon site" time="12.706" classname="Test Cases/Katalon - Verify Gartner in Katalon site" status="PASSED">
         <system-out><![CDATA[2023-11-01 10:21:57 - [TEST_CASE][PASSED] - Test Cases/Katalon - Verify Gartner in Katalon site: Test Cases/Katalon - Verify Gartner in Katalon site

2023-11-01 10:21:57 - [TEST_STEP][PASSED] - Start listener action : sampleBeforeTestCase: null

2023-11-01 10:21:57 - [TEST_STEP][PASSED] - println(testCaseContext.getTestCaseId()): null

2023-11-01 10:21:57 - [TEST_STEP][PASSED] - println(testCaseContext.getTestCaseVariables()): null

2023-11-01 10:21:57 - [TEST_STEP][PASSED] - openBrowser(""): Browser is opened with url: ''

2023-11-01 10:21:57 - [MESSAGE][INFO] - Starting 'Chrome' driver

2023-11-01 10:21:57 - [MESSAGE][INFO] - Action delay is set to 0 milliseconds

2023-11-01 10:22:00 - [MESSAGE][PASSED] - Browser is opened with url: ''

2023-11-01 10:22:00 - [TEST_STEP][PASSED] - navigateToUrl("https://katalon.com/"): Navigate to 'https://katalon.com/' successfully

2023-11-01 10:22:03 - [MESSAGE][PASSED] - Navigate to 'https://katalon.com/' successfully

2023-11-01 10:22:03 - [TEST_STEP][PASSED] - click(findTestObject("Object Repository/Katalon/Page_Katalon AI-augmented Software Quality _596167/button_Accept All Cookies")): Object: 'Object Repository/Katalon/Page_Katalon AI-augmented Software Quality _596167/button_Accept All Cookies' is clicked on

2023-11-01 10:22:05 - [MESSAGE][PASSED] - Object: 'Object Repository/Katalon/Page_Katalon AI-augmented Software Quality _596167/button_Accept All Cookies' is clicked on

2023-11-01 10:22:05 - [TEST_STEP][PASSED] - click(findTestObject("Object Repository/Katalon/Page_Katalon AI-augmented Software Quality _596167/div_View a demo")): Object: 'Object Repository/Katalon/Page_Katalon AI-augmented Software Quality _596167/div_View a demo' is clicked on

2023-11-01 10:22:08 - [MESSAGE][PASSED] - Object: 'Object Repository/Katalon/Page_Katalon AI-augmented Software Quality _596167/div_View a demo' is clicked on

2023-11-01 10:22:08 - [TEST_STEP][PASSED] - verifyElementPresent(findTestObject("Object Repository/Katalon/Page_View a demo  Katalon/img_industry"), 0): Object 'Object Repository/Katalon/Page_View a demo  Katalon/img_industry' is present

2023-11-01 10:22:08 - [MESSAGE][WARNING] - Timeout '0' is invalid. Using default page load timeout: '30'

2023-11-01 10:22:10 - [MESSAGE][PASSED] - Object 'Object Repository/Katalon/Page_View a demo  Katalon/img_industry' is present

2023-11-01 10:22:10 - [TEST_STEP][PASSED] - closeBrowser(): Browser is closed

2023-11-01 10:22:10 - [MESSAGE][PASSED] - Browser is closed

2023-11-01 10:22:10 - [TEST_STEP][PASSED] - Start listener action : sampleAfterTestCase: null

2023-11-01 10:22:10 - [TEST_STEP][PASSED] - println(testCaseContext.getTestCaseId()): null

2023-11-01 10:22:10 - [TEST_STEP][PASSED] - println(testCaseContext.getTestCaseStatus()): null]]></system-out>
         <system-err><![CDATA[]]></system-err>
      </testcase>
      <testcase name="Test Cases/Katalon - Verify Incorrect email verification" time="15.284" classname="Test Cases/Katalon - Verify Incorrect email verification" status="PASSED">
         <system-out><![CDATA[2023-11-01 10:22:10 - [TEST_CASE][PASSED] - Test Cases/Katalon - Verify Incorrect email verification: Test Cases/Katalon - Verify Incorrect email verification

2023-11-01 10:22:10 - [TEST_STEP][PASSED] - Start listener action : sampleBeforeTestCase: null

2023-11-01 10:22:10 - [TEST_STEP][PASSED] - println(testCaseContext.getTestCaseId()): null

2023-11-01 10:22:10 - [TEST_STEP][PASSED] - println(testCaseContext.getTestCaseVariables()): null

2023-11-01 10:22:10 - [TEST_STEP][PASSED] - openBrowser(""): Browser is opened with url: ''

2023-11-01 10:22:10 - [MESSAGE][INFO] - Starting 'Chrome' driver

2023-11-01 10:22:10 - [MESSAGE][INFO] - Action delay is set to 0 milliseconds

2023-11-01 10:22:13 - [MESSAGE][PASSED] - Browser is opened with url: ''

2023-11-01 10:22:13 - [TEST_STEP][PASSED] - navigateToUrl("https://katalon.com/"): Navigate to 'https://katalon.com/' successfully

2023-11-01 10:22:17 - [MESSAGE][PASSED] - Navigate to 'https://katalon.com/' successfully

2023-11-01 10:22:17 - [TEST_STEP][PASSED] - click(findTestObject("Object Repository/Katalon/Page_Katalon AI-augmented Software Quality _596167/a_Start free trial")): Object: 'Object Repository/Katalon/Page_Katalon AI-augmented Software Quality _596167/a_Start free trial' is clicked on

2023-11-01 10:22:21 - [MESSAGE][PASSED] - Object: 'Object Repository/Katalon/Page_Katalon AI-augmented Software Quality _596167/a_Start free trial' is clicked on

2023-11-01 10:22:21 - [TEST_STEP][PASSED] - click(findTestObject("Object Repository/Katalon/Page_Sign up  Katalon Software Quality Mana_03d398/div_Sign in")): Object: 'Object Repository/Katalon/Page_Sign up  Katalon Software Quality Mana_03d398/div_Sign in' is clicked on

2023-11-01 10:22:23 - [MESSAGE][PASSED] - Object: 'Object Repository/Katalon/Page_Sign up  Katalon Software Quality Mana_03d398/div_Sign in' is clicked on

2023-11-01 10:22:23 - [TEST_STEP][PASSED] - click(findTestObject("Object Repository/Katalon/Page_Sign in  Katalon Software Quality Mana_cfddb7/div_Sign up")): Object: 'Object Repository/Katalon/Page_Sign in  Katalon Software Quality Mana_cfddb7/div_Sign up' is clicked on

2023-11-01 10:22:24 - [MESSAGE][PASSED] - Object: 'Object Repository/Katalon/Page_Sign in  Katalon Software Quality Mana_cfddb7/div_Sign up' is clicked on

2023-11-01 10:22:24 - [TEST_STEP][PASSED] - verifyElementPresent(findTestObject("Object Repository/Katalon/Page_Sign up  Katalon Software Quality Mana_03d398/input_btn_text"), 0): Object 'Object Repository/Katalon/Page_Sign up  Katalon Software Quality Mana_03d398/input_btn_text' is present

2023-11-01 10:22:24 - [MESSAGE][WARNING] - Timeout '0' is invalid. Using default page load timeout: '30'

2023-11-01 10:22:25 - [MESSAGE][PASSED] - Object 'Object Repository/Katalon/Page_Sign up  Katalon Software Quality Mana_03d398/input_btn_text' is present

2023-11-01 10:22:25 - [TEST_STEP][PASSED] - closeBrowser(): Browser is closed

2023-11-01 10:22:25 - [MESSAGE][PASSED] - Browser is closed

2023-11-01 10:22:25 - [TEST_STEP][PASSED] - Start listener action : sampleAfterTestCase: null

2023-11-01 10:22:25 - [TEST_STEP][PASSED] - println(testCaseContext.getTestCaseId()): null

2023-11-01 10:22:25 - [TEST_STEP][PASSED] - println(testCaseContext.getTestCaseStatus()): null]]></system-out>
         <system-err><![CDATA[]]></system-err>
      </testcase>
      <testcase name="Test Cases/Katalon - Verify Katalon version" time="9.289" classname="Test Cases/Katalon - Verify Katalon version" status="PASSED">
         <system-out><![CDATA[2023-11-01 10:22:25 - [TEST_CASE][PASSED] - Test Cases/Katalon - Verify Katalon version: Test Cases/Katalon - Verify Katalon version

2023-11-01 10:22:25 - [TEST_STEP][PASSED] - Start listener action : sampleBeforeTestCase: null

2023-11-01 10:22:25 - [TEST_STEP][PASSED] - println(testCaseContext.getTestCaseId()): null

2023-11-01 10:22:25 - [TEST_STEP][PASSED] - println(testCaseContext.getTestCaseVariables()): null

2023-11-01 10:22:25 - [TEST_STEP][PASSED] - openBrowser(""): Browser is opened with url: ''

2023-11-01 10:22:25 - [MESSAGE][INFO] - Starting 'Chrome' driver

2023-11-01 10:22:25 - [MESSAGE][INFO] - Action delay is set to 0 milliseconds

2023-11-01 10:22:28 - [MESSAGE][PASSED] - Browser is opened with url: ''

2023-11-01 10:22:28 - [TEST_STEP][PASSED] - navigateToUrl("https://katalon.com/"): Navigate to 'https://katalon.com/' successfully

2023-11-01 10:22:31 - [MESSAGE][PASSED] - Navigate to 'https://katalon.com/' successfully

2023-11-01 10:22:31 - [TEST_STEP][PASSED] - maximizeWindow(): Current window maximized

2023-11-01 10:22:31 - [MESSAGE][PASSED] - Current window maximized

2023-11-01 10:22:31 - [TEST_STEP][PASSED] - click(findTestObject("Object Repository/Katalon/Page_Katalon AI-augmented Software Quality _596167/button_Accept All Cookies")): Object: 'Object Repository/Katalon/Page_Katalon AI-augmented Software Quality _596167/button_Accept All Cookies' is clicked on

2023-11-01 10:22:34 - [MESSAGE][PASSED] - Object: 'Object Repository/Katalon/Page_Katalon AI-augmented Software Quality _596167/button_Accept All Cookies' is clicked on

2023-11-01 10:22:34 - [TEST_STEP][PASSED] - verifyElementText(findTestObject("Object Repository/Katalon/Page_Katalon AI-augmented Software Quality _596167/span_Katalon Studio 9.0.0"), "Katalon Studio 9.0.0"): Actual text and expected text of test object 'Object Repository/Katalon/Page_Katalon AI-augmented Software Quality _596167/span_Katalon Studio 9.0.0' are matched.

2023-11-01 10:22:34 - [MESSAGE][PASSED] - Actual text and expected text of test object 'Object Repository/Katalon/Page_Katalon AI-augmented Software Quality _596167/span_Katalon Studio 9.0.0' are matched.

2023-11-01 10:22:34 - [TEST_STEP][PASSED] - closeBrowser(): Browser is closed

2023-11-01 10:22:35 - [MESSAGE][PASSED] - Browser is closed

2023-11-01 10:22:35 - [TEST_STEP][PASSED] - Start listener action : sampleAfterTestCase: null

2023-11-01 10:22:35 - [TEST_STEP][PASSED] - println(testCaseContext.getTestCaseId()): null

2023-11-01 10:22:35 - [TEST_STEP][PASSED] - println(testCaseContext.getTestCaseStatus()): null]]></system-out>
         <system-err><![CDATA[]]></system-err>
      </testcase>
      <testcase name="Test Cases/Katalon - Verify the error message on the SignUp Page" time="12.638" classname="Test Cases/Katalon - Verify the error message on the SignUp Page" status="PASSED">
         <system-out><![CDATA[2023-11-01 10:22:35 - [TEST_CASE][PASSED] - Test Cases/Katalon - Verify the error message on the SignUp Page: Test Cases/Katalon - Verify the error message on the SignUp Page

2023-11-01 10:22:35 - [TEST_STEP][PASSED] - Start listener action : sampleBeforeTestCase: null

2023-11-01 10:22:35 - [TEST_STEP][PASSED] - println(testCaseContext.getTestCaseId()): null

2023-11-01 10:22:35 - [TEST_STEP][PASSED] - println(testCaseContext.getTestCaseVariables()): null

2023-11-01 10:22:35 - [TEST_STEP][PASSED] - openBrowser(""): Browser is opened with url: ''

2023-11-01 10:22:35 - [MESSAGE][INFO] - Starting 'Chrome' driver

2023-11-01 10:22:35 - [MESSAGE][INFO] - Action delay is set to 0 milliseconds

2023-11-01 10:22:37 - [MESSAGE][PASSED] - Browser is opened with url: ''

2023-11-01 10:22:37 - [TEST_STEP][PASSED] - navigateToUrl("https://katalon.com/"): Navigate to 'https://katalon.com/' successfully

2023-11-01 10:22:40 - [MESSAGE][PASSED] - Navigate to 'https://katalon.com/' successfully

2023-11-01 10:22:40 - [TEST_STEP][PASSED] - maximizeWindow(): Current window maximized

2023-11-01 10:22:41 - [MESSAGE][PASSED] - Current window maximized

2023-11-01 10:22:41 - [TEST_STEP][PASSED] - click(findTestObject("Object Repository/Katalon/Page_Katalon AI-augmented Software Quality _596167/button_Accept All Cookies")): Object: 'Object Repository/Katalon/Page_Katalon AI-augmented Software Quality _596167/button_Accept All Cookies' is clicked on

2023-11-01 10:22:43 - [MESSAGE][PASSED] - Object: 'Object Repository/Katalon/Page_Katalon AI-augmented Software Quality _596167/button_Accept All Cookies' is clicked on

2023-11-01 10:22:43 - [TEST_STEP][PASSED] - click(findTestObject("Object Repository/Katalon/Page_Katalon AI-augmented Software Quality _596167/a_Start free trial")): Object: 'Object Repository/Katalon/Page_Katalon AI-augmented Software Quality _596167/a_Start free trial' is clicked on

2023-11-01 10:22:45 - [MESSAGE][PASSED] - Object: 'Object Repository/Katalon/Page_Katalon AI-augmented Software Quality _596167/a_Start free trial' is clicked on

2023-11-01 10:22:45 - [TEST_STEP][PASSED] - click(findTestObject("Object Repository/Katalon/Page_Sign up  Katalon Software Quality Mana_03d398/divbtn-sign-up")): Object: 'Object Repository/Katalon/Page_Sign up  Katalon Software Quality Mana_03d398/divbtn-sign-up' is clicked on

2023-11-01 10:22:46 - [MESSAGE][PASSED] - Object: 'Object Repository/Katalon/Page_Sign up  Katalon Software Quality Mana_03d398/divbtn-sign-up' is clicked on

2023-11-01 10:22:46 - [TEST_STEP][PASSED] - verifyElementText(findTestObject("Object Repository/Katalon/Page_Sign up  Katalon Software Quality Mana_03d398/span_Please fill all form fields"), "Please fill all form fields"): Actual text and expected text of test object 'Object Repository/Katalon/Page_Sign up  Katalon Software Quality Mana_03d398/span_Please fill all form fields' are matched.

2023-11-01 10:22:47 - [MESSAGE][PASSED] - Actual text and expected text of test object 'Object Repository/Katalon/Page_Sign up  Katalon Software Quality Mana_03d398/span_Please fill all form fields' are matched.

2023-11-01 10:22:47 - [TEST_STEP][PASSED] - closeBrowser(): Browser is closed

2023-11-01 10:22:47 - [MESSAGE][PASSED] - Browser is closed

2023-11-01 10:22:47 - [TEST_STEP][PASSED] - Start listener action : sampleAfterTestCase: null

2023-11-01 10:22:47 - [TEST_STEP][PASSED] - println(testCaseContext.getTestCaseId()): null

2023-11-01 10:22:47 - [TEST_STEP][PASSED] - println(testCaseContext.getTestCaseStatus()): null]]></system-out>
         <system-err><![CDATA[]]></system-err>
      </testcase>
      <testcase name="Test Cases/Katalon - Video verification" time="12.938" classname="Test Cases/Katalon - Video verification" status="PASSED">
         <system-out><![CDATA[2023-11-01 10:22:47 - [TEST_CASE][PASSED] - Test Cases/Katalon - Video verification: Test Cases/Katalon - Video verification

2023-11-01 10:22:47 - [TEST_STEP][PASSED] - Start listener action : sampleBeforeTestCase: null

2023-11-01 10:22:47 - [TEST_STEP][PASSED] - println(testCaseContext.getTestCaseId()): null

2023-11-01 10:22:47 - [TEST_STEP][PASSED] - println(testCaseContext.getTestCaseVariables()): null

2023-11-01 10:22:47 - [TEST_STEP][PASSED] - openBrowser(""): Browser is opened with url: ''

2023-11-01 10:22:47 - [MESSAGE][INFO] - Starting 'Chrome' driver

2023-11-01 10:22:47 - [MESSAGE][INFO] - Action delay is set to 0 milliseconds

2023-11-01 10:22:50 - [MESSAGE][PASSED] - Browser is opened with url: ''

2023-11-01 10:22:50 - [TEST_STEP][PASSED] - navigateToUrl("https://katalon.com/"): Navigate to 'https://katalon.com/' successfully

2023-11-01 10:22:53 - [MESSAGE][PASSED] - Navigate to 'https://katalon.com/' successfully

2023-11-01 10:22:53 - [TEST_STEP][PASSED] - maximizeWindow(): Current window maximized

2023-11-01 10:22:54 - [MESSAGE][PASSED] - Current window maximized

2023-11-01 10:22:54 - [TEST_STEP][PASSED] - click(findTestObject("Object Repository/Katalon/Page_Katalon AI-augmented Software Quality _596167/button_Accept All Cookies")): Object: 'Object Repository/Katalon/Page_Katalon AI-augmented Software Quality _596167/button_Accept All Cookies' is clicked on

2023-11-01 10:22:55 - [MESSAGE][PASSED] - Object: 'Object Repository/Katalon/Page_Katalon AI-augmented Software Quality _596167/button_Accept All Cookies' is clicked on

2023-11-01 10:22:55 - [TEST_STEP][PASSED] - click(findTestObject("Object Repository/Katalon/Page_Katalon AI-augmented Software Quality _596167/div_View a demo")): Object: 'Object Repository/Katalon/Page_Katalon AI-augmented Software Quality _596167/div_View a demo' is clicked on

2023-11-01 10:22:58 - [MESSAGE][PASSED] - Object: 'Object Repository/Katalon/Page_Katalon AI-augmented Software Quality _596167/div_View a demo' is clicked on

2023-11-01 10:22:58 - [TEST_STEP][PASSED] - waitForElementClickable(findTestObject("Katalon/Page_View a demo  Katalon/divwistia_87.big_play_button_background"), 10): Object 'Object Repository/Katalon/Page_View a demo  Katalon/divwistia_87.big_play_button_background' is clickable

2023-11-01 10:22:59 - [MESSAGE][PASSED] - Object 'Object Repository/Katalon/Page_View a demo  Katalon/divwistia_87.big_play_button_background' is clickable

2023-11-01 10:22:59 - [TEST_STEP][PASSED] - verifyElementClickable(findTestObject("Object Repository/Katalon/Page_View a demo  Katalon/divwistia_87.big_play_button_background")): Object 'Object Repository/Katalon/Page_View a demo  Katalon/divwistia_87.big_play_button_background' is clickable

2023-11-01 10:23:00 - [MESSAGE][PASSED] - Object 'Object Repository/Katalon/Page_View a demo  Katalon/divwistia_87.big_play_button_background' is clickable

2023-11-01 10:23:00 - [TEST_STEP][PASSED] - closeBrowser(): Browser is closed

2023-11-01 10:23:00 - [MESSAGE][PASSED] - Browser is closed

2023-11-01 10:23:00 - [TEST_STEP][PASSED] - Start listener action : sampleAfterTestCase: null

2023-11-01 10:23:00 - [TEST_STEP][PASSED] - println(testCaseContext.getTestCaseId()): null

2023-11-01 10:23:00 - [TEST_STEP][PASSED] - println(testCaseContext.getTestCaseStatus()): null]]></system-out>
         <system-err><![CDATA[]]></system-err>
      </testcase>
      <testcase name="Test Cases/Katalon - Why katelon verification" time="10.902" classname="Test Cases/Katalon - Why katelon verification" status="PASSED">
         <system-out><![CDATA[2023-11-01 10:23:00 - [TEST_CASE][PASSED] - Test Cases/Katalon - Why katelon verification: Test Cases/Katalon - Why katelon verification

2023-11-01 10:23:00 - [TEST_STEP][PASSED] - Start listener action : sampleBeforeTestCase: null

2023-11-01 10:23:00 - [TEST_STEP][PASSED] - println(testCaseContext.getTestCaseId()): null

2023-11-01 10:23:00 - [TEST_STEP][PASSED] - println(testCaseContext.getTestCaseVariables()): null

2023-11-01 10:23:00 - [TEST_STEP][PASSED] - openBrowser(""): Browser is opened with url: ''

2023-11-01 10:23:00 - [MESSAGE][INFO] - Starting 'Chrome' driver

2023-11-01 10:23:00 - [MESSAGE][INFO] - Action delay is set to 0 milliseconds

2023-11-01 10:23:03 - [MESSAGE][PASSED] - Browser is opened with url: ''

2023-11-01 10:23:03 - [TEST_STEP][PASSED] - navigateToUrl("https://katalon.com/"): Navigate to 'https://katalon.com/' successfully

2023-11-01 10:23:07 - [MESSAGE][PASSED] - Navigate to 'https://katalon.com/' successfully

2023-11-01 10:23:07 - [TEST_STEP][PASSED] - maximizeWindow(): Current window maximized

2023-11-01 10:23:07 - [MESSAGE][PASSED] - Current window maximized

2023-11-01 10:23:07 - [TEST_STEP][PASSED] - click(findTestObject("Object Repository/Katalon/Page_Katalon AI-augmented Software Quality _596167/button_Accept All Cookies")): Object: 'Object Repository/Katalon/Page_Katalon AI-augmented Software Quality _596167/button_Accept All Cookies' is clicked on

2023-11-01 10:23:08 - [MESSAGE][PASSED] - Object: 'Object Repository/Katalon/Page_Katalon AI-augmented Software Quality _596167/button_Accept All Cookies' is clicked on

2023-11-01 10:23:08 - [TEST_STEP][PASSED] - click(findTestObject("Object Repository/Katalon/Page_Katalon AI-augmented Software Quality _596167/div_Why Katalon")): Object: 'Object Repository/Katalon/Page_Katalon AI-augmented Software Quality _596167/div_Why Katalon' is clicked on

2023-11-01 10:23:09 - [MESSAGE][PASSED] - Object: 'Object Repository/Katalon/Page_Katalon AI-augmented Software Quality _596167/div_Why Katalon' is clicked on

2023-11-01 10:23:09 - [TEST_STEP][PASSED] - verifyElementText(findTestObject("Object Repository/Katalon/Page_Katalon AI-augmented Software Quality _596167/div_Easy, speed"), "Easy, speed"): Actual text and expected text of test object 'Object Repository/Katalon/Page_Katalon AI-augmented Software Quality _596167/div_Easy, speed' are matched.

2023-11-01 10:23:10 - [MESSAGE][PASSED] - Actual text and expected text of test object 'Object Repository/Katalon/Page_Katalon AI-augmented Software Quality _596167/div_Easy, speed' are matched.

2023-11-01 10:23:10 - [TEST_STEP][PASSED] - verifyElementText(findTestObject("Object Repository/Katalon/Page_Katalon AI-augmented Software Quality _596167/div_Flexibility, Scalability"), "Flexibility, Scalability"): Actual text and expected text of test object 'Object Repository/Katalon/Page_Katalon AI-augmented Software Quality _596167/div_Flexibility, Scalability' are matched.

2023-11-01 10:23:10 - [MESSAGE][PASSED] - Actual text and expected text of test object 'Object Repository/Katalon/Page_Katalon AI-augmented Software Quality _596167/div_Flexibility, Scalability' are matched.

2023-11-01 10:23:10 - [TEST_STEP][PASSED] - verifyElementPresent(findTestObject("Object Repository/Katalon/Page_Katalon AI-augmented Software Quality _596167/div_Visibility"), 0): Object 'Object Repository/Katalon/Page_Katalon AI-augmented Software Quality _596167/div_Visibility' is present

2023-11-01 10:23:10 - [MESSAGE][WARNING] - Timeout '0' is invalid. Using default page load timeout: '30'

2023-11-01 10:23:10 - [MESSAGE][PASSED] - Object 'Object Repository/Katalon/Page_Katalon AI-augmented Software Quality _596167/div_Visibility' is present

2023-11-01 10:23:10 - [TEST_STEP][PASSED] - verifyElementText(findTestObject("Object Repository/Katalon/Page_Katalon AI-augmented Software Quality _596167/div_Innovation  AI"), "Innovation & AI"): Actual text and expected text of test object 'Object Repository/Katalon/Page_Katalon AI-augmented Software Quality _596167/div_Innovation  AI' are matched.

2023-11-01 10:23:11 - [MESSAGE][PASSED] - Actual text and expected text of test object 'Object Repository/Katalon/Page_Katalon AI-augmented Software Quality _596167/div_Innovation  AI' are matched.

2023-11-01 10:23:11 - [TEST_STEP][PASSED] - verifyElementText(findTestObject("Object Repository/Katalon/Page_Katalon AI-augmented Software Quality _596167/div_Low cost, high ROI"), "Low cost, high ROI"): Actual text and expected text of test object 'Object Repository/Katalon/Page_Katalon AI-augmented Software Quality _596167/div_Low cost, high ROI' are matched.

2023-11-01 10:23:11 - [MESSAGE][PASSED] - Actual text and expected text of test object 'Object Repository/Katalon/Page_Katalon AI-augmented Software Quality _596167/div_Low cost, high ROI' are matched.

2023-11-01 10:23:11 - [TEST_STEP][PASSED] - closeBrowser(): Browser is closed

2023-11-01 10:23:11 - [MESSAGE][PASSED] - Browser is closed

2023-11-01 10:23:11 - [TEST_STEP][PASSED] - Start listener action : sampleAfterTestCase: null

2023-11-01 10:23:11 - [TEST_STEP][PASSED] - println(testCaseContext.getTestCaseId()): null

2023-11-01 10:23:11 - [TEST_STEP][PASSED] - println(testCaseContext.getTestCaseStatus()): null]]></system-out>
         <system-err><![CDATA[]]></system-err>
      </testcase>
      <testcase name="Test Cases/Katalon Course finding" time="23.805" classname="Test Cases/Katalon Course finding" status="PASSED">
         <system-out><![CDATA[2023-11-01 10:23:11 - [TEST_CASE][PASSED] - Test Cases/Katalon Course finding: Test Cases/Katalon Course finding

2023-11-01 10:23:11 - [TEST_STEP][PASSED] - Start listener action : sampleBeforeTestCase: null

2023-11-01 10:23:11 - [TEST_STEP][PASSED] - println(testCaseContext.getTestCaseId()): null

2023-11-01 10:23:11 - [TEST_STEP][PASSED] - println(testCaseContext.getTestCaseVariables()): null

2023-11-01 10:23:11 - [TEST_STEP][PASSED] - openBrowser(""): Browser is opened with url: ''

2023-11-01 10:23:11 - [MESSAGE][INFO] - Starting 'Chrome' driver

2023-11-01 10:23:11 - [MESSAGE][INFO] - Action delay is set to 0 milliseconds

2023-11-01 10:23:14 - [MESSAGE][PASSED] - Browser is opened with url: ''

2023-11-01 10:23:14 - [TEST_STEP][PASSED] - navigateToUrl("https://katalon.com/"): Navigate to 'https://katalon.com/' successfully

2023-11-01 10:23:18 - [MESSAGE][PASSED] - Navigate to 'https://katalon.com/' successfully

2023-11-01 10:23:18 - [TEST_STEP][PASSED] - maximizeWindow(): Current window maximized

2023-11-01 10:23:18 - [MESSAGE][PASSED] - Current window maximized

2023-11-01 10:23:18 - [TEST_STEP][PASSED] - click(findTestObject("Object Repository/Katalon/Page_Katalon AI-augmented Software Quality _596167/button_Accept All Cookies")): Object: 'Object Repository/Katalon/Page_Katalon AI-augmented Software Quality _596167/button_Accept All Cookies' is clicked on

2023-11-01 10:23:20 - [MESSAGE][PASSED] - Object: 'Object Repository/Katalon/Page_Katalon AI-augmented Software Quality _596167/button_Accept All Cookies' is clicked on

2023-11-01 10:23:20 - [TEST_STEP][PASSED] - click(findTestObject("Object Repository/Katalon/Page_Katalon AI-augmented Software Quality _596167/div_Resources")): Object: 'Object Repository/Katalon/Page_Katalon AI-augmented Software Quality _596167/div_Resources' is clicked on

2023-11-01 10:23:20 - [MESSAGE][PASSED] - Object: 'Object Repository/Katalon/Page_Katalon AI-augmented Software Quality _596167/div_Resources' is clicked on

2023-11-01 10:23:20 - [TEST_STEP][PASSED] - click(findTestObject("Object Repository/Katalon/Page_Katalon AI-augmented Software Quality _596167/div_Resources")): Object: 'Object Repository/Katalon/Page_Katalon AI-augmented Software Quality _596167/div_Resources' is clicked on

2023-11-01 10:23:21 - [MESSAGE][PASSED] - Object: 'Object Repository/Katalon/Page_Katalon AI-augmented Software Quality _596167/div_Resources' is clicked on

2023-11-01 10:23:21 - [TEST_STEP][PASSED] - click(findTestObject("Object Repository/Katalon/Page_Katalon AI-augmented Software Quality _596167/div_Academy")): Object: 'Object Repository/Katalon/Page_Katalon AI-augmented Software Quality _596167/div_Academy' is clicked on

2023-11-01 10:23:22 - [MESSAGE][PASSED] - Object: 'Object Repository/Katalon/Page_Katalon AI-augmented Software Quality _596167/div_Academy' is clicked on

2023-11-01 10:23:22 - [TEST_STEP][PASSED] - switchToWindowTitle("Katalon Academy - Automation Testing Courses to Level Up"): Switched to window with title: 'Katalon Academy - Automation Testing Courses to Level Up'

2023-11-01 10:23:25 - [MESSAGE][PASSED] - Switched to window with title: 'Katalon Academy - Automation Testing Courses to Level Up'

2023-11-01 10:23:25 - [TEST_STEP][PASSED] - click(findTestObject("Object Repository/Katalon/Page_Katalon Academy - Automation Testing C_4c4a56/button_Choose a course")): Object: 'Object Repository/Katalon/Page_Katalon Academy - Automation Testing C_4c4a56/button_Choose a course' is clicked on

2023-11-01 10:23:26 - [MESSAGE][PASSED] - Object: 'Object Repository/Katalon/Page_Katalon Academy - Automation Testing C_4c4a56/button_Choose a course' is clicked on

2023-11-01 10:23:26 - [TEST_STEP][PASSED] - click(findTestObject("Object Repository/Katalon/Page_Katalon Academy - Automation Testing C_4c4a56/span_")): Object: 'Object Repository/Katalon/Page_Katalon Academy - Automation Testing C_4c4a56/span_' is clicked on

2023-11-01 10:23:27 - [MESSAGE][PASSED] - Object: 'Object Repository/Katalon/Page_Katalon Academy - Automation Testing C_4c4a56/span_' is clicked on

2023-11-01 10:23:27 - [TEST_STEP][PASSED] - click(findTestObject("Object Repository/Katalon/Page_Katalon Academy - Automation Testing C_4c4a56/img")): Object: 'Object Repository/Katalon/Page_Katalon Academy - Automation Testing C_4c4a56/img' is clicked on

2023-11-01 10:23:28 - [MESSAGE][PASSED] - Object: 'Object Repository/Katalon/Page_Katalon Academy - Automation Testing C_4c4a56/img' is clicked on

2023-11-01 10:23:28 - [TEST_STEP][PASSED] - setText(findTestObject("Object Repository/Katalon/Page_Katalon Academy - Automation Testing C_4c4a56/input_s"), "test automation"): Text 'test automation' is set on object 'Object Repository/Katalon/Page_Katalon Academy - Automation Testing C_4c4a56/input_s'

2023-11-01 10:23:28 - [MESSAGE][PASSED] - Text 'test automation' is set on object 'Object Repository/Katalon/Page_Katalon Academy - Automation Testing C_4c4a56/input_s'

2023-11-01 10:23:28 - [TEST_STEP][PASSED] - sendKeys(findTestObject("Object Repository/Katalon/Page_Katalon Academy - Automation Testing C_4c4a56/input_s"), Keys.chord(ENTER)): Keys 'ENTER + ' sent to object: 'Object Repository/Katalon/Page_Katalon Academy - Automation Testing C_4c4a56/input_s'

2023-11-01 10:23:30 - [MESSAGE][PASSED] - Keys 'ENTER + ' sent to object: 'Object Repository/Katalon/Page_Katalon Academy - Automation Testing C_4c4a56/input_s'

2023-11-01 10:23:30 - [TEST_STEP][PASSED] - click(findTestObject("Object Repository/Katalon/Page_You searched for test automation - Kat_2262e6/a_Test Authoring With Katalon Handling Aler_e0066a")): Object: 'Object Repository/Katalon/Page_You searched for test automation - Kat_2262e6/a_Test Authoring With Katalon Handling Aler_e0066a' is clicked on

2023-11-01 10:23:33 - [MESSAGE][PASSED] - Object: 'Object Repository/Katalon/Page_You searched for test automation - Kat_2262e6/a_Test Authoring With Katalon Handling Aler_e0066a' is clicked on

2023-11-01 10:23:33 - [TEST_STEP][PASSED] - verifyElementPresent(findTestObject("Object Repository/Katalon/Page_Handling Alerts, Dialog Boxes, and Dro_d965ab/button_Enroll"), 0): Object 'Object Repository/Katalon/Page_Handling Alerts, Dialog Boxes, and Dro_d965ab/button_Enroll' is present

2023-11-01 10:23:33 - [MESSAGE][WARNING] - Timeout '0' is invalid. Using default page load timeout: '30'

2023-11-01 10:23:34 - [MESSAGE][PASSED] - Object 'Object Repository/Katalon/Page_Handling Alerts, Dialog Boxes, and Dro_d965ab/button_Enroll' is present

2023-11-01 10:23:34 - [TEST_STEP][PASSED] - closeBrowser(): Browser is closed

2023-11-01 10:23:35 - [MESSAGE][PASSED] - Browser is closed

2023-11-01 10:23:35 - [TEST_STEP][PASSED] - Start listener action : sampleAfterTestCase: null

2023-11-01 10:23:35 - [TEST_STEP][PASSED] - println(testCaseContext.getTestCaseId()): null

2023-11-01 10:23:35 - [TEST_STEP][PASSED] - println(testCaseContext.getTestCaseStatus()): null]]></system-out>
         <system-err><![CDATA[]]></system-err>
      </testcase>
      <testcase name="Test Cases/Katalon Download Studio check" time="15.773" classname="Test Cases/Katalon Download Studio check" status="PASSED">
         <system-out><![CDATA[2023-11-01 10:23:35 - [TEST_CASE][PASSED] - Test Cases/Katalon Download Studio check: Test Cases/Katalon Download Studio check

2023-11-01 10:23:35 - [TEST_STEP][PASSED] - Start listener action : sampleBeforeTestCase: null

2023-11-01 10:23:35 - [TEST_STEP][PASSED] - println(testCaseContext.getTestCaseId()): null

2023-11-01 10:23:35 - [TEST_STEP][PASSED] - println(testCaseContext.getTestCaseVariables()): null

2023-11-01 10:23:35 - [TEST_STEP][PASSED] - openBrowser(""): Browser is opened with url: ''

2023-11-01 10:23:35 - [MESSAGE][INFO] - Starting 'Chrome' driver

2023-11-01 10:23:35 - [MESSAGE][INFO] - Action delay is set to 0 milliseconds

2023-11-01 10:23:38 - [MESSAGE][PASSED] - Browser is opened with url: ''

2023-11-01 10:23:38 - [TEST_STEP][PASSED] - navigateToUrl("https://katalon.com/"): Navigate to 'https://katalon.com/' successfully

2023-11-01 10:23:41 - [MESSAGE][PASSED] - Navigate to 'https://katalon.com/' successfully

2023-11-01 10:23:41 - [TEST_STEP][PASSED] - maximizeWindow(): Current window maximized

2023-11-01 10:23:41 - [MESSAGE][PASSED] - Current window maximized

2023-11-01 10:23:41 - [TEST_STEP][PASSED] - click(findTestObject("Object Repository/Katalon/Page_Katalon AI-augmented Software Quality _596167/button_Accept All Cookies")): Object: 'Object Repository/Katalon/Page_Katalon AI-augmented Software Quality _596167/button_Accept All Cookies' is clicked on

2023-11-01 10:23:43 - [MESSAGE][PASSED] - Object: 'Object Repository/Katalon/Page_Katalon AI-augmented Software Quality _596167/button_Accept All Cookies' is clicked on

2023-11-01 10:23:43 - [TEST_STEP][PASSED] - click(findTestObject("Object Repository/Katalon/Page_Katalon AI-augmented Software Quality _596167/a_Download Studio")): Object: 'Object Repository/Katalon/Page_Katalon AI-augmented Software Quality _596167/a_Download Studio' is clicked on

2023-11-01 10:23:45 - [MESSAGE][PASSED] - Object: 'Object Repository/Katalon/Page_Katalon AI-augmented Software Quality _596167/a_Download Studio' is clicked on

2023-11-01 10:23:45 - [TEST_STEP][PASSED] - click(findTestObject("Object Repository/Katalon/Page_Katalon Studio Free Download  Katalon/div_Windows 64macOSmacOS (Intel)macOS (Appl_b3af3d")): Object: 'Object Repository/Katalon/Page_Katalon Studio Free Download  Katalon/div_Windows 64macOSmacOS (Intel)macOS (Appl_b3af3d' is clicked on

2023-11-01 10:23:48 - [MESSAGE][PASSED] - Object: 'Object Repository/Katalon/Page_Katalon Studio Free Download  Katalon/div_Windows 64macOSmacOS (Intel)macOS (Appl_b3af3d' is clicked on

2023-11-01 10:23:48 - [TEST_STEP][PASSED] - click(findTestObject("Object Repository/Katalon/Page_Katalon Studio Free Download  Katalon/div_Windows 64")): Object: 'Object Repository/Katalon/Page_Katalon Studio Free Download  Katalon/div_Windows 64' is clicked on

2023-11-01 10:23:48 - [MESSAGE][PASSED] - Object: 'Object Repository/Katalon/Page_Katalon Studio Free Download  Katalon/div_Windows 64' is clicked on

2023-11-01 10:23:48 - [TEST_STEP][PASSED] - click(findTestObject("Object Repository/Katalon/Page_Katalon Studio Free Download  Katalon/div_Ver. 9.0.0Ver. 8.6.8Ver. 9.0.0")): Object: 'Object Repository/Katalon/Page_Katalon Studio Free Download  Katalon/div_Ver. 9.0.0Ver. 8.6.8Ver. 9.0.0' is clicked on

2023-11-01 10:23:49 - [MESSAGE][PASSED] - Object: 'Object Repository/Katalon/Page_Katalon Studio Free Download  Katalon/div_Ver. 9.0.0Ver. 8.6.8Ver. 9.0.0' is clicked on

2023-11-01 10:23:49 - [TEST_STEP][PASSED] - click(findTestObject("Object Repository/Katalon/Page_Katalon Studio Free Download  Katalon/div_Ver. 8.6.8")): Object: 'Object Repository/Katalon/Page_Katalon Studio Free Download  Katalon/div_Ver. 8.6.8' is clicked on

2023-11-01 10:23:49 - [MESSAGE][PASSED] - Object: 'Object Repository/Katalon/Page_Katalon Studio Free Download  Katalon/div_Ver. 8.6.8' is clicked on

2023-11-01 10:23:49 - [TEST_STEP][PASSED] - verifyElementPresent(findTestObject("Object Repository/Katalon/Page_Katalon Studio Free Download  Katalon/div_Download"), 0): Object 'Object Repository/Katalon/Page_Katalon Studio Free Download  Katalon/div_Download' is present

2023-11-01 10:23:49 - [MESSAGE][WARNING] - Timeout '0' is invalid. Using default page load timeout: '30'

2023-11-01 10:23:50 - [MESSAGE][PASSED] - Object 'Object Repository/Katalon/Page_Katalon Studio Free Download  Katalon/div_Download' is present

2023-11-01 10:23:50 - [TEST_STEP][PASSED] - verifyElementVisible(findTestObject("Object Repository/Katalon/Page_Katalon Studio Free Download  Katalon/div_Download")): Object 'Object Repository/Katalon/Page_Katalon Studio Free Download  Katalon/div_Download' is visible

2023-11-01 10:23:50 - [MESSAGE][PASSED] - Object 'Object Repository/Katalon/Page_Katalon Studio Free Download  Katalon/div_Download' is visible

2023-11-01 10:23:50 - [TEST_STEP][PASSED] - verifyElementText(findTestObject("Object Repository/Katalon/Page_Katalon Studio Free Download  Katalon/a_Sign up now -"), "Sign up now ->"): Actual text and expected text of test object 'Object Repository/Katalon/Page_Katalon Studio Free Download  Katalon/a_Sign up now -' are matched.

2023-11-01 10:23:50 - [MESSAGE][PASSED] - Actual text and expected text of test object 'Object Repository/Katalon/Page_Katalon Studio Free Download  Katalon/a_Sign up now -' are matched.

2023-11-01 10:23:50 - [TEST_STEP][PASSED] - closeBrowser(): Browser is closed

2023-11-01 10:23:51 - [MESSAGE][PASSED] - Browser is closed

2023-11-01 10:23:51 - [TEST_STEP][PASSED] - Start listener action : sampleAfterTestCase: null

2023-11-01 10:23:51 - [TEST_STEP][PASSED] - println(testCaseContext.getTestCaseId()): null

2023-11-01 10:23:51 - [TEST_STEP][PASSED] - println(testCaseContext.getTestCaseStatus()): null]]></system-out>
         <system-err><![CDATA[]]></system-err>
      </testcase>
      <testcase name="Test Cases/Katalon Price Check" time="17.057" classname="Test Cases/Katalon Price Check" status="PASSED">
         <system-out><![CDATA[2023-11-01 10:23:51 - [TEST_CASE][PASSED] - Test Cases/Katalon Price Check: Test Cases/Katalon Price Check

2023-11-01 10:23:51 - [TEST_STEP][PASSED] - Start listener action : sampleBeforeTestCase: null

2023-11-01 10:23:51 - [TEST_STEP][PASSED] - println(testCaseContext.getTestCaseId()): null

2023-11-01 10:23:51 - [TEST_STEP][PASSED] - println(testCaseContext.getTestCaseVariables()): null

2023-11-01 10:23:51 - [TEST_STEP][PASSED] - openBrowser(""): Browser is opened with url: ''

2023-11-01 10:23:51 - [MESSAGE][INFO] - Starting 'Chrome' driver

2023-11-01 10:23:51 - [MESSAGE][INFO] - Action delay is set to 0 milliseconds

2023-11-01 10:23:53 - [MESSAGE][PASSED] - Browser is opened with url: ''

2023-11-01 10:23:53 - [TEST_STEP][PASSED] - navigateToUrl("https://katalon.com/"): Navigate to 'https://katalon.com/' successfully

2023-11-01 10:23:56 - [MESSAGE][PASSED] - Navigate to 'https://katalon.com/' successfully

2023-11-01 10:23:56 - [TEST_STEP][PASSED] - maximizeWindow(): Current window maximized

2023-11-01 10:23:57 - [MESSAGE][PASSED] - Current window maximized

2023-11-01 10:23:57 - [TEST_STEP][PASSED] - click(findTestObject("Object Repository/Katalon/Page_Katalon AI-augmented Software Quality _596167/button_Accept All Cookies")): Object: 'Object Repository/Katalon/Page_Katalon AI-augmented Software Quality _596167/button_Accept All Cookies' is clicked on

2023-11-01 10:23:58 - [MESSAGE][PASSED] - Object: 'Object Repository/Katalon/Page_Katalon AI-augmented Software Quality _596167/button_Accept All Cookies' is clicked on

2023-11-01 10:23:58 - [TEST_STEP][PASSED] - click(findTestObject("Object Repository/Katalon/Page_Katalon AI-augmented Software Quality _596167/div_Pricing")): Object: 'Object Repository/Katalon/Page_Katalon AI-augmented Software Quality _596167/div_Pricing' is clicked on

2023-11-01 10:24:02 - [MESSAGE][PASSED] - Object: 'Object Repository/Katalon/Page_Katalon AI-augmented Software Quality _596167/div_Pricing' is clicked on

2023-11-01 10:24:02 - [TEST_STEP][PASSED] - setText(findTestObject("Object Repository/Katalon/Page_Software Quality Management Platform  _0ea48f/inputinput_platform_kse_number"), "5"): Text '5' is set on object 'Object Repository/Katalon/Page_Software Quality Management Platform  _0ea48f/inputinput_platform_kse_number'

2023-11-01 10:24:05 - [MESSAGE][PASSED] - Text '5' is set on object 'Object Repository/Katalon/Page_Software Quality Management Platform  _0ea48f/inputinput_platform_kse_number'

2023-11-01 10:24:05 - [TEST_STEP][PASSED] - setText(findTestObject("Object Repository/Katalon/Page_Software Quality Management Platform  _0ea48f/inputinput_platform_testcloud_number"), "5"): Text '5' is set on object 'Object Repository/Katalon/Page_Software Quality Management Platform  _0ea48f/inputinput_platform_testcloud_number'

2023-11-01 10:24:06 - [MESSAGE][PASSED] - Text '5' is set on object 'Object Repository/Katalon/Page_Software Quality Management Platform  _0ea48f/inputinput_platform_testcloud_number'

2023-11-01 10:24:06 - [TEST_STEP][PASSED] - setText(findTestObject("Object Repository/Katalon/Page_Software Quality Management Platform  _0ea48f/inputinput_platform_kre_number"), "5"): Text '5' is set on object 'Object Repository/Katalon/Page_Software Quality Management Platform  _0ea48f/inputinput_platform_kre_number'

2023-11-01 10:24:07 - [MESSAGE][PASSED] - Text '5' is set on object 'Object Repository/Katalon/Page_Software Quality Management Platform  _0ea48f/inputinput_platform_kre_number'

2023-11-01 10:24:07 - [TEST_STEP][PASSED] - scrollToPosition(0, 3): Browser is scrolled to position x = 0, y = 3

2023-11-01 10:24:07 - [MESSAGE][PASSED] - Browser is scrolled to position x = 0, y = 3

2023-11-01 10:24:07 - [TEST_STEP][PASSED] - closeBrowser(): Browser is closed

2023-11-01 10:24:08 - [MESSAGE][PASSED] - Browser is closed

2023-11-01 10:24:08 - [TEST_STEP][PASSED] - Start listener action : sampleAfterTestCase: null

2023-11-01 10:24:08 - [TEST_STEP][PASSED] - println(testCaseContext.getTestCaseId()): null

2023-11-01 10:24:08 - [TEST_STEP][PASSED] - println(testCaseContext.getTestCaseStatus()): null]]></system-out>
         <system-err><![CDATA[]]></system-err>
      </testcase>
      <testcase name="Test Cases/PMI - Verify the 3 languages present in PMI" time="10.484" classname="Test Cases/PMI - Verify the 3 languages present in PMI" status="PASSED">
         <system-out><![CDATA[2023-11-01 10:24:08 - [TEST_CASE][PASSED] - Test Cases/PMI - Verify the 3 languages present in PMI: Test Cases/PMI - Verify the 3 languages present in PMI

2023-11-01 10:24:08 - [TEST_STEP][PASSED] - Start listener action : sampleBeforeTestCase: null

2023-11-01 10:24:08 - [TEST_STEP][PASSED] - println(testCaseContext.getTestCaseId()): null

2023-11-01 10:24:08 - [TEST_STEP][PASSED] - println(testCaseContext.getTestCaseVariables()): null

2023-11-01 10:24:08 - [TEST_STEP][PASSED] - openBrowser(""): Browser is opened with url: ''

2023-11-01 10:24:08 - [MESSAGE][INFO] - Starting 'Chrome' driver

2023-11-01 10:24:08 - [MESSAGE][INFO] - Action delay is set to 0 milliseconds

2023-11-01 10:24:11 - [MESSAGE][PASSED] - Browser is opened with url: ''

2023-11-01 10:24:11 - [TEST_STEP][PASSED] - navigateToUrl("https://www.pmi.org/certifications"): Navigate to 'https://www.pmi.org/certifications' successfully

2023-11-01 10:24:15 - [MESSAGE][PASSED] - Navigate to 'https://www.pmi.org/certifications' successfully

2023-11-01 10:24:15 - [TEST_STEP][PASSED] - maximizeWindow(): Current window maximized

2023-11-01 10:24:15 - [MESSAGE][PASSED] - Current window maximized

2023-11-01 10:24:15 - [TEST_STEP][PASSED] - click(findTestObject("Object Repository/PMI/Page_Certifications  PMI/span_OK")): Object: 'Object Repository/PMI/Page_Certifications  PMI/span_OK' is clicked on

2023-11-01 10:24:17 - [MESSAGE][PASSED] - Object: 'Object Repository/PMI/Page_Certifications  PMI/span_OK' is clicked on

2023-11-01 10:24:17 - [TEST_STEP][PASSED] - verifyElementText(findTestObject("Object Repository/PMI/Page_Certifications  PMI/a_View in English"), "View in English"): Actual text and expected text of test object 'Object Repository/PMI/Page_Certifications  PMI/a_View in English' are matched.

2023-11-01 10:24:17 - [MESSAGE][PASSED] - Actual text and expected text of test object 'Object Repository/PMI/Page_Certifications  PMI/a_View in English' are matched.

2023-11-01 10:24:17 - [TEST_STEP][PASSED] - verifyElementText(findTestObject("Object Repository/PMI/Page_Certifications  PMI/a_Ver en Espaol"), "Ver en Español"): Actual text and expected text of test object 'Object Repository/PMI/Page_Certifications  PMI/a_Ver en Espaol' are matched.

2023-11-01 10:24:18 - [MESSAGE][PASSED] - Actual text and expected text of test object 'Object Repository/PMI/Page_Certifications  PMI/a_Ver en Espaol' are matched.

2023-11-01 10:24:18 - [TEST_STEP][PASSED] - verifyElementText(findTestObject("Object Repository/PMI/Page_Certifications  PMI/a_Veja em Portugus"), "Veja em Português"): Actual text and expected text of test object 'Object Repository/PMI/Page_Certifications  PMI/a_Veja em Portugus' are matched.

2023-11-01 10:24:18 - [MESSAGE][PASSED] - Actual text and expected text of test object 'Object Repository/PMI/Page_Certifications  PMI/a_Veja em Portugus' are matched.

2023-11-01 10:24:18 - [TEST_STEP][PASSED] - closeBrowser(): Browser is closed

2023-11-01 10:24:18 - [MESSAGE][PASSED] - Browser is closed

2023-11-01 10:24:18 - [TEST_STEP][PASSED] - Start listener action : sampleAfterTestCase: null

2023-11-01 10:24:18 - [TEST_STEP][PASSED] - println(testCaseContext.getTestCaseId()): null

2023-11-01 10:24:18 - [TEST_STEP][PASSED] - println(testCaseContext.getTestCaseStatus()): null]]></system-out>
         <system-err><![CDATA[]]></system-err>
      </testcase>
      <testcase name="Test Cases/PMI - Verify the portugese language in PMI" time="14.532" classname="Test Cases/PMI - Verify the portugese language in PMI" status="PASSED">
         <system-out><![CDATA[2023-11-01 10:24:18 - [TEST_CASE][PASSED] - Test Cases/PMI - Verify the portugese language in PMI: Test Cases/PMI - Verify the portugese language in PMI

2023-11-01 10:24:18 - [TEST_STEP][PASSED] - Start listener action : sampleBeforeTestCase: null

2023-11-01 10:24:18 - [TEST_STEP][PASSED] - println(testCaseContext.getTestCaseId()): null

2023-11-01 10:24:18 - [TEST_STEP][PASSED] - println(testCaseContext.getTestCaseVariables()): null

2023-11-01 10:24:18 - [TEST_STEP][PASSED] - openBrowser(""): Browser is opened with url: ''

2023-11-01 10:24:18 - [MESSAGE][INFO] - Starting 'Chrome' driver

2023-11-01 10:24:18 - [MESSAGE][INFO] - Action delay is set to 0 milliseconds

2023-11-01 10:24:21 - [MESSAGE][PASSED] - Browser is opened with url: ''

2023-11-01 10:24:21 - [TEST_STEP][PASSED] - navigateToUrl("https://www.pmi.org/certifications"): Navigate to 'https://www.pmi.org/certifications' successfully

2023-11-01 10:24:25 - [MESSAGE][PASSED] - Navigate to 'https://www.pmi.org/certifications' successfully

2023-11-01 10:24:25 - [TEST_STEP][PASSED] - maximizeWindow(): Current window maximized

2023-11-01 10:24:26 - [MESSAGE][PASSED] - Current window maximized

2023-11-01 10:24:26 - [TEST_STEP][PASSED] - click(findTestObject("Object Repository/PMI/Page_Certifications  PMI/a_OK")): Object: 'Object Repository/PMI/Page_Certifications  PMI/a_OK' is clicked on

2023-11-01 10:24:28 - [MESSAGE][PASSED] - Object: 'Object Repository/PMI/Page_Certifications  PMI/a_OK' is clicked on

2023-11-01 10:24:28 - [TEST_STEP][PASSED] - click(findTestObject("Object Repository/PMI/Page_Certifications  PMI/a_Veja em Portugus")): Object: 'Object Repository/PMI/Page_Certifications  PMI/a_Veja em Portugus' is clicked on

2023-11-01 10:24:32 - [MESSAGE][PASSED] - Object: 'Object Repository/PMI/Page_Certifications  PMI/a_Veja em Portugus' is clicked on

2023-11-01 10:24:32 - [TEST_STEP][PASSED] - verifyElementPresent(findTestObject("Object Repository/PMI/Page_Just a moment/h1_www.pmi.org"), 0): Object 'Object Repository/PMI/Page_Just a moment/h1_www.pmi.org' is present

2023-11-01 10:24:32 - [MESSAGE][WARNING] - Timeout '0' is invalid. Using default page load timeout: '30'

2023-11-01 10:24:32 - [MESSAGE][PASSED] - Object 'Object Repository/PMI/Page_Just a moment/h1_www.pmi.org' is present

2023-11-01 10:24:32 - [TEST_STEP][PASSED] - closeBrowser(): Browser is closed

2023-11-01 10:24:33 - [MESSAGE][PASSED] - Browser is closed

2023-11-01 10:24:33 - [TEST_STEP][PASSED] - Start listener action : sampleAfterTestCase: null

2023-11-01 10:24:33 - [TEST_STEP][PASSED] - println(testCaseContext.getTestCaseId()): null

2023-11-01 10:24:33 - [TEST_STEP][PASSED] - println(testCaseContext.getTestCaseStatus()): null]]></system-out>
         <system-err><![CDATA[]]></system-err>
      </testcase>
      <testcase name="Test Cases/PMI - Verify the spanish language in PMI" time="12.933" classname="Test Cases/PMI - Verify the spanish language in PMI" status="PASSED">
         <system-out><![CDATA[2023-11-01 10:24:33 - [TEST_CASE][PASSED] - Test Cases/PMI - Verify the spanish language in PMI: Test Cases/PMI - Verify the spanish language in PMI

2023-11-01 10:24:33 - [TEST_STEP][PASSED] - Start listener action : sampleBeforeTestCase: null

2023-11-01 10:24:33 - [TEST_STEP][PASSED] - println(testCaseContext.getTestCaseId()): null

2023-11-01 10:24:33 - [TEST_STEP][PASSED] - println(testCaseContext.getTestCaseVariables()): null

2023-11-01 10:24:33 - [TEST_STEP][PASSED] - openBrowser(""): Browser is opened with url: ''

2023-11-01 10:24:33 - [MESSAGE][INFO] - Starting 'Chrome' driver

2023-11-01 10:24:33 - [MESSAGE][INFO] - Action delay is set to 0 milliseconds

2023-11-01 10:24:36 - [MESSAGE][PASSED] - Browser is opened with url: ''

2023-11-01 10:24:36 - [TEST_STEP][PASSED] - navigateToUrl("https://www.pmi.org/certifications"): Navigate to 'https://www.pmi.org/certifications' successfully

2023-11-01 10:24:40 - [MESSAGE][PASSED] - Navigate to 'https://www.pmi.org/certifications' successfully

2023-11-01 10:24:40 - [TEST_STEP][PASSED] - maximizeWindow(): Current window maximized

2023-11-01 10:24:40 - [MESSAGE][PASSED] - Current window maximized

2023-11-01 10:24:40 - [TEST_STEP][PASSED] - click(findTestObject("Object Repository/PMI/Page_Certifications  PMI/span_OK")): Object: 'Object Repository/PMI/Page_Certifications  PMI/span_OK' is clicked on

2023-11-01 10:24:42 - [MESSAGE][PASSED] - Object: 'Object Repository/PMI/Page_Certifications  PMI/span_OK' is clicked on

2023-11-01 10:24:42 - [TEST_STEP][PASSED] - click(findTestObject("Object Repository/PMI/Page_Certifications  PMI/a_Ver en Espaol")): Object: 'Object Repository/PMI/Page_Certifications  PMI/a_Ver en Espaol' is clicked on

2023-11-01 10:24:45 - [MESSAGE][PASSED] - Object: 'Object Repository/PMI/Page_Certifications  PMI/a_Ver en Espaol' is clicked on

2023-11-01 10:24:45 - [TEST_STEP][PASSED] - verifyElementPresent(findTestObject("Object Repository/PMI/Page_Just a moment/h1_www.pmi.org"), 0): Object 'Object Repository/PMI/Page_Just a moment/h1_www.pmi.org' is present

2023-11-01 10:24:45 - [MESSAGE][WARNING] - Timeout '0' is invalid. Using default page load timeout: '30'

2023-11-01 10:24:45 - [MESSAGE][PASSED] - Object 'Object Repository/PMI/Page_Just a moment/h1_www.pmi.org' is present

2023-11-01 10:24:45 - [TEST_STEP][PASSED] - closeBrowser(): Browser is closed

2023-11-01 10:24:46 - [MESSAGE][PASSED] - Browser is closed

2023-11-01 10:24:46 - [TEST_STEP][PASSED] - Start listener action : sampleAfterTestCase: null

2023-11-01 10:24:46 - [TEST_STEP][PASSED] - println(testCaseContext.getTestCaseId()): null

2023-11-01 10:24:46 - [TEST_STEP][PASSED] - println(testCaseContext.getTestCaseStatus()): null]]></system-out>
         <system-err><![CDATA[]]></system-err>
      </testcase>
      <testcase name="Test Cases/Search Automation within Deloitte site" time="36.895" classname="Test Cases/Search Automation within Deloitte site" status="PASSED">
         <system-out><![CDATA[2023-11-01 10:24:46 - [TEST_CASE][PASSED] - Test Cases/Search Automation within Deloitte site: Test Cases/Search Automation within Deloitte site

2023-11-01 10:24:46 - [TEST_STEP][PASSED] - Start listener action : sampleBeforeTestCase: null

2023-11-01 10:24:46 - [TEST_STEP][PASSED] - println(testCaseContext.getTestCaseId()): null

2023-11-01 10:24:46 - [TEST_STEP][PASSED] - println(testCaseContext.getTestCaseVariables()): null

2023-11-01 10:24:46 - [TEST_STEP][PASSED] - openBrowser(""): Browser is opened with url: ''

2023-11-01 10:24:46 - [MESSAGE][INFO] - Starting 'Chrome' driver

2023-11-01 10:24:46 - [MESSAGE][INFO] - Action delay is set to 0 milliseconds

2023-11-01 10:24:48 - [MESSAGE][PASSED] - Browser is opened with url: ''

2023-11-01 10:24:48 - [TEST_STEP][PASSED] - navigateToUrl("https://www2.deloitte.com/us/en.html"): Navigate to 'https://www2.deloitte.com/us/en.html' successfully

2023-11-01 10:24:51 - [MESSAGE][PASSED] - Navigate to 'https://www2.deloitte.com/us/en.html' successfully

2023-11-01 10:24:51 - [TEST_STEP][PASSED] - maximizeWindow(): Current window maximized

2023-11-01 10:24:51 - [MESSAGE][PASSED] - Current window maximized

2023-11-01 10:24:51 - [TEST_STEP][PASSED] - click(findTestObject("Object Repository/Page_Deloitte US  Audit, Consulting, Adviso_ec7ae4/button_Accept and close")): Object: 'Object Repository/Page_Deloitte US  Audit, Consulting, Adviso_ec7ae4/button_Accept and close' is clicked on

2023-11-01 10:24:56 - [MESSAGE][PASSED] - Object: 'Object Repository/Page_Deloitte US  Audit, Consulting, Adviso_ec7ae4/button_Accept and close' is clicked on

2023-11-01 10:24:56 - [TEST_STEP][PASSED] - setText(findTestObject("Object Repository/Page_Deloitte US  Audit, Consulting, Adviso_ec7ae4/input_cmp-advanced-search__input ng-untouch_fd955c"), "Automation"): Text 'Automation' is set on object 'Object Repository/Page_Deloitte US  Audit, Consulting, Adviso_ec7ae4/input_cmp-advanced-search__input ng-untouch_fd955c'

2023-11-01 10:24:57 - [MESSAGE][PASSED] - Text 'Automation' is set on object 'Object Repository/Page_Deloitte US  Audit, Consulting, Adviso_ec7ae4/input_cmp-advanced-search__input ng-untouch_fd955c'

2023-11-01 10:24:57 - [TEST_STEP][PASSED] - click(findTestObject("Object Repository/Page_Deloitte US  Audit, Consulting, Adviso_ec7ae4/i_icon-search")): Object: 'Object Repository/Page_Deloitte US  Audit, Consulting, Adviso_ec7ae4/i_icon-search' is clicked on

2023-11-01 10:24:57 - [MESSAGE][PASSED] - Object: 'Object Repository/Page_Deloitte US  Audit, Consulting, Adviso_ec7ae4/i_icon-search' is clicked on

2023-11-01 10:24:57 - [TEST_STEP][PASSED] - verifyElementPresent(findTestObject("Object Repository/Page_Deloitte Search Basic/a_Deloitte and Automation Anywhere Alliance"), 0): Object 'Object Repository/Page_Deloitte Search Basic/a_Deloitte and Automation Anywhere Alliance' is present

2023-11-01 10:24:57 - [MESSAGE][WARNING] - Timeout '0' is invalid. Using default page load timeout: '30'

2023-11-01 10:25:19 - [MESSAGE][PASSED] - Object 'Object Repository/Page_Deloitte Search Basic/a_Deloitte and Automation Anywhere Alliance' is present

2023-11-01 10:25:19 - [TEST_STEP][PASSED] - click(findTestObject("Object Repository/Page_Deloitte Search Basic/a_Deloitte and Automation Anywhere Alliance")): Object: 'Object Repository/Page_Deloitte Search Basic/a_Deloitte and Automation Anywhere Alliance' is clicked on

2023-11-01 10:25:21 - [MESSAGE][PASSED] - Object: 'Object Repository/Page_Deloitte Search Basic/a_Deloitte and Automation Anywhere Alliance' is clicked on

2023-11-01 10:25:21 - [TEST_STEP][PASSED] - click(findTestObject("Object Repository/Page_Automation Anywhere Alliance  Deloitte US/div_Deloitte and Automation Anywhere Allian_b995eb")): Object: 'Object Repository/Page_Automation Anywhere Alliance  Deloitte US/div_Deloitte and Automation Anywhere Allian_b995eb' is clicked on

2023-11-01 10:25:22 - [MESSAGE][PASSED] - Object: 'Object Repository/Page_Automation Anywhere Alliance  Deloitte US/div_Deloitte and Automation Anywhere Allian_b995eb' is clicked on

2023-11-01 10:25:22 - [TEST_STEP][PASSED] - verifyElementPresent(findTestObject("Object Repository/Page_Automation Anywhere Alliance  Deloitte US/h1_Deloitte and Automation Anywhere Alliance"), 0): Object 'Object Repository/Page_Automation Anywhere Alliance  Deloitte US/h1_Deloitte and Automation Anywhere Alliance' is present

2023-11-01 10:25:22 - [MESSAGE][WARNING] - Timeout '0' is invalid. Using default page load timeout: '30'

2023-11-01 10:25:22 - [MESSAGE][PASSED] - Object 'Object Repository/Page_Automation Anywhere Alliance  Deloitte US/h1_Deloitte and Automation Anywhere Alliance' is present

2023-11-01 10:25:22 - [TEST_STEP][PASSED] - closeBrowser(): Browser is closed

2023-11-01 10:25:23 - [MESSAGE][PASSED] - Browser is closed

2023-11-01 10:25:23 - [TEST_STEP][PASSED] - Start listener action : sampleAfterTestCase: null

2023-11-01 10:25:23 - [TEST_STEP][PASSED] - println(testCaseContext.getTestCaseId()): null

2023-11-01 10:25:23 - [TEST_STEP][PASSED] - println(testCaseContext.getTestCaseStatus()): null]]></system-out>
         <system-err><![CDATA[]]></system-err>
      </testcase>
      <testcase name="Test Cases/Search Google" time="20.381" classname="Test Cases/Search Google" status="PASSED">
         <system-out><![CDATA[2023-11-01 10:25:23 - [TEST_CASE][PASSED] - Test Cases/Search Google: Test Cases/Search Google

2023-11-01 10:25:23 - [TEST_STEP][PASSED] - Start listener action : sampleBeforeTestCase: null

2023-11-01 10:25:23 - [TEST_STEP][PASSED] - println(testCaseContext.getTestCaseId()): null

2023-11-01 10:25:23 - [TEST_STEP][PASSED] - println(testCaseContext.getTestCaseVariables()): null

2023-11-01 10:25:23 - [TEST_STEP][PASSED] - openBrowser(""): Browser is opened with url: ''

2023-11-01 10:25:23 - [MESSAGE][INFO] - Starting 'Chrome' driver

2023-11-01 10:25:23 - [MESSAGE][INFO] - Action delay is set to 0 milliseconds

2023-11-01 10:25:25 - [MESSAGE][PASSED] - Browser is opened with url: ''

2023-11-01 10:25:25 - [TEST_STEP][PASSED] - navigateToUrl("https://www.google.com/"): Navigate to 'https://www.google.com/' successfully

2023-11-01 10:25:27 - [MESSAGE][PASSED] - Navigate to 'https://www.google.com/' successfully

2023-11-01 10:25:27 - [TEST_STEP][PASSED] - maximizeWindow(): Current window maximized

2023-11-01 10:25:27 - [MESSAGE][PASSED] - Current window maximized

2023-11-01 10:25:27 - [TEST_STEP][PASSED] - setText(findTestObject("Object Repository/Page_Google/textarea_q"), "katalon"): Text 'katalon' is set on object 'Object Repository/Page_Google/textarea_q'

2023-11-01 10:25:28 - [MESSAGE][PASSED] - Text 'katalon' is set on object 'Object Repository/Page_Google/textarea_q'

2023-11-01 10:25:28 - [TEST_STEP][PASSED] - click(findTestObject("Object Repository/Page_Google/span_katalon")): Object: 'Object Repository/Page_Google/span_katalon' is clicked on

2023-11-01 10:25:29 - [MESSAGE][PASSED] - Object: 'Object Repository/Page_Google/span_katalon' is clicked on

2023-11-01 10:25:29 - [TEST_STEP][PASSED] - rightClick(findTestObject("Object Repository/Page_katalon - Google Search/span_Katalon Platform - Best Codeless Testing Tool")): Object: 'Object Repository/Page_katalon - Google Search/span_Katalon Platform - Best Codeless Testing Tool' is right clicked on

2023-11-01 10:25:33 - [MESSAGE][PASSED] - Object: 'Object Repository/Page_katalon - Google Search/span_Katalon Platform - Best Codeless Testing Tool' is right clicked on

2023-11-01 10:25:33 - [TEST_STEP][PASSED] - click(findTestObject("Object Repository/Page_katalon - Google Search/span_Katalon Platform - Best Codeless Testing Tool")): Object: 'Object Repository/Page_katalon - Google Search/span_Katalon Platform - Best Codeless Testing Tool' is clicked on

2023-11-01 10:25:37 - [MESSAGE][PASSED] - Object: 'Object Repository/Page_katalon - Google Search/span_Katalon Platform - Best Codeless Testing Tool' is clicked on

2023-11-01 10:25:37 - [TEST_STEP][PASSED] - click(findTestObject("Object Repository/Page_Katalon AI-augmented Software Quality _596167/div_Why Katalon")): Object: 'Object Repository/Page_Katalon AI-augmented Software Quality _596167/div_Why Katalon' is clicked on

2023-11-01 10:25:39 - [MESSAGE][PASSED] - Object: 'Object Repository/Page_Katalon AI-augmented Software Quality _596167/div_Why Katalon' is clicked on

2023-11-01 10:25:39 - [TEST_STEP][PASSED] - click(findTestObject("Object Repository/Page_Katalon AI-augmented Software Quality _596167/div_Platform")): Object: 'Object Repository/Page_Katalon AI-augmented Software Quality _596167/div_Platform' is clicked on

2023-11-01 10:25:39 - [MESSAGE][PASSED] - Object: 'Object Repository/Page_Katalon AI-augmented Software Quality _596167/div_Platform' is clicked on

2023-11-01 10:25:39 - [TEST_STEP][PASSED] - click(findTestObject("Object Repository/Page_Katalon AI-augmented Software Quality _596167/div_Why Katalon")): Object: 'Object Repository/Page_Katalon AI-augmented Software Quality _596167/div_Why Katalon' is clicked on

2023-11-01 10:25:40 - [MESSAGE][PASSED] - Object: 'Object Repository/Page_Katalon AI-augmented Software Quality _596167/div_Why Katalon' is clicked on

2023-11-01 10:25:40 - [TEST_STEP][PASSED] - click(findTestObject("Object Repository/Page_Business Outcomes  Software Testing  Q_7c4bce/div_Get started")): Object: 'Object Repository/Page_Business Outcomes  Software Testing  Q_7c4bce/div_Get started' is clicked on

2023-11-01 10:25:43 - [MESSAGE][PASSED] - Object: 'Object Repository/Page_Business Outcomes  Software Testing  Q_7c4bce/div_Get started' is clicked on

2023-11-01 10:25:43 - [TEST_STEP][PASSED] - closeBrowser(): Browser is closed

2023-11-01 10:25:43 - [MESSAGE][PASSED] - Browser is closed

2023-11-01 10:25:43 - [TEST_STEP][PASSED] - Start listener action : sampleAfterTestCase: null

2023-11-01 10:25:43 - [TEST_STEP][PASSED] - println(testCaseContext.getTestCaseId()): null

2023-11-01 10:25:43 - [TEST_STEP][PASSED] - println(testCaseContext.getTestCaseStatus()): null]]></system-out>
         <system-err><![CDATA[]]></system-err>
      </testcase>
      <testcase name="Test Cases/Verify Consulting present within Deloitte site" time="21.622" classname="Test Cases/Verify Consulting present within Deloitte site" status="PASSED">
         <system-out><![CDATA[2023-11-01 10:26:31 - [TEST_CASE][PASSED] - Test Cases/Verify Consulting present within Deloitte site: Test Cases/Verify Consulting present within Deloitte site

2023-11-01 10:26:31 - [TEST_STEP][PASSED] - Start listener action : sampleBeforeTestCase: null

2023-11-01 10:26:31 - [TEST_STEP][PASSED] - println(testCaseContext.getTestCaseId()): null

2023-11-01 10:26:31 - [TEST_STEP][PASSED] - println(testCaseContext.getTestCaseVariables()): null

2023-11-01 10:26:31 - [TEST_STEP][PASSED] - openBrowser(""): Browser is opened with url: ''

2023-11-01 10:26:31 - [MESSAGE][WARNING] - A browser is already opened. Closing browser and opening a new one

2023-11-01 10:26:31 - [MESSAGE][INFO] - Starting 'Chrome' driver

2023-11-01 10:26:31 - [MESSAGE][INFO] - Action delay is set to 0 milliseconds

2023-11-01 10:26:34 - [MESSAGE][PASSED] - Browser is opened with url: ''

2023-11-01 10:26:34 - [TEST_STEP][PASSED] - navigateToUrl("https://www2.deloitte.com/us/en.html"): Navigate to 'https://www2.deloitte.com/us/en.html' successfully

2023-11-01 10:26:37 - [MESSAGE][PASSED] - Navigate to 'https://www2.deloitte.com/us/en.html' successfully

2023-11-01 10:26:37 - [TEST_STEP][PASSED] - click(findTestObject("Object Repository/Page_Deloitte US  Audit, Consulting, Adviso_ec7ae4/button_Accept and close")): Object: 'Object Repository/Page_Deloitte US  Audit, Consulting, Adviso_ec7ae4/button_Accept and close' is clicked on

2023-11-01 10:26:41 - [MESSAGE][PASSED] - Object: 'Object Repository/Page_Deloitte US  Audit, Consulting, Adviso_ec7ae4/button_Accept and close' is clicked on

2023-11-01 10:26:41 - [TEST_STEP][PASSED] - click(findTestObject("Object Repository/Page_Deloitte US  Audit, Consulting, Adviso_ec7ae4/a_Services")): Object: 'Object Repository/Page_Deloitte US  Audit, Consulting, Adviso_ec7ae4/a_Services' is clicked on

2023-11-01 10:26:42 - [MESSAGE][PASSED] - Object: 'Object Repository/Page_Deloitte US  Audit, Consulting, Adviso_ec7ae4/a_Services' is clicked on

2023-11-01 10:26:42 - [TEST_STEP][PASSED] - click(findTestObject("Object Repository/Page_Deloitte US  Audit, Consulting, Adviso_ec7ae4/a_Services")): Object: 'Object Repository/Page_Deloitte US  Audit, Consulting, Adviso_ec7ae4/a_Services' is clicked on

2023-11-01 10:26:42 - [MESSAGE][PASSED] - Object: 'Object Repository/Page_Deloitte US  Audit, Consulting, Adviso_ec7ae4/a_Services' is clicked on

2023-11-01 10:26:42 - [TEST_STEP][PASSED] - click(findTestObject("Object Repository/Page_Deloitte US  Audit, Consulting, Adviso_ec7ae4/a_Consulting")): Object: 'Object Repository/Page_Deloitte US  Audit, Consulting, Adviso_ec7ae4/a_Consulting' is clicked on

2023-11-01 10:26:49 - [MESSAGE][PASSED] - Object: 'Object Repository/Page_Deloitte US  Audit, Consulting, Adviso_ec7ae4/a_Consulting' is clicked on

2023-11-01 10:26:49 - [TEST_STEP][PASSED] - click(findTestObject("Object Repository/Page_Management Consulting Services and Sol_cbb449/h1_Consulting")): Object: 'Object Repository/Page_Management Consulting Services and Sol_cbb449/h1_Consulting' is clicked on

2023-11-01 10:26:52 - [MESSAGE][PASSED] - Object: 'Object Repository/Page_Management Consulting Services and Sol_cbb449/h1_Consulting' is clicked on

2023-11-01 10:26:52 - [TEST_STEP][PASSED] - verifyElementPresent(findTestObject("Object Repository/Page_Management Consulting Services and Sol_cbb449/h1_Consulting"), 0): Object 'Object Repository/Page_Management Consulting Services and Sol_cbb449/h1_Consulting' is present

2023-11-01 10:26:52 - [MESSAGE][WARNING] - Timeout '0' is invalid. Using default page load timeout: '30'

2023-11-01 10:26:52 - [MESSAGE][PASSED] - Object 'Object Repository/Page_Management Consulting Services and Sol_cbb449/h1_Consulting' is present

2023-11-01 10:26:52 - [TEST_STEP][PASSED] - closeBrowser(): Browser is closed

2023-11-01 10:26:53 - [MESSAGE][PASSED] - Browser is closed

2023-11-01 10:26:53 - [TEST_STEP][PASSED] - Start listener action : sampleAfterTestCase: null

2023-11-01 10:26:53 - [TEST_STEP][PASSED] - println(testCaseContext.getTestCaseId()): null

2023-11-01 10:26:53 - [TEST_STEP][PASSED] - println(testCaseContext.getTestCaseStatus()): null]]></system-out>
         <system-err><![CDATA[]]></system-err>
      </testcase>
      <testcase name="Test Cases/Verify LifeScience in Deloitte Industry" time="13.047" classname="Test Cases/Verify LifeScience in Deloitte Industry" status="FAILED">
         <failure type="FAILED" message="Test Cases/Verify LifeScience in Deloitte Industry FAILED.&#xa;Reason:&#xa;com.kms.katalon.core.exception.StepFailedException: Unable to click on object 'Object Repository/Deloitte/Page_Deloitte US  Audit, Consulting, Adviso_ec7ae4/a_Life Sciences  Health Care'&#xa;	at com.kms.katalon.core.webui.keyword.internal.WebUIKeywordMain.stepFailed(WebUIKeywordMain.groovy:64)&#xa;	at com.kms.katalon.core.webui.keyword.internal.WebUIKeywordMain.runKeyword(WebUIKeywordMain.groovy:26)&#xa;	at com.kms.katalon.core.webui.keyword.builtin.ClickKeyword.click(ClickKeyword.groovy:74)&#xa;	at com.kms.katalon.core.webui.keyword.builtin.ClickKeyword.execute(ClickKeyword.groovy:40)&#xa;	at com.kms.katalon.core.keyword.internal.KeywordExecutor.executeKeywordForPlatform(KeywordExecutor.groovy:74)&#xa;	at com.kms.katalon.core.webui.keyword.WebUiBuiltInKeywords.click(WebUiBuiltInKeywords.groovy:620)&#xa;	at Verify LifeScience in Deloitte Industry.run(Verify LifeScience in Deloitte Industry:30)&#xa;	at com.kms.katalon.core.main.ScriptEngine.run(ScriptEngine.java:194)&#xa;	at com.kms.katalon.core.main.ScriptEngine.runScriptAsRawText(ScriptEngine.java:119)&#xa;	at com.kms.katalon.core.main.TestCaseExecutor.runScript(TestCaseExecutor.java:448)&#xa;	at com.kms.katalon.core.main.TestCaseExecutor.doExecute(TestCaseExecutor.java:439)&#xa;	at com.kms.katalon.core.main.TestCaseExecutor.processExecutionPhase(TestCaseExecutor.java:418)&#xa;	at com.kms.katalon.core.main.TestCaseExecutor.accessMainPhase(TestCaseExecutor.java:410)&#xa;	at com.kms.katalon.core.main.TestCaseExecutor.execute(TestCaseExecutor.java:285)&#xa;	at com.kms.katalon.core.main.TestCaseExecutor.execute(TestCaseExecutor.java:369)&#xa;	at com.kms.katalon.core.main.TestCaseExecutor.execute(TestCaseExecutor.java:369)&#xa;	at com.kms.katalon.core.main.TestCaseExecutor.execute(TestCaseExecutor.java:369)&#xa;	at com.kms.katalon.core.common.CommonExecutor.accessTestCaseMainPhase(CommonExecutor.java:65)&#xa;	at com.kms.katalon.core.main.TestSuiteExecutor.accessTestSuiteMainPhase(TestSuiteExecutor.java:148)&#xa;	at com.kms.katalon.core.main.TestSuiteExecutor.execute(TestSuiteExecutor.java:106)&#xa;	at com.kms.katalon.core.main.TestCaseMain.startTestSuite(TestCaseMain.java:187)&#xa;	at TempTestSuite1698847576726.run(TempTestSuite1698847576726.groovy:36)&#xa;	at java.base/jdk.internal.reflect.NativeMethodAccessorImpl.invoke0(Native Method)&#xa;	at java.base/jdk.internal.reflect.NativeMethodAccessorImpl.invoke(NativeMethodAccessorImpl.java:77)&#xa;	at java.base/jdk.internal.reflect.DelegatingMethodAccessorImpl.invoke(DelegatingMethodAccessorImpl.java:43)&#xa;Caused by: org.openqa.selenium.ElementNotInteractableException: element not interactable&#xa;  (Session info: chrome=118.0.5993.118)&#xa;Build info: version: '3.141.59', revision: 'e82be7d358', time: '2018-11-14T08:25:53'&#xa;System info: host: 'USPRNRCHALIL2', ip: '10.0.0.182', os.name: 'Windows 10', os.arch: 'amd64', os.version: '10.0', java.version: '17.0.7'&#xa;Driver info: com.kms.katalon.selenium.driver.CChromeDriver&#xa;Capabilities {acceptInsecureCerts: false, browserName: chrome, browserVersion: 118.0.5993.118, chrome: {chromedriverVersion: 118.0.5993.70 (e52f33f30b91..., userDataDir: C:\Users\rchalil\AppData\Lo...}, fedcm:accounts: true, goog:chromeOptions: {debuggerAddress: localhost:49940}, javascriptEnabled: true, networkConnectionEnabled: false, pageLoadStrategy: normal, platform: WINDOWS, platformName: WINDOWS, proxy: Proxy(), setWindowRect: true, strictFileInteractability: false, timeouts: {implicit: 0, pageLoad: 300000, script: 30000}, unhandledPromptBehavior: dismiss and notify, webauthn:extension:credBlob: true, webauthn:extension:largeBlob: true, webauthn:extension:minPinLength: true, webauthn:extension:prf: true, webauthn:virtualAuthenticators: true}&#xa;Session ID: 9b3101be62b275c28c852a4d71d882d0&#xa;	at jdk.internal.reflect.GeneratedConstructorAccessor43.newInstance(Unknown Source)&#xa;	at java.base/jdk.internal.reflect.DelegatingConstructorAccessorImpl.newInstance(DelegatingConstructorAccessorImpl.java:45)&#xa;	at org.openqa.selenium.remote.http.W3CHttpResponseCodec.createException(W3CHttpResponseCodec.java:187)&#xa;	at org.openqa.selenium.remote.http.W3CHttpResponseCodec.decode(W3CHttpResponseCodec.java:122)&#xa;	at org.openqa.selenium.remote.http.W3CHttpResponseCodec.decode(W3CHttpResponseCodec.java:49)&#xa;	at org.openqa.selenium.remote.HttpCommandExecutor.execute(HttpCommandExecutor.java:158)&#xa;	at org.openqa.selenium.remote.service.DriverCommandExecutor.execute(DriverCommandExecutor.java:83)&#xa;	at org.openqa.selenium.remote.RemoteWebDriver.execute(RemoteWebDriver.java:552)&#xa;	at com.kms.katalon.selenium.driver.CChromeDriver.execute(CChromeDriver.java:19)&#xa;	at org.openqa.selenium.remote.RemoteWebElement.execute(RemoteWebElement.java:285)&#xa;	at org.openqa.selenium.remote.RemoteWebElement.click(RemoteWebElement.java:84)&#xa;	at jdk.internal.reflect.GeneratedMethodAccessor14.invoke(Unknown Source)&#xa;	at java.base/jdk.internal.reflect.DelegatingMethodAccessorImpl.invoke(DelegatingMethodAccessorImpl.java:43)&#xa;	at org.openqa.selenium.support.events.EventFiringWebDriver$EventFiringWebElement.lambda$new$0(EventFiringWebDriver.java:404)&#xa;	at jdk.proxy2/jdk.proxy2.$Proxy26.click(Unknown Source)&#xa;	at org.openqa.selenium.support.events.EventFiringWebDriver$EventFiringWebElement.click(EventFiringWebDriver.java:417)&#xa;	at org.openqa.selenium.WebElement$click.call(Unknown Source)&#xa;	at com.kms.katalon.core.webui.keyword.builtin.ClickKeyword.clickUntilSuccessWithTimeout(ClickKeyword.groovy:81)&#xa;	at com.kms.katalon.core.webui.keyword.builtin.ClickKeyword.clickUntilSuccessWithTimeout(ClickKeyword.groovy)&#xa;	at jdk.internal.reflect.GeneratedMethodAccessor12.invoke(Unknown Source)&#xa;	at java.base/jdk.internal.reflect.DelegatingMethodAccessorImpl.invoke(DelegatingMethodAccessorImpl.java:43)&#xa;	at com.kms.katalon.core.webui.keyword.builtin.ClickKeyword$_click_closure1.doCall(ClickKeyword.groovy:67)&#xa;	at com.kms.katalon.core.webui.keyword.builtin.ClickKeyword$_click_closure1.call(ClickKeyword.groovy)&#xa;	at com.kms.katalon.core.webui.keyword.internal.WebUIKeywordMain.runKeyword(WebUIKeywordMain.groovy:20)&#xa;	... 23 more&#xa;"/>
         <system-out><![CDATA[2023-11-01 10:27:26 - [TEST_CASE][FAILED] - Test Cases/Verify LifeScience in Deloitte Industry: Test Cases/Verify LifeScience in Deloitte Industry FAILED.
Reason:
com.kms.katalon.core.exception.StepFailedException: Unable to click on object 'Object Repository/Deloitte/Page_Deloitte US  Audit, Consulting, Adviso_ec7ae4/a_Life Sciences  Health Care'
	at com.kms.katalon.core.webui.keyword.internal.WebUIKeywordMain.stepFailed(WebUIKeywordMain.groovy:64)
	at com.kms.katalon.core.webui.keyword.internal.WebUIKeywordMain.runKeyword(WebUIKeywordMain.groovy:26)
	at com.kms.katalon.core.webui.keyword.builtin.ClickKeyword.click(ClickKeyword.groovy:74)
	at com.kms.katalon.core.webui.keyword.builtin.ClickKeyword.execute(ClickKeyword.groovy:40)
	at com.kms.katalon.core.keyword.internal.KeywordExecutor.executeKeywordForPlatform(KeywordExecutor.groovy:74)
	at com.kms.katalon.core.webui.keyword.WebUiBuiltInKeywords.click(WebUiBuiltInKeywords.groovy:620)
	at Verify LifeScience in Deloitte Industry.run(Verify LifeScience in Deloitte Industry:30)
	at com.kms.katalon.core.main.ScriptEngine.run(ScriptEngine.java:194)
	at com.kms.katalon.core.main.ScriptEngine.runScriptAsRawText(ScriptEngine.java:119)
	at com.kms.katalon.core.main.TestCaseExecutor.runScript(TestCaseExecutor.java:448)
	at com.kms.katalon.core.main.TestCaseExecutor.doExecute(TestCaseExecutor.java:439)
	at com.kms.katalon.core.main.TestCaseExecutor.processExecutionPhase(TestCaseExecutor.java:418)
	at com.kms.katalon.core.main.TestCaseExecutor.accessMainPhase(TestCaseExecutor.java:410)
	at com.kms.katalon.core.main.TestCaseExecutor.execute(TestCaseExecutor.java:285)
	at com.kms.katalon.core.main.TestCaseExecutor.execute(TestCaseExecutor.java:369)
	at com.kms.katalon.core.main.TestCaseExecutor.execute(TestCaseExecutor.java:369)
	at com.kms.katalon.core.main.TestCaseExecutor.execute(TestCaseExecutor.java:369)
	at com.kms.katalon.core.common.CommonExecutor.accessTestCaseMainPhase(CommonExecutor.java:65)
	at com.kms.katalon.core.main.TestSuiteExecutor.accessTestSuiteMainPhase(TestSuiteExecutor.java:148)
	at com.kms.katalon.core.main.TestSuiteExecutor.execute(TestSuiteExecutor.java:106)
	at com.kms.katalon.core.main.TestCaseMain.startTestSuite(TestCaseMain.java:187)
	at TempTestSuite1698847576726.run(TempTestSuite1698847576726.groovy:36)
	at java.base/jdk.internal.reflect.NativeMethodAccessorImpl.invoke0(Native Method)
	at java.base/jdk.internal.reflect.NativeMethodAccessorImpl.invoke(NativeMethodAccessorImpl.java:77)
	at java.base/jdk.internal.reflect.DelegatingMethodAccessorImpl.invoke(DelegatingMethodAccessorImpl.java:43)
Caused by: org.openqa.selenium.ElementNotInteractableException: element not interactable
  (Session info: chrome=118.0.5993.118)
Build info: version: '3.141.59', revision: 'e82be7d358', time: '2018-11-14T08:25:53'
System info: host: 'USPRNRCHALIL2', ip: '10.0.0.182', os.name: 'Windows 10', os.arch: 'amd64', os.version: '10.0', java.version: '17.0.7'
Driver info: com.kms.katalon.selenium.driver.CChromeDriver
Capabilities {acceptInsecureCerts: false, browserName: chrome, browserVersion: 118.0.5993.118, chrome: {chromedriverVersion: 118.0.5993.70 (e52f33f30b91..., userDataDir: C:\Users\rchalil\AppData\Lo...}, fedcm:accounts: true, goog:chromeOptions: {debuggerAddress: localhost:49940}, javascriptEnabled: true, networkConnectionEnabled: false, pageLoadStrategy: normal, platform: WINDOWS, platformName: WINDOWS, proxy: Proxy(), setWindowRect: true, strictFileInteractability: false, timeouts: {implicit: 0, pageLoad: 300000, script: 30000}, unhandledPromptBehavior: dismiss and notify, webauthn:extension:credBlob: true, webauthn:extension:largeBlob: true, webauthn:extension:minPinLength: true, webauthn:extension:prf: true, webauthn:virtualAuthenticators: true}
Session ID: 9b3101be62b275c28c852a4d71d882d0
	at jdk.internal.reflect.GeneratedConstructorAccessor43.newInstance(Unknown Source)
	at java.base/jdk.internal.reflect.DelegatingConstructorAccessorImpl.newInstance(DelegatingConstructorAccessorImpl.java:45)
	at org.openqa.selenium.remote.http.W3CHttpResponseCodec.createException(W3CHttpResponseCodec.java:187)
	at org.openqa.selenium.remote.http.W3CHttpResponseCodec.decode(W3CHttpResponseCodec.java:122)
	at org.openqa.selenium.remote.http.W3CHttpResponseCodec.decode(W3CHttpResponseCodec.java:49)
	at org.openqa.selenium.remote.HttpCommandExecutor.execute(HttpCommandExecutor.java:158)
	at org.openqa.selenium.remote.service.DriverCommandExecutor.execute(DriverCommandExecutor.java:83)
	at org.openqa.selenium.remote.RemoteWebDriver.execute(RemoteWebDriver.java:552)
	at com.kms.katalon.selenium.driver.CChromeDriver.execute(CChromeDriver.java:19)
	at org.openqa.selenium.remote.RemoteWebElement.execute(RemoteWebElement.java:285)
	at org.openqa.selenium.remote.RemoteWebElement.click(RemoteWebElement.java:84)
	at jdk.internal.reflect.GeneratedMethodAccessor14.invoke(Unknown Source)
	at java.base/jdk.internal.reflect.DelegatingMethodAccessorImpl.invoke(DelegatingMethodAccessorImpl.java:43)
	at org.openqa.selenium.support.events.EventFiringWebDriver$EventFiringWebElement.lambda$new$0(EventFiringWebDriver.java:404)
	at jdk.proxy2/jdk.proxy2.$Proxy26.click(Unknown Source)
	at org.openqa.selenium.support.events.EventFiringWebDriver$EventFiringWebElement.click(EventFiringWebDriver.java:417)
	at org.openqa.selenium.WebElement$click.call(Unknown Source)
	at com.kms.katalon.core.webui.keyword.builtin.ClickKeyword.clickUntilSuccessWithTimeout(ClickKeyword.groovy:81)
	at com.kms.katalon.core.webui.keyword.builtin.ClickKeyword.clickUntilSuccessWithTimeout(ClickKeyword.groovy)
	at jdk.internal.reflect.GeneratedMethodAccessor12.invoke(Unknown Source)
	at java.base/jdk.internal.reflect.DelegatingMethodAccessorImpl.invoke(DelegatingMethodAccessorImpl.java:43)
	at com.kms.katalon.core.webui.keyword.builtin.ClickKeyword$_click_closure1.doCall(ClickKeyword.groovy:67)
	at com.kms.katalon.core.webui.keyword.builtin.ClickKeyword$_click_closure1.call(ClickKeyword.groovy)
	at com.kms.katalon.core.webui.keyword.internal.WebUIKeywordMain.runKeyword(WebUIKeywordMain.groovy:20)
	... 23 more


2023-11-01 10:27:26 - [TEST_STEP][PASSED] - Start listener action : sampleBeforeTestCase: null

2023-11-01 10:27:26 - [TEST_STEP][PASSED] - println(testCaseContext.getTestCaseId()): null

2023-11-01 10:27:26 - [TEST_STEP][PASSED] - println(testCaseContext.getTestCaseVariables()): null

2023-11-01 10:27:26 - [TEST_STEP][PASSED] - openBrowser(""): Browser is opened with url: ''

2023-11-01 10:27:26 - [MESSAGE][WARNING] - A browser is already opened. Closing browser and opening a new one

2023-11-01 10:27:27 - [MESSAGE][INFO] - Starting 'Chrome' driver

2023-11-01 10:27:27 - [MESSAGE][INFO] - Action delay is set to 0 milliseconds

2023-11-01 10:27:30 - [MESSAGE][PASSED] - Browser is opened with url: ''

2023-11-01 10:27:30 - [TEST_STEP][PASSED] - navigateToUrl("https://www2.deloitte.com/us/en.html"): Navigate to 'https://www2.deloitte.com/us/en.html' successfully

2023-11-01 10:27:33 - [MESSAGE][PASSED] - Navigate to 'https://www2.deloitte.com/us/en.html' successfully

2023-11-01 10:27:33 - [TEST_STEP][PASSED] - maximizeWindow(): Current window maximized

2023-11-01 10:27:34 - [MESSAGE][PASSED] - Current window maximized

2023-11-01 10:27:34 - [TEST_STEP][PASSED] - click(findTestObject("Object Repository/Deloitte/Page_Deloitte US  Audit, Consulting, Adviso_ec7ae4/button_Accept and close")): Object: 'Object Repository/Deloitte/Page_Deloitte US  Audit, Consulting, Adviso_ec7ae4/button_Accept and close' is clicked on

2023-11-01 10:27:38 - [MESSAGE][PASSED] - Object: 'Object Repository/Deloitte/Page_Deloitte US  Audit, Consulting, Adviso_ec7ae4/button_Accept and close' is clicked on

2023-11-01 10:27:38 - [TEST_STEP][PASSED] - click(findTestObject("Object Repository/Deloitte/Page_Deloitte US  Audit, Consulting, Adviso_ec7ae4/i_icon-search")): Object: 'Object Repository/Deloitte/Page_Deloitte US  Audit, Consulting, Adviso_ec7ae4/i_icon-search' is clicked on

2023-11-01 10:27:39 - [MESSAGE][PASSED] - Object: 'Object Repository/Deloitte/Page_Deloitte US  Audit, Consulting, Adviso_ec7ae4/i_icon-search' is clicked on

2023-11-01 10:27:39 - [TEST_STEP][FAILED] - click(findTestObject("Object Repository/Deloitte/Page_Deloitte US  Audit, Consulting, Adviso_ec7ae4/a_Life Sciences  Health Care")): Unable to click on object 'Object Repository/Deloitte/Page_Deloitte US  Audit, Consulting, Adviso_ec7ae4/a_Life Sciences  Health Care' (Root cause: com.kms.katalon.core.exception.StepFailedException: Unable to click on object 'Object Repository/Deloitte/Page_Deloitte US  Audit, Consulting, Adviso_ec7ae4/a_Life Sciences  Health Care'
	at com.kms.katalon.core.webui.keyword.internal.WebUIKeywordMain.stepFailed(WebUIKeywordMain.groovy:64)
	at com.kms.katalon.core.webui.keyword.internal.WebUIKeywordMain.runKeyword(WebUIKeywordMain.groovy:26)
	at com.kms.katalon.core.webui.keyword.builtin.ClickKeyword.click(ClickKeyword.groovy:74)
	at com.kms.katalon.core.webui.keyword.builtin.ClickKeyword.execute(ClickKeyword.groovy:40)
	at com.kms.katalon.core.keyword.internal.KeywordExecutor.executeKeywordForPlatform(KeywordExecutor.groovy:74)
	at com.kms.katalon.core.webui.keyword.WebUiBuiltInKeywords.click(WebUiBuiltInKeywords.groovy:620)
	at Verify LifeScience in Deloitte Industry.run(Verify LifeScience in Deloitte Industry:30)
	at com.kms.katalon.core.main.ScriptEngine.run(ScriptEngine.java:194)
	at com.kms.katalon.core.main.ScriptEngine.runScriptAsRawText(ScriptEngine.java:119)
	at com.kms.katalon.core.main.TestCaseExecutor.runScript(TestCaseExecutor.java:448)
	at com.kms.katalon.core.main.TestCaseExecutor.doExecute(TestCaseExecutor.java:439)
	at com.kms.katalon.core.main.TestCaseExecutor.processExecutionPhase(TestCaseExecutor.java:418)
	at com.kms.katalon.core.main.TestCaseExecutor.accessMainPhase(TestCaseExecutor.java:410)
	at com.kms.katalon.core.main.TestCaseExecutor.execute(TestCaseExecutor.java:285)
	at com.kms.katalon.core.main.TestCaseExecutor.execute(TestCaseExecutor.java:369)
	at com.kms.katalon.core.main.TestCaseExecutor.execute(TestCaseExecutor.java:369)
	at com.kms.katalon.core.main.TestCaseExecutor.execute(TestCaseExecutor.java:369)
	at com.kms.katalon.core.common.CommonExecutor.accessTestCaseMainPhase(CommonExecutor.java:65)
	at com.kms.katalon.core.main.TestSuiteExecutor.accessTestSuiteMainPhase(TestSuiteExecutor.java:148)
	at com.kms.katalon.core.main.TestSuiteExecutor.execute(TestSuiteExecutor.java:106)
	at com.kms.katalon.core.main.TestCaseMain.startTestSuite(TestCaseMain.java:187)
	at TempTestSuite1698847576726.run(TempTestSuite1698847576726.groovy:36)
	at java.base/jdk.internal.reflect.NativeMethodAccessorImpl.invoke0(Native Method)
	at java.base/jdk.internal.reflect.NativeMethodAccessorImpl.invoke(NativeMethodAccessorImpl.java:77)
	at java.base/jdk.internal.reflect.DelegatingMethodAccessorImpl.invoke(DelegatingMethodAccessorImpl.java:43)
Caused by: org.openqa.selenium.ElementNotInteractableException: element not interactable
  (Session info: chrome=118.0.5993.118)
Build info: version: '3.141.59', revision: 'e82be7d358', time: '2018-11-14T08:25:53'
System info: host: 'USPRNRCHALIL2', ip: '10.0.0.182', os.name: 'Windows 10', os.arch: 'amd64', os.version: '10.0', java.version: '17.0.7'
Driver info: com.kms.katalon.selenium.driver.CChromeDriver
Capabilities {acceptInsecureCerts: false, browserName: chrome, browserVersion: 118.0.5993.118, chrome: {chromedriverVersion: 118.0.5993.70 (e52f33f30b91..., userDataDir: C:\Users\rchalil\AppData\Lo...}, fedcm:accounts: true, goog:chromeOptions: {debuggerAddress: localhost:49940}, javascriptEnabled: true, networkConnectionEnabled: false, pageLoadStrategy: normal, platform: WINDOWS, platformName: WINDOWS, proxy: Proxy(), setWindowRect: true, strictFileInteractability: false, timeouts: {implicit: 0, pageLoad: 300000, script: 30000}, unhandledPromptBehavior: dismiss and notify, webauthn:extension:credBlob: true, webauthn:extension:largeBlob: true, webauthn:extension:minPinLength: true, webauthn:extension:prf: true, webauthn:virtualAuthenticators: true}
Session ID: 9b3101be62b275c28c852a4d71d882d0
	at jdk.internal.reflect.GeneratedConstructorAccessor43.newInstance(Unknown Source)
	at java.base/jdk.internal.reflect.DelegatingConstructorAccessorImpl.newInstance(DelegatingConstructorAccessorImpl.java:45)
	at org.openqa.selenium.remote.http.W3CHttpResponseCodec.createException(W3CHttpResponseCodec.java:187)
	at org.openqa.selenium.remote.http.W3CHttpResponseCodec.decode(W3CHttpResponseCodec.java:122)
	at org.openqa.selenium.remote.http.W3CHttpResponseCodec.decode(W3CHttpResponseCodec.java:49)
	at org.openqa.selenium.remote.HttpCommandExecutor.execute(HttpCommandExecutor.java:158)
	at org.openqa.selenium.remote.service.DriverCommandExecutor.execute(DriverCommandExecutor.java:83)
	at org.openqa.selenium.remote.RemoteWebDriver.execute(RemoteWebDriver.java:552)
	at com.kms.katalon.selenium.driver.CChromeDriver.execute(CChromeDriver.java:19)
	at org.openqa.selenium.remote.RemoteWebElement.execute(RemoteWebElement.java:285)
	at org.openqa.selenium.remote.RemoteWebElement.click(RemoteWebElement.java:84)
	at jdk.internal.reflect.GeneratedMethodAccessor14.invoke(Unknown Source)
	at java.base/jdk.internal.reflect.DelegatingMethodAccessorImpl.invoke(DelegatingMethodAccessorImpl.java:43)
	at org.openqa.selenium.support.events.EventFiringWebDriver$EventFiringWebElement.lambda$new$0(EventFiringWebDriver.java:404)
	at jdk.proxy2/jdk.proxy2.$Proxy26.click(Unknown Source)
	at org.openqa.selenium.support.events.EventFiringWebDriver$EventFiringWebElement.click(EventFiringWebDriver.java:417)
	at org.openqa.selenium.WebElement$click.call(Unknown Source)
	at com.kms.katalon.core.webui.keyword.builtin.ClickKeyword.clickUntilSuccessWithTimeout(ClickKeyword.groovy:81)
	at com.kms.katalon.core.webui.keyword.builtin.ClickKeyword.clickUntilSuccessWithTimeout(ClickKeyword.groovy)
	at jdk.internal.reflect.GeneratedMethodAccessor12.invoke(Unknown Source)
	at java.base/jdk.internal.reflect.DelegatingMethodAccessorImpl.invoke(DelegatingMethodAccessorImpl.java:43)
	at com.kms.katalon.core.webui.keyword.builtin.ClickKeyword$_click_closure1.doCall(ClickKeyword.groovy:67)
	at com.kms.katalon.core.webui.keyword.builtin.ClickKeyword$_click_closure1.call(ClickKeyword.groovy)
	at com.kms.katalon.core.webui.keyword.internal.WebUIKeywordMain.runKeyword(WebUIKeywordMain.groovy:20)
	at com.kms.katalon.core.webui.keyword.builtin.ClickKeyword.click(ClickKeyword.groovy:74)
	at com.kms.katalon.core.webui.keyword.builtin.ClickKeyword.execute(ClickKeyword.groovy:40)
	at com.kms.katalon.core.keyword.internal.KeywordExecutor.executeKeywordForPlatform(KeywordExecutor.groovy:74)
	at com.kms.katalon.core.webui.keyword.WebUiBuiltInKeywords.click(WebUiBuiltInKeywords.groovy:620)
	at Script1698757120781.run(Script1698757120781.groovy:30)
	... 18 more
)

2023-11-01 10:27:39 - [MESSAGE][FAILED] - Unable to click on object 'Object Repository/Deloitte/Page_Deloitte US  Audit, Consulting, Adviso_ec7ae4/a_Life Sciences  Health Care' (Root cause: com.kms.katalon.core.exception.StepFailedException: Unable to click on object 'Object Repository/Deloitte/Page_Deloitte US  Audit, Consulting, Adviso_ec7ae4/a_Life Sciences  Health Care'
	at com.kms.katalon.core.webui.keyword.internal.WebUIKeywordMain.stepFailed(WebUIKeywordMain.groovy:64)
	at com.kms.katalon.core.webui.keyword.internal.WebUIKeywordMain.runKeyword(WebUIKeywordMain.groovy:26)
	at com.kms.katalon.core.webui.keyword.builtin.ClickKeyword.click(ClickKeyword.groovy:74)
	at com.kms.katalon.core.webui.keyword.builtin.ClickKeyword.execute(ClickKeyword.groovy:40)
	at com.kms.katalon.core.keyword.internal.KeywordExecutor.executeKeywordForPlatform(KeywordExecutor.groovy:74)
	at com.kms.katalon.core.webui.keyword.WebUiBuiltInKeywords.click(WebUiBuiltInKeywords.groovy:620)
	at Verify LifeScience in Deloitte Industry.run(Verify LifeScience in Deloitte Industry:30)
	at com.kms.katalon.core.main.ScriptEngine.run(ScriptEngine.java:194)
	at com.kms.katalon.core.main.ScriptEngine.runScriptAsRawText(ScriptEngine.java:119)
	at com.kms.katalon.core.main.TestCaseExecutor.runScript(TestCaseExecutor.java:448)
	at com.kms.katalon.core.main.TestCaseExecutor.doExecute(TestCaseExecutor.java:439)
	at com.kms.katalon.core.main.TestCaseExecutor.processExecutionPhase(TestCaseExecutor.java:418)
	at com.kms.katalon.core.main.TestCaseExecutor.accessMainPhase(TestCaseExecutor.java:410)
	at com.kms.katalon.core.main.TestCaseExecutor.execute(TestCaseExecutor.java:285)
	at com.kms.katalon.core.main.TestCaseExecutor.execute(TestCaseExecutor.java:369)
	at com.kms.katalon.core.main.TestCaseExecutor.execute(TestCaseExecutor.java:369)
	at com.kms.katalon.core.main.TestCaseExecutor.execute(TestCaseExecutor.java:369)
	at com.kms.katalon.core.common.CommonExecutor.accessTestCaseMainPhase(CommonExecutor.java:65)
	at com.kms.katalon.core.main.TestSuiteExecutor.accessTestSuiteMainPhase(TestSuiteExecutor.java:148)
	at com.kms.katalon.core.main.TestSuiteExecutor.execute(TestSuiteExecutor.java:106)
	at com.kms.katalon.core.main.TestCaseMain.startTestSuite(TestCaseMain.java:187)
	at TempTestSuite1698847576726.run(TempTestSuite1698847576726.groovy:36)
	at java.base/jdk.internal.reflect.NativeMethodAccessorImpl.invoke0(Native Method)
	at java.base/jdk.internal.reflect.NativeMethodAccessorImpl.invoke(NativeMethodAccessorImpl.java:77)
	at java.base/jdk.internal.reflect.DelegatingMethodAccessorImpl.invoke(DelegatingMethodAccessorImpl.java:43)
Caused by: org.openqa.selenium.ElementNotInteractableException: element not interactable
  (Session info: chrome=118.0.5993.118)
Build info: version: '3.141.59', revision: 'e82be7d358', time: '2018-11-14T08:25:53'
System info: host: 'USPRNRCHALIL2', ip: '10.0.0.182', os.name: 'Windows 10', os.arch: 'amd64', os.version: '10.0', java.version: '17.0.7'
Driver info: com.kms.katalon.selenium.driver.CChromeDriver
Capabilities {acceptInsecureCerts: false, browserName: chrome, browserVersion: 118.0.5993.118, chrome: {chromedriverVersion: 118.0.5993.70 (e52f33f30b91..., userDataDir: C:\Users\rchalil\AppData\Lo...}, fedcm:accounts: true, goog:chromeOptions: {debuggerAddress: localhost:49940}, javascriptEnabled: true, networkConnectionEnabled: false, pageLoadStrategy: normal, platform: WINDOWS, platformName: WINDOWS, proxy: Proxy(), setWindowRect: true, strictFileInteractability: false, timeouts: {implicit: 0, pageLoad: 300000, script: 30000}, unhandledPromptBehavior: dismiss and notify, webauthn:extension:credBlob: true, webauthn:extension:largeBlob: true, webauthn:extension:minPinLength: true, webauthn:extension:prf: true, webauthn:virtualAuthenticators: true}
Session ID: 9b3101be62b275c28c852a4d71d882d0
	at jdk.internal.reflect.GeneratedConstructorAccessor43.newInstance(Unknown Source)
	at java.base/jdk.internal.reflect.DelegatingConstructorAccessorImpl.newInstance(DelegatingConstructorAccessorImpl.java:45)
	at org.openqa.selenium.remote.http.W3CHttpResponseCodec.createException(W3CHttpResponseCodec.java:187)
	at org.openqa.selenium.remote.http.W3CHttpResponseCodec.decode(W3CHttpResponseCodec.java:122)
	at org.openqa.selenium.remote.http.W3CHttpResponseCodec.decode(W3CHttpResponseCodec.java:49)
	at org.openqa.selenium.remote.HttpCommandExecutor.execute(HttpCommandExecutor.java:158)
	at org.openqa.selenium.remote.service.DriverCommandExecutor.execute(DriverCommandExecutor.java:83)
	at org.openqa.selenium.remote.RemoteWebDriver.execute(RemoteWebDriver.java:552)
	at com.kms.katalon.selenium.driver.CChromeDriver.execute(CChromeDriver.java:19)
	at org.openqa.selenium.remote.RemoteWebElement.execute(RemoteWebElement.java:285)
	at org.openqa.selenium.remote.RemoteWebElement.click(RemoteWebElement.java:84)
	at jdk.internal.reflect.GeneratedMethodAccessor14.invoke(Unknown Source)
	at java.base/jdk.internal.reflect.DelegatingMethodAccessorImpl.invoke(DelegatingMethodAccessorImpl.java:43)
	at org.openqa.selenium.support.events.EventFiringWebDriver$EventFiringWebElement.lambda$new$0(EventFiringWebDriver.java:404)
	at jdk.proxy2/jdk.proxy2.$Proxy26.click(Unknown Source)
	at org.openqa.selenium.support.events.EventFiringWebDriver$EventFiringWebElement.click(EventFiringWebDriver.java:417)
	at org.openqa.selenium.WebElement$click.call(Unknown Source)
	at com.kms.katalon.core.webui.keyword.builtin.ClickKeyword.clickUntilSuccessWithTimeout(ClickKeyword.groovy:81)
	at com.kms.katalon.core.webui.keyword.builtin.ClickKeyword.clickUntilSuccessWithTimeout(ClickKeyword.groovy)
	at jdk.internal.reflect.GeneratedMethodAccessor12.invoke(Unknown Source)
	at java.base/jdk.internal.reflect.DelegatingMethodAccessorImpl.invoke(DelegatingMethodAccessorImpl.java:43)
	at com.kms.katalon.core.webui.keyword.builtin.ClickKeyword$_click_closure1.doCall(ClickKeyword.groovy:67)
	at com.kms.katalon.core.webui.keyword.builtin.ClickKeyword$_click_closure1.call(ClickKeyword.groovy)
	at com.kms.katalon.core.webui.keyword.internal.WebUIKeywordMain.runKeyword(WebUIKeywordMain.groovy:20)
	at com.kms.katalon.core.webui.keyword.builtin.ClickKeyword.click(ClickKeyword.groovy:74)
	at com.kms.katalon.core.webui.keyword.builtin.ClickKeyword.execute(ClickKeyword.groovy:40)
	at com.kms.katalon.core.keyword.internal.KeywordExecutor.executeKeywordForPlatform(KeywordExecutor.groovy:74)
	at com.kms.katalon.core.webui.keyword.WebUiBuiltInKeywords.click(WebUiBuiltInKeywords.groovy:620)
	at Script1698757120781.run(Script1698757120781.groovy:30)
	... 18 more
)
[[ATTACHMENT|C:\\Users\\rchalil\\Katalon Studio\\My First Web UI Project\\Reports\\20231101_100616\\Reshna - All TCs Suite2\\20231101_100616\\1698848859685.png]]

2023-11-01 10:27:39 - [TEST_STEP][PASSED] - Start listener action : sampleAfterTestCase: null

2023-11-01 10:27:39 - [TEST_STEP][PASSED] - println(testCaseContext.getTestCaseId()): null

2023-11-01 10:27:39 - [TEST_STEP][PASSED] - println(testCaseContext.getTestCaseStatus()): null]]></system-out>
         <system-err><![CDATA[2023-11-01 10:27:26 - [TEST_CASE][FAILED] - Test Cases/Verify LifeScience in Deloitte Industry: Test Cases/Verify LifeScience in Deloitte Industry FAILED.
Reason:
com.kms.katalon.core.exception.StepFailedException: Unable to click on object 'Object Repository/Deloitte/Page_Deloitte US  Audit, Consulting, Adviso_ec7ae4/a_Life Sciences  Health Care'
	at com.kms.katalon.core.webui.keyword.internal.WebUIKeywordMain.stepFailed(WebUIKeywordMain.groovy:64)
	at com.kms.katalon.core.webui.keyword.internal.WebUIKeywordMain.runKeyword(WebUIKeywordMain.groovy:26)
	at com.kms.katalon.core.webui.keyword.builtin.ClickKeyword.click(ClickKeyword.groovy:74)
	at com.kms.katalon.core.webui.keyword.builtin.ClickKeyword.execute(ClickKeyword.groovy:40)
	at com.kms.katalon.core.keyword.internal.KeywordExecutor.executeKeywordForPlatform(KeywordExecutor.groovy:74)
	at com.kms.katalon.core.webui.keyword.WebUiBuiltInKeywords.click(WebUiBuiltInKeywords.groovy:620)
	at Verify LifeScience in Deloitte Industry.run(Verify LifeScience in Deloitte Industry:30)
	at com.kms.katalon.core.main.ScriptEngine.run(ScriptEngine.java:194)
	at com.kms.katalon.core.main.ScriptEngine.runScriptAsRawText(ScriptEngine.java:119)
	at com.kms.katalon.core.main.TestCaseExecutor.runScript(TestCaseExecutor.java:448)
	at com.kms.katalon.core.main.TestCaseExecutor.doExecute(TestCaseExecutor.java:439)
	at com.kms.katalon.core.main.TestCaseExecutor.processExecutionPhase(TestCaseExecutor.java:418)
	at com.kms.katalon.core.main.TestCaseExecutor.accessMainPhase(TestCaseExecutor.java:410)
	at com.kms.katalon.core.main.TestCaseExecutor.execute(TestCaseExecutor.java:285)
	at com.kms.katalon.core.main.TestCaseExecutor.execute(TestCaseExecutor.java:369)
	at com.kms.katalon.core.main.TestCaseExecutor.execute(TestCaseExecutor.java:369)
	at com.kms.katalon.core.main.TestCaseExecutor.execute(TestCaseExecutor.java:369)
	at com.kms.katalon.core.common.CommonExecutor.accessTestCaseMainPhase(CommonExecutor.java:65)
	at com.kms.katalon.core.main.TestSuiteExecutor.accessTestSuiteMainPhase(TestSuiteExecutor.java:148)
	at com.kms.katalon.core.main.TestSuiteExecutor.execute(TestSuiteExecutor.java:106)
	at com.kms.katalon.core.main.TestCaseMain.startTestSuite(TestCaseMain.java:187)
	at TempTestSuite1698847576726.run(TempTestSuite1698847576726.groovy:36)
	at java.base/jdk.internal.reflect.NativeMethodAccessorImpl.invoke0(Native Method)
	at java.base/jdk.internal.reflect.NativeMethodAccessorImpl.invoke(NativeMethodAccessorImpl.java:77)
	at java.base/jdk.internal.reflect.DelegatingMethodAccessorImpl.invoke(DelegatingMethodAccessorImpl.java:43)
Caused by: org.openqa.selenium.ElementNotInteractableException: element not interactable
  (Session info: chrome=118.0.5993.118)
Build info: version: '3.141.59', revision: 'e82be7d358', time: '2018-11-14T08:25:53'
System info: host: 'USPRNRCHALIL2', ip: '10.0.0.182', os.name: 'Windows 10', os.arch: 'amd64', os.version: '10.0', java.version: '17.0.7'
Driver info: com.kms.katalon.selenium.driver.CChromeDriver
Capabilities {acceptInsecureCerts: false, browserName: chrome, browserVersion: 118.0.5993.118, chrome: {chromedriverVersion: 118.0.5993.70 (e52f33f30b91..., userDataDir: C:\Users\rchalil\AppData\Lo...}, fedcm:accounts: true, goog:chromeOptions: {debuggerAddress: localhost:49940}, javascriptEnabled: true, networkConnectionEnabled: false, pageLoadStrategy: normal, platform: WINDOWS, platformName: WINDOWS, proxy: Proxy(), setWindowRect: true, strictFileInteractability: false, timeouts: {implicit: 0, pageLoad: 300000, script: 30000}, unhandledPromptBehavior: dismiss and notify, webauthn:extension:credBlob: true, webauthn:extension:largeBlob: true, webauthn:extension:minPinLength: true, webauthn:extension:prf: true, webauthn:virtualAuthenticators: true}
Session ID: 9b3101be62b275c28c852a4d71d882d0
	at jdk.internal.reflect.GeneratedConstructorAccessor43.newInstance(Unknown Source)
	at java.base/jdk.internal.reflect.DelegatingConstructorAccessorImpl.newInstance(DelegatingConstructorAccessorImpl.java:45)
	at org.openqa.selenium.remote.http.W3CHttpResponseCodec.createException(W3CHttpResponseCodec.java:187)
	at org.openqa.selenium.remote.http.W3CHttpResponseCodec.decode(W3CHttpResponseCodec.java:122)
	at org.openqa.selenium.remote.http.W3CHttpResponseCodec.decode(W3CHttpResponseCodec.java:49)
	at org.openqa.selenium.remote.HttpCommandExecutor.execute(HttpCommandExecutor.java:158)
	at org.openqa.selenium.remote.service.DriverCommandExecutor.execute(DriverCommandExecutor.java:83)
	at org.openqa.selenium.remote.RemoteWebDriver.execute(RemoteWebDriver.java:552)
	at com.kms.katalon.selenium.driver.CChromeDriver.execute(CChromeDriver.java:19)
	at org.openqa.selenium.remote.RemoteWebElement.execute(RemoteWebElement.java:285)
	at org.openqa.selenium.remote.RemoteWebElement.click(RemoteWebElement.java:84)
	at jdk.internal.reflect.GeneratedMethodAccessor14.invoke(Unknown Source)
	at java.base/jdk.internal.reflect.DelegatingMethodAccessorImpl.invoke(DelegatingMethodAccessorImpl.java:43)
	at org.openqa.selenium.support.events.EventFiringWebDriver$EventFiringWebElement.lambda$new$0(EventFiringWebDriver.java:404)
	at jdk.proxy2/jdk.proxy2.$Proxy26.click(Unknown Source)
	at org.openqa.selenium.support.events.EventFiringWebDriver$EventFiringWebElement.click(EventFiringWebDriver.java:417)
	at org.openqa.selenium.WebElement$click.call(Unknown Source)
	at com.kms.katalon.core.webui.keyword.builtin.ClickKeyword.clickUntilSuccessWithTimeout(ClickKeyword.groovy:81)
	at com.kms.katalon.core.webui.keyword.builtin.ClickKeyword.clickUntilSuccessWithTimeout(ClickKeyword.groovy)
	at jdk.internal.reflect.GeneratedMethodAccessor12.invoke(Unknown Source)
	at java.base/jdk.internal.reflect.DelegatingMethodAccessorImpl.invoke(DelegatingMethodAccessorImpl.java:43)
	at com.kms.katalon.core.webui.keyword.builtin.ClickKeyword$_click_closure1.doCall(ClickKeyword.groovy:67)
	at com.kms.katalon.core.webui.keyword.builtin.ClickKeyword$_click_closure1.call(ClickKeyword.groovy)
	at com.kms.katalon.core.webui.keyword.internal.WebUIKeywordMain.runKeyword(WebUIKeywordMain.groovy:20)
	... 23 more]]></system-err>
      </testcase>
      <testcase name="Test Cases/Verify Tax in Deloitte website" time="21.883" classname="Test Cases/Verify Tax in Deloitte website" status="PASSED">
         <system-out><![CDATA[2023-11-01 10:27:39 - [TEST_CASE][PASSED] - Test Cases/Verify Tax in Deloitte website: Test Cases/Verify Tax in Deloitte website

2023-11-01 10:27:39 - [TEST_STEP][PASSED] - Start listener action : sampleBeforeTestCase: null

2023-11-01 10:27:39 - [TEST_STEP][PASSED] - println(testCaseContext.getTestCaseId()): null

2023-11-01 10:27:39 - [TEST_STEP][PASSED] - println(testCaseContext.getTestCaseVariables()): null

2023-11-01 10:27:39 - [TEST_STEP][PASSED] - openBrowser(""): Browser is opened with url: ''

2023-11-01 10:27:39 - [MESSAGE][WARNING] - A browser is already opened. Closing browser and opening a new one

2023-11-01 10:27:40 - [MESSAGE][INFO] - Starting 'Chrome' driver

2023-11-01 10:27:40 - [MESSAGE][INFO] - Action delay is set to 0 milliseconds

2023-11-01 10:27:43 - [MESSAGE][PASSED] - Browser is opened with url: ''

2023-11-01 10:27:43 - [TEST_STEP][PASSED] - navigateToUrl("https://www2.deloitte.com/us/en.html"): Navigate to 'https://www2.deloitte.com/us/en.html' successfully

2023-11-01 10:27:47 - [MESSAGE][PASSED] - Navigate to 'https://www2.deloitte.com/us/en.html' successfully

2023-11-01 10:27:47 - [TEST_STEP][PASSED] - maximizeWindow(): Current window maximized

2023-11-01 10:27:47 - [MESSAGE][PASSED] - Current window maximized

2023-11-01 10:27:47 - [TEST_STEP][PASSED] - click(findTestObject("Object Repository/Deloitte/Page_Deloitte US  Audit, Consulting, Adviso_ec7ae4/button_Accept and close")): Object: 'Object Repository/Deloitte/Page_Deloitte US  Audit, Consulting, Adviso_ec7ae4/button_Accept and close' is clicked on

2023-11-01 10:27:52 - [MESSAGE][PASSED] - Object: 'Object Repository/Deloitte/Page_Deloitte US  Audit, Consulting, Adviso_ec7ae4/button_Accept and close' is clicked on

2023-11-01 10:27:52 - [TEST_STEP][PASSED] - setText(findTestObject("Object Repository/Deloitte/Page_Deloitte US  Audit, Consulting, Adviso_ec7ae4/input_cmp-advanced-search__input ng-untouch_fd955c"), "tax"): Text 'tax' is set on object 'Object Repository/Deloitte/Page_Deloitte US  Audit, Consulting, Adviso_ec7ae4/input_cmp-advanced-search__input ng-untouch_fd955c'

2023-11-01 10:27:54 - [MESSAGE][PASSED] - Text 'tax' is set on object 'Object Repository/Deloitte/Page_Deloitte US  Audit, Consulting, Adviso_ec7ae4/input_cmp-advanced-search__input ng-untouch_fd955c'

2023-11-01 10:27:54 - [TEST_STEP][PASSED] - click(findTestObject("Object Repository/Deloitte/Page_Deloitte US  Audit, Consulting, Adviso_ec7ae4/i_icon-search")): Object: 'Object Repository/Deloitte/Page_Deloitte US  Audit, Consulting, Adviso_ec7ae4/i_icon-search' is clicked on

2023-11-01 10:27:57 - [MESSAGE][PASSED] - Object: 'Object Repository/Deloitte/Page_Deloitte US  Audit, Consulting, Adviso_ec7ae4/i_icon-search' is clicked on

2023-11-01 10:27:57 - [TEST_STEP][PASSED] - verifyElementPresent(findTestObject("Object Repository/Deloitte/Page_Deloitte Search Basic/h1_Results for tax"), 0): Object 'Object Repository/Deloitte/Page_Deloitte Search Basic/h1_Results for tax' is present

2023-11-01 10:27:57 - [MESSAGE][WARNING] - Timeout '0' is invalid. Using default page load timeout: '30'

2023-11-01 10:28:01 - [MESSAGE][PASSED] - Object 'Object Repository/Deloitte/Page_Deloitte Search Basic/h1_Results for tax' is present

2023-11-01 10:28:01 - [TEST_STEP][PASSED] - closeBrowser(): Browser is closed

2023-11-01 10:28:01 - [MESSAGE][PASSED] - Browser is closed

2023-11-01 10:28:01 - [TEST_STEP][PASSED] - Start listener action : sampleAfterTestCase: null

2023-11-01 10:28:01 - [TEST_STEP][PASSED] - println(testCaseContext.getTestCaseId()): null

2023-11-01 10:28:01 - [TEST_STEP][PASSED] - println(testCaseContext.getTestCaseStatus()): null]]></system-out>
         <system-err><![CDATA[]]></system-err>
      </testcase>
      <system-out><![CDATA[2023-11-01 10:06:23 - [TEST_SUITE][FAILED] - Reshna - All TCs Suite2: Test Cases/Deloitte - Search job within Deloitte Careers FAILED.
Reason:
com.kms.katalon.core.exception.StepFailedException: Unable to click on object 'Object Repository/Deloitte/Page_Deloitte US  Audit, Consulting, Adviso_ec7ae4/a_Experienced Professionals'
	at com.kms.katalon.core.webui.keyword.internal.WebUIKeywordMain.stepFailed(WebUIKeywordMain.groovy:64)
	at com.kms.katalon.core.webui.keyword.internal.WebUIKeywordMain.runKeyword(WebUIKeywordMain.groovy:26)
	at com.kms.katalon.core.webui.keyword.builtin.ClickKeyword.click(ClickKeyword.groovy:74)
	at com.kms.katalon.core.webui.keyword.builtin.ClickKeyword.execute(ClickKeyword.groovy:40)
	at com.kms.katalon.core.keyword.internal.KeywordExecutor.executeKeywordForPlatform(KeywordExecutor.groovy:74)
	at com.kms.katalon.core.webui.keyword.WebUiBuiltInKeywords.click(WebUiBuiltInKeywords.groovy:620)
	at Deloitte - Search job within Deloitte Careers.run(Deloitte - Search job within Deloitte Careers:30)
	at com.kms.katalon.core.main.ScriptEngine.run(ScriptEngine.java:194)
	at com.kms.katalon.core.main.ScriptEngine.runScriptAsRawText(ScriptEngine.java:119)
	at com.kms.katalon.core.main.TestCaseExecutor.runScript(TestCaseExecutor.java:448)
	at com.kms.katalon.core.main.TestCaseExecutor.doExecute(TestCaseExecutor.java:439)
	at com.kms.katalon.core.main.TestCaseExecutor.processExecutionPhase(TestCaseExecutor.java:418)
	at com.kms.katalon.core.main.TestCaseExecutor.accessMainPhase(TestCaseExecutor.java:410)
	at com.kms.katalon.core.main.TestCaseExecutor.execute(TestCaseExecutor.java:285)
	at com.kms.katalon.core.common.CommonExecutor.accessTestCaseMainPhase(CommonExecutor.java:65)
	at com.kms.katalon.core.main.TestSuiteExecutor.accessTestSuiteMainPhase(TestSuiteExecutor.java:148)
	at com.kms.katalon.core.main.TestSuiteExecutor.execute(TestSuiteExecutor.java:106)
	at com.kms.katalon.core.main.TestCaseMain.startTestSuite(TestCaseMain.java:187)
	at TempTestSuite1698847576726.run(TempTestSuite1698847576726.groovy:36)
	at java.base/jdk.internal.reflect.NativeMethodAccessorImpl.invoke0(Native Method)
	at java.base/jdk.internal.reflect.NativeMethodAccessorImpl.invoke(NativeMethodAccessorImpl.java:77)
	at java.base/jdk.internal.reflect.DelegatingMethodAccessorImpl.invoke(DelegatingMethodAccessorImpl.java:43)
Caused by: org.openqa.selenium.ElementNotInteractableException: element not interactable
  (Session info: chrome=118.0.5993.118)
Build info: version: '3.141.59', revision: 'e82be7d358', time: '2018-11-14T08:25:53'
System info: host: 'USPRNRCHALIL2', ip: '10.0.0.182', os.name: 'Windows 10', os.arch: 'amd64', os.version: '10.0', java.version: '17.0.7'
Driver info: com.kms.katalon.selenium.driver.CChromeDriver
Capabilities {acceptInsecureCerts: false, browserName: chrome, browserVersion: 118.0.5993.118, chrome: {chromedriverVersion: 118.0.5993.70 (e52f33f30b91..., userDataDir: C:\Users\rchalil\AppData\Lo...}, fedcm:accounts: true, goog:chromeOptions: {debuggerAddress: localhost:55789}, javascriptEnabled: true, networkConnectionEnabled: false, pageLoadStrategy: normal, platform: WINDOWS, platformName: WINDOWS, proxy: Proxy(), setWindowRect: true, strictFileInteractability: false, timeouts: {implicit: 0, pageLoad: 300000, script: 30000}, unhandledPromptBehavior: dismiss and notify, webauthn:extension:credBlob: true, webauthn:extension:largeBlob: true, webauthn:extension:minPinLength: true, webauthn:extension:prf: true, webauthn:virtualAuthenticators: true}
Session ID: d3657339d586da3b37b3e96547340aff
	at java.base/jdk.internal.reflect.NativeConstructorAccessorImpl.newInstance0(Native Method)
	at java.base/jdk.internal.reflect.NativeConstructorAccessorImpl.newInstance(NativeConstructorAccessorImpl.java:77)
	at java.base/jdk.internal.reflect.DelegatingConstructorAccessorImpl.newInstance(DelegatingConstructorAccessorImpl.java:45)
	at org.openqa.selenium.remote.http.W3CHttpResponseCodec.createException(W3CHttpResponseCodec.java:187)
	at org.openqa.selenium.remote.http.W3CHttpResponseCodec.decode(W3CHttpResponseCodec.java:122)
	at org.openqa.selenium.remote.http.W3CHttpResponseCodec.decode(W3CHttpResponseCodec.java:49)
	at org.openqa.selenium.remote.HttpCommandExecutor.execute(HttpCommandExecutor.java:158)
	at org.openqa.selenium.remote.service.DriverCommandExecutor.execute(DriverCommandExecutor.java:83)
	at org.openqa.selenium.remote.RemoteWebDriver.execute(RemoteWebDriver.java:552)
	at com.kms.katalon.selenium.driver.CChromeDriver.execute(CChromeDriver.java:19)
	at org.openqa.selenium.remote.RemoteWebElement.execute(RemoteWebElement.java:285)
	at org.openqa.selenium.remote.RemoteWebElement.click(RemoteWebElement.java:84)
	at java.base/jdk.internal.reflect.NativeMethodAccessorImpl.invoke0(Native Method)
	at java.base/jdk.internal.reflect.NativeMethodAccessorImpl.invoke(NativeMethodAccessorImpl.java:77)
	at java.base/jdk.internal.reflect.DelegatingMethodAccessorImpl.invoke(DelegatingMethodAccessorImpl.java:43)
	at org.openqa.selenium.support.events.EventFiringWebDriver$EventFiringWebElement.lambda$new$0(EventFiringWebDriver.java:404)
	at jdk.proxy2/jdk.proxy2.$Proxy26.click(Unknown Source)
	at org.openqa.selenium.support.events.EventFiringWebDriver$EventFiringWebElement.click(EventFiringWebDriver.java:417)
	at org.openqa.selenium.WebElement$click.call(Unknown Source)
	at com.kms.katalon.core.webui.keyword.builtin.ClickKeyword.clickUntilSuccessWithTimeout(ClickKeyword.groovy:81)
	at com.kms.katalon.core.webui.keyword.builtin.ClickKeyword.clickUntilSuccessWithTimeout(ClickKeyword.groovy)
	at java.base/jdk.internal.reflect.NativeMethodAccessorImpl.invoke0(Native Method)
	at java.base/jdk.internal.reflect.NativeMethodAccessorImpl.invoke(NativeMethodAccessorImpl.java:77)
	at java.base/jdk.internal.reflect.DelegatingMethodAccessorImpl.invoke(DelegatingMethodAccessorImpl.java:43)
	at com.kms.katalon.core.webui.keyword.builtin.ClickKeyword$_click_closure1.doCall(ClickKeyword.groovy:67)
	at com.kms.katalon.core.webui.keyword.builtin.ClickKeyword$_click_closure1.call(ClickKeyword.groovy)
	at com.kms.katalon.core.webui.keyword.internal.WebUIKeywordMain.runKeyword(WebUIKeywordMain.groovy:20)
	... 20 more]]></system-out>
      <system-err><![CDATA[2023-11-01 10:06:23 - [TEST_SUITE][FAILED] - Reshna - All TCs Suite2: Test Cases/Deloitte - Search job within Deloitte Careers FAILED.
Reason:
com.kms.katalon.core.exception.StepFailedException: Unable to click on object 'Object Repository/Deloitte/Page_Deloitte US  Audit, Consulting, Adviso_ec7ae4/a_Experienced Professionals'
	at com.kms.katalon.core.webui.keyword.internal.WebUIKeywordMain.stepFailed(WebUIKeywordMain.groovy:64)
	at com.kms.katalon.core.webui.keyword.internal.WebUIKeywordMain.runKeyword(WebUIKeywordMain.groovy:26)
	at com.kms.katalon.core.webui.keyword.builtin.ClickKeyword.click(ClickKeyword.groovy:74)
	at com.kms.katalon.core.webui.keyword.builtin.ClickKeyword.execute(ClickKeyword.groovy:40)
	at com.kms.katalon.core.keyword.internal.KeywordExecutor.executeKeywordForPlatform(KeywordExecutor.groovy:74)
	at com.kms.katalon.core.webui.keyword.WebUiBuiltInKeywords.click(WebUiBuiltInKeywords.groovy:620)
	at Deloitte - Search job within Deloitte Careers.run(Deloitte - Search job within Deloitte Careers:30)
	at com.kms.katalon.core.main.ScriptEngine.run(ScriptEngine.java:194)
	at com.kms.katalon.core.main.ScriptEngine.runScriptAsRawText(ScriptEngine.java:119)
	at com.kms.katalon.core.main.TestCaseExecutor.runScript(TestCaseExecutor.java:448)
	at com.kms.katalon.core.main.TestCaseExecutor.doExecute(TestCaseExecutor.java:439)
	at com.kms.katalon.core.main.TestCaseExecutor.processExecutionPhase(TestCaseExecutor.java:418)
	at com.kms.katalon.core.main.TestCaseExecutor.accessMainPhase(TestCaseExecutor.java:410)
	at com.kms.katalon.core.main.TestCaseExecutor.execute(TestCaseExecutor.java:285)
	at com.kms.katalon.core.common.CommonExecutor.accessTestCaseMainPhase(CommonExecutor.java:65)
	at com.kms.katalon.core.main.TestSuiteExecutor.accessTestSuiteMainPhase(TestSuiteExecutor.java:148)
	at com.kms.katalon.core.main.TestSuiteExecutor.execute(TestSuiteExecutor.java:106)
	at com.kms.katalon.core.main.TestCaseMain.startTestSuite(TestCaseMain.java:187)
	at TempTestSuite1698847576726.run(TempTestSuite1698847576726.groovy:36)
	at java.base/jdk.internal.reflect.NativeMethodAccessorImpl.invoke0(Native Method)
	at java.base/jdk.internal.reflect.NativeMethodAccessorImpl.invoke(NativeMethodAccessorImpl.java:77)
	at java.base/jdk.internal.reflect.DelegatingMethodAccessorImpl.invoke(DelegatingMethodAccessorImpl.java:43)
Caused by: org.openqa.selenium.ElementNotInteractableException: element not interactable
  (Session info: chrome=118.0.5993.118)
Build info: version: '3.141.59', revision: 'e82be7d358', time: '2018-11-14T08:25:53'
System info: host: 'USPRNRCHALIL2', ip: '10.0.0.182', os.name: 'Windows 10', os.arch: 'amd64', os.version: '10.0', java.version: '17.0.7'
Driver info: com.kms.katalon.selenium.driver.CChromeDriver
Capabilities {acceptInsecureCerts: false, browserName: chrome, browserVersion: 118.0.5993.118, chrome: {chromedriverVersion: 118.0.5993.70 (e52f33f30b91..., userDataDir: C:\Users\rchalil\AppData\Lo...}, fedcm:accounts: true, goog:chromeOptions: {debuggerAddress: localhost:55789}, javascriptEnabled: true, networkConnectionEnabled: false, pageLoadStrategy: normal, platform: WINDOWS, platformName: WINDOWS, proxy: Proxy(), setWindowRect: true, strictFileInteractability: false, timeouts: {implicit: 0, pageLoad: 300000, script: 30000}, unhandledPromptBehavior: dismiss and notify, webauthn:extension:credBlob: true, webauthn:extension:largeBlob: true, webauthn:extension:minPinLength: true, webauthn:extension:prf: true, webauthn:virtualAuthenticators: true}
Session ID: d3657339d586da3b37b3e96547340aff
	at java.base/jdk.internal.reflect.NativeConstructorAccessorImpl.newInstance0(Native Method)
	at java.base/jdk.internal.reflect.NativeConstructorAccessorImpl.newInstance(NativeConstructorAccessorImpl.java:77)
	at java.base/jdk.internal.reflect.DelegatingConstructorAccessorImpl.newInstance(DelegatingConstructorAccessorImpl.java:45)
	at org.openqa.selenium.remote.http.W3CHttpResponseCodec.createException(W3CHttpResponseCodec.java:187)
	at org.openqa.selenium.remote.http.W3CHttpResponseCodec.decode(W3CHttpResponseCodec.java:122)
	at org.openqa.selenium.remote.http.W3CHttpResponseCodec.decode(W3CHttpResponseCodec.java:49)
	at org.openqa.selenium.remote.HttpCommandExecutor.execute(HttpCommandExecutor.java:158)
	at org.openqa.selenium.remote.service.DriverCommandExecutor.execute(DriverCommandExecutor.java:83)
	at org.openqa.selenium.remote.RemoteWebDriver.execute(RemoteWebDriver.java:552)
	at com.kms.katalon.selenium.driver.CChromeDriver.execute(CChromeDriver.java:19)
	at org.openqa.selenium.remote.RemoteWebElement.execute(RemoteWebElement.java:285)
	at org.openqa.selenium.remote.RemoteWebElement.click(RemoteWebElement.java:84)
	at java.base/jdk.internal.reflect.NativeMethodAccessorImpl.invoke0(Native Method)
	at java.base/jdk.internal.reflect.NativeMethodAccessorImpl.invoke(NativeMethodAccessorImpl.java:77)
	at java.base/jdk.internal.reflect.DelegatingMethodAccessorImpl.invoke(DelegatingMethodAccessorImpl.java:43)
	at org.openqa.selenium.support.events.EventFiringWebDriver$EventFiringWebElement.lambda$new$0(EventFiringWebDriver.java:404)
	at jdk.proxy2/jdk.proxy2.$Proxy26.click(Unknown Source)
	at org.openqa.selenium.support.events.EventFiringWebDriver$EventFiringWebElement.click(EventFiringWebDriver.java:417)
	at org.openqa.selenium.WebElement$click.call(Unknown Source)
	at com.kms.katalon.core.webui.keyword.builtin.ClickKeyword.clickUntilSuccessWithTimeout(ClickKeyword.groovy:81)
	at com.kms.katalon.core.webui.keyword.builtin.ClickKeyword.clickUntilSuccessWithTimeout(ClickKeyword.groovy)
	at java.base/jdk.internal.reflect.NativeMethodAccessorImpl.invoke0(Native Method)
	at java.base/jdk.internal.reflect.NativeMethodAccessorImpl.invoke(NativeMethodAccessorImpl.java:77)
	at java.base/jdk.internal.reflect.DelegatingMethodAccessorImpl.invoke(DelegatingMethodAccessorImpl.java:43)
	at com.kms.katalon.core.webui.keyword.builtin.ClickKeyword$_click_closure1.doCall(ClickKeyword.groovy:67)
	at com.kms.katalon.core.webui.keyword.builtin.ClickKeyword$_click_closure1.call(ClickKeyword.groovy)
	at com.kms.katalon.core.webui.keyword.internal.WebUIKeywordMain.runKeyword(WebUIKeywordMain.groovy:20)
	... 20 more]]></system-err>
   </testsuite>
</testsuites>
