<?xml version="1.0" encoding="UTF-8"?>
<testsuites name="Test Suite-Test1" time="38.03" tests="1" failures="0" errors="0">
   <testsuite name="Test Suite-Test1" tests="1" failures="0" errors="0" time="38.03" skipped="0" timestamp="2023-10-25 22:30:14" hostname="rchalil - USPRNRCHALIL2.us.deloitte.com" id="Test Suites/Test Suite-Test1">
      <properties>
         <property name="deviceName" value=""/>
         <property name="devicePlatform" value=""/>
         <property name="logFolder" value="C:\\Users\\rchalil\\Katalon Studio\\My First Web UI Project\\Reports\\20231025_223011\\Test Suite-Test1\\20231025_223011"/>
         <property name="logFiles" value="C:\\Users\\rchalil\\Katalon Studio\\My First Web UI Project\\Reports\\20231025_223011\\Test Suite-Test1\\20231025_223011\\execution0.log"/>
         <property name="attachments" value=""/>
         <property name="hostName" value="rchalil - USPRNRCHALIL2.us.deloitte.com"/>
         <property name="os" value="Windows 10 64bit"/>
         <property name="katalonVersion" value="9.0.0.212"/>
         <property name="browser" value="Chrome 118.0.0.0"/>
         <property name="hostAddress" value="10.0.0.182"/>
         <property name="sessionId" value="2309c196392b53f1012da24eb7451e3a"/>
         <property name="seleniumVersion" value="3.141.59"/>
         <property name="proxyInformation" value="ProxyInformation { proxyOption=NO_PROXY, proxyServerType=HTTP, username=, password=********, proxyServerAddress=, proxyServerPort=0, executionList=&quot;&quot;, isApplyToDesiredCapabilities=true }"/>
         <property name="platform" value="Windows 10"/>
      </properties>
      <testcase name="Test Cases/Search Google" time="37.893" classname="Test Cases/Search Google" status="PASSED">
         <system-out><![CDATA[2023-10-25 22:30:14 - [TEST_CASE][PASSED] - Test Cases/Search Google: Test Cases/Search Google

2023-10-25 22:30:14 - [TEST_STEP][PASSED] - openBrowser(""): Browser is opened with url: ''

2023-10-25 22:30:15 - [MESSAGE][INFO] - Starting 'Chrome' driver

2023-10-25 22:30:15 - [MESSAGE][INFO] - Action delay is set to 0 milliseconds

2023-10-25 22:30:17 - [MESSAGE][PASSED] - Browser is opened with url: ''

2023-10-25 22:30:17 - [TEST_STEP][PASSED] - navigateToUrl("https://www.google.com/"): Navigate to 'https://www.google.com/' successfully

2023-10-25 22:30:18 - [MESSAGE][PASSED] - Navigate to 'https://www.google.com/' successfully

2023-10-25 22:30:18 - [TEST_STEP][PASSED] - setText(findTestObject("Object Repository/Page_Google/textarea_q"), "katalon"): Text 'katalon' is set on object 'Object Repository/Page_Google/textarea_q'

2023-10-25 22:30:19 - [MESSAGE][PASSED] - Text 'katalon' is set on object 'Object Repository/Page_Google/textarea_q'

2023-10-25 22:30:19 - [TEST_STEP][PASSED] - click(findTestObject("Object Repository/Page_Google/span_katalon")): Object: 'Object Repository/Page_Google/span_katalon' is clicked on

2023-10-25 22:30:20 - [MESSAGE][PASSED] - Object: 'Object Repository/Page_Google/span_katalon' is clicked on

2023-10-25 22:30:20 - [TEST_STEP][PASSED] - rightClick(findTestObject("Object Repository/Page_katalon - Google Search/span_Katalon Platform - Best Codeless Testing Tool")): Object: 'Object Repository/Page_katalon - Google Search/span_Katalon Platform - Best Codeless Testing Tool' is right clicked on

2023-10-25 22:30:23 - [MESSAGE][PASSED] - Object: 'Object Repository/Page_katalon - Google Search/span_Katalon Platform - Best Codeless Testing Tool' is right clicked on

2023-10-25 22:30:23 - [TEST_STEP][PASSED] - click(findTestObject("Object Repository/Page_katalon - Google Search/span_Katalon Platform - Best Codeless Testing Tool")): Object: 'Object Repository/Page_katalon - Google Search/span_Katalon Platform - Best Codeless Testing Tool' is clicked on

2023-10-25 22:30:49 - [MESSAGE][PASSED] - Object: 'Object Repository/Page_katalon - Google Search/span_Katalon Platform - Best Codeless Testing Tool' is clicked on

2023-10-25 22:30:49 - [TEST_STEP][PASSED] - click(findTestObject("Object Repository/Page_Katalon AI-augmented Software Quality _596167/div_Why Katalon")): Object: 'Object Repository/Page_Katalon AI-augmented Software Quality _596167/div_Why Katalon' is clicked on

2023-10-25 22:30:51 - [MESSAGE][PASSED] - Object: 'Object Repository/Page_Katalon AI-augmented Software Quality _596167/div_Why Katalon' is clicked on

2023-10-25 22:30:51 - [TEST_STEP][PASSED] - click(findTestObject("Object Repository/Page_Katalon AI-augmented Software Quality _596167/div_Platform")): Object: 'Object Repository/Page_Katalon AI-augmented Software Quality _596167/div_Platform' is clicked on

2023-10-25 22:30:51 - [MESSAGE][PASSED] - Object: 'Object Repository/Page_Katalon AI-augmented Software Quality _596167/div_Platform' is clicked on

2023-10-25 22:30:51 - [TEST_STEP][PASSED] - click(findTestObject("Object Repository/Page_Katalon AI-augmented Software Quality _596167/div_Why Katalon")): Object: 'Object Repository/Page_Katalon AI-augmented Software Quality _596167/div_Why Katalon' is clicked on

2023-10-25 22:30:51 - [MESSAGE][PASSED] - Object: 'Object Repository/Page_Katalon AI-augmented Software Quality _596167/div_Why Katalon' is clicked on

2023-10-25 22:30:51 - [TEST_STEP][PASSED] - click(findTestObject("Object Repository/Page_Business Outcomes  Software Testing  Q_7c4bce/div_Get started")): Object: 'Object Repository/Page_Business Outcomes  Software Testing  Q_7c4bce/div_Get started' is clicked on

2023-10-25 22:30:52 - [MESSAGE][PASSED] - Object: 'Object Repository/Page_Business Outcomes  Software Testing  Q_7c4bce/div_Get started' is clicked on

2023-10-25 22:30:52 - [TEST_STEP][PASSED] - closeBrowser(): Browser is closed

2023-10-25 22:30:52 - [MESSAGE][PASSED] - Browser is closed]]></system-out>
         <system-err><![CDATA[]]></system-err>
      </testcase>
      <system-out><![CDATA[2023-10-25 22:30:14 - [TEST_SUITE][PASSED] - Test Suite-Test1: Test Cases/Search Google]]></system-out>
      <system-err><![CDATA[]]></system-err>
   </testsuite>
</testsuites>
